  250.000  0.000000e+00 
  251.000  0.000000e+00 
  252.000  0.000000e+00 
  253.000  0.000000e+00 
  254.000  0.000000e+00 
  255.000  0.000000e+00 
  256.000  0.000000e+00 
  257.000  0.000000e+00 
  258.000  0.000000e+00 
  259.000  0.000000e+00 
  260.000  0.000000e+00 
  261.000  0.000000e+00 
  262.000  0.000000e+00 
  263.000  0.000000e+00 
  264.000  0.000000e+00 
  265.000  0.000000e+00 
  266.000  0.000000e+00 
  267.000  0.000000e+00 
  268.000  0.000000e+00 
  269.000  0.000000e+00 
  270.000  0.000000e+00 
  271.000  0.000000e+00 
  272.000  0.000000e+00 
  273.000  0.000000e+00 
  274.000  0.000000e+00 
  275.000  0.000000e+00 
  276.000  0.000000e+00 
  277.000  0.000000e+00 
  278.000  0.000000e+00 
  279.000  0.000000e+00 
  280.000  0.000000e+00 
  281.000  0.000000e+00 
  282.000  0.000000e+00 
  283.000  0.000000e+00 
  284.000  0.000000e+00 
  285.000  0.000000e+00 
  286.000  0.000000e+00 
  287.000  0.000000e+00 
  288.000  0.000000e+00 
  289.000  0.000000e+00 
  290.000  0.000000e+00 
  291.000  4.715255e-11 
  292.000  1.710930e-09 
  293.000  1.414833e-08 
  294.000  1.560551e-07 
  295.000  7.275456e-07 
  296.000  6.370256e-06 
  297.000  2.319326e-05 
  298.000  1.088509e-04 
  299.000  3.090345e-04 
  300.000  9.163137e-04 
  301.000  2.221648e-03 
  302.000  4.601993e-03 
  303.000  1.114969e-02 
  304.000  1.520324e-02 
  305.000  3.105314e-02 
  306.000  4.547299e-02 
  307.000  7.359734e-02 
  308.000  9.908161e-02 
  309.000  1.305634e-01 
  310.000  1.892099e-01 
  311.000  2.160354e-01 
  312.000  2.659838e-01 
  313.000  3.304706e-01 
  314.000  3.544879e-01 
  315.000  4.397257e-01 
  316.000  4.571811e-01 
  317.000  5.229501e-01 
  318.000  5.572802e-01 
  319.000  6.743346e-01 
  320.000  5.786866e-01 
  321.000  7.573657e-01 
  322.000  6.647591e-01 
  323.000  7.406226e-01 
  324.000  8.530404e-01 
  325.000  7.490677e-01 
  326.000  8.618048e-01 
  327.000  8.873550e-01 
  328.000  8.056513e-01 
  329.000  9.329273e-01 
  330.000  9.421583e-01 
  331.000  8.679536e-01 
  332.000  9.491689e-01 
  333.000  9.545734e-01 
  334.000  9.258181e-01 
  335.000  9.705166e-01 
  336.000  9.791240e-01 
  337.000  9.487773e-01 
  338.000  9.716448e-01 
  339.000  9.836820e-01 
  340.000  9.672400e-01 
  341.000  9.822316e-01 
  342.000  9.880275e-01 
  343.000  9.861926e-01 
  344.000  9.699066e-01 
  345.000  9.864784e-01 
  346.000  9.899313e-01 
  347.000  9.885426e-01 
  348.000  9.903471e-01 
  349.000  9.924310e-01 
  350.000  9.934325e-01 
  351.000  9.941273e-01 
  352.000  9.945107e-01 
  353.000  9.949052e-01 
  354.000  9.935729e-01 
  355.000  9.932075e-01 
  356.000  9.935135e-01 
  357.000  9.912828e-01 
  358.000  9.901645e-01 
  359.000  9.889344e-01 
  360.000  9.874890e-01 
  361.000  9.864643e-01 
  362.000  9.884704e-01 
  363.000  9.903474e-01 
  364.000  9.921535e-01 
  365.000  9.919557e-01 
  366.000  9.929245e-01 
  367.000  9.932262e-01 
  368.000  9.930516e-01 
  369.000  9.933375e-01 
  370.000  9.931977e-01 
  371.000  9.936298e-01 
  372.000  9.922741e-01 
  373.000  9.928901e-01 
  374.000  9.930263e-01 
  375.000  9.932500e-01 
  376.000  9.918747e-01 
  377.000  9.917104e-01 
  378.000  9.913824e-01 
  379.000  9.898199e-01 
  380.000  9.879696e-01 
  381.000  9.886285e-01 
  382.000  9.901015e-01 
  383.000  9.917783e-01 
  384.000  9.918698e-01 
  385.000  9.922589e-01 
  386.000  9.925881e-01 
  387.000  9.924886e-01 
  388.000  9.923113e-01 
  389.000  9.922701e-01 
  390.000  9.922491e-01 
  391.000  9.924299e-01 
  392.000  9.915041e-01 
  393.000  9.928442e-01 
  394.000  9.928554e-01 
  395.000  9.926803e-01 
  396.000  9.922370e-01 
  397.000  9.929228e-01 
  398.000  9.916081e-01 
  399.000  9.925878e-01 
  400.000  9.913947e-01 
  401.000  9.916628e-01 
  402.000  9.926403e-01 
  403.000  9.932125e-01 
  404.000  9.921120e-01 
  405.000  9.917662e-01 
  406.000  9.927755e-01 
  407.000  9.935905e-01 
  408.000  9.922053e-01 
  409.000  9.914533e-01 
  410.000  9.918635e-01 
  411.000  9.916779e-01 
  412.000  9.927062e-01 
  413.000  9.913245e-01 
  414.000  9.918894e-01 
  415.000  9.920073e-01 
  416.000  9.932003e-01 
  417.000  9.930402e-01 
  418.000  9.923527e-01 
  419.000  9.925068e-01 
  420.000  9.918088e-01 
  421.000  9.916195e-01 
  422.000  9.913393e-01 
  423.000  9.917891e-01 
  424.000  9.909899e-01 
  425.000  9.919164e-01 
  426.000  9.929870e-01 
  427.000  9.920011e-01 
  428.000  9.910729e-01 
  429.000  9.925910e-01 
  430.000  9.925770e-01 
  431.000  9.909212e-01 
  432.000  9.924558e-01 
  433.000  9.921318e-01 
  434.000  9.912239e-01 
  435.000  9.893765e-01 
  436.000  9.909916e-01 
  437.000  9.927497e-01 
  438.000  9.930954e-01 
  439.000  9.891969e-01 
  440.000  9.905072e-01 
  441.000  9.921563e-01 
  442.000  9.927565e-01 
  443.000  9.918109e-01 
  444.000  9.903207e-01 
  445.000  9.888395e-01 
  446.000  9.902456e-01 
  447.000  9.907565e-01 
  448.000  9.869822e-01 
  449.000  9.900832e-01 
  450.000  9.911460e-01 
  451.000  9.909894e-01 
  452.000  9.907993e-01 
  453.000  9.908105e-01 
  454.000  9.914564e-01 
  455.000  9.904638e-01 
  456.000  9.902092e-01 
  457.000  9.905466e-01 
  458.000  9.882028e-01 
  459.000  9.889595e-01 
  460.000  9.876267e-01 
  461.000  9.877008e-01 
  462.000  9.885634e-01 
  463.000  9.863222e-01 
  464.000  9.874388e-01 
  465.000  9.880098e-01 
  466.000  9.889205e-01 
  467.000  9.874547e-01 
  468.000  9.878030e-01 
  469.000  9.882388e-01 
  470.000  9.879134e-01 
  471.000  9.874290e-01 
  472.000  9.858672e-01 
  473.000  9.839610e-01 
  474.000  9.799637e-01 
  475.000  9.776329e-01 
  476.000  9.755820e-01 
  477.000  9.744200e-01 
  478.000  9.740342e-01 
  479.000  9.744499e-01 
  480.000  9.750000e-01 
  481.000  9.777700e-01 
  482.000  9.797255e-01 
  483.000  9.811154e-01 
  484.000  9.809344e-01 
  485.000  9.804710e-01 
  486.000  9.805121e-01 
  487.000  9.809653e-01 
  488.000  9.801627e-01 
  489.000  9.790951e-01 
  490.000  9.803018e-01 
  491.000  9.809445e-01 
  492.000  9.804842e-01 
  493.000  9.799849e-01 
  494.000  9.790239e-01 
  495.000  9.787511e-01 
  496.000  9.776704e-01 
  497.000  9.771274e-01 
  498.000  9.766955e-01 
  499.000  9.758175e-01 
  500.000  9.747634e-01 
  501.000  9.733659e-01 
  502.000  9.709705e-01 
  503.000  9.690260e-01 
  504.000  9.686248e-01 
  505.000  9.654863e-01 
  506.000  9.667128e-01 
  507.000  9.671640e-01 
  508.000  9.672363e-01 
  509.000  9.667839e-01 
  510.000  9.668161e-01 
  511.000  9.670191e-01 
  512.000  9.670978e-01 
  513.000  9.674206e-01 
  514.000  9.675797e-01 
  515.000  9.677852e-01 
  516.000  9.671846e-01 
  517.000  9.664795e-01 
  518.000  9.658639e-01 
  519.000  9.645755e-01 
  520.000  9.640410e-01 
  521.000  9.630700e-01 
  522.000  9.623317e-01 
  523.000  9.611477e-01 
  524.000  9.598448e-01 
  525.000  9.581290e-01 
  526.000  9.558313e-01 
  527.000  9.542589e-01 
  528.000  9.521154e-01 
  529.000  9.503899e-01 
  530.000  9.489797e-01 
  531.000  9.478303e-01 
  532.000  9.470317e-01 
  533.000  9.465918e-01 
  534.000  9.461284e-01 
  535.000  9.459965e-01 
  536.000  9.458285e-01 
  537.000  9.454452e-01 
  538.000  9.449979e-01 
  539.000  9.444671e-01 
  540.000  9.444427e-01 
  541.000  9.440181e-01 
  542.000  9.428269e-01 
  543.000  9.420609e-01 
  544.000  9.416319e-01 
  545.000  9.407099e-01 
  546.000  9.406812e-01 
  547.000  9.404910e-01 
  548.000  9.397188e-01 
  549.000  9.394536e-01 
  550.000  9.392730e-01 
  551.000  9.388692e-01 
  552.000  9.381969e-01 
  553.000  9.370462e-01 
  554.000  9.366174e-01 
  555.000  9.360435e-01 
  556.000  9.345694e-01 
  557.000  9.326581e-01 
  558.000  9.309742e-01 
  559.000  9.287417e-01 
  560.000  9.268070e-01 
  561.000  9.251248e-01 
  562.000  9.236620e-01 
  563.000  9.218200e-01 
  564.000  9.198415e-01 
  565.000  9.182218e-01 
  566.000  9.168218e-01 
  567.000  9.152289e-01 
  568.000  9.132261e-01 
  569.000  9.097316e-01 
  570.000  9.060436e-01 
  571.000  9.038515e-01 
  572.000  9.023814e-01 
  573.000  8.999808e-01 
  574.000  8.982219e-01 
  575.000  8.962477e-01 
  576.000  8.960537e-01 
  577.000  8.963220e-01 
  578.000  8.974270e-01 
  579.000  8.990492e-01 
  580.000  9.005806e-01 
  581.000  9.034966e-01 
  582.000  9.064333e-01 
  583.000  9.088204e-01 
  584.000  9.124451e-01 
  585.000  9.138079e-01 
  586.000  9.151177e-01 
  587.000  9.155154e-01 
  588.000  9.164752e-01 
  589.000  9.167801e-01 
  590.000  9.168105e-01 
  591.000  9.163846e-01 
  592.000  9.157020e-01 
  593.000  9.151456e-01 
  594.000  9.148382e-01 
  595.000  9.140295e-01 
  596.000  9.130005e-01 
  597.000  9.126297e-01 
  598.000  9.115194e-01 
  599.000  9.105002e-01 
  600.000  9.094124e-01 
  601.000  9.093872e-01 
  602.000  9.097755e-01 
  603.000  9.100658e-01 
  604.000  9.102399e-01 
  605.000  9.104337e-01 
  606.000  9.116426e-01 
  607.000  9.125977e-01 
  608.000  9.139125e-01 
  609.000  9.144586e-01 
  610.000  9.155499e-01 
  611.000  9.163995e-01 
  612.000  9.175516e-01 
  613.000  9.186657e-01 
  614.000  9.194307e-01 
  615.000  9.203336e-01 
  616.000  9.215683e-01 
  617.000  9.224470e-01 
  618.000  9.229854e-01 
  619.000  9.238247e-01 
  620.000  9.243754e-01 
  621.000  9.246297e-01 
  622.000  9.247432e-01 
  623.000  9.247028e-01 
  624.000  9.246447e-01 
  625.000  9.245734e-01 
  626.000  9.239764e-01 
  627.000  9.236786e-01 
  628.000  8.974169e-01 
  629.000  9.085103e-01 
  630.000  9.132865e-01 
  631.000  9.222735e-01 
  632.000  9.264690e-01 
  633.000  9.283220e-01 
  634.000  9.312044e-01 
  635.000  9.318735e-01 
  636.000  9.352188e-01 
  637.000  9.388622e-01 
  638.000  9.406769e-01 
  639.000  9.431244e-01 
  640.000  9.444001e-01 
  641.000  9.467632e-01 
  642.000  9.476091e-01 
  643.000  9.484197e-01 
  644.000  9.492217e-01 
  645.000  9.502090e-01 
  646.000  9.509007e-01 
  647.000  9.517177e-01 
  648.000  9.521819e-01 
  649.000  9.534821e-01 
  650.000  9.545246e-01 
  651.000  9.549002e-01 
  652.000  9.558259e-01 
  653.000  9.563782e-01 
  654.000  9.578112e-01 
  655.000  9.581758e-01 
  656.000  9.589001e-01 
  657.000  9.594889e-01 
  658.000  9.604191e-01 
  659.000  9.612862e-01 
  660.000  9.616544e-01 
  661.000  9.626068e-01 
  662.000  9.628696e-01 
  663.000  9.638246e-01 
  664.000  9.642366e-01 
  665.000  9.647923e-01 
  666.000  9.654229e-01 
  667.000  9.662991e-01 
  668.000  9.667774e-01 
  669.000  9.675591e-01 
  670.000  9.679712e-01 
  671.000  9.688528e-01 
  672.000  9.690081e-01 
  673.000  9.696959e-01 
  674.000  9.699513e-01 
  675.000  9.706956e-01 
  676.000  9.709048e-01 
  677.000  9.713048e-01 
  678.000  9.719233e-01 
  679.000  9.722961e-01 
  680.000  9.729632e-01 
  681.000  9.733355e-01 
  682.000  9.743401e-01 
  683.000  9.747493e-01 
  684.000  9.757074e-01 
  685.000  9.759446e-01 
  686.000  9.765759e-01 
  687.000  6.288092e-01 
  688.000  8.108261e-01 
  689.000  8.561353e-01 
  690.000  8.924662e-01 
  691.000  9.165895e-01 
  692.000  9.598615e-01 
  693.000  9.657748e-01 
  694.000  9.801338e-01 
  695.000  9.804811e-01 
  696.000  9.807992e-01 
  697.000  9.813210e-01 
  698.000  9.816027e-01 
  699.000  9.816479e-01 
  700.000  9.823725e-01 
  701.000  9.826053e-01 
  702.000  9.828521e-01 
  703.000  9.833013e-01 
  704.000  9.835210e-01 
  705.000  9.838604e-01 
  706.000  9.841578e-01 
  707.000  9.843495e-01 
  708.000  9.846671e-01 
  709.000  9.849471e-01 
  710.000  9.851096e-01 
  711.000  9.855925e-01 
  712.000  9.857996e-01 
  713.000  9.861226e-01 
  714.000  9.861982e-01 
  715.000  9.866797e-01 
  716.000  9.869589e-01 
  717.000  9.870834e-01 
  718.000  9.874485e-01 
  719.000  9.876146e-01 
  720.000  9.877525e-01 
  721.000  9.882024e-01 
  722.000  9.884137e-01 
  723.000  9.885698e-01 
  724.000  9.886678e-01 
  725.000  9.890457e-01 
  726.000  9.892685e-01 
  727.000  9.892874e-01 
  728.000  9.895361e-01 
  729.000  9.897711e-01 
  730.000  9.899278e-01 
  731.000  9.900597e-01 
  732.000  9.901776e-01 
  733.000  9.904513e-01 
  734.000  9.906879e-01 
  735.000  9.908264e-01 
  736.000  9.909036e-01 
  737.000  9.910632e-01 
  738.000  9.911653e-01 
  739.000  9.912533e-01 
  740.000  9.913192e-01 
  741.000  9.914005e-01 
  742.000  9.916468e-01 
  743.000  9.917309e-01 
  744.000  9.918156e-01 
  745.000  9.918956e-01 
  746.000  9.921170e-01 
  747.000  9.923399e-01 
  748.000  9.924346e-01 
  749.000  9.925486e-01 
  750.000  9.927113e-01 
  751.000  9.928420e-01 
  752.000  9.932272e-01 
  753.000  9.933444e-01 
  754.000  9.935125e-01 
  755.000  9.936954e-01 
  756.000  9.937935e-01 
  757.000  9.938888e-01 
  758.000  9.941323e-01 
  759.000  9.800572e-01 
  760.000  2.834040e-01 
  761.000  1.714283e-01 
  762.000  5.928995e-01 
  763.000  4.734539e-01 
  764.000  5.522199e-01 
  765.000  7.028674e-01 
  766.000  8.452770e-01 
  767.000  9.002482e-01 
  768.000  9.671363e-01 
  769.000  9.847872e-01 
  770.000  9.843508e-01 
  771.000  9.923642e-01 
  772.000  9.945433e-01 
  773.000  9.945052e-01 
  774.000  9.944980e-01 
  775.000  9.944907e-01 
  776.000  9.944899e-01 
  777.000  9.945254e-01 
  778.000  9.945354e-01 
  779.000  9.945157e-01 
  780.000  9.945002e-01 
  781.000  9.946722e-01 
  782.000  9.948357e-01 
  783.000  9.949252e-01 
  784.000  9.950193e-01 
  785.000  9.951305e-01 
  786.000  9.952221e-01 
  787.000  9.954016e-01 
  788.000  9.954405e-01 
  789.000  9.956200e-01 
  790.000  9.956844e-01 
  791.000  9.958801e-01 
  792.000  9.960144e-01 
  793.000  9.961251e-01 
  794.000  9.964511e-01 
  795.000  9.965334e-01 
  796.000  9.966100e-01 
  797.000  9.966687e-01 
  798.000  9.967343e-01 
  799.000  9.967691e-01 
  800.000  9.968324e-01 
  801.000  9.968030e-01 
  802.000  9.967645e-01 
  803.000  9.967288e-01 
  804.000  9.966581e-01 
  805.000  9.966171e-01 
  806.000  9.965902e-01 
  807.000  9.964976e-01 
  808.000  9.964328e-01 
  809.000  9.964151e-01 
  810.000  9.963386e-01 
  811.000  9.963391e-01 
  812.000  9.963700e-01 
  813.000  9.963883e-01 
  814.000  9.964046e-01 
  815.000  9.964330e-01 
  816.000  9.964554e-01 
  817.000  9.965240e-01 
  818.000  9.965906e-01 
  819.000  9.966580e-01 
  820.000  9.967222e-01 
  821.000  9.967994e-01 
  822.000  9.968156e-01 
  823.000  9.968892e-01 
  824.000  9.970102e-01 
  825.000  9.970200e-01 
  826.000  9.971170e-01 
  827.000  9.971271e-01 
  828.000  9.971628e-01 
  829.000  9.972047e-01 
  830.000  9.972547e-01 
  831.000  9.972640e-01 
  832.000  9.972749e-01 
  833.000  9.972820e-01 
  834.000  9.972931e-01 
  835.000  9.972952e-01 
  836.000  9.972952e-01 
  837.000  9.972952e-01 
  838.000  9.972950e-01 
  839.000  9.972953e-01 
  840.000  9.972952e-01 
  841.000  9.972952e-01 
  842.000  9.972868e-01 
  843.000  9.972759e-01 
  844.000  9.972624e-01 
  845.000  9.972566e-01 
  846.000  9.972373e-01 
  847.000  9.972373e-01 
  848.000  9.972180e-01 
  849.000  9.972067e-01 
  850.000  9.978612e-01 
  851.000  9.999209e-01 
  852.000  1.000000e+00 
  853.000  1.000000e+00 
  854.000  1.000000e+00 
  855.000  1.000000e+00 
  856.000  1.000000e+00 
  857.000  1.000000e+00 
  858.000  1.000000e+00 
  859.000  1.000000e+00 
  860.000  1.000000e+00 
  861.000  9.999998e-01 
  862.000  9.999941e-01 
  863.000  9.995504e-01 
  864.000  9.999993e-01 
  865.000  9.999993e-01 
  866.000  9.998839e-01 
  867.000  9.999846e-01 
  868.000  9.998830e-01 
  869.000  9.997559e-01 
  870.000  9.999905e-01 
  871.000  9.998868e-01 
  872.000  9.999967e-01 
  873.000  9.999962e-01 
  874.000  9.999962e-01 
  875.000  9.999998e-01 
  876.000  9.999999e-01 
  877.000  1.000000e+00 
  878.000  1.000000e+00 
  879.000  1.000000e+00 
  880.000  1.000000e+00 
  881.000  1.000000e+00 
  882.000  1.000000e+00 
  883.000  9.999999e-01 
  884.000  1.000000e+00 
  885.000  1.000000e+00 
  886.000  1.000000e+00 
  887.000  1.000000e+00 
  888.000  1.000000e+00 
  889.000  1.000000e+00 
  890.000  1.000000e+00 
  891.000  1.000000e+00 
  892.000  1.000000e+00 
  893.000  9.999996e-01 
  894.000  9.999996e-01 
  895.000  1.000000e+00 
  896.000  1.000000e+00 
  897.000  1.000000e+00 
  898.000  1.000000e+00 
  899.000  1.000000e+00 
  900.000  1.000000e+00 
  901.000  1.000000e+00 
  902.000  1.000000e+00 
  903.000  1.000000e+00 
  904.000  1.000000e+00 
  905.000  1.000000e+00 
  906.000  1.000000e+00 
  907.000  9.999997e-01 
  908.000  1.000000e+00 
  909.000  1.000000e+00 
  910.000  1.000000e+00 
  911.000  1.000000e+00 
  912.000  9.999999e-01 
  913.000  1.000000e+00 
  914.000  1.000000e+00 
  915.000  1.000000e+00 
  916.000  1.000000e+00 
  917.000  9.999997e-01 
  918.000  1.000000e+00 
  919.000  1.000000e+00 
  920.000  1.000000e+00 
  921.000  1.000000e+00 
  922.000  9.999999e-01 
  923.000  1.000000e+00 
  924.000  1.000000e+00 
  925.000  1.000000e+00 
  926.000  1.000000e+00 
  927.000  1.000000e+00 
  928.000  1.000000e+00 
  929.000  1.000000e+00 
  930.000  1.000000e+00 
  931.000  1.000000e+00 
  932.000  1.000000e+00 
  933.000  1.000000e+00 
  934.000  1.000000e+00 
  935.000  1.000000e+00 
  936.000  1.000000e+00 
  937.000  1.000000e+00 
  938.000  1.000000e+00 
  939.000  1.000000e+00 
  940.000  9.999999e-01 
  941.000  9.999999e-01 
  942.000  9.999999e-01 
  943.000  9.999999e-01 
  944.000  1.000000e+00 
  945.000  9.999999e-01 
  946.000  9.999999e-01 
  947.000  9.998584e-01 
  948.000  9.999738e-01 
  949.000  9.999641e-01 
  950.000  9.999641e-01 
  951.000  9.999254e-01 
  952.000  9.999992e-01 
  953.000  9.999999e-01 
  954.000  9.999999e-01 
  955.000  9.999995e-01 
  956.000  1.000000e+00 
  957.000  1.000000e+00 
  958.000  1.000000e+00 
  959.000  9.999996e-01 
  960.000  1.000000e+00 
  961.000  1.000000e+00 
  962.000  1.000000e+00 
  963.000  1.000000e+00 
  964.000  1.000000e+00 
  965.000  1.000000e+00 
  966.000  1.000000e+00 
  967.000  9.999999e-01 
  968.000  9.999999e-01 
  969.000  1.000000e+00 
  970.000  1.000000e+00 
  971.000  1.000000e+00 
  972.000  1.000000e+00 
  973.000  1.000000e+00 
  974.000  1.000000e+00 
  975.000  1.000000e+00 
  976.000  1.000000e+00 
  977.000  1.000000e+00 
  978.000  1.000000e+00 
  979.000  1.000000e+00 
  980.000  9.999996e-01 
  981.000  1.000000e+00 
  982.000  1.000000e+00 
  983.000  1.000000e+00 
  984.000  1.000000e+00 
  985.000  1.000000e+00 
  986.000  1.000000e+00 
  987.000  1.000000e+00 
  988.000  1.000000e+00 
  989.000  9.999999e-01 
  990.000  1.000000e+00 
  991.000  1.000000e+00 
  992.000  1.000000e+00 
  993.000  1.000000e+00 
  994.000  1.000000e+00 
  995.000  1.000000e+00 
  996.000  1.000000e+00 
  997.000  1.000000e+00 
  998.000  1.000000e+00 
  999.000  1.000000e+00 
 1000.000  1.000000e+00 
 1001.000  1.000000e+00 
 1002.000  1.000000e+00 
 1003.000  1.000000e+00 
 1004.000  1.000000e+00 
 1005.000  9.999999e-01 
 1006.000  9.999999e-01 
 1007.000  9.999999e-01 
 1008.000  9.999999e-01 
 1009.000  9.999999e-01 
 1010.000  9.999998e-01 
 1011.000  9.999996e-01 
 1012.000  9.999996e-01 
 1013.000  9.999992e-01 
 1014.000  9.999985e-01 
 1015.000  9.999985e-01 
 1016.000  9.999977e-01 
 1017.000  9.999949e-01 
 1018.000  9.999949e-01 
 1019.000  9.999914e-01 
 1020.000  9.999861e-01 
 1021.000  9.999861e-01 
 1022.000  9.999738e-01 
 1023.000  9.999738e-01 
 1024.000  9.999656e-01 
 1025.000  9.999355e-01 
 1026.000  9.999355e-01 
 1027.000  9.999031e-01 
 1028.000  9.998611e-01 
 1029.000  9.998611e-01 
 1030.000  9.997584e-01 
 1031.000  9.996952e-01 
 1032.000  9.996952e-01 
 1033.000  9.995181e-01 
 1034.000  9.995181e-01 
 1035.000  9.993357e-01 
 1036.000  9.986778e-01 
 1037.000  9.986778e-01 
 1038.000  9.985877e-01 
 1039.000  9.978882e-01 
 1040.000  9.978882e-01 
 1041.000  9.973671e-01 
 1042.000  9.973671e-01 
 1043.000  9.967400e-01 
 1044.000  9.958072e-01 
 1045.000  9.958072e-01 
 1046.000  9.945289e-01 
 1047.000  9.945289e-01 
 1048.000  9.932566e-01 
 1049.000  9.907269e-01 
 1050.000  9.907269e-01 
 1051.000  9.895880e-01 
 1052.000  9.895880e-01 
 1053.000  9.878605e-01 
 1054.000  9.863964e-01 
 1055.000  9.863964e-01 
 1056.000  9.846802e-01 
 1057.000  9.846802e-01 
 1058.000  9.831482e-01 
 1059.000  9.816134e-01 
 1060.000  9.816134e-01 
 1061.000  9.806383e-01 
 1062.000  9.806383e-01 
 1063.000  9.790308e-01 
 1064.000  9.784003e-01 
 1065.000  9.784003e-01 
 1066.000  9.794387e-01 
 1067.000  9.794387e-01 
 1068.000  9.785588e-01 
 1069.000  9.808905e-01 
 1070.000  9.808905e-01 
 1071.000  9.823720e-01 
 1072.000  9.823720e-01 
 1073.000  9.838722e-01 
 1074.000  9.838722e-01 
 1075.000  9.856880e-01 
 1076.000  9.874498e-01 
 1077.000  9.874498e-01 
 1078.000  9.894990e-01 
 1079.000  9.894990e-01 
 1080.000  9.909210e-01 
 1081.000  9.909210e-01 
 1082.000  9.929322e-01 
 1083.000  9.943396e-01 
 1084.000  9.943396e-01 
 1085.000  9.950116e-01 
 1086.000  9.950116e-01 
 1087.000  9.964700e-01 
 1088.000  9.964700e-01 
 1089.000  9.976848e-01 
 1090.000  9.982233e-01 
 1091.000  9.982233e-01 
 1092.000  9.988413e-01 
 1093.000  9.988413e-01 
 1094.000  9.989473e-01 
 1095.000  9.989473e-01 
 1096.000  9.993134e-01 
 1097.000  9.993134e-01 
 1098.000  9.996281e-01 
 1099.000  9.997384e-01 
 1100.000  9.997384e-01 
 1101.000  9.998441e-01 
 1102.000  9.998441e-01 
 1103.000  9.998924e-01 
 1104.000  9.998924e-01 
 1105.000  9.999245e-01 
 1106.000  9.999245e-01 
 1107.000  9.998913e-01 
 1108.000  9.998913e-01 
 1109.000  9.996830e-01 
 1110.000  9.997936e-01 
 1111.000  9.997936e-01 
 1112.000  9.995157e-01 
 1113.000  9.995157e-01 
 1114.000  9.993408e-01 
 1115.000  9.993408e-01 
 1116.000  9.984967e-01 
 1117.000  9.984967e-01 
 1118.000  9.985498e-01 
 1119.000  9.985498e-01 
 1120.000  9.990794e-01 
 1121.000  9.990794e-01 
 1122.000  9.943120e-01 
 1123.000  9.954548e-01 
 1124.000  9.954548e-01 
 1125.000  9.968473e-01 
 1126.000  9.968473e-01 
 1127.000  9.951805e-01 
 1128.000  9.951805e-01 
 1129.000  9.963023e-01 
 1130.000  9.963023e-01 
 1131.000  9.974689e-01 
 1132.000  9.974689e-01 
 1133.000  9.954429e-01 
 1134.000  9.954429e-01 
 1135.000  9.951561e-01 
 1136.000  9.951561e-01 
 1137.000  9.969493e-01 
 1138.000  9.969493e-01 
 1139.000  9.983568e-01 
 1140.000  9.983568e-01 
 1141.000  9.983249e-01 
 1142.000  9.983249e-01 
 1143.000  9.971691e-01 
 1144.000  9.971691e-01 
 1145.000  9.979786e-01 
 1146.000  9.979786e-01 
 1147.000  9.972157e-01 
 1148.000  9.972157e-01 
 1149.000  9.959716e-01 
 1150.000  9.959716e-01 
 1151.000  9.949787e-01 
 1152.000  9.949787e-01 
 1153.000  9.897771e-01 
 1154.000  9.897771e-01 
 1155.000  9.904858e-01 
 1156.000  9.904858e-01 
 1157.000  9.922136e-01 
 1158.000  9.922136e-01 
 1159.000  9.959742e-01 
 1160.000  9.959742e-01 
 1161.000  9.920310e-01 
 1162.000  9.920310e-01 
 1163.000  9.904891e-01 
 1164.000  9.904891e-01 
 1165.000  9.927800e-01 
 1166.000  9.927800e-01 
 1167.000  9.945349e-01 
 1168.000  9.945349e-01 
 1169.000  9.937059e-01 
 1170.000  9.937059e-01 
 1171.000  9.952981e-01 
 1172.000  9.952981e-01 
 1173.000  9.954968e-01 
 1174.000  9.954968e-01 
 1175.000  9.970286e-01 
 1176.000  9.970286e-01 
 1177.000  9.975666e-01 
 1178.000  9.975666e-01 
 1179.000  9.979311e-01 
 1180.000  9.979311e-01 
 1181.000  9.980479e-01 
 1182.000  9.980479e-01 
 1183.000  9.987765e-01 
 1184.000  9.987765e-01 
 1185.000  9.986828e-01 
 1186.000  9.986828e-01 
 1187.000  9.967530e-01 
 1188.000  9.967530e-01 
 1189.000  9.967530e-01 
 1190.000  9.988993e-01 
 1191.000  9.988993e-01 
 1192.000  9.985555e-01 
 1193.000  9.985555e-01 
 1194.000  9.992142e-01 
 1195.000  9.992142e-01 
 1196.000  9.995751e-01 
 1197.000  9.995751e-01 
 1198.000  9.995177e-01 
 1199.000  9.995177e-01 
 1200.000  9.993160e-01 
