  250.000  0.000000e+00 
  251.000  0.000000e+00 
  252.000  0.000000e+00 
  253.000  0.000000e+00 
  254.000  0.000000e+00 
  255.000  0.000000e+00 
  256.000  0.000000e+00 
  257.000  0.000000e+00 
  258.000  0.000000e+00 
  259.000  0.000000e+00 
  260.000  0.000000e+00 
  261.000  0.000000e+00 
  262.000  0.000000e+00 
  263.000  0.000000e+00 
  264.000  0.000000e+00 
  265.000  0.000000e+00 
  266.000  0.000000e+00 
  267.000  0.000000e+00 
  268.000  0.000000e+00 
  269.000  0.000000e+00 
  270.000  0.000000e+00 
  271.000  0.000000e+00 
  272.000  0.000000e+00 
  273.000  0.000000e+00 
  274.000  0.000000e+00 
  275.000  0.000000e+00 
  276.000  0.000000e+00 
  277.000  0.000000e+00 
  278.000  0.000000e+00 
  279.000  0.000000e+00 
  280.000  0.000000e+00 
  281.000  0.000000e+00 
  282.000  0.000000e+00 
  283.000  0.000000e+00 
  284.000  0.000000e+00 
  285.000  0.000000e+00 
  286.000  0.000000e+00 
  287.000  0.000000e+00 
  288.000  0.000000e+00 
  289.000  0.000000e+00 
  290.000  0.000000e+00 
  291.000  9.211196e-10 
  292.000  2.133425e-08 
  293.000  1.354772e-07 
  294.000  1.106923e-06 
  295.000  4.257229e-06 
  296.000  2.842083e-05 
  297.000  8.804226e-05 
  298.000  3.405868e-04 
  299.000  8.487029e-04 
  300.000  2.196789e-03 
  301.000  4.768048e-03 
  302.000  9.017320e-03 
  303.000  1.955937e-02 
  304.000  2.565629e-02 
  305.000  4.792831e-02 
  306.000  6.691666e-02 
  307.000  1.019775e-01 
  308.000  1.322799e-01 
  309.000  1.684006e-01 
  310.000  2.329838e-01 
  311.000  2.616431e-01 
  312.000  3.138689e-01 
  313.000  3.795257e-01 
  314.000  4.035535e-01 
  315.000  4.872861e-01 
  316.000  5.041702e-01 
  317.000  5.670908e-01 
  318.000  5.995348e-01 
  319.000  7.083796e-01 
  320.000  6.196378e-01 
  321.000  7.841379e-01 
  322.000  6.995701e-01 
  323.000  7.689486e-01 
  324.000  8.701584e-01 
  325.000  7.766154e-01 
  326.000  8.779761e-01 
  327.000  9.007106e-01 
  328.000  8.277110e-01 
  329.000  9.410589e-01 
  330.000  9.492016e-01 
  331.000  8.834550e-01 
  332.000  9.553788e-01 
  333.000  9.601369e-01 
  334.000  9.347812e-01 
  335.000  9.741539e-01 
  336.000  9.817095e-01 
  337.000  9.550340e-01 
  338.000  9.751446e-01 
  339.000  9.857070e-01 
  340.000  9.712756e-01 
  341.000  9.844353e-01 
  342.000  9.895163e-01 
  343.000  9.879080e-01 
  344.000  9.736181e-01 
  345.000  9.881585e-01 
  346.000  9.911844e-01 
  347.000  9.899675e-01 
  348.000  9.915485e-01 
  349.000  9.933739e-01 
  350.000  9.942511e-01 
  351.000  9.948594e-01 
  352.000  9.951953e-01 
  353.000  9.955407e-01 
  354.000  9.943740e-01 
  355.000  9.940540e-01 
  356.000  9.943219e-01 
  357.000  9.923683e-01 
  358.000  9.913887e-01 
  359.000  9.903110e-01 
  360.000  9.890442e-01 
  361.000  9.881462e-01 
  362.000  9.899044e-01 
  363.000  9.915488e-01 
  364.000  9.931310e-01 
  365.000  9.929578e-01 
  366.000  9.938063e-01 
  367.000  9.940704e-01 
  368.000  9.939176e-01 
  369.000  9.941679e-01 
  370.000  9.940455e-01 
  371.000  9.944239e-01 
  372.000  9.932366e-01 
  373.000  9.937761e-01 
  374.000  9.938954e-01 
  375.000  9.940913e-01 
  376.000  9.928868e-01 
  377.000  9.927425e-01 
  378.000  9.924556e-01 
  379.000  9.910867e-01 
  380.000  9.894655e-01 
  381.000  9.900429e-01 
  382.000  9.913332e-01 
  383.000  9.928023e-01 
  384.000  9.928824e-01 
  385.000  9.932232e-01 
  386.000  9.935116e-01 
  387.000  9.934244e-01 
  388.000  9.932692e-01 
  389.000  9.932330e-01 
  390.000  9.932145e-01 
  391.000  9.933730e-01 
  392.000  9.925619e-01 
  393.000  9.937359e-01 
  394.000  9.937456e-01 
  395.000  9.935923e-01 
  396.000  9.932041e-01 
  397.000  9.938048e-01 
  398.000  9.926533e-01 
  399.000  9.935113e-01 
  400.000  9.924663e-01 
  401.000  9.927011e-01 
  402.000  9.935575e-01 
  403.000  9.940584e-01 
  404.000  9.930945e-01 
  405.000  9.927915e-01 
  406.000  9.936758e-01 
  407.000  9.943895e-01 
  408.000  9.931762e-01 
  409.000  9.925177e-01 
  410.000  9.928770e-01 
  411.000  9.927143e-01 
  412.000  9.936150e-01 
  413.000  9.924048e-01 
  414.000  9.928996e-01 
  415.000  9.930030e-01 
  416.000  9.940477e-01 
  417.000  9.939075e-01 
  418.000  9.933055e-01 
  419.000  9.934404e-01 
  420.000  9.928289e-01 
  421.000  9.926630e-01 
  422.000  9.924178e-01 
  423.000  9.928119e-01 
  424.000  9.921117e-01 
  425.000  9.929231e-01 
  426.000  9.938609e-01 
  427.000  9.929975e-01 
  428.000  9.921845e-01 
  429.000  9.935141e-01 
  430.000  9.935018e-01 
  431.000  9.920515e-01 
  432.000  9.933957e-01 
  433.000  9.931120e-01 
  434.000  9.923167e-01 
  435.000  9.906982e-01 
  436.000  9.921132e-01 
  437.000  9.936531e-01 
  438.000  9.939559e-01 
  439.000  9.905407e-01 
  440.000  9.916888e-01 
  441.000  9.931333e-01 
  442.000  9.936590e-01 
  443.000  9.928309e-01 
  444.000  9.915255e-01 
  445.000  9.902278e-01 
  446.000  9.914596e-01 
  447.000  9.919072e-01 
  448.000  9.886003e-01 
  449.000  9.913174e-01 
  450.000  9.922485e-01 
  451.000  9.921114e-01 
  452.000  9.919447e-01 
  453.000  9.919547e-01 
  454.000  9.925204e-01 
  455.000  9.916508e-01 
  456.000  9.914278e-01 
  457.000  9.917233e-01 
  458.000  9.896697e-01 
  459.000  9.903330e-01 
  460.000  9.891649e-01 
  461.000  9.892299e-01 
  462.000  9.899858e-01 
  463.000  9.880216e-01 
  464.000  9.890003e-01 
  465.000  9.895006e-01 
  466.000  9.902987e-01 
  467.000  9.890143e-01 
  468.000  9.893194e-01 
  469.000  9.897014e-01 
  470.000  9.894162e-01 
  471.000  9.889917e-01 
  472.000  9.876227e-01 
  473.000  9.859518e-01 
  474.000  9.824461e-01 
  475.000  9.804011e-01 
  476.000  9.786015e-01 
  477.000  9.775815e-01 
  478.000  9.772427e-01 
  479.000  9.776077e-01 
  480.000  9.780906e-01 
  481.000  9.805215e-01 
  482.000  9.822373e-01 
  483.000  9.834563e-01 
  484.000  9.832975e-01 
  485.000  9.828912e-01 
  486.000  9.829273e-01 
  487.000  9.833246e-01 
  488.000  9.826207e-01 
  489.000  9.816841e-01 
  490.000  9.827427e-01 
  491.000  9.833064e-01 
  492.000  9.829026e-01 
  493.000  9.824647e-01 
  494.000  9.816217e-01 
  495.000  9.813823e-01 
  496.000  9.804341e-01 
  497.000  9.799576e-01 
  498.000  9.795784e-01 
  499.000  9.788080e-01 
  500.000  9.778828e-01 
  501.000  9.766559e-01 
  502.000  9.745526e-01 
  503.000  9.728446e-01 
  504.000  9.724923e-01 
  505.000  9.697345e-01 
  506.000  9.708124e-01 
  507.000  9.712089e-01 
  508.000  9.712723e-01 
  509.000  9.708748e-01 
  510.000  9.709030e-01 
  511.000  9.710816e-01 
  512.000  9.711506e-01 
  513.000  9.714343e-01 
  514.000  9.715740e-01 
  515.000  9.717547e-01 
  516.000  9.712269e-01 
  517.000  9.706072e-01 
  518.000  9.700664e-01 
  519.000  9.689340e-01 
  520.000  9.684641e-01 
  521.000  9.676107e-01 
  522.000  9.669616e-01 
  523.000  9.659204e-01 
  524.000  9.647746e-01 
  525.000  9.632655e-01 
  526.000  9.612440e-01 
  527.000  9.598601e-01 
  528.000  9.579731e-01 
  529.000  9.564539e-01 
  530.000  9.552122e-01 
  531.000  9.541997e-01 
  532.000  9.534962e-01 
  533.000  9.531086e-01 
  534.000  9.527003e-01 
  535.000  9.525841e-01 
  536.000  9.524361e-01 
  537.000  9.520984e-01 
  538.000  9.517042e-01 
  539.000  9.512364e-01 
  540.000  9.512150e-01 
  541.000  9.508407e-01 
  542.000  9.497908e-01 
  543.000  9.491156e-01 
  544.000  9.487374e-01 
  545.000  9.479245e-01 
  546.000  9.478992e-01 
  547.000  9.477316e-01 
  548.000  9.470506e-01 
  549.000  9.468167e-01 
  550.000  9.466575e-01 
  551.000  9.463013e-01 
  552.000  9.457085e-01 
  553.000  9.446933e-01 
  554.000  9.443151e-01 
  555.000  9.438088e-01 
  556.000  9.425082e-01 
  557.000  9.408212e-01 
  558.000  9.393349e-01 
  559.000  9.373636e-01 
  560.000  9.356549e-01 
  561.000  9.341686e-01 
  562.000  9.328761e-01 
  563.000  9.312480e-01 
  564.000  9.294989e-01 
  565.000  9.280666e-01 
  566.000  9.268283e-01 
  567.000  9.254193e-01 
  568.000  9.236469e-01 
  569.000  9.205536e-01 
  570.000  9.172875e-01 
  571.000  9.153453e-01 
  572.000  9.140424e-01 
  573.000  9.119144e-01 
  574.000  9.103547e-01 
  575.000  9.086037e-01 
  576.000  9.084317e-01 
  577.000  9.086697e-01 
  578.000  9.096498e-01 
  579.000  9.110883e-01 
  580.000  9.124460e-01 
  581.000  9.150308e-01 
  582.000  9.176328e-01 
  583.000  9.197468e-01 
  584.000  9.229557e-01 
  585.000  9.241620e-01 
  586.000  9.253208e-01 
  587.000  9.256727e-01 
  588.000  9.265219e-01 
  589.000  9.267915e-01 
  590.000  9.268183e-01 
  591.000  9.264416e-01 
  592.000  9.258378e-01 
  593.000  9.253455e-01 
  594.000  9.250734e-01 
  595.000  9.243580e-01 
  596.000  9.234474e-01 
  597.000  9.231191e-01 
  598.000  9.221364e-01 
  599.000  9.212342e-01 
  600.000  9.202711e-01 
  601.000  9.202487e-01 
  602.000  9.205927e-01 
  603.000  9.208496e-01 
  604.000  9.210036e-01 
  605.000  9.211752e-01 
  606.000  9.222456e-01 
  607.000  9.230908e-01 
  608.000  9.242545e-01 
  609.000  9.247376e-01 
  610.000  9.257031e-01 
  611.000  9.264548e-01 
  612.000  9.274739e-01 
  613.000  9.284592e-01 
  614.000  9.291357e-01 
  615.000  9.299337e-01 
  616.000  9.310254e-01 
  617.000  9.318023e-01 
  618.000  9.322780e-01 
  619.000  9.330198e-01 
  620.000  9.335063e-01 
  621.000  9.337312e-01 
  622.000  9.338313e-01 
  623.000  9.337958e-01 
  624.000  9.337445e-01 
  625.000  9.336813e-01 
  626.000  9.331537e-01 
  627.000  9.328908e-01 
  628.000  9.095667e-01 
  629.000  9.190396e-01 
  630.000  9.237005e-01 
  631.000  9.316489e-01 
  632.000  9.353562e-01 
  633.000  9.369929e-01 
  634.000  9.395381e-01 
  635.000  9.401289e-01 
  636.000  9.430813e-01 
  637.000  9.462951e-01 
  638.000  9.478953e-01 
  639.000  9.500530e-01 
  640.000  9.511774e-01 
  641.000  9.532596e-01 
  642.000  9.540050e-01 
  643.000  9.547189e-01 
  644.000  9.554251e-01 
  645.000  9.562946e-01 
  646.000  9.569038e-01 
  647.000  9.576232e-01 
  648.000  9.580317e-01 
  649.000  9.591764e-01 
  650.000  9.600939e-01 
  651.000  9.604245e-01 
  652.000  9.612392e-01 
  653.000  9.617250e-01 
  654.000  9.629857e-01 
  655.000  9.633066e-01 
  656.000  9.639436e-01 
  657.000  9.644614e-01 
  658.000  9.652797e-01 
  659.000  9.660423e-01 
  660.000  9.663659e-01 
  661.000  9.672035e-01 
  662.000  9.674346e-01 
  663.000  9.682738e-01 
  664.000  9.686361e-01 
  665.000  9.691244e-01 
  666.000  9.696787e-01 
  667.000  9.704487e-01 
  668.000  9.708691e-01 
  669.000  9.715559e-01 
  670.000  9.719180e-01 
  671.000  9.726925e-01 
  672.000  9.728291e-01 
  673.000  9.734331e-01 
  674.000  9.736573e-01 
  675.000  9.743112e-01 
  676.000  9.744950e-01 
  677.000  9.748463e-01 
  678.000  9.753892e-01 
  679.000  9.757168e-01 
  680.000  9.763023e-01 
  681.000  9.766294e-01 
  682.000  9.775111e-01 
  683.000  9.778705e-01 
  684.000  9.787115e-01 
  685.000  9.789196e-01 
  686.000  9.794736e-01 
  687.000  6.510231e-01 
  688.000  8.301055e-01 
  689.000  8.710164e-01 
  690.000  9.046684e-01 
  691.000  9.257517e-01 
  692.000  9.647095e-01 
  693.000  9.699472e-01 
  694.000  9.825951e-01 
  695.000  9.828997e-01 
  696.000  9.831789e-01 
  697.000  9.836367e-01 
  698.000  9.838837e-01 
  699.000  9.839229e-01 
  700.000  9.845589e-01 
  701.000  9.847632e-01 
  702.000  9.849793e-01 
  703.000  9.853733e-01 
  704.000  9.855660e-01 
  705.000  9.858633e-01 
  706.000  9.861243e-01 
  707.000  9.862925e-01 
  708.000  9.865707e-01 
  709.000  9.868162e-01 
  710.000  9.869586e-01 
  711.000  9.873820e-01 
  712.000  9.875635e-01 
  713.000  9.878467e-01 
  714.000  9.879131e-01 
  715.000  9.883350e-01 
  716.000  9.885793e-01 
  717.000  9.886891e-01 
  718.000  9.890087e-01 
  719.000  9.891543e-01 
  720.000  9.892751e-01 
  721.000  9.896694e-01 
  722.000  9.898545e-01 
  723.000  9.899915e-01 
  724.000  9.900776e-01 
  725.000  9.904083e-01 
  726.000  9.906037e-01 
  727.000  9.906204e-01 
  728.000  9.908379e-01 
  729.000  9.910438e-01 
  730.000  9.911811e-01 
  731.000  9.912968e-01 
  732.000  9.914002e-01 
  733.000  9.916401e-01 
  734.000  9.918475e-01 
  735.000  9.919685e-01 
  736.000  9.920360e-01 
  737.000  9.921758e-01 
  738.000  9.922656e-01 
  739.000  9.923427e-01 
  740.000  9.924001e-01 
  741.000  9.924713e-01 
  742.000  9.926872e-01 
  743.000  9.927609e-01 
  744.000  9.928349e-01 
  745.000  9.929051e-01 
  746.000  9.930991e-01 
  747.000  9.932941e-01 
  748.000  9.933772e-01 
  749.000  9.934768e-01 
  750.000  9.936196e-01 
  751.000  9.937339e-01 
  752.000  9.940715e-01 
  753.000  9.941739e-01 
  754.000  9.943210e-01 
  755.000  9.944814e-01 
  756.000  9.945671e-01 
  757.000  9.946506e-01 
  758.000  9.948640e-01 
  759.000  9.824204e-01 
  760.000  3.129081e-01 
  761.000  2.030533e-01 
  762.000  6.176535e-01 
  763.000  5.033850e-01 
  764.000  5.783402e-01 
  765.000  7.223913e-01 
  766.000  8.592542e-01 
  767.000  9.109961e-01 
  768.000  9.708698e-01 
  769.000  9.866760e-01 
  770.000  9.862446e-01 
  771.000  9.933156e-01 
  772.000  9.952237e-01 
  773.000  9.951906e-01 
  774.000  9.951840e-01 
  775.000  9.951779e-01 
  776.000  9.951770e-01 
  777.000  9.952083e-01 
  778.000  9.952168e-01 
  779.000  9.951996e-01 
  780.000  9.951860e-01 
  781.000  9.953365e-01 
  782.000  9.954798e-01 
  783.000  9.955580e-01 
  784.000  9.956408e-01 
  785.000  9.957379e-01 
  786.000  9.958180e-01 
  787.000  9.959751e-01 
  788.000  9.960093e-01 
  789.000  9.961666e-01 
  790.000  9.962229e-01 
  791.000  9.963940e-01 
  792.000  9.965115e-01 
  793.000  9.966088e-01 
  794.000  9.968940e-01 
  795.000  9.969661e-01 
  796.000  9.970332e-01 
  797.000  9.970844e-01 
  798.000  9.971420e-01 
  799.000  9.971722e-01 
  800.000  9.972279e-01 
  801.000  9.972019e-01 
  802.000  9.971684e-01 
  803.000  9.971371e-01 
  804.000  9.970753e-01 
  805.000  9.970394e-01 
  806.000  9.970157e-01 
  807.000  9.969347e-01 
  808.000  9.968780e-01 
  809.000  9.968626e-01 
  810.000  9.967957e-01 
  811.000  9.967961e-01 
  812.000  9.968233e-01 
  813.000  9.968392e-01 
  814.000  9.968534e-01 
  815.000  9.968780e-01 
  816.000  9.968976e-01 
  817.000  9.969579e-01 
  818.000  9.970161e-01 
  819.000  9.970752e-01 
  820.000  9.971312e-01 
  821.000  9.971988e-01 
  822.000  9.972132e-01 
  823.000  9.972776e-01 
  824.000  9.973835e-01 
  825.000  9.973921e-01 
  826.000  9.974766e-01 
  827.000  9.974858e-01 
  828.000  9.975172e-01 
  829.000  9.975536e-01 
  830.000  9.975976e-01 
  831.000  9.976055e-01 
  832.000  9.976153e-01 
  833.000  9.976216e-01 
  834.000  9.976313e-01 
  835.000  9.976327e-01 
  836.000  9.976329e-01 
  837.000  9.976328e-01 
  838.000  9.976330e-01 
  839.000  9.976329e-01 
  840.000  9.976329e-01 
  841.000  9.976329e-01 
  842.000  9.976252e-01 
  843.000  9.976160e-01 
  844.000  9.976038e-01 
  845.000  9.975991e-01 
  846.000  9.975823e-01 
  847.000  9.975823e-01 
  848.000  9.975653e-01 
  849.000  9.975554e-01 
  850.000  9.981284e-01 
  851.000  9.999306e-01 
  852.000  1.000000e+00 
  853.000  1.000000e+00 
  854.000  9.999999e-01 
  855.000  9.999999e-01 
  856.000  1.000000e+00 
  857.000  1.000000e+00 
  858.000  1.000000e+00 
  859.000  1.000000e+00 
  860.000  1.000000e+00 
  861.000  9.999998e-01 
  862.000  9.999948e-01 
  863.000  9.996065e-01 
  864.000  9.999994e-01 
  865.000  9.999994e-01 
  866.000  9.998984e-01 
  867.000  9.999865e-01 
  868.000  9.998977e-01 
  869.000  9.997864e-01 
  870.000  9.999917e-01 
  871.000  9.999009e-01 
  872.000  9.999971e-01 
  873.000  9.999968e-01 
  874.000  9.999968e-01 
  875.000  9.999998e-01 
  876.000  9.999999e-01 
  877.000  1.000000e+00 
  878.000  1.000000e+00 
  879.000  1.000000e+00 
  880.000  1.000000e+00 
  881.000  1.000000e+00 
  882.000  9.999999e-01 
  883.000  1.000000e+00 
  884.000  9.999999e-01 
  885.000  1.000000e+00 
  886.000  9.999998e-01 
  887.000  1.000000e+00 
  888.000  1.000000e+00 
  889.000  9.999999e-01 
  890.000  1.000000e+00 
  891.000  9.999999e-01 
  892.000  1.000000e+00 
  893.000  9.999999e-01 
  894.000  9.999999e-01 
  895.000  1.000000e+00 
  896.000  1.000000e+00 
  897.000  1.000000e+00 
  898.000  1.000000e+00 
  899.000  1.000000e+00 
  900.000  1.000000e+00 
  901.000  9.999999e-01 
  902.000  1.000000e+00 
  903.000  1.000000e+00 
  904.000  1.000000e+00 
  905.000  1.000000e+00 
  906.000  1.000000e+00 
  907.000  1.000000e+00 
  908.000  1.000000e+00 
  909.000  9.999999e-01 
  910.000  1.000000e+00 
  911.000  1.000000e+00 
  912.000  9.999999e-01 
  913.000  9.999998e-01 
  914.000  1.000000e+00 
  915.000  9.999999e-01 
  916.000  9.999999e-01 
  917.000  9.999998e-01 
  918.000  1.000000e+00 
  919.000  1.000000e+00 
  920.000  1.000000e+00 
  921.000  1.000000e+00 
  922.000  9.999998e-01 
  923.000  1.000000e+00 
  924.000  1.000000e+00 
  925.000  1.000000e+00 
  926.000  1.000000e+00 
  927.000  1.000000e+00 
  928.000  1.000000e+00 
  929.000  1.000000e+00 
  930.000  1.000000e+00 
  931.000  1.000000e+00 
  932.000  1.000000e+00 
  933.000  1.000000e+00 
  934.000  1.000000e+00 
  935.000  9.999999e-01 
  936.000  9.999999e-01 
  937.000  9.999999e-01 
  938.000  9.999999e-01 
  939.000  1.000000e+00 
  940.000  9.999999e-01 
  941.000  9.999998e-01 
  942.000  9.999998e-01 
  943.000  9.999999e-01 
  944.000  9.999999e-01 
  945.000  1.000000e+00 
  946.000  1.000000e+00 
  947.000  9.998763e-01 
  948.000  9.999773e-01 
  949.000  9.999685e-01 
  950.000  9.999685e-01 
  951.000  9.999346e-01 
  952.000  9.999993e-01 
  953.000  9.999999e-01 
  954.000  9.999999e-01 
  955.000  9.999998e-01 
  956.000  1.000000e+00 
  957.000  1.000000e+00 
  958.000  1.000000e+00 
  959.000  9.999998e-01 
  960.000  9.999997e-01 
  961.000  9.999997e-01 
  962.000  1.000000e+00 
  963.000  1.000000e+00 
  964.000  1.000000e+00 
  965.000  1.000000e+00 
  966.000  1.000000e+00 
  967.000  1.000000e+00 
  968.000  1.000000e+00 
  969.000  9.999999e-01 
  970.000  9.999999e-01 
  971.000  9.999999e-01 
  972.000  9.999999e-01 
  973.000  9.999998e-01 
  974.000  1.000000e+00 
  975.000  1.000000e+00 
  976.000  1.000000e+00 
  977.000  1.000000e+00 
  978.000  9.999999e-01 
  979.000  9.999999e-01 
  980.000  1.000000e+00 
  981.000  9.999999e-01 
  982.000  9.999999e-01 
  983.000  1.000000e+00 
  984.000  1.000000e+00 
  985.000  1.000000e+00 
  986.000  9.999999e-01 
  987.000  1.000000e+00 
  988.000  1.000000e+00 
  989.000  9.999999e-01 
  990.000  1.000000e+00 
  991.000  1.000000e+00 
  992.000  1.000000e+00 
  993.000  1.000000e+00 
  994.000  1.000000e+00 
  995.000  1.000000e+00 
  996.000  1.000000e+00 
  997.000  1.000000e+00 
  998.000  1.000000e+00 
  999.000  9.999999e-01 
 1000.000  9.999999e-01 
 1001.000  1.000000e+00 
 1002.000  9.999999e-01 
 1003.000  9.999999e-01 
 1004.000  1.000000e+00 
 1005.000  9.999999e-01 
 1006.000  9.999999e-01 
 1007.000  9.999999e-01 
 1008.000  9.999999e-01 
 1009.000  9.999999e-01 
 1010.000  9.999998e-01 
 1011.000  9.999998e-01 
 1012.000  9.999998e-01 
 1013.000  9.999992e-01 
 1014.000  9.999987e-01 
 1015.000  9.999987e-01 
 1016.000  9.999982e-01 
 1017.000  9.999955e-01 
 1018.000  9.999955e-01 
 1019.000  9.999925e-01 
 1020.000  9.999878e-01 
 1021.000  9.999878e-01 
 1022.000  9.999771e-01 
 1023.000  9.999771e-01 
 1024.000  9.999699e-01 
 1025.000  9.999434e-01 
 1026.000  9.999434e-01 
 1027.000  9.999154e-01 
 1028.000  9.998785e-01 
 1029.000  9.998785e-01 
 1030.000  9.997883e-01 
 1031.000  9.997333e-01 
 1032.000  9.997333e-01 
 1033.000  9.995782e-01 
 1034.000  9.995782e-01 
 1035.000  9.994187e-01 
 1036.000  9.988430e-01 
 1037.000  9.988430e-01 
 1038.000  9.987641e-01 
 1039.000  9.981520e-01 
 1040.000  9.981520e-01 
 1041.000  9.976957e-01 
 1042.000  9.976957e-01 
 1043.000  9.971469e-01 
 1044.000  9.963305e-01 
 1045.000  9.963305e-01 
 1046.000  9.952111e-01 
 1047.000  9.952111e-01 
 1048.000  9.940970e-01 
 1049.000  9.918813e-01 
 1050.000  9.918813e-01 
 1051.000  9.908834e-01 
 1052.000  9.908834e-01 
 1053.000  9.893697e-01 
 1054.000  9.880866e-01 
 1055.000  9.880866e-01 
 1056.000  9.865823e-01 
 1057.000  9.865823e-01 
 1058.000  9.852389e-01 
 1059.000  9.838930e-01 
 1060.000  9.838930e-01 
 1061.000  9.830380e-01 
 1062.000  9.830380e-01 
 1063.000  9.816277e-01 
 1064.000  9.810746e-01 
 1065.000  9.810746e-01 
 1066.000  9.819855e-01 
 1067.000  9.819855e-01 
 1068.000  9.812136e-01 
 1069.000  9.832590e-01 
 1070.000  9.832590e-01 
 1071.000  9.845583e-01 
 1072.000  9.845583e-01 
 1073.000  9.858739e-01 
 1074.000  9.858739e-01 
 1075.000  9.874657e-01 
 1076.000  9.890099e-01 
 1077.000  9.890099e-01 
 1078.000  9.908055e-01 
 1079.000  9.908055e-01 
 1080.000  9.920514e-01 
 1081.000  9.920514e-01 
 1082.000  9.938132e-01 
 1083.000  9.950454e-01 
 1084.000  9.950454e-01 
 1085.000  9.956337e-01 
 1086.000  9.956337e-01 
 1087.000  9.969107e-01 
 1088.000  9.969107e-01 
 1089.000  9.979742e-01 
 1090.000  9.984452e-01 
 1091.000  9.984452e-01 
 1092.000  9.989859e-01 
 1093.000  9.989859e-01 
 1094.000  9.990791e-01 
 1095.000  9.990791e-01 
 1096.000  9.993992e-01 
 1097.000  9.993992e-01 
 1098.000  9.996743e-01 
 1099.000  9.997710e-01 
 1100.000  9.997710e-01 
 1101.000  9.998634e-01 
 1102.000  9.998634e-01 
 1103.000  9.999056e-01 
 1104.000  9.999056e-01 
 1105.000  9.999340e-01 
 1106.000  9.999340e-01 
 1107.000  9.999046e-01 
 1108.000  9.999046e-01 
 1109.000  9.997225e-01 
 1110.000  9.998193e-01 
 1111.000  9.998193e-01 
 1112.000  9.995763e-01 
 1113.000  9.995763e-01 
 1114.000  9.994229e-01 
 1115.000  9.994229e-01 
 1116.000  9.986843e-01 
 1117.000  9.986843e-01 
 1118.000  9.987307e-01 
 1119.000  9.987307e-01 
 1120.000  9.991946e-01 
 1121.000  9.991946e-01 
 1122.000  9.950173e-01 
 1123.000  9.960214e-01 
 1124.000  9.960214e-01 
 1125.000  9.972409e-01 
 1126.000  9.972409e-01 
 1127.000  9.957798e-01 
 1128.000  9.957798e-01 
 1129.000  9.967628e-01 
 1130.000  9.967628e-01 
 1131.000  9.977849e-01 
 1132.000  9.977849e-01 
 1133.000  9.960104e-01 
 1134.000  9.960104e-01 
 1135.000  9.957602e-01 
 1136.000  9.957602e-01 
 1137.000  9.973298e-01 
 1138.000  9.973298e-01 
 1139.000  9.985617e-01 
 1140.000  9.985617e-01 
 1141.000  9.985337e-01 
 1142.000  9.985337e-01 
 1143.000  9.975226e-01 
 1144.000  9.975226e-01 
 1145.000  9.982310e-01 
 1146.000  9.982310e-01 
 1147.000  9.975632e-01 
 1148.000  9.975632e-01 
 1149.000  9.964740e-01 
 1150.000  9.964740e-01 
 1151.000  9.956048e-01 
 1152.000  9.956048e-01 
 1153.000  9.910430e-01 
 1154.000  9.910430e-01 
 1155.000  9.916688e-01 
 1156.000  9.916688e-01 
 1157.000  9.931834e-01 
 1158.000  9.931834e-01 
 1159.000  9.964765e-01 
 1160.000  9.964765e-01 
 1161.000  9.930230e-01 
 1162.000  9.930230e-01 
 1163.000  9.916710e-01 
 1164.000  9.916710e-01 
 1165.000  9.936786e-01 
 1166.000  9.936786e-01 
 1167.000  9.952161e-01 
 1168.000  9.952161e-01 
 1169.000  9.944888e-01 
 1170.000  9.944888e-01 
 1171.000  9.958839e-01 
 1172.000  9.958839e-01 
 1173.000  9.960584e-01 
 1174.000  9.960584e-01 
 1175.000  9.973996e-01 
 1176.000  9.973996e-01 
 1177.000  9.978704e-01 
 1178.000  9.978704e-01 
 1179.000  9.981895e-01 
 1180.000  9.981895e-01 
 1181.000  9.982917e-01 
 1182.000  9.982917e-01 
 1183.000  9.989295e-01 
 1184.000  9.989295e-01 
 1185.000  9.988474e-01 
 1186.000  9.988474e-01 
 1187.000  9.971581e-01 
 1188.000  9.971581e-01 
 1189.000  9.971581e-01 
 1190.000  9.990370e-01 
 1191.000  9.990370e-01 
 1192.000  9.987358e-01 
 1193.000  9.987358e-01 
 1194.000  9.993125e-01 
 1195.000  9.993125e-01 
 1196.000  9.996281e-01 
 1197.000  9.996281e-01 
 1198.000  9.995780e-01 
 1199.000  9.995780e-01 
 1200.000  9.994015e-01 
