  250.000  0.000000e+00 
  251.000  0.000000e+00 
  252.000  0.000000e+00 
  253.000  0.000000e+00 
  254.000  0.000000e+00 
  255.000  0.000000e+00 
  256.000  0.000000e+00 
  257.000  0.000000e+00 
  258.000  0.000000e+00 
  259.000  0.000000e+00 
  260.000  0.000000e+00 
  261.000  0.000000e+00 
  262.000  0.000000e+00 
  263.000  0.000000e+00 
  264.000  0.000000e+00 
  265.000  0.000000e+00 
  266.000  0.000000e+00 
  267.000  0.000000e+00 
  268.000  0.000000e+00 
  269.000  0.000000e+00 
  270.000  0.000000e+00 
  271.000  0.000000e+00 
  272.000  0.000000e+00 
  273.000  0.000000e+00 
  274.000  0.000000e+00 
  275.000  0.000000e+00 
  276.000  0.000000e+00 
  277.000  0.000000e+00 
  278.000  0.000000e+00 
  279.000  0.000000e+00 
  280.000  0.000000e+00 
  281.000  0.000000e+00 
  282.000  0.000000e+00 
  283.000  0.000000e+00 
  284.000  0.000000e+00 
  285.000  0.000000e+00 
  286.000  0.000000e+00 
  287.000  0.000000e+00 
  288.000  0.000000e+00 
  289.000  0.000000e+00 
  290.000  0.000000e+00 
  291.000  1.849364e-05 
  292.000  9.591743e-05 
  293.000  2.525841e-04 
  294.000  7.590177e-04 
  295.000  1.537041e-03 
  296.000  4.155005e-03 
  297.000  7.512604e-03 
  298.000  1.525976e-02 
  299.000  2.461801e-02 
  300.000  4.051383e-02 
  301.000  6.079847e-02 
  302.000  8.488873e-02 
  303.000  1.273489e-01 
  304.000  1.467981e-01 
  305.000  2.036486e-01 
  306.000  2.425513e-01 
  307.000  3.024440e-01 
  308.000  3.466012e-01 
  309.000  3.933249e-01 
  310.000  4.662289e-01 
  311.000  4.954394e-01 
  312.000  5.449943e-01 
  313.000  6.020083e-01 
  314.000  6.216804e-01 
  315.000  6.862120e-01 
  316.000  6.985654e-01 
  317.000  7.429523e-01 
  318.000  7.649218e-01 
  319.000  8.347721e-01 
  320.000  7.782513e-01 
  321.000  8.804035e-01 
  322.000  8.293180e-01 
  323.000  8.714288e-01 
  324.000  9.297389e-01 
  325.000  8.759691e-01 
  326.000  9.341050e-01 
  327.000  9.466977e-01 
  328.000  9.056994e-01 
  329.000  9.686798e-01 
  330.000  9.730610e-01 
  331.000  9.371538e-01 
  332.000  9.763730e-01 
  333.000  9.789171e-01 
  334.000  9.652895e-01 
  335.000  9.863771e-01 
  336.000  9.903771e-01 
  337.000  9.761884e-01 
  338.000  9.869025e-01 
  339.000  9.924876e-01 
  340.000  9.848495e-01 
  341.000  9.918166e-01 
  342.000  9.944947e-01 
  343.000  9.936478e-01 
  344.000  9.860929e-01 
  345.000  9.937798e-01 
  346.000  9.953725e-01 
  347.000  9.947323e-01 
  348.000  9.955641e-01 
  349.000  9.965237e-01 
  350.000  9.969845e-01 
  351.000  9.973040e-01 
  352.000  9.974803e-01 
  353.000  9.976617e-01 
  354.000  9.970490e-01 
  355.000  9.968809e-01 
  356.000  9.970217e-01 
  357.000  9.959951e-01 
  358.000  9.954800e-01 
  359.000  9.949129e-01 
  360.000  9.942462e-01 
  361.000  9.937732e-01 
  362.000  9.946990e-01 
  363.000  9.955642e-01 
  364.000  9.963960e-01 
  365.000  9.963050e-01 
  366.000  9.967509e-01 
  367.000  9.968895e-01 
  368.000  9.968093e-01 
  369.000  9.969408e-01 
  370.000  9.968764e-01 
  371.000  9.970753e-01 
  372.000  9.964515e-01 
  373.000  9.967350e-01 
  374.000  9.967976e-01 
  375.000  9.969004e-01 
  376.000  9.962676e-01 
  377.000  9.961919e-01 
  378.000  9.960410e-01 
  379.000  9.953211e-01 
  380.000  9.944680e-01 
  381.000  9.947719e-01 
  382.000  9.954509e-01 
  383.000  9.962233e-01 
  384.000  9.962654e-01 
  385.000  9.964445e-01 
  386.000  9.965960e-01 
  387.000  9.965502e-01 
  388.000  9.964685e-01 
  389.000  9.964496e-01 
  390.000  9.964399e-01 
  391.000  9.965233e-01 
  392.000  9.960970e-01 
  393.000  9.967138e-01 
  394.000  9.967189e-01 
  395.000  9.966384e-01 
  396.000  9.964344e-01 
  397.000  9.967501e-01 
  398.000  9.961450e-01 
  399.000  9.965958e-01 
  400.000  9.960467e-01 
  401.000  9.961700e-01 
  402.000  9.966200e-01 
  403.000  9.968833e-01 
  404.000  9.963768e-01 
  405.000  9.962177e-01 
  406.000  9.966822e-01 
  407.000  9.970572e-01 
  408.000  9.964197e-01 
  409.000  9.960737e-01 
  410.000  9.962625e-01 
  411.000  9.961770e-01 
  412.000  9.966503e-01 
  413.000  9.960144e-01 
  414.000  9.962744e-01 
  415.000  9.963286e-01 
  416.000  9.968777e-01 
  417.000  9.968040e-01 
  418.000  9.964876e-01 
  419.000  9.965587e-01 
  420.000  9.962372e-01 
  421.000  9.961501e-01 
  422.000  9.960212e-01 
  423.000  9.962282e-01 
  424.000  9.958603e-01 
  425.000  9.962868e-01 
  426.000  9.967796e-01 
  427.000  9.963259e-01 
  428.000  9.958985e-01 
  429.000  9.965973e-01 
  430.000  9.965909e-01 
  431.000  9.958286e-01 
  432.000  9.965351e-01 
  433.000  9.963860e-01 
  434.000  9.959680e-01 
  435.000  9.951168e-01 
  436.000  9.958610e-01 
  437.000  9.966704e-01 
  438.000  9.968294e-01 
  439.000  9.950339e-01 
  440.000  9.956378e-01 
  441.000  9.963973e-01 
  442.000  9.966735e-01 
  443.000  9.962383e-01 
  444.000  9.955519e-01 
  445.000  9.948692e-01 
  446.000  9.955173e-01 
  447.000  9.957526e-01 
  448.000  9.940123e-01 
  449.000  9.954425e-01 
  450.000  9.959321e-01 
  451.000  9.958600e-01 
  452.000  9.957724e-01 
  453.000  9.957775e-01 
  454.000  9.960750e-01 
  455.000  9.956179e-01 
  456.000  9.955005e-01 
  457.000  9.956560e-01 
  458.000  9.945755e-01 
  459.000  9.949245e-01 
  460.000  9.943098e-01 
  461.000  9.943439e-01 
  462.000  9.947419e-01 
  463.000  9.937075e-01 
  464.000  9.942229e-01 
  465.000  9.944865e-01 
  466.000  9.949065e-01 
  467.000  9.942304e-01 
  468.000  9.943911e-01 
  469.000  9.945921e-01 
  470.000  9.944420e-01 
  471.000  9.942185e-01 
  472.000  9.934974e-01 
  473.000  9.926166e-01 
  474.000  9.907663e-01 
  475.000  9.896855e-01 
  476.000  9.887334e-01 
  477.000  9.881935e-01 
  478.000  9.880142e-01 
  479.000  9.882074e-01 
  480.000  9.884630e-01 
  481.000  9.897491e-01 
  482.000  9.906559e-01 
  483.000  9.912998e-01 
  484.000  9.912159e-01 
  485.000  9.910013e-01 
  486.000  9.910204e-01 
  487.000  9.912303e-01 
  488.000  9.908586e-01 
  489.000  9.903637e-01 
  490.000  9.909229e-01 
  491.000  9.912207e-01 
  492.000  9.910075e-01 
  493.000  9.907761e-01 
  494.000  9.903308e-01 
  495.000  9.902042e-01 
  496.000  9.897029e-01 
  497.000  9.894509e-01 
  498.000  9.892505e-01 
  499.000  9.888428e-01 
  500.000  9.883531e-01 
  501.000  9.877033e-01 
  502.000  9.865885e-01 
  503.000  9.856825e-01 
  504.000  9.854954e-01 
  505.000  9.840307e-01 
  506.000  9.846034e-01 
  507.000  9.848140e-01 
  508.000  9.848477e-01 
  509.000  9.846365e-01 
  510.000  9.846516e-01 
  511.000  9.847464e-01 
  512.000  9.847831e-01 
  513.000  9.849337e-01 
  514.000  9.850080e-01 
  515.000  9.851039e-01 
  516.000  9.848236e-01 
  517.000  9.844944e-01 
  518.000  9.842070e-01 
  519.000  9.836051e-01 
  520.000  9.833552e-01 
  521.000  9.829011e-01 
  522.000  9.825557e-01 
  523.000  9.820014e-01 
  524.000  9.813911e-01 
  525.000  9.805867e-01 
  526.000  9.795082e-01 
  527.000  9.787692e-01 
  528.000  9.777610e-01 
  529.000  9.769484e-01 
  530.000  9.762838e-01 
  531.000  9.757417e-01 
  532.000  9.753647e-01 
  533.000  9.751570e-01 
  534.000  9.749382e-01 
  535.000  9.748759e-01 
  536.000  9.747966e-01 
  537.000  9.746155e-01 
  538.000  9.744042e-01 
  539.000  9.741533e-01 
  540.000  9.741417e-01 
  541.000  9.739410e-01 
  542.000  9.733775e-01 
  543.000  9.730150e-01 
  544.000  9.728119e-01 
  545.000  9.723752e-01 
  546.000  9.723616e-01 
  547.000  9.722714e-01 
  548.000  9.719055e-01 
  549.000  9.717798e-01 
  550.000  9.716941e-01 
  551.000  9.715026e-01 
  552.000  9.711838e-01 
  553.000  9.706376e-01 
  554.000  9.704340e-01 
  555.000  9.701614e-01 
  556.000  9.694608e-01 
  557.000  9.685516e-01 
  558.000  9.677497e-01 
  559.000  9.666854e-01 
  560.000  9.657620e-01 
  561.000  9.649581e-01 
  562.000  9.642586e-01 
  563.000  9.633767e-01 
  564.000  9.624284e-01 
  565.000  9.616513e-01 
  566.000  9.609790e-01 
  567.000  9.602134e-01 
  568.000  9.592498e-01 
  569.000  9.575657e-01 
  570.000  9.557846e-01 
  571.000  9.547239e-01 
  572.000  9.540119e-01 
  573.000  9.528478e-01 
  574.000  9.519938e-01 
  575.000  9.510342e-01 
  576.000  9.509400e-01 
  577.000  9.510704e-01 
  578.000  9.516076e-01 
  579.000  9.523956e-01 
  580.000  9.531388e-01 
  581.000  9.545521e-01 
  582.000  9.559729e-01 
  583.000  9.571260e-01 
  584.000  9.588737e-01 
  585.000  9.595298e-01 
  586.000  9.601600e-01 
  587.000  9.603512e-01 
  588.000  9.608126e-01 
  589.000  9.609590e-01 
  590.000  9.609736e-01 
  591.000  9.607689e-01 
  592.000  9.604409e-01 
  593.000  9.601734e-01 
  594.000  9.600255e-01 
  595.000  9.596365e-01 
  596.000  9.591412e-01 
  597.000  9.589626e-01 
  598.000  9.584277e-01 
  599.000  9.579364e-01 
  600.000  9.574117e-01 
  601.000  9.573995e-01 
  602.000  9.575869e-01 
  603.000  9.577268e-01 
  604.000  9.578108e-01 
  605.000  9.579043e-01 
  606.000  9.584871e-01 
  607.000  9.589472e-01 
  608.000  9.595802e-01 
  609.000  9.598429e-01 
  610.000  9.603677e-01 
  611.000  9.607762e-01 
  612.000  9.613296e-01 
  613.000  9.618644e-01 
  614.000  9.622315e-01 
  615.000  9.626644e-01 
  616.000  9.632561e-01 
  617.000  9.636769e-01 
  618.000  9.639347e-01 
  619.000  9.643364e-01 
  620.000  9.645997e-01 
  621.000  9.647214e-01 
  622.000  9.647756e-01 
  623.000  9.647563e-01 
  624.000  9.647287e-01 
  625.000  9.646944e-01 
  626.000  9.644089e-01 
  627.000  9.642665e-01 
  628.000  9.514256e-01 
  629.000  9.558383e-01 
  630.000  9.592789e-01 
  631.000  9.635938e-01 
  632.000  9.656006e-01 
  633.000  9.664852e-01 
  634.000  9.678594e-01 
  635.000  9.681781e-01 
  636.000  9.697695e-01 
  637.000  9.714993e-01 
  638.000  9.723594e-01 
  639.000  9.735182e-01 
  640.000  9.741216e-01 
  641.000  9.752380e-01 
  642.000  9.756373e-01 
  643.000  9.760197e-01 
  644.000  9.763978e-01 
  645.000  9.768631e-01 
  646.000  9.771890e-01 
  647.000  9.775738e-01 
  648.000  9.777922e-01 
  649.000  9.784039e-01 
  650.000  9.788941e-01 
  651.000  9.790707e-01 
  652.000  9.795057e-01 
  653.000  9.797650e-01 
  654.000  9.804375e-01 
  655.000  9.806086e-01 
  656.000  9.809482e-01 
  657.000  9.812242e-01 
  658.000  9.816602e-01 
  659.000  9.820663e-01 
  660.000  9.822387e-01 
  661.000  9.826845e-01 
  662.000  9.828074e-01 
  663.000  9.832539e-01 
  664.000  9.834466e-01 
  665.000  9.837064e-01 
  666.000  9.840010e-01 
  667.000  9.844102e-01 
  668.000  9.846336e-01 
  669.000  9.849983e-01 
  670.000  9.851906e-01 
  671.000  9.856017e-01 
  672.000  9.856741e-01 
  673.000  9.859948e-01 
  674.000  9.861138e-01 
  675.000  9.864606e-01 
  676.000  9.865580e-01 
  677.000  9.867442e-01 
  678.000  9.870322e-01 
  679.000  9.872057e-01 
  680.000  9.875161e-01 
  681.000  9.876893e-01 
  682.000  9.881564e-01 
  683.000  9.883465e-01 
  684.000  9.887916e-01 
  685.000  9.889019e-01 
  686.000  9.891950e-01 
  687.000  7.403050e-01 
  688.000  9.025636e-01 
  689.000  9.264548e-01 
  690.000  9.478000e-01 
  691.000  9.587346e-01 
  692.000  9.812130e-01 
  693.000  9.840711e-01 
  694.000  9.908451e-01 
  695.000  9.910060e-01 
  696.000  9.911533e-01 
  697.000  9.913951e-01 
  698.000  9.915254e-01 
  699.000  9.915462e-01 
  700.000  9.918818e-01 
  701.000  9.919896e-01 
  702.000  9.921036e-01 
  703.000  9.923115e-01 
  704.000  9.924130e-01 
  705.000  9.925700e-01 
  706.000  9.927076e-01 
  707.000  9.927962e-01 
  708.000  9.929430e-01 
  709.000  9.930723e-01 
  710.000  9.931474e-01 
  711.000  9.933705e-01 
  712.000  9.934663e-01 
  713.000  9.936154e-01 
  714.000  9.936504e-01 
  715.000  9.938726e-01 
  716.000  9.940013e-01 
  717.000  9.940591e-01 
  718.000  9.942275e-01 
  719.000  9.943041e-01 
  720.000  9.943678e-01 
  721.000  9.945753e-01 
  722.000  9.946727e-01 
  723.000  9.947449e-01 
  724.000  9.947901e-01 
  725.000  9.949642e-01 
  726.000  9.950670e-01 
  727.000  9.950758e-01 
  728.000  9.951903e-01 
  729.000  9.952986e-01 
  730.000  9.953709e-01 
  731.000  9.954317e-01 
  732.000  9.954860e-01 
  733.000  9.956121e-01 
  734.000  9.957212e-01 
  735.000  9.957848e-01 
  736.000  9.958205e-01 
  737.000  9.958938e-01 
  738.000  9.959412e-01 
  739.000  9.959815e-01 
  740.000  9.960119e-01 
  741.000  9.960492e-01 
  742.000  9.961627e-01 
  743.000  9.962015e-01 
  744.000  9.962404e-01 
  745.000  9.962774e-01 
  746.000  9.963791e-01 
  747.000  9.964818e-01 
  748.000  9.965254e-01 
  749.000  9.965778e-01 
  750.000  9.966527e-01 
  751.000  9.967129e-01 
  752.000  9.968901e-01 
  753.000  9.969441e-01 
  754.000  9.970213e-01 
  755.000  9.971054e-01 
  756.000  9.971504e-01 
  757.000  9.971943e-01 
  758.000  9.973064e-01 
  759.000  9.905553e-01 
  760.000  4.595250e-01 
  761.000  3.732478e-01 
  762.000  7.348503e-01 
  763.000  6.441401e-01 
  764.000  6.852695e-01 
  765.000  7.965299e-01 
  766.000  9.153108e-01 
  767.000  9.501414e-01 
  768.000  9.840499e-01 
  769.000  9.929985e-01 
  770.000  9.926838e-01 
  771.000  9.964930e-01 
  772.000  9.974952e-01 
  773.000  9.974778e-01 
  774.000  9.974745e-01 
  775.000  9.974712e-01 
  776.000  9.974707e-01 
  777.000  9.974870e-01 
  778.000  9.974917e-01 
  779.000  9.974826e-01 
  780.000  9.974754e-01 
  781.000  9.975545e-01 
  782.000  9.976296e-01 
  783.000  9.976708e-01 
  784.000  9.977140e-01 
  785.000  9.977652e-01 
  786.000  9.978073e-01 
  787.000  9.978898e-01 
  788.000  9.979076e-01 
  789.000  9.979901e-01 
  790.000  9.980196e-01 
  791.000  9.981094e-01 
  792.000  9.981712e-01 
  793.000  9.982221e-01 
  794.000  9.983718e-01 
  795.000  9.984096e-01 
  796.000  9.984447e-01 
  797.000  9.984717e-01 
  798.000  9.985020e-01 
  799.000  9.985179e-01 
  800.000  9.985470e-01 
  801.000  9.985333e-01 
  802.000  9.985158e-01 
  803.000  9.984993e-01 
  804.000  9.984669e-01 
  805.000  9.984480e-01 
  806.000  9.984357e-01 
  807.000  9.983931e-01 
  808.000  9.983634e-01 
  809.000  9.983553e-01 
  810.000  9.983203e-01 
  811.000  9.983203e-01 
  812.000  9.983346e-01 
  813.000  9.983430e-01 
  814.000  9.983503e-01 
  815.000  9.983634e-01 
  816.000  9.983737e-01 
  817.000  9.984052e-01 
  818.000  9.984360e-01 
  819.000  9.984668e-01 
  820.000  9.984962e-01 
  821.000  9.985318e-01 
  822.000  9.985393e-01 
  823.000  9.985730e-01 
  824.000  9.986286e-01 
  825.000  9.986331e-01 
  826.000  9.986774e-01 
  827.000  9.986822e-01 
  828.000  9.986987e-01 
  829.000  9.987178e-01 
  830.000  9.987408e-01 
  831.000  9.987450e-01 
  832.000  9.987501e-01 
  833.000  9.987534e-01 
  834.000  9.987584e-01 
  835.000  9.987593e-01 
  836.000  9.987593e-01 
  837.000  9.987593e-01 
  838.000  9.987593e-01 
  839.000  9.987593e-01 
  840.000  9.987594e-01 
  841.000  9.987594e-01 
  842.000  9.987553e-01 
  843.000  9.987505e-01 
  844.000  9.987441e-01 
  845.000  9.987416e-01 
  846.000  9.987328e-01 
  847.000  9.987328e-01 
  848.000  9.987239e-01 
  849.000  9.987187e-01 
  850.000  9.990191e-01 
  851.000  9.999636e-01 
  852.000  9.999999e-01 
  853.000  9.999999e-01 
  854.000  9.999999e-01 
  855.000  9.999999e-01 
  856.000  9.999999e-01 
  857.000  9.999999e-01 
  858.000  9.999999e-01 
  859.000  9.999999e-01 
  860.000  9.999999e-01 
  861.000  9.999998e-01 
  862.000  9.999973e-01 
  863.000  9.997938e-01 
  864.000  9.999996e-01 
  865.000  9.999996e-01 
  866.000  9.999468e-01 
  867.000  9.999928e-01 
  868.000  9.999464e-01 
  869.000  9.998881e-01 
  870.000  9.999956e-01 
  871.000  9.999480e-01 
  872.000  9.999985e-01 
  873.000  9.999982e-01 
  874.000  9.999982e-01 
  875.000  9.999998e-01 
  876.000  9.999999e-01 
  877.000  9.999999e-01 
  878.000  9.999999e-01 
  879.000  9.999999e-01 
  880.000  9.999999e-01 
  881.000  9.999999e-01 
  882.000  9.999999e-01 
  883.000  9.999999e-01 
  884.000  9.999999e-01 
  885.000  9.999999e-01 
  886.000  9.999999e-01 
  887.000  1.000000e+00 
  888.000  1.000000e+00 
  889.000  1.000000e+00 
  890.000  9.999999e-01 
  891.000  9.999999e-01 
  892.000  9.999999e-01 
  893.000  9.999999e-01 
  894.000  9.999999e-01 
  895.000  1.000000e+00 
  896.000  9.999999e-01 
  897.000  1.000000e+00 
  898.000  9.999999e-01 
  899.000  1.000000e+00 
  900.000  1.000000e+00 
  901.000  9.999999e-01 
  902.000  1.000000e+00 
  903.000  1.000000e+00 
  904.000  9.999999e-01 
  905.000  1.000000e+00 
  906.000  1.000000e+00 
  907.000  9.999999e-01 
  908.000  1.000000e+00 
  909.000  1.000000e+00 
  910.000  9.999999e-01 
  911.000  9.999999e-01 
  912.000  9.999999e-01 
  913.000  9.999999e-01 
  914.000  1.000000e+00 
  915.000  9.999999e-01 
  916.000  9.999999e-01 
  917.000  9.999999e-01 
  918.000  9.999999e-01 
  919.000  1.000000e+00 
  920.000  1.000000e+00 
  921.000  1.000000e+00 
  922.000  9.999999e-01 
  923.000  9.999999e-01 
  924.000  9.999999e-01 
  925.000  9.999999e-01 
  926.000  1.000000e+00 
  927.000  9.999999e-01 
  928.000  1.000000e+00 
  929.000  9.999999e-01 
  930.000  9.999999e-01 
  931.000  1.000000e+00 
  932.000  9.999999e-01 
  933.000  9.999999e-01 
  934.000  9.999999e-01 
  935.000  9.999999e-01 
  936.000  9.999998e-01 
  937.000  9.999999e-01 
  938.000  9.999999e-01 
  939.000  1.000000e+00 
  940.000  9.999999e-01 
  941.000  9.999999e-01 
  942.000  9.999999e-01 
  943.000  9.999999e-01 
  944.000  9.999999e-01 
  945.000  9.999999e-01 
  946.000  9.999999e-01 
  947.000  9.999352e-01 
  948.000  9.999880e-01 
  949.000  9.999834e-01 
  950.000  9.999834e-01 
  951.000  9.999657e-01 
  952.000  9.999996e-01 
  953.000  1.000000e+00 
  954.000  1.000000e+00 
  955.000  9.999998e-01 
  956.000  1.000000e+00 
  957.000  1.000000e+00 
  958.000  1.000000e+00 
  959.000  9.999999e-01 
  960.000  9.999999e-01 
  961.000  9.999999e-01 
  962.000  9.999999e-01 
  963.000  1.000000e+00 
  964.000  1.000000e+00 
  965.000  1.000000e+00 
  966.000  9.999999e-01 
  967.000  9.999999e-01 
  968.000  9.999999e-01 
  969.000  9.999999e-01 
  970.000  9.999999e-01 
  971.000  9.999999e-01 
  972.000  9.999999e-01 
  973.000  9.999999e-01 
  974.000  1.000000e+00 
  975.000  1.000000e+00 
  976.000  1.000000e+00 
  977.000  1.000000e+00 
  978.000  9.999999e-01 
  979.000  9.999999e-01 
  980.000  1.000000e+00 
  981.000  9.999999e-01 
  982.000  9.999999e-01 
  983.000  1.000000e+00 
  984.000  9.999999e-01 
  985.000  9.999999e-01 
  986.000  1.000000e+00 
  987.000  1.000000e+00 
  988.000  1.000000e+00 
  989.000  9.999999e-01 
  990.000  1.000000e+00 
  991.000  1.000000e+00 
  992.000  1.000000e+00 
  993.000  9.999999e-01 
  994.000  9.999999e-01 
  995.000  9.999999e-01 
  996.000  1.000000e+00 
  997.000  1.000000e+00 
  998.000  9.999999e-01 
  999.000  1.000000e+00 
 1000.000  1.000000e+00 
 1001.000  1.000000e+00 
 1002.000  1.000000e+00 
 1003.000  1.000000e+00 
 1004.000  9.999999e-01 
 1005.000  1.000000e+00 
 1006.000  1.000000e+00 
 1007.000  9.999999e-01 
 1008.000  9.999999e-01 
 1009.000  9.999999e-01 
 1010.000  9.999998e-01 
 1011.000  9.999998e-01 
 1012.000  9.999998e-01 
 1013.000  9.999996e-01 
 1014.000  9.999992e-01 
 1015.000  9.999992e-01 
 1016.000  9.999989e-01 
 1017.000  9.999977e-01 
 1018.000  9.999977e-01 
 1019.000  9.999960e-01 
 1020.000  9.999936e-01 
 1021.000  9.999936e-01 
 1022.000  9.999880e-01 
 1023.000  9.999880e-01 
 1024.000  9.999841e-01 
 1025.000  9.999704e-01 
 1026.000  9.999704e-01 
 1027.000  9.999556e-01 
 1028.000  9.999362e-01 
 1029.000  9.999362e-01 
 1030.000  9.998891e-01 
 1031.000  9.998603e-01 
 1032.000  9.998603e-01 
 1033.000  9.997790e-01 
 1034.000  9.997790e-01 
 1035.000  9.996955e-01 
 1036.000  9.993937e-01 
 1037.000  9.993937e-01 
 1038.000  9.993524e-01 
 1039.000  9.990315e-01 
 1040.000  9.990315e-01 
 1041.000  9.987924e-01 
 1042.000  9.987924e-01 
 1043.000  9.985044e-01 
 1044.000  9.980761e-01 
 1045.000  9.980761e-01 
 1046.000  9.974885e-01 
 1047.000  9.974885e-01 
 1048.000  9.969036e-01 
 1049.000  9.957390e-01 
 1050.000  9.957390e-01 
 1051.000  9.952142e-01 
 1052.000  9.952142e-01 
 1053.000  9.944176e-01 
 1054.000  9.937419e-01 
 1055.000  9.937419e-01 
 1056.000  9.929490e-01 
 1057.000  9.929490e-01 
 1058.000  9.922405e-01 
 1059.000  9.915304e-01 
 1060.000  9.915304e-01 
 1061.000  9.910789e-01 
 1062.000  9.910789e-01 
 1063.000  9.903339e-01 
 1064.000  9.900416e-01 
 1065.000  9.900416e-01 
 1066.000  9.905230e-01 
 1067.000  9.905230e-01 
 1068.000  9.901150e-01 
 1069.000  9.911956e-01 
 1070.000  9.911956e-01 
 1071.000  9.918815e-01 
 1072.000  9.918815e-01 
 1073.000  9.925753e-01 
 1074.000  9.925753e-01 
 1075.000  9.934148e-01 
 1076.000  9.942281e-01 
 1077.000  9.942281e-01 
 1078.000  9.951732e-01 
 1079.000  9.951732e-01 
 1080.000  9.958284e-01 
 1081.000  9.958284e-01 
 1082.000  9.967545e-01 
 1083.000  9.974015e-01 
 1084.000  9.974015e-01 
 1085.000  9.977104e-01 
 1086.000  9.977104e-01 
 1087.000  9.983804e-01 
 1088.000  9.983804e-01 
 1089.000  9.989383e-01 
 1090.000  9.991852e-01 
 1091.000  9.991852e-01 
 1092.000  9.994686e-01 
 1093.000  9.994686e-01 
 1094.000  9.995175e-01 
 1095.000  9.995175e-01 
 1096.000  9.996850e-01 
 1097.000  9.996850e-01 
 1098.000  9.998294e-01 
 1099.000  9.998801e-01 
 1100.000  9.998801e-01 
 1101.000  9.999284e-01 
 1102.000  9.999284e-01 
 1103.000  9.999506e-01 
 1104.000  9.999506e-01 
 1105.000  9.999654e-01 
 1106.000  9.999654e-01 
 1107.000  9.999500e-01 
 1108.000  9.999500e-01 
 1109.000  9.998547e-01 
 1110.000  9.999053e-01 
 1111.000  9.999053e-01 
 1112.000  9.997779e-01 
 1113.000  9.997779e-01 
 1114.000  9.996976e-01 
 1115.000  9.996976e-01 
 1116.000  9.993103e-01 
 1117.000  9.993103e-01 
 1118.000  9.993346e-01 
 1119.000  9.993346e-01 
 1120.000  9.995779e-01 
 1121.000  9.995779e-01 
 1122.000  9.973797e-01 
 1123.000  9.979132e-01 
 1124.000  9.979132e-01 
 1125.000  9.985538e-01 
 1126.000  9.985538e-01 
 1127.000  9.977842e-01 
 1128.000  9.977842e-01 
 1129.000  9.983009e-01 
 1130.000  9.983009e-01 
 1131.000  9.988390e-01 
 1132.000  9.988390e-01 
 1133.000  9.979072e-01 
 1134.000  9.979072e-01 
 1135.000  9.977762e-01 
 1136.000  9.977762e-01 
 1137.000  9.986001e-01 
 1138.000  9.986001e-01 
 1139.000  9.992463e-01 
 1140.000  9.992463e-01 
 1141.000  9.992313e-01 
 1142.000  9.992313e-01 
 1143.000  9.987009e-01 
 1144.000  9.987009e-01 
 1145.000  9.990730e-01 
 1146.000  9.990730e-01 
 1147.000  9.987227e-01 
 1148.000  9.987227e-01 
 1149.000  9.981513e-01 
 1150.000  9.981513e-01 
 1151.000  9.976951e-01 
 1152.000  9.976951e-01 
 1153.000  9.952872e-01 
 1154.000  9.952872e-01 
 1155.000  9.956247e-01 
 1156.000  9.956247e-01 
 1157.000  9.964231e-01 
 1158.000  9.964231e-01 
 1159.000  9.981523e-01 
 1160.000  9.981523e-01 
 1161.000  9.963380e-01 
 1162.000  9.963380e-01 
 1163.000  9.956252e-01 
 1164.000  9.956252e-01 
 1165.000  9.966823e-01 
 1166.000  9.966823e-01 
 1167.000  9.974909e-01 
 1168.000  9.974909e-01 
 1169.000  9.971070e-01 
 1170.000  9.971070e-01 
 1171.000  9.978405e-01 
 1172.000  9.978405e-01 
 1173.000  9.979325e-01 
 1174.000  9.979325e-01 
 1175.000  9.986370e-01 
 1176.000  9.986370e-01 
 1177.000  9.988837e-01 
 1178.000  9.988837e-01 
 1179.000  9.990511e-01 
 1180.000  9.990511e-01 
 1181.000  9.991049e-01 
 1182.000  9.991049e-01 
 1183.000  9.994391e-01 
 1184.000  9.994391e-01 
 1185.000  9.993960e-01 
 1186.000  9.993960e-01 
 1187.000  9.985096e-01 
 1188.000  9.985096e-01 
 1189.000  9.985096e-01 
 1190.000  9.994953e-01 
 1191.000  9.994953e-01 
 1192.000  9.993376e-01 
 1193.000  9.993376e-01 
 1194.000  9.996397e-01 
 1195.000  9.996397e-01 
 1196.000  9.998051e-01 
 1197.000  9.998051e-01 
 1198.000  9.997789e-01 
 1199.000  9.997789e-01 
 1200.000  9.996864e-01 
