  250.000  0.000000e+00 
  251.000  0.000000e+00 
  252.000  0.000000e+00 
  253.000  0.000000e+00 
  254.000  0.000000e+00 
  255.000  0.000000e+00 
  256.000  0.000000e+00 
  257.000  0.000000e+00 
  258.000  0.000000e+00 
  259.000  0.000000e+00 
  260.000  0.000000e+00 
  261.000  0.000000e+00 
  262.000  0.000000e+00 
  263.000  0.000000e+00 
  264.000  0.000000e+00 
  265.000  0.000000e+00 
  266.000  0.000000e+00 
  267.000  0.000000e+00 
  268.000  0.000000e+00 
  269.000  0.000000e+00 
  270.000  0.000000e+00 
  271.000  0.000000e+00 
  272.000  0.000000e+00 
  273.000  0.000000e+00 
  274.000  0.000000e+00 
  275.000  0.000000e+00 
  276.000  0.000000e+00 
  277.000  0.000000e+00 
  278.000  0.000000e+00 
  279.000  0.000000e+00 
  280.000  0.000000e+00 
  281.000  0.000000e+00 
  282.000  0.000000e+00 
  283.000  0.000000e+00 
  284.000  0.000000e+00 
  285.000  0.000000e+00 
  286.000  0.000000e+00 
  287.000  0.000000e+00 
  288.000  0.000000e+00 
  289.000  0.000000e+00 
  290.000  0.000000e+00 
  291.000  9.466954e-07 
  292.000  7.692212e-06 
  293.000  2.637812e-05 
  294.000  1.070068e-04 
  295.000  2.626744e-04 
  296.000  9.313030e-04 
  297.000  1.979067e-03 
  298.000  4.876988e-03 
  299.000  8.964037e-03 
  300.000  1.689891e-02 
  301.000  2.832872e-02 
  302.000  4.332297e-02 
  303.000  7.259440e-02 
  304.000  8.698863e-02 
  305.000  1.319455e-01 
  306.000  1.648249e-01 
  307.000  2.182744e-01 
  308.000  2.596146e-01 
  309.000  3.049503e-01 
  310.000  3.786318e-01 
  311.000  4.090780e-01 
  312.000  4.618478e-01 
  313.000  5.241964e-01 
  314.000  5.460940e-01 
  315.000  6.192358e-01 
  316.000  6.334584e-01 
  317.000  6.851228e-01 
  318.000  7.110109e-01 
  319.000  7.946526e-01 
  320.000  7.268173e-01 
  321.000  8.503446e-01 
  322.000  7.880507e-01 
  323.000  8.393276e-01 
  324.000  9.114487e-01 
  325.000  8.448974e-01 
  326.000  9.168997e-01 
  327.000  9.326602e-01 
  328.000  8.815612e-01 
  329.000  9.603094e-01 
  330.000  9.658409e-01 
  331.000  9.207102e-01 
  332.000  9.700267e-01 
  333.000  9.732448e-01 
  334.000  9.560339e-01 
  335.000  9.826941e-01 
  336.000  9.877687e-01 
  337.000  9.697933e-01 
  338.000  9.833603e-01 
  339.000  9.904485e-01 
  340.000  9.807575e-01 
  341.000  9.895964e-01 
  342.000  9.929985e-01 
  343.000  9.919223e-01 
  344.000  9.823338e-01 
  345.000  9.920900e-01 
  346.000  9.941142e-01 
  347.000  9.933004e-01 
  348.000  9.943577e-01 
  349.000  9.955777e-01 
  350.000  9.961637e-01 
  351.000  9.965700e-01 
  352.000  9.967942e-01 
  353.000  9.970248e-01 
  354.000  9.962457e-01 
  355.000  9.960320e-01 
  356.000  9.962110e-01 
  357.000  9.949057e-01 
  358.000  9.942508e-01 
  359.000  9.935300e-01 
  360.000  9.926827e-01 
  361.000  9.920817e-01 
  362.000  9.932582e-01 
  363.000  9.943579e-01 
  364.000  9.954153e-01 
  365.000  9.952996e-01 
  366.000  9.958665e-01 
  367.000  9.960429e-01 
  368.000  9.959409e-01 
  369.000  9.961081e-01 
  370.000  9.960263e-01 
  371.000  9.962790e-01 
  372.000  9.954859e-01 
  373.000  9.958463e-01 
  374.000  9.959260e-01 
  375.000  9.960569e-01 
  376.000  9.952521e-01 
  377.000  9.951559e-01 
  378.000  9.949641e-01 
  379.000  9.940489e-01 
  380.000  9.929646e-01 
  381.000  9.933508e-01 
  382.000  9.942139e-01 
  383.000  9.951958e-01 
  384.000  9.952493e-01 
  385.000  9.954771e-01 
  386.000  9.956697e-01 
  387.000  9.956114e-01 
  388.000  9.955077e-01 
  389.000  9.954836e-01 
  390.000  9.954712e-01 
  391.000  9.955771e-01 
  392.000  9.950352e-01 
  393.000  9.958196e-01 
  394.000  9.958259e-01 
  395.000  9.957236e-01 
  396.000  9.954641e-01 
  397.000  9.958656e-01 
  398.000  9.950961e-01 
  399.000  9.956694e-01 
  400.000  9.949712e-01 
  401.000  9.951281e-01 
  402.000  9.957002e-01 
  403.000  9.960349e-01 
  404.000  9.953911e-01 
  405.000  9.951886e-01 
  406.000  9.957793e-01 
  407.000  9.962561e-01 
  408.000  9.954455e-01 
  409.000  9.950055e-01 
  410.000  9.952455e-01 
  411.000  9.951369e-01 
  412.000  9.957387e-01 
  413.000  9.949301e-01 
  414.000  9.952607e-01 
  415.000  9.953297e-01 
  416.000  9.960278e-01 
  417.000  9.959342e-01 
  418.000  9.955318e-01 
  419.000  9.956220e-01 
  420.000  9.952136e-01 
  421.000  9.951026e-01 
  422.000  9.949388e-01 
  423.000  9.952021e-01 
  424.000  9.947342e-01 
  425.000  9.952765e-01 
  426.000  9.959031e-01 
  427.000  9.953261e-01 
  428.000  9.947828e-01 
  429.000  9.956715e-01 
  430.000  9.956632e-01 
  431.000  9.946939e-01 
  432.000  9.955922e-01 
  433.000  9.954027e-01 
  434.000  9.948712e-01 
  435.000  9.937891e-01 
  436.000  9.947352e-01 
  437.000  9.957643e-01 
  438.000  9.959664e-01 
  439.000  9.936839e-01 
  440.000  9.944515e-01 
  441.000  9.954169e-01 
  442.000  9.957681e-01 
  443.000  9.952148e-01 
  444.000  9.943422e-01 
  445.000  9.934744e-01 
  446.000  9.942982e-01 
  447.000  9.945975e-01 
  448.000  9.923854e-01 
  449.000  9.942031e-01 
  450.000  9.948256e-01 
  451.000  9.947339e-01 
  452.000  9.946225e-01 
  453.000  9.946290e-01 
  454.000  9.950073e-01 
  455.000  9.944261e-01 
  456.000  9.942769e-01 
  457.000  9.944745e-01 
  458.000  9.931012e-01 
  459.000  9.935447e-01 
  460.000  9.927635e-01 
  461.000  9.928070e-01 
  462.000  9.933127e-01 
  463.000  9.919984e-01 
  464.000  9.926533e-01 
  465.000  9.929880e-01 
  466.000  9.935219e-01 
  467.000  9.926626e-01 
  468.000  9.928669e-01 
  469.000  9.931224e-01 
  470.000  9.929315e-01 
  471.000  9.926475e-01 
  472.000  9.917313e-01 
  473.000  9.906124e-01 
  474.000  9.882629e-01 
  475.000  9.868910e-01 
  476.000  9.856828e-01 
  477.000  9.849978e-01 
  478.000  9.847703e-01 
  479.000  9.850155e-01 
  480.000  9.853398e-01 
  481.000  9.869717e-01 
  482.000  9.881227e-01 
  483.000  9.889402e-01 
  484.000  9.888337e-01 
  485.000  9.885612e-01 
  486.000  9.885855e-01 
  487.000  9.888519e-01 
  488.000  9.883800e-01 
  489.000  9.877518e-01 
  490.000  9.884617e-01 
  491.000  9.888397e-01 
  492.000  9.885691e-01 
  493.000  9.882753e-01 
  494.000  9.877099e-01 
  495.000  9.875493e-01 
  496.000  9.869130e-01 
  497.000  9.865933e-01 
  498.000  9.863389e-01 
  499.000  9.858215e-01 
  500.000  9.852002e-01 
  501.000  9.843760e-01 
  502.000  9.829623e-01 
  503.000  9.818134e-01 
  504.000  9.815764e-01 
  505.000  9.797198e-01 
  506.000  9.804456e-01 
  507.000  9.807125e-01 
  508.000  9.807553e-01 
  509.000  9.804876e-01 
  510.000  9.805067e-01 
  511.000  9.806269e-01 
  512.000  9.806733e-01 
  513.000  9.808643e-01 
  514.000  9.809584e-01 
  515.000  9.810800e-01 
  516.000  9.807248e-01 
  517.000  9.803076e-01 
  518.000  9.799433e-01 
  519.000  9.791806e-01 
  520.000  9.788639e-01 
  521.000  9.782888e-01 
  522.000  9.778513e-01 
  523.000  9.771492e-01 
  524.000  9.763762e-01 
  525.000  9.753579e-01 
  526.000  9.739928e-01 
  527.000  9.730577e-01 
  528.000  9.717821e-01 
  529.000  9.707544e-01 
  530.000  9.699140e-01 
  531.000  9.692285e-01 
  532.000  9.687520e-01 
  533.000  9.684895e-01 
  534.000  9.682129e-01 
  535.000  9.681342e-01 
  536.000  9.680339e-01 
  537.000  9.678050e-01 
  538.000  9.675379e-01 
  539.000  9.672208e-01 
  540.000  9.672062e-01 
  541.000  9.669526e-01 
  542.000  9.662406e-01 
  543.000  9.657826e-01 
  544.000  9.655260e-01 
  545.000  9.649745e-01 
  546.000  9.649573e-01 
  547.000  9.648435e-01 
  548.000  9.643813e-01 
  549.000  9.642226e-01 
  550.000  9.641144e-01 
  551.000  9.638726e-01 
  552.000  9.634699e-01 
  553.000  9.627802e-01 
  554.000  9.625233e-01 
  555.000  9.621792e-01 
  556.000  9.612951e-01 
  557.000  9.601477e-01 
  558.000  9.591362e-01 
  559.000  9.577938e-01 
  560.000  9.566295e-01 
  561.000  9.556161e-01 
  562.000  9.547345e-01 
  563.000  9.536234e-01 
  564.000  9.524289e-01 
  565.000  9.514502e-01 
  566.000  9.506038e-01 
  567.000  9.496400e-01 
  568.000  9.484272e-01 
  569.000  9.463085e-01 
  570.000  9.440688e-01 
  571.000  9.427356e-01 
  572.000  9.418409e-01 
  573.000  9.403785e-01 
  574.000  9.393060e-01 
  575.000  9.381011e-01 
  576.000  9.379827e-01 
  577.000  9.381465e-01 
  578.000  9.388210e-01 
  579.000  9.398105e-01 
  580.000  9.407440e-01 
  581.000  9.425198e-01 
  582.000  9.443056e-01 
  583.000  9.457555e-01 
  584.000  9.479539e-01 
  585.000  9.487796e-01 
  586.000  9.495727e-01 
  587.000  9.498134e-01 
  588.000  9.503941e-01 
  589.000  9.505785e-01 
  590.000  9.505968e-01 
  591.000  9.503392e-01 
  592.000  9.499263e-01 
  593.000  9.495896e-01 
  594.000  9.494035e-01 
  595.000  9.489139e-01 
  596.000  9.482906e-01 
  597.000  9.480659e-01 
  598.000  9.473929e-01 
  599.000  9.467747e-01 
  600.000  9.461148e-01 
  601.000  9.460995e-01 
  602.000  9.463351e-01 
  603.000  9.465112e-01 
  604.000  9.466169e-01 
  605.000  9.467344e-01 
  606.000  9.474676e-01 
  607.000  9.480464e-01 
  608.000  9.488430e-01 
  609.000  9.491736e-01 
  610.000  9.498342e-01 
  611.000  9.503483e-01 
  612.000  9.510452e-01 
  613.000  9.517186e-01 
  614.000  9.521809e-01 
  615.000  9.527261e-01 
  616.000  9.534714e-01 
  617.000  9.540016e-01 
  618.000  9.543263e-01 
  619.000  9.548326e-01 
  620.000  9.551645e-01 
  621.000  9.553179e-01 
  622.000  9.553862e-01 
  623.000  9.553618e-01 
  624.000  9.553269e-01 
  625.000  9.552839e-01 
  626.000  9.549239e-01 
  627.000  9.547445e-01 
  628.000  9.386440e-01 
  629.000  9.445019e-01 
  630.000  9.484638e-01 
  631.000  9.538969e-01 
  632.000  9.564258e-01 
  633.000  9.575413e-01 
  634.000  9.592745e-01 
  635.000  9.596765e-01 
  636.000  9.616848e-01 
  637.000  9.638684e-01 
  638.000  9.649546e-01 
  639.000  9.664184e-01 
  640.000  9.671808e-01 
  641.000  9.685917e-01 
  642.000  9.690965e-01 
  643.000  9.695801e-01 
  644.000  9.700582e-01 
  645.000  9.706466e-01 
  646.000  9.710587e-01 
  647.000  9.715454e-01 
  648.000  9.718218e-01 
  649.000  9.725956e-01 
  650.000  9.732158e-01 
  651.000  9.734393e-01 
  652.000  9.739895e-01 
  653.000  9.743178e-01 
  654.000  9.751691e-01 
  655.000  9.753857e-01 
  656.000  9.758156e-01 
  657.000  9.761649e-01 
  658.000  9.767171e-01 
  659.000  9.772313e-01 
  660.000  9.774497e-01 
  661.000  9.780143e-01 
  662.000  9.781701e-01 
  663.000  9.787357e-01 
  664.000  9.789798e-01 
  665.000  9.793089e-01 
  666.000  9.796822e-01 
  667.000  9.802008e-01 
  668.000  9.804838e-01 
  669.000  9.809461e-01 
  670.000  9.811898e-01 
  671.000  9.817111e-01 
  672.000  9.818030e-01 
  673.000  9.822093e-01 
  674.000  9.823602e-01 
  675.000  9.827998e-01 
  676.000  9.829234e-01 
  677.000  9.831597e-01 
  678.000  9.835247e-01 
  679.000  9.837449e-01 
  680.000  9.841384e-01 
  681.000  9.843580e-01 
  682.000  9.849507e-01 
  683.000  9.851919e-01 
  684.000  9.857568e-01 
  685.000  9.858966e-01 
  686.000  9.862684e-01 
  687.000  7.102582e-01 
  688.000  8.793930e-01 
  689.000  9.088048e-01 
  690.000  9.344494e-01 
  691.000  9.484223e-01 
  692.000  9.762056e-01 
  693.000  9.797987e-01 
  694.000  9.883629e-01 
  695.000  9.885672e-01 
  696.000  9.887542e-01 
  697.000  9.890611e-01 
  698.000  9.892267e-01 
  699.000  9.892532e-01 
  700.000  9.896792e-01 
  701.000  9.898161e-01 
  702.000  9.899609e-01 
  703.000  9.902250e-01 
  704.000  9.903541e-01 
  705.000  9.905533e-01 
  706.000  9.907280e-01 
  707.000  9.908406e-01 
  708.000  9.910269e-01 
  709.000  9.911913e-01 
  710.000  9.912868e-01 
  711.000  9.915701e-01 
  712.000  9.916918e-01 
  713.000  9.918813e-01 
  714.000  9.919256e-01 
  715.000  9.922081e-01 
  716.000  9.923716e-01 
  717.000  9.924449e-01 
  718.000  9.926590e-01 
  719.000  9.927563e-01 
  720.000  9.928373e-01 
  721.000  9.931009e-01 
  722.000  9.932247e-01 
  723.000  9.933165e-01 
  724.000  9.933740e-01 
  725.000  9.935954e-01 
  726.000  9.937259e-01 
  727.000  9.937370e-01 
  728.000  9.938826e-01 
  729.000  9.940203e-01 
  730.000  9.941121e-01 
  731.000  9.941894e-01 
  732.000  9.942585e-01 
  733.000  9.944190e-01 
  734.000  9.945573e-01 
  735.000  9.946385e-01 
  736.000  9.946835e-01 
  737.000  9.947770e-01 
  738.000  9.948370e-01 
  739.000  9.948884e-01 
  740.000  9.949269e-01 
  741.000  9.949746e-01 
  742.000  9.951187e-01 
  743.000  9.951680e-01 
  744.000  9.952176e-01 
  745.000  9.952644e-01 
  746.000  9.953940e-01 
  747.000  9.955244e-01 
  748.000  9.955798e-01 
  749.000  9.956465e-01 
  750.000  9.957417e-01 
  751.000  9.958182e-01 
  752.000  9.960437e-01 
  753.000  9.961122e-01 
  754.000  9.962104e-01 
  755.000  9.963174e-01 
  756.000  9.963748e-01 
  757.000  9.964305e-01 
  758.000  9.965730e-01 
  759.000  9.880718e-01 
  760.000  4.051831e-01 
  761.000  3.078126e-01 
  762.000  6.922482e-01 
  763.000  5.926965e-01 
  764.000  6.490607e-01 
  765.000  7.726869e-01 
  766.000  8.967615e-01 
  767.000  9.378297e-01 
  768.000  9.799718e-01 
  769.000  9.910975e-01 
  770.000  9.907315e-01 
  771.000  9.955387e-01 
  772.000  9.968132e-01 
  773.000  9.967909e-01 
  774.000  9.967868e-01 
  775.000  9.967825e-01 
  776.000  9.967820e-01 
  777.000  9.968028e-01 
  778.000  9.968086e-01 
  779.000  9.967971e-01 
  780.000  9.967880e-01 
  781.000  9.968886e-01 
  782.000  9.969842e-01 
  783.000  9.970365e-01 
  784.000  9.970916e-01 
  785.000  9.971566e-01 
  786.000  9.972101e-01 
  787.000  9.973150e-01 
  788.000  9.973378e-01 
  789.000  9.974427e-01 
  790.000  9.974803e-01 
  791.000  9.975945e-01 
  792.000  9.976730e-01 
  793.000  9.977378e-01 
  794.000  9.979283e-01 
  795.000  9.979763e-01 
  796.000  9.980210e-01 
  797.000  9.980553e-01 
  798.000  9.980937e-01 
  799.000  9.981140e-01 
  800.000  9.981509e-01 
  801.000  9.981337e-01 
  802.000  9.981114e-01 
  803.000  9.980904e-01 
  804.000  9.980492e-01 
  805.000  9.980253e-01 
  806.000  9.980095e-01 
  807.000  9.979554e-01 
  808.000  9.979175e-01 
  809.000  9.979072e-01 
  810.000  9.978626e-01 
  811.000  9.978628e-01 
  812.000  9.978810e-01 
  813.000  9.978916e-01 
  814.000  9.979010e-01 
  815.000  9.979177e-01 
  816.000  9.979307e-01 
  817.000  9.979708e-01 
  818.000  9.980097e-01 
  819.000  9.980491e-01 
  820.000  9.980865e-01 
  821.000  9.981317e-01 
  822.000  9.981412e-01 
  823.000  9.981841e-01 
  824.000  9.982548e-01 
  825.000  9.982606e-01 
  826.000  9.983170e-01 
  827.000  9.983231e-01 
  828.000  9.983440e-01 
  829.000  9.983685e-01 
  830.000  9.983976e-01 
  831.000  9.984030e-01 
  832.000  9.984095e-01 
  833.000  9.984136e-01 
  834.000  9.984201e-01 
  835.000  9.984211e-01 
  836.000  9.984214e-01 
  837.000  9.984213e-01 
  838.000  9.984214e-01 
  839.000  9.984213e-01 
  840.000  9.984213e-01 
  841.000  9.984213e-01 
  842.000  9.984161e-01 
  843.000  9.984100e-01 
  844.000  9.984019e-01 
  845.000  9.983987e-01 
  846.000  9.983875e-01 
  847.000  9.983875e-01 
  848.000  9.983762e-01 
  849.000  9.983696e-01 
  850.000  9.987518e-01 
  851.000  9.999537e-01 
  852.000  9.999999e-01 
  853.000  9.999999e-01 
  854.000  9.999999e-01 
  855.000  9.999999e-01 
  856.000  9.999999e-01 
  857.000  9.999999e-01 
  858.000  9.999999e-01 
  859.000  9.999999e-01 
  860.000  9.999999e-01 
  861.000  9.999998e-01 
  862.000  9.999965e-01 
  863.000  9.997376e-01 
  864.000  9.999995e-01 
  865.000  9.999995e-01 
  866.000  9.999323e-01 
  867.000  9.999910e-01 
  868.000  9.999317e-01 
  869.000  9.998575e-01 
  870.000  9.999944e-01 
  871.000  9.999339e-01 
  872.000  9.999980e-01 
  873.000  9.999977e-01 
  874.000  9.999977e-01 
  875.000  9.999998e-01 
  876.000  9.999998e-01 
  877.000  9.999999e-01 
  878.000  9.999999e-01 
  879.000  9.999999e-01 
  880.000  9.999999e-01 
  881.000  9.999999e-01 
  882.000  9.999999e-01 
  883.000  9.999999e-01 
  884.000  9.999999e-01 
  885.000  9.999999e-01 
  886.000  9.999999e-01 
  887.000  9.999999e-01 
  888.000  9.999999e-01 
  889.000  9.999999e-01 
  890.000  1.000000e+00 
  891.000  9.999999e-01 
  892.000  1.000000e+00 
  893.000  9.999999e-01 
  894.000  9.999999e-01 
  895.000  9.999999e-01 
  896.000  9.999999e-01 
  897.000  9.999999e-01 
  898.000  9.999999e-01 
  899.000  9.999999e-01 
  900.000  9.999999e-01 
  901.000  9.999999e-01 
  902.000  1.000000e+00 
  903.000  9.999999e-01 
  904.000  9.999999e-01 
  905.000  9.999999e-01 
  906.000  9.999999e-01 
  907.000  9.999999e-01 
  908.000  1.000000e+00 
  909.000  1.000000e+00 
  910.000  9.999999e-01 
  911.000  9.999999e-01 
  912.000  9.999999e-01 
  913.000  9.999998e-01 
  914.000  1.000000e+00 
  915.000  9.999999e-01 
  916.000  9.999999e-01 
  917.000  9.999999e-01 
  918.000  9.999999e-01 
  919.000  1.000000e+00 
  920.000  9.999999e-01 
  921.000  9.999999e-01 
  922.000  9.999999e-01 
  923.000  1.000000e+00 
  924.000  9.999999e-01 
  925.000  9.999999e-01 
  926.000  9.999999e-01 
  927.000  1.000000e+00 
  928.000  9.999999e-01 
  929.000  9.999999e-01 
  930.000  9.999999e-01 
  931.000  1.000000e+00 
  932.000  1.000000e+00 
  933.000  9.999999e-01 
  934.000  9.999999e-01 
  935.000  1.000000e+00 
  936.000  9.999999e-01 
  937.000  9.999999e-01 
  938.000  9.999999e-01 
  939.000  9.999998e-01 
  940.000  9.999999e-01 
  941.000  9.999999e-01 
  942.000  9.999999e-01 
  943.000  9.999999e-01 
  944.000  9.999999e-01 
  945.000  1.000000e+00 
  946.000  1.000000e+00 
  947.000  9.999174e-01 
  948.000  9.999847e-01 
  949.000  9.999789e-01 
  950.000  9.999789e-01 
  951.000  9.999563e-01 
  952.000  9.999995e-01 
  953.000  9.999999e-01 
  954.000  9.999999e-01 
  955.000  9.999997e-01 
  956.000  1.000000e+00 
  957.000  1.000000e+00 
  958.000  1.000000e+00 
  959.000  9.999998e-01 
  960.000  9.999999e-01 
  961.000  9.999999e-01 
  962.000  9.999999e-01 
  963.000  9.999999e-01 
  964.000  1.000000e+00 
  965.000  1.000000e+00 
  966.000  9.999999e-01 
  967.000  9.999998e-01 
  968.000  9.999998e-01 
  969.000  1.000000e+00 
  970.000  9.999999e-01 
  971.000  1.000000e+00 
  972.000  1.000000e+00 
  973.000  9.999999e-01 
  974.000  9.999999e-01 
  975.000  9.999999e-01 
  976.000  1.000000e+00 
  977.000  9.999999e-01 
  978.000  9.999999e-01 
  979.000  9.999999e-01 
  980.000  1.000000e+00 
  981.000  1.000000e+00 
  982.000  1.000000e+00 
  983.000  1.000000e+00 
  984.000  9.999999e-01 
  985.000  9.999999e-01 
  986.000  1.000000e+00 
  987.000  9.999999e-01 
  988.000  9.999999e-01 
  989.000  9.999999e-01 
  990.000  1.000000e+00 
  991.000  1.000000e+00 
  992.000  9.999999e-01 
  993.000  1.000000e+00 
  994.000  1.000000e+00 
  995.000  1.000000e+00 
  996.000  9.999999e-01 
  997.000  9.999999e-01 
  998.000  9.999999e-01 
  999.000  9.999999e-01 
 1000.000  9.999999e-01 
 1001.000  9.999999e-01 
 1002.000  1.000000e+00 
 1003.000  1.000000e+00 
 1004.000  9.999999e-01 
 1005.000  9.999999e-01 
 1006.000  9.999999e-01 
 1007.000  9.999999e-01 
 1008.000  9.999999e-01 
 1009.000  9.999999e-01 
 1010.000  9.999998e-01 
 1011.000  9.999998e-01 
 1012.000  9.999998e-01 
 1013.000  9.999995e-01 
 1014.000  9.999990e-01 
 1015.000  9.999990e-01 
 1016.000  9.999986e-01 
 1017.000  9.999970e-01 
 1018.000  9.999970e-01 
 1019.000  9.999949e-01 
 1020.000  9.999918e-01 
 1021.000  9.999918e-01 
 1022.000  9.999846e-01 
 1023.000  9.999846e-01 
 1024.000  9.999799e-01 
 1025.000  9.999623e-01 
 1026.000  9.999623e-01 
 1027.000  9.999435e-01 
 1028.000  9.999189e-01 
 1029.000  9.999189e-01 
 1030.000  9.998590e-01 
 1031.000  9.998222e-01 
 1032.000  9.998222e-01 
 1033.000  9.997187e-01 
 1034.000  9.997187e-01 
 1035.000  9.996125e-01 
 1036.000  9.992285e-01 
 1037.000  9.992285e-01 
 1038.000  9.991758e-01 
 1039.000  9.987676e-01 
 1040.000  9.987676e-01 
 1041.000  9.984633e-01 
 1042.000  9.984633e-01 
 1043.000  9.980969e-01 
 1044.000  9.975520e-01 
 1045.000  9.975520e-01 
 1046.000  9.968048e-01 
 1047.000  9.968048e-01 
 1048.000  9.960608e-01 
 1049.000  9.945801e-01 
 1050.000  9.945801e-01 
 1051.000  9.939131e-01 
 1052.000  9.939131e-01 
 1053.000  9.929006e-01 
 1054.000  9.920419e-01 
 1055.000  9.920419e-01 
 1056.000  9.910347e-01 
 1057.000  9.910347e-01 
 1058.000  9.901348e-01 
 1059.000  9.892330e-01 
 1060.000  9.892330e-01 
 1061.000  9.886597e-01 
 1062.000  9.886597e-01 
 1063.000  9.877139e-01 
 1064.000  9.873429e-01 
 1065.000  9.873429e-01 
 1066.000  9.879540e-01 
 1067.000  9.879540e-01 
 1068.000  9.874362e-01 
 1069.000  9.888080e-01 
 1070.000  9.888080e-01 
 1071.000  9.896789e-01 
 1072.000  9.896789e-01 
 1073.000  9.905602e-01 
 1074.000  9.905602e-01 
 1075.000  9.916262e-01 
 1076.000  9.926597e-01 
 1077.000  9.926597e-01 
 1078.000  9.938609e-01 
 1079.000  9.938609e-01 
 1080.000  9.946938e-01 
 1081.000  9.946938e-01 
 1082.000  9.958711e-01 
 1083.000  9.966941e-01 
 1084.000  9.966941e-01 
 1085.000  9.970869e-01 
 1086.000  9.970869e-01 
 1087.000  9.979392e-01 
 1088.000  9.979392e-01 
 1089.000  9.986489e-01 
 1090.000  9.989631e-01 
 1091.000  9.989631e-01 
 1092.000  9.993238e-01 
 1093.000  9.993238e-01 
 1094.000  9.993861e-01 
 1095.000  9.993861e-01 
 1096.000  9.995993e-01 
 1097.000  9.995993e-01 
 1098.000  9.997829e-01 
 1099.000  9.998475e-01 
 1100.000  9.998475e-01 
 1101.000  9.999089e-01 
 1102.000  9.999089e-01 
 1103.000  9.999371e-01 
 1104.000  9.999371e-01 
 1105.000  9.999558e-01 
 1106.000  9.999558e-01 
 1107.000  9.999365e-01 
 1108.000  9.999365e-01 
 1109.000  9.998149e-01 
 1110.000  9.998794e-01 
 1111.000  9.998794e-01 
 1112.000  9.997174e-01 
 1113.000  9.997174e-01 
 1114.000  9.996152e-01 
 1115.000  9.996152e-01 
 1116.000  9.991223e-01 
 1117.000  9.991223e-01 
 1118.000  9.991533e-01 
 1119.000  9.991533e-01 
 1120.000  9.994628e-01 
 1121.000  9.994628e-01 
 1122.000  9.966690e-01 
 1123.000  9.973453e-01 
 1124.000  9.973453e-01 
 1125.000  9.981597e-01 
 1126.000  9.981597e-01 
 1127.000  9.971818e-01 
 1128.000  9.971818e-01 
 1129.000  9.978387e-01 
 1130.000  9.978387e-01 
 1131.000  9.985225e-01 
 1132.000  9.985225e-01 
 1133.000  9.973375e-01 
 1134.000  9.973375e-01 
 1135.000  9.971707e-01 
 1136.000  9.971707e-01 
 1137.000  9.982190e-01 
 1138.000  9.982190e-01 
 1139.000  9.990409e-01 
 1140.000  9.990409e-01 
 1141.000  9.990218e-01 
 1142.000  9.990218e-01 
 1143.000  9.983472e-01 
 1144.000  9.983472e-01 
 1145.000  9.988202e-01 
 1146.000  9.988202e-01 
 1147.000  9.983745e-01 
 1148.000  9.983745e-01 
 1149.000  9.976478e-01 
 1150.000  9.976478e-01 
 1151.000  9.970675e-01 
 1152.000  9.970675e-01 
 1153.000  9.940099e-01 
 1154.000  9.940099e-01 
 1155.000  9.944357e-01 
 1156.000  9.944357e-01 
 1157.000  9.954501e-01 
 1158.000  9.954501e-01 
 1159.000  9.976493e-01 
 1160.000  9.976493e-01 
 1161.000  9.953420e-01 
 1162.000  9.953420e-01 
 1163.000  9.944367e-01 
 1164.000  9.944367e-01 
 1165.000  9.957799e-01 
 1166.000  9.957799e-01 
 1167.000  9.968080e-01 
 1168.000  9.968080e-01 
 1169.000  9.963205e-01 
 1170.000  9.963205e-01 
 1171.000  9.972528e-01 
 1172.000  9.972528e-01 
 1173.000  9.973698e-01 
 1174.000  9.973698e-01 
 1175.000  9.982655e-01 
 1176.000  9.982655e-01 
 1177.000  9.985794e-01 
 1178.000  9.985794e-01 
 1179.000  9.987925e-01 
 1180.000  9.987925e-01 
 1181.000  9.988608e-01 
 1182.000  9.988608e-01 
 1183.000  9.992861e-01 
 1184.000  9.992861e-01 
 1185.000  9.992313e-01 
 1186.000  9.992313e-01 
 1187.000  9.981039e-01 
 1188.000  9.981039e-01 
 1189.000  9.981039e-01 
 1190.000  9.993578e-01 
 1191.000  9.993578e-01 
 1192.000  9.991571e-01 
 1193.000  9.991571e-01 
 1194.000  9.995414e-01 
 1195.000  9.995414e-01 
 1196.000  9.997520e-01 
 1197.000  9.997520e-01 
 1198.000  9.997186e-01 
 1199.000  9.997186e-01 
 1200.000  9.996008e-01 
