  250.000  0.000000e+00 
  251.000  0.000000e+00 
  252.000  0.000000e+00 
  253.000  0.000000e+00 
  254.000  0.000000e+00 
  255.000  0.000000e+00 
  256.000  0.000000e+00 
  257.000  0.000000e+00 
  258.000  0.000000e+00 
  259.000  0.000000e+00 
  260.000  0.000000e+00 
  261.000  0.000000e+00 
  262.000  0.000000e+00 
  263.000  0.000000e+00 
  264.000  0.000000e+00 
  265.000  0.000000e+00 
  266.000  0.000000e+00 
  267.000  0.000000e+00 
  268.000  0.000000e+00 
  269.000  0.000000e+00 
  270.000  0.000000e+00 
  271.000  0.000000e+00 
  272.000  0.000000e+00 
  273.000  0.000000e+00 
  274.000  0.000000e+00 
  275.000  0.000000e+00 
  276.000  0.000000e+00 
  277.000  0.000000e+00 
  278.000  0.000000e+00 
  279.000  0.000000e+00 
  280.000  0.000000e+00 
  281.000  0.000000e+00 
  282.000  0.000000e+00 
  283.000  0.000000e+00 
  284.000  0.000000e+00 
  285.000  0.000000e+00 
  286.000  0.000000e+00 
  287.000  0.000000e+00 
  288.000  0.000000e+00 
  289.000  0.000000e+00 
  290.000  0.000000e+00 
  291.000  1.305177e-07 
  292.000  1.430499e-06 
  293.000  5.849735e-06 
  294.000  2.898577e-05 
  295.000  8.089215e-05 
  296.000  3.436404e-04 
  297.000  8.132814e-04 
  298.000  2.279753e-03 
  299.000  4.570927e-03 
  300.000  9.434001e-03 
  301.000  1.702616e-02 
  302.000  2.766711e-02 
  303.000  4.990857e-02 
  304.000  6.137015e-02 
  305.000  9.879543e-02 
  306.000  1.273998e-01 
  307.000  1.756203e-01 
  308.000  2.141224e-01 
  309.000  2.573639e-01 
  310.000  3.295813e-01 
  311.000  3.600393e-01 
  312.000  4.135901e-01 
  313.000  4.779934e-01 
  314.000  5.008806e-01 
  315.000  5.782574e-01 
  316.000  5.934610e-01 
  317.000  6.490929e-01 
  318.000  6.771982e-01 
  319.000  7.689834e-01 
  320.000  6.944307e-01 
  321.000  8.308777e-01 
  322.000  7.616864e-01 
  323.000  8.185866e-01 
  324.000  8.994555e-01 
  325.000  8.247976e-01 
  326.000  9.056059e-01 
  327.000  9.234179e-01 
  328.000  8.658276e-01 
  329.000  9.547696e-01 
  330.000  9.610572e-01 
  331.000  9.099084e-01 
  332.000  9.658189e-01 
  333.000  9.694817e-01 
  334.000  9.499130e-01 
  335.000  9.802464e-01 
  336.000  9.860337e-01 
  337.000  9.655532e-01 
  338.000  9.810060e-01 
  339.000  9.890915e-01 
  340.000  9.780390e-01 
  341.000  9.881190e-01 
  342.000  9.920023e-01 
  343.000  9.907738e-01 
  344.000  9.798357e-01 
  345.000  9.909652e-01 
  346.000  9.932764e-01 
  347.000  9.923471e-01 
  348.000  9.935544e-01 
  349.000  9.949477e-01 
  350.000  9.956169e-01 
  351.000  9.960810e-01 
  352.000  9.963372e-01 
  353.000  9.966006e-01 
  354.000  9.957105e-01 
  355.000  9.954665e-01 
  356.000  9.956709e-01 
  357.000  9.941800e-01 
  358.000  9.934323e-01 
  359.000  9.926093e-01 
  360.000  9.916418e-01 
  361.000  9.909557e-01 
  362.000  9.922988e-01 
  363.000  9.935545e-01 
  364.000  9.947622e-01 
  365.000  9.946300e-01 
  366.000  9.952774e-01 
  367.000  9.954790e-01 
  368.000  9.953624e-01 
  369.000  9.955535e-01 
  370.000  9.954600e-01 
  371.000  9.957488e-01 
  372.000  9.948428e-01 
  373.000  9.952545e-01 
  374.000  9.953454e-01 
  375.000  9.954950e-01 
  376.000  9.945758e-01 
  377.000  9.944658e-01 
  378.000  9.942467e-01 
  379.000  9.932017e-01 
  380.000  9.919637e-01 
  381.000  9.924046e-01 
  382.000  9.933900e-01 
  383.000  9.945114e-01 
  384.000  9.945725e-01 
  385.000  9.948326e-01 
  386.000  9.950526e-01 
  387.000  9.949861e-01 
  388.000  9.948676e-01 
  389.000  9.948401e-01 
  390.000  9.948261e-01 
  391.000  9.949469e-01 
  392.000  9.943280e-01 
  393.000  9.952238e-01 
  394.000  9.952312e-01 
  395.000  9.951141e-01 
  396.000  9.948180e-01 
  397.000  9.952764e-01 
  398.000  9.943976e-01 
  399.000  9.950525e-01 
  400.000  9.942549e-01 
  401.000  9.944341e-01 
  402.000  9.950876e-01 
  403.000  9.954699e-01 
  404.000  9.947343e-01 
  405.000  9.945033e-01 
  406.000  9.951779e-01 
  407.000  9.957225e-01 
  408.000  9.947968e-01 
  409.000  9.942941e-01 
  410.000  9.945683e-01 
  411.000  9.944442e-01 
  412.000  9.951315e-01 
  413.000  9.942080e-01 
  414.000  9.945855e-01 
  415.000  9.946644e-01 
  416.000  9.954617e-01 
  417.000  9.953548e-01 
  418.000  9.948953e-01 
  419.000  9.949982e-01 
  420.000  9.945317e-01 
  421.000  9.944050e-01 
  422.000  9.942179e-01 
  423.000  9.945187e-01 
  424.000  9.939842e-01 
  425.000  9.946038e-01 
  426.000  9.953193e-01 
  427.000  9.946602e-01 
  428.000  9.940398e-01 
  429.000  9.950545e-01 
  430.000  9.950452e-01 
  431.000  9.939382e-01 
  432.000  9.949641e-01 
  433.000  9.947478e-01 
  434.000  9.941406e-01 
  435.000  9.929051e-01 
  436.000  9.939853e-01 
  437.000  9.951607e-01 
  438.000  9.953916e-01 
  439.000  9.927850e-01 
  440.000  9.936614e-01 
  441.000  9.947640e-01 
  442.000  9.951652e-01 
  443.000  9.945332e-01 
  444.000  9.935367e-01 
  445.000  9.925458e-01 
  446.000  9.934864e-01 
  447.000  9.938281e-01 
  448.000  9.913025e-01 
  449.000  9.933778e-01 
  450.000  9.940886e-01 
  451.000  9.939840e-01 
  452.000  9.938567e-01 
  453.000  9.938643e-01 
  454.000  9.942961e-01 
  455.000  9.936323e-01 
  456.000  9.934621e-01 
  457.000  9.936877e-01 
  458.000  9.921196e-01 
  459.000  9.926260e-01 
  460.000  9.917340e-01 
  461.000  9.917836e-01 
  462.000  9.923610e-01 
  463.000  9.908606e-01 
  464.000  9.916083e-01 
  465.000  9.919905e-01 
  466.000  9.925999e-01 
  467.000  9.916189e-01 
  468.000  9.918520e-01 
  469.000  9.921438e-01 
  470.000  9.919260e-01 
  471.000  9.916017e-01 
  472.000  9.905558e-01 
  473.000  9.892786e-01 
  474.000  9.865975e-01 
  475.000  9.850325e-01 
  476.000  9.836543e-01 
  477.000  9.828731e-01 
  478.000  9.826137e-01 
  479.000  9.828933e-01 
  480.000  9.832631e-01 
  481.000  9.851245e-01 
  482.000  9.864376e-01 
  483.000  9.873703e-01 
  484.000  9.872488e-01 
  485.000  9.869379e-01 
  486.000  9.869656e-01 
  487.000  9.872696e-01 
  488.000  9.867311e-01 
  489.000  9.860144e-01 
  490.000  9.868243e-01 
  491.000  9.872556e-01 
  492.000  9.869469e-01 
  493.000  9.866117e-01 
  494.000  9.859666e-01 
  495.000  9.857834e-01 
  496.000  9.850577e-01 
  497.000  9.846929e-01 
  498.000  9.844027e-01 
  499.000  9.838126e-01 
  500.000  9.831040e-01 
  501.000  9.821641e-01 
  502.000  9.805521e-01 
  503.000  9.792426e-01 
  504.000  9.789723e-01 
  505.000  9.768565e-01 
  506.000  9.776835e-01 
  507.000  9.779878e-01 
  508.000  9.780365e-01 
  509.000  9.777315e-01 
  510.000  9.777533e-01 
  511.000  9.778901e-01 
  512.000  9.779432e-01 
  513.000  9.781608e-01 
  514.000  9.782680e-01 
  515.000  9.784064e-01 
  516.000  9.780016e-01 
  517.000  9.775263e-01 
  518.000  9.771112e-01 
  519.000  9.762420e-01 
  520.000  9.758813e-01 
  521.000  9.752259e-01 
  522.000  9.747275e-01 
  523.000  9.739278e-01 
  524.000  9.730474e-01 
  525.000  9.718875e-01 
  526.000  9.703332e-01 
  527.000  9.692686e-01 
  528.000  9.678167e-01 
  529.000  9.666469e-01 
  530.000  9.656906e-01 
  531.000  9.649105e-01 
  532.000  9.643685e-01 
  533.000  9.640698e-01 
  534.000  9.637551e-01 
  535.000  9.636656e-01 
  536.000  9.635515e-01 
  537.000  9.632912e-01 
  538.000  9.629874e-01 
  539.000  9.626268e-01 
  540.000  9.626102e-01 
  541.000  9.623216e-01 
  542.000  9.615119e-01 
  543.000  9.609908e-01 
  544.000  9.606993e-01 
  545.000  9.600720e-01 
  546.000  9.600524e-01 
  547.000  9.599231e-01 
  548.000  9.593976e-01 
  549.000  9.592171e-01 
  550.000  9.590942e-01 
  551.000  9.588192e-01 
  552.000  9.583614e-01 
  553.000  9.575776e-01 
  554.000  9.572855e-01 
  555.000  9.568944e-01 
  556.000  9.558895e-01 
  557.000  9.545858e-01 
  558.000  9.534363e-01 
  559.000  9.519117e-01 
  560.000  9.505893e-01 
  561.000  9.494385e-01 
  562.000  9.484375e-01 
  563.000  9.471762e-01 
  564.000  9.458203e-01 
  565.000  9.447097e-01 
  566.000  9.437492e-01 
  567.000  9.426559e-01 
  568.000  9.412802e-01 
  569.000  9.388773e-01 
  570.000  9.363382e-01 
  571.000  9.348273e-01 
  572.000  9.338134e-01 
  573.000  9.321565e-01 
  574.000  9.309414e-01 
  575.000  9.295770e-01 
  576.000  9.294429e-01 
  577.000  9.296284e-01 
  578.000  9.303922e-01 
  579.000  9.315131e-01 
  580.000  9.325706e-01 
  581.000  9.345827e-01 
  582.000  9.366066e-01 
  583.000  9.382503e-01 
  584.000  9.407434e-01 
  585.000  9.416799e-01 
  586.000  9.425795e-01 
  587.000  9.428526e-01 
  588.000  9.435114e-01 
  589.000  9.437206e-01 
  590.000  9.437414e-01 
  591.000  9.434491e-01 
  592.000  9.429807e-01 
  593.000  9.425987e-01 
  594.000  9.423875e-01 
  595.000  9.418321e-01 
  596.000  9.411250e-01 
  597.000  9.408703e-01 
  598.000  9.401070e-01 
  599.000  9.394062e-01 
  600.000  9.386578e-01 
  601.000  9.386404e-01 
  602.000  9.389076e-01 
  603.000  9.391072e-01 
  604.000  9.392269e-01 
  605.000  9.393604e-01 
  606.000  9.401916e-01 
  607.000  9.408483e-01 
  608.000  9.417518e-01 
  609.000  9.421268e-01 
  610.000  9.428761e-01 
  611.000  9.434595e-01 
  612.000  9.442501e-01 
  613.000  9.450142e-01 
  614.000  9.455388e-01 
  615.000  9.461577e-01 
  616.000  9.470038e-01 
  617.000  9.476056e-01 
  618.000  9.479742e-01 
  619.000  9.485489e-01 
  620.000  9.489258e-01 
  621.000  9.491000e-01 
  622.000  9.491775e-01 
  623.000  9.491498e-01 
  624.000  9.491102e-01 
  625.000  9.490612e-01 
  626.000  9.486526e-01 
  627.000  9.484489e-01 
  628.000  9.302306e-01 
  629.000  9.370913e-01 
  630.000  9.413216e-01 
  631.000  9.474867e-01 
  632.000  9.503580e-01 
  633.000  9.516249e-01 
  634.000  9.535937e-01 
  635.000  9.540504e-01 
  636.000  9.563324e-01 
  637.000  9.588146e-01 
  638.000  9.600495e-01 
  639.000  9.617141e-01 
  640.000  9.625811e-01 
  641.000  9.641862e-01 
  642.000  9.647605e-01 
  643.000  9.653105e-01 
  644.000  9.658545e-01 
  645.000  9.665242e-01 
  646.000  9.669933e-01 
  647.000  9.675472e-01 
  648.000  9.678616e-01 
  649.000  9.687425e-01 
  650.000  9.694485e-01 
  651.000  9.697028e-01 
  652.000  9.703294e-01 
  653.000  9.707032e-01 
  654.000  9.716725e-01 
  655.000  9.719192e-01 
  656.000  9.724087e-01 
  657.000  9.728066e-01 
  658.000  9.734355e-01 
  659.000  9.740214e-01 
  660.000  9.742700e-01 
  661.000  9.749132e-01 
  662.000  9.750907e-01 
  663.000  9.757352e-01 
  664.000  9.760133e-01 
  665.000  9.763883e-01 
  666.000  9.768136e-01 
  667.000  9.774045e-01 
  668.000  9.777272e-01 
  669.000  9.782541e-01 
  670.000  9.785318e-01 
  671.000  9.791259e-01 
  672.000  9.792305e-01 
  673.000  9.796938e-01 
  674.000  9.798660e-01 
  675.000  9.803672e-01 
  676.000  9.805080e-01 
  677.000  9.807772e-01 
  678.000  9.811935e-01 
  679.000  9.814444e-01 
  680.000  9.818932e-01 
  681.000  9.821438e-01 
  682.000  9.828194e-01 
  683.000  9.830945e-01 
  684.000  9.837387e-01 
  685.000  9.838981e-01 
  686.000  9.843223e-01 
  687.000  6.920742e-01 
  688.000  8.646560e-01 
  689.000  8.975422e-01 
  690.000  9.257485e-01 
  691.000  9.417520e-01 
  692.000  9.728946e-01 
  693.000  9.769673e-01 
  694.000  9.867117e-01 
  695.000  9.869446e-01 
  696.000  9.871582e-01 
  697.000  9.875084e-01 
  698.000  9.876972e-01 
  699.000  9.877273e-01 
  700.000  9.882138e-01 
  701.000  9.883699e-01 
  702.000  9.885352e-01 
  703.000  9.888363e-01 
  704.000  9.889836e-01 
  705.000  9.892109e-01 
  706.000  9.894105e-01 
  707.000  9.895391e-01 
  708.000  9.897518e-01 
  709.000  9.899393e-01 
  710.000  9.900482e-01 
  711.000  9.903717e-01 
  712.000  9.905105e-01 
  713.000  9.907269e-01 
  714.000  9.907775e-01 
  715.000  9.911001e-01 
  716.000  9.912868e-01 
  717.000  9.913707e-01 
  718.000  9.916146e-01 
  719.000  9.917260e-01 
  720.000  9.918182e-01 
  721.000  9.921193e-01 
  722.000  9.922608e-01 
  723.000  9.923653e-01 
  724.000  9.924310e-01 
  725.000  9.926837e-01 
  726.000  9.928329e-01 
  727.000  9.928457e-01 
  728.000  9.930118e-01 
  729.000  9.931690e-01 
  730.000  9.932738e-01 
  731.000  9.933620e-01 
  732.000  9.934412e-01 
  733.000  9.936244e-01 
  734.000  9.937823e-01 
  735.000  9.938748e-01 
  736.000  9.939263e-01 
  737.000  9.940330e-01 
  738.000  9.941016e-01 
  739.000  9.941604e-01 
  740.000  9.942043e-01 
  741.000  9.942587e-01 
  742.000  9.944235e-01 
  743.000  9.944796e-01 
  744.000  9.945362e-01 
  745.000  9.945898e-01 
  746.000  9.947377e-01 
  747.000  9.948867e-01 
  748.000  9.949501e-01 
  749.000  9.950262e-01 
  750.000  9.951349e-01 
  751.000  9.952223e-01 
  752.000  9.954798e-01 
  753.000  9.955581e-01 
  754.000  9.956701e-01 
  755.000  9.957925e-01 
  756.000  9.958580e-01 
  757.000  9.959217e-01 
  758.000  9.960845e-01 
  759.000  9.864369e-01 
  760.000  3.746286e-01 
  761.000  2.722851e-01 
  762.000  6.679208e-01 
  763.000  5.635824e-01 
  764.000  6.272172e-01 
  765.000  7.575932e-01 
  766.000  8.852724e-01 
  767.000  9.299002e-01 
  768.000  9.773135e-01 
  769.000  9.898322e-01 
  770.000  9.894398e-01 
  771.000  9.949030e-01 
  772.000  9.963589e-01 
  773.000  9.963334e-01 
  774.000  9.963286e-01 
  775.000  9.963238e-01 
  776.000  9.963232e-01 
  777.000  9.963470e-01 
  778.000  9.963536e-01 
  779.000  9.963404e-01 
  780.000  9.963301e-01 
  781.000  9.964449e-01 
  782.000  9.965542e-01 
  783.000  9.966139e-01 
  784.000  9.966769e-01 
  785.000  9.967511e-01 
  786.000  9.968122e-01 
  787.000  9.969320e-01 
  788.000  9.969581e-01 
  789.000  9.970779e-01 
  790.000  9.971209e-01 
  791.000  9.972515e-01 
  792.000  9.973411e-01 
  793.000  9.974150e-01 
  794.000  9.976327e-01 
  795.000  9.976876e-01 
  796.000  9.977387e-01 
  797.000  9.977779e-01 
  798.000  9.978217e-01 
  799.000  9.978449e-01 
  800.000  9.978871e-01 
  801.000  9.978674e-01 
  802.000  9.978418e-01 
  803.000  9.978181e-01 
  804.000  9.977709e-01 
  805.000  9.977435e-01 
  806.000  9.977255e-01 
  807.000  9.976637e-01 
  808.000  9.976204e-01 
  809.000  9.976087e-01 
  810.000  9.975578e-01 
  811.000  9.975581e-01 
  812.000  9.975786e-01 
  813.000  9.975908e-01 
  814.000  9.976016e-01 
  815.000  9.976205e-01 
  816.000  9.976354e-01 
  817.000  9.976812e-01 
  818.000  9.977259e-01 
  819.000  9.977708e-01 
  820.000  9.978135e-01 
  821.000  9.978652e-01 
  822.000  9.978761e-01 
  823.000  9.979250e-01 
  824.000  9.980059e-01 
  825.000  9.980125e-01 
  826.000  9.980769e-01 
  827.000  9.980837e-01 
  828.000  9.981077e-01 
  829.000  9.981355e-01 
  830.000  9.981689e-01 
  831.000  9.981751e-01 
  832.000  9.981824e-01 
  833.000  9.981874e-01 
  834.000  9.981946e-01 
  835.000  9.981961e-01 
  836.000  9.981961e-01 
  837.000  9.981959e-01 
  838.000  9.981961e-01 
  839.000  9.981961e-01 
  840.000  9.981959e-01 
  841.000  9.981959e-01 
  842.000  9.981902e-01 
  843.000  9.981831e-01 
  844.000  9.981740e-01 
  845.000  9.981702e-01 
  846.000  9.981573e-01 
  847.000  9.981573e-01 
  848.000  9.981444e-01 
  849.000  9.981369e-01 
  850.000  9.985735e-01 
  851.000  9.999472e-01 
  852.000  1.000000e+00 
  853.000  1.000000e+00 
  854.000  9.999999e-01 
  855.000  9.999999e-01 
  856.000  1.000000e+00 
  857.000  1.000000e+00 
  858.000  1.000000e+00 
  859.000  1.000000e+00 
  860.000  1.000000e+00 
  861.000  9.999998e-01 
  862.000  9.999961e-01 
  863.000  9.997003e-01 
  864.000  9.999995e-01 
  865.000  9.999995e-01 
  866.000  9.999227e-01 
  867.000  9.999898e-01 
  868.000  9.999220e-01 
  869.000  9.998372e-01 
  870.000  9.999936e-01 
  871.000  9.999245e-01 
  872.000  9.999979e-01 
  873.000  9.999974e-01 
  874.000  9.999974e-01 
  875.000  9.999998e-01 
  876.000  9.999999e-01 
  877.000  1.000000e+00 
  878.000  1.000000e+00 
  879.000  1.000000e+00 
  880.000  1.000000e+00 
  881.000  1.000000e+00 
  882.000  1.000000e+00 
  883.000  9.999999e-01 
  884.000  1.000000e+00 
  885.000  1.000000e+00 
  886.000  1.000000e+00 
  887.000  1.000000e+00 
  888.000  1.000000e+00 
  889.000  1.000000e+00 
  890.000  1.000000e+00 
  891.000  1.000000e+00 
  892.000  1.000000e+00 
  893.000  1.000000e+00 
  894.000  1.000000e+00 
  895.000  1.000000e+00 
  896.000  9.999999e-01 
  897.000  1.000000e+00 
  898.000  9.999999e-01 
  899.000  1.000000e+00 
  900.000  1.000000e+00 
  901.000  1.000000e+00 
  902.000  1.000000e+00 
  903.000  1.000000e+00 
  904.000  1.000000e+00 
  905.000  1.000000e+00 
  906.000  1.000000e+00 
  907.000  9.999998e-01 
  908.000  1.000000e+00 
  909.000  1.000000e+00 
  910.000  1.000000e+00 
  911.000  1.000000e+00 
  912.000  1.000000e+00 
  913.000  9.999999e-01 
  914.000  1.000000e+00 
  915.000  1.000000e+00 
  916.000  1.000000e+00 
  917.000  1.000000e+00 
  918.000  1.000000e+00 
  919.000  1.000000e+00 
  920.000  9.999999e-01 
  921.000  9.999999e-01 
  922.000  9.999998e-01 
  923.000  1.000000e+00 
  924.000  9.999999e-01 
  925.000  9.999999e-01 
  926.000  1.000000e+00 
  927.000  1.000000e+00 
  928.000  1.000000e+00 
  929.000  9.999999e-01 
  930.000  9.999999e-01 
  931.000  1.000000e+00 
  932.000  1.000000e+00 
  933.000  1.000000e+00 
  934.000  1.000000e+00 
  935.000  1.000000e+00 
  936.000  9.999999e-01 
  937.000  1.000000e+00 
  938.000  1.000000e+00 
  939.000  1.000000e+00 
  940.000  1.000000e+00 
  941.000  9.999999e-01 
  942.000  9.999999e-01 
  943.000  9.999999e-01 
  944.000  9.999999e-01 
  945.000  1.000000e+00 
  946.000  1.000000e+00 
  947.000  9.999058e-01 
  948.000  9.999826e-01 
  949.000  9.999761e-01 
  950.000  9.999761e-01 
  951.000  9.999502e-01 
  952.000  9.999993e-01 
  953.000  1.000000e+00 
  954.000  1.000000e+00 
  955.000  9.999998e-01 
  956.000  1.000000e+00 
  957.000  1.000000e+00 
  958.000  1.000000e+00 
  959.000  9.999999e-01 
  960.000  9.999999e-01 
  961.000  9.999999e-01 
  962.000  1.000000e+00 
  963.000  1.000000e+00 
  964.000  1.000000e+00 
  965.000  1.000000e+00 
  966.000  1.000000e+00 
  967.000  9.999999e-01 
  968.000  9.999999e-01 
  969.000  1.000000e+00 
  970.000  9.999999e-01 
  971.000  9.999999e-01 
  972.000  9.999999e-01 
  973.000  9.999998e-01 
  974.000  1.000000e+00 
  975.000  1.000000e+00 
  976.000  1.000000e+00 
  977.000  1.000000e+00 
  978.000  1.000000e+00 
  979.000  1.000000e+00 
  980.000  1.000000e+00 
  981.000  9.999999e-01 
  982.000  9.999999e-01 
  983.000  1.000000e+00 
  984.000  1.000000e+00 
  985.000  1.000000e+00 
  986.000  1.000000e+00 
  987.000  1.000000e+00 
  988.000  1.000000e+00 
  989.000  1.000000e+00 
  990.000  1.000000e+00 
  991.000  1.000000e+00 
  992.000  1.000000e+00 
  993.000  1.000000e+00 
  994.000  1.000000e+00 
  995.000  1.000000e+00 
  996.000  1.000000e+00 
  997.000  1.000000e+00 
  998.000  1.000000e+00 
  999.000  9.999999e-01 
 1000.000  9.999999e-01 
 1001.000  1.000000e+00 
 1002.000  1.000000e+00 
 1003.000  1.000000e+00 
 1004.000  1.000000e+00 
 1005.000  1.000000e+00 
 1006.000  1.000000e+00 
 1007.000  1.000000e+00 
 1008.000  9.999999e-01 
 1009.000  9.999999e-01 
 1010.000  9.999999e-01 
 1011.000  9.999998e-01 
 1012.000  9.999998e-01 
 1013.000  9.999995e-01 
 1014.000  9.999990e-01 
 1015.000  9.999990e-01 
 1016.000  9.999985e-01 
 1017.000  9.999968e-01 
 1018.000  9.999968e-01 
 1019.000  9.999943e-01 
 1020.000  9.999907e-01 
 1021.000  9.999907e-01 
 1022.000  9.999825e-01 
 1023.000  9.999825e-01 
 1024.000  9.999771e-01 
 1025.000  9.999570e-01 
 1026.000  9.999570e-01 
 1027.000  9.999354e-01 
 1028.000  9.999074e-01 
 1029.000  9.999074e-01 
 1030.000  9.998389e-01 
 1031.000  9.997969e-01 
 1032.000  9.997969e-01 
 1033.000  9.996787e-01 
 1034.000  9.996787e-01 
 1035.000  9.995571e-01 
 1036.000  9.991183e-01 
 1037.000  9.991183e-01 
 1038.000  9.990582e-01 
 1039.000  9.985917e-01 
 1040.000  9.985917e-01 
 1041.000  9.982439e-01 
 1042.000  9.982439e-01 
 1043.000  9.978254e-01 
 1044.000  9.972029e-01 
 1045.000  9.972029e-01 
 1046.000  9.963491e-01 
 1047.000  9.963491e-01 
 1048.000  9.954994e-01 
 1049.000  9.938082e-01 
 1050.000  9.938082e-01 
 1051.000  9.930466e-01 
 1052.000  9.930466e-01 
 1053.000  9.918905e-01 
 1054.000  9.909103e-01 
 1055.000  9.909103e-01 
 1056.000  9.897606e-01 
 1057.000  9.897606e-01 
 1058.000  9.887336e-01 
 1059.000  9.877044e-01 
 1060.000  9.877044e-01 
 1061.000  9.870503e-01 
 1062.000  9.870503e-01 
 1063.000  9.859712e-01 
 1064.000  9.855480e-01 
 1065.000  9.855480e-01 
 1066.000  9.862451e-01 
 1067.000  9.862451e-01 
 1068.000  9.856543e-01 
 1069.000  9.872193e-01 
 1070.000  9.872193e-01 
 1071.000  9.882132e-01 
 1072.000  9.882132e-01 
 1073.000  9.892190e-01 
 1074.000  9.892190e-01 
 1075.000  9.904358e-01 
 1076.000  9.916156e-01 
 1077.000  9.916156e-01 
 1078.000  9.929870e-01 
 1079.000  9.929870e-01 
 1080.000  9.939383e-01 
 1081.000  9.939383e-01 
 1082.000  9.952826e-01 
 1083.000  9.962228e-01 
 1084.000  9.962228e-01 
 1085.000  9.966715e-01 
 1086.000  9.966715e-01 
 1087.000  9.976452e-01 
 1088.000  9.976452e-01 
 1089.000  9.984561e-01 
 1090.000  9.988151e-01 
 1091.000  9.988151e-01 
 1092.000  9.992273e-01 
 1093.000  9.992273e-01 
 1094.000  9.992983e-01 
 1095.000  9.992983e-01 
 1096.000  9.995422e-01 
 1097.000  9.995422e-01 
 1098.000  9.997520e-01 
 1099.000  9.998258e-01 
 1100.000  9.998258e-01 
 1101.000  9.998960e-01 
 1102.000  9.998960e-01 
 1103.000  9.999281e-01 
 1104.000  9.999281e-01 
 1105.000  9.999496e-01 
 1106.000  9.999496e-01 
 1107.000  9.999273e-01 
 1108.000  9.999273e-01 
 1109.000  9.997886e-01 
 1110.000  9.998622e-01 
 1111.000  9.998622e-01 
 1112.000  9.996770e-01 
 1113.000  9.996770e-01 
 1114.000  9.995604e-01 
 1115.000  9.995604e-01 
 1116.000  9.989972e-01 
 1117.000  9.989972e-01 
 1118.000  9.990325e-01 
 1119.000  9.990325e-01 
 1120.000  9.993861e-01 
 1121.000  9.993861e-01 
 1122.000  9.961962e-01 
 1123.000  9.969668e-01 
 1124.000  9.969668e-01 
 1125.000  9.978971e-01 
 1126.000  9.978971e-01 
 1127.000  9.967810e-01 
 1128.000  9.967810e-01 
 1129.000  9.975311e-01 
 1130.000  9.975311e-01 
 1131.000  9.983118e-01 
 1132.000  9.983118e-01 
 1133.000  9.969582e-01 
 1134.000  9.969582e-01 
 1135.000  9.967675e-01 
 1136.000  9.967675e-01 
 1137.000  9.979649e-01 
 1138.000  9.979649e-01 
 1139.000  9.989042e-01 
 1140.000  9.989042e-01 
 1141.000  9.988824e-01 
 1142.000  9.988824e-01 
 1143.000  9.981115e-01 
 1144.000  9.981115e-01 
 1145.000  9.986519e-01 
 1146.000  9.986519e-01 
 1147.000  9.981428e-01 
 1148.000  9.981428e-01 
 1149.000  9.973124e-01 
 1150.000  9.973124e-01 
 1151.000  9.966494e-01 
 1152.000  9.966494e-01 
 1153.000  9.931604e-01 
 1154.000  9.931604e-01 
 1155.000  9.936442e-01 
 1156.000  9.936442e-01 
 1157.000  9.948018e-01 
 1158.000  9.948018e-01 
 1159.000  9.973140e-01 
 1160.000  9.973140e-01 
 1161.000  9.946790e-01 
 1162.000  9.946790e-01 
 1163.000  9.936456e-01 
 1164.000  9.936456e-01 
 1165.000  9.951791e-01 
 1166.000  9.951791e-01 
 1167.000  9.963528e-01 
 1168.000  9.963528e-01 
 1169.000  9.957966e-01 
 1170.000  9.957966e-01 
 1171.000  9.968614e-01 
 1172.000  9.968614e-01 
 1173.000  9.969948e-01 
 1174.000  9.969948e-01 
 1175.000  9.980181e-01 
 1176.000  9.980181e-01 
 1177.000  9.983768e-01 
 1178.000  9.983768e-01 
 1179.000  9.986203e-01 
 1180.000  9.986203e-01 
 1181.000  9.986984e-01 
 1182.000  9.986984e-01 
 1183.000  9.991843e-01 
 1184.000  9.991843e-01 
 1185.000  9.991216e-01 
 1186.000  9.991216e-01 
 1187.000  9.978335e-01 
 1188.000  9.978335e-01 
 1189.000  9.978335e-01 
 1190.000  9.992661e-01 
 1191.000  9.992661e-01 
 1192.000  9.990368e-01 
 1193.000  9.990368e-01 
 1194.000  9.994760e-01 
 1195.000  9.994760e-01 
 1196.000  9.997167e-01 
 1197.000  9.997167e-01 
 1198.000  9.996786e-01 
 1199.000  9.996786e-01 
 1200.000  9.995439e-01 
