  250.000  0.000000e+00 
  251.000  0.000000e+00 
  252.000  0.000000e+00 
  253.000  0.000000e+00 
  254.000  0.000000e+00 
  255.000  0.000000e+00 
  256.000  0.000000e+00 
  257.000  0.000000e+00 
  258.000  0.000000e+00 
  259.000  0.000000e+00 
  260.000  0.000000e+00 
  261.000  0.000000e+00 
  262.000  0.000000e+00 
  263.000  0.000000e+00 
  264.000  0.000000e+00 
  265.000  0.000000e+00 
  266.000  0.000000e+00 
  267.000  0.000000e+00 
  268.000  0.000000e+00 
  269.000  0.000000e+00 
  270.000  0.000000e+00 
  271.000  0.000000e+00 
  272.000  0.000000e+00 
  273.000  0.000000e+00 
  274.000  0.000000e+00 
  275.000  0.000000e+00 
  276.000  0.000000e+00 
  277.000  0.000000e+00 
  278.000  0.000000e+00 
  279.000  0.000000e+00 
  280.000  0.000000e+00 
  281.000  0.000000e+00 
  282.000  0.000000e+00 
  283.000  0.000000e+00 
  284.000  0.000000e+00 
  285.000  0.000000e+00 
  286.000  0.000000e+00 
  287.000  0.000000e+00 
  288.000  0.000000e+00 
  289.000  0.000000e+00 
  290.000  0.000000e+00 
  291.000  6.681233e-09 
  292.000  1.147205e-07 
  293.000  6.109051e-07 
  294.000  4.086429e-06 
  295.000  1.382415e-05 
  296.000  7.702352e-05 
  297.000  2.142450e-04 
  298.000  7.286039e-04 
  299.000  1.664389e-03 
  300.000  3.935058e-03 
  301.000  7.933245e-03 
  302.000  1.411991e-02 
  303.000  2.845003e-02 
  304.000  3.636630e-02 
  305.000  6.401030e-02 
  306.000  8.657409e-02 
  307.000  1.267454e-01 
  308.000  1.603840e-01 
  309.000  1.995378e-01 
  310.000  2.676581e-01 
  311.000  2.972798e-01 
  312.000  3.504910e-01 
  313.000  4.162109e-01 
  314.000  4.399814e-01 
  315.000  5.218178e-01 
  316.000  5.381497e-01 
  317.000  5.985692e-01 
  318.000  6.294698e-01 
  319.000  7.320257e-01 
  320.000  6.485363e-01 
  321.000  8.025097e-01 
  322.000  7.237844e-01 
  323.000  7.884319e-01 
  324.000  8.817610e-01 
  325.000  7.955409e-01 
  326.000  8.889255e-01 
  327.000  9.097256e-01 
  328.000  8.427519e-01 
  329.000  9.465193e-01 
  330.000  9.539260e-01 
  331.000  8.939428e-01 
  332.000  9.595411e-01 
  333.000  9.638638e-01 
  334.000  9.408047e-01 
  335.000  9.765863e-01 
  336.000  9.834369e-01 
  337.000  9.592277e-01 
  338.000  9.774848e-01 
  339.000  9.870594e-01 
  340.000  9.739752e-01 
  341.000  9.859071e-01 
  342.000  9.905098e-01 
  343.000  9.890533e-01 
  344.000  9.761004e-01 
  345.000  9.892802e-01 
  346.000  9.920205e-01 
  347.000  9.909186e-01 
  348.000  9.923503e-01 
  349.000  9.940032e-01 
  350.000  9.947972e-01 
  351.000  9.953480e-01 
  352.000  9.956518e-01 
  353.000  9.959645e-01 
  354.000  9.949083e-01 
  355.000  9.946187e-01 
  356.000  9.948613e-01 
  357.000  9.930926e-01 
  358.000  9.922055e-01 
  359.000  9.912295e-01 
  360.000  9.900825e-01 
  361.000  9.892690e-01 
  362.000  9.908612e-01 
  363.000  9.923506e-01 
  364.000  9.937829e-01 
  365.000  9.936262e-01 
  366.000  9.943945e-01 
  367.000  9.946336e-01 
  368.000  9.944952e-01 
  369.000  9.947218e-01 
  370.000  9.946110e-01 
  371.000  9.949535e-01 
  372.000  9.938785e-01 
  373.000  9.943669e-01 
  374.000  9.944750e-01 
  375.000  9.946526e-01 
  376.000  9.935620e-01 
  377.000  9.934316e-01 
  378.000  9.931716e-01 
  379.000  9.919321e-01 
  380.000  9.904639e-01 
  381.000  9.909868e-01 
  382.000  9.921554e-01 
  383.000  9.934856e-01 
  384.000  9.935580e-01 
  385.000  9.938667e-01 
  386.000  9.941277e-01 
  387.000  9.940488e-01 
  388.000  9.939082e-01 
  389.000  9.938753e-01 
  390.000  9.938587e-01 
  391.000  9.940022e-01 
  392.000  9.932680e-01 
  393.000  9.943307e-01 
  394.000  9.943395e-01 
  395.000  9.942007e-01 
  396.000  9.938492e-01 
  397.000  9.943931e-01 
  398.000  9.933506e-01 
  399.000  9.941275e-01 
  400.000  9.931811e-01 
  401.000  9.933939e-01 
  402.000  9.941691e-01 
  403.000  9.946226e-01 
  404.000  9.937501e-01 
  405.000  9.934759e-01 
  406.000  9.942762e-01 
  407.000  9.949226e-01 
  408.000  9.938239e-01 
  409.000  9.932278e-01 
  410.000  9.935532e-01 
  411.000  9.934058e-01 
  412.000  9.942213e-01 
  413.000  9.931256e-01 
  414.000  9.935735e-01 
  415.000  9.936671e-01 
  416.000  9.946131e-01 
  417.000  9.944861e-01 
  418.000  9.939410e-01 
  419.000  9.940631e-01 
  420.000  9.935097e-01 
  421.000  9.933595e-01 
  422.000  9.931374e-01 
  423.000  9.934940e-01 
  424.000  9.928604e-01 
  425.000  9.935949e-01 
  426.000  9.944440e-01 
  427.000  9.936622e-01 
  428.000  9.929261e-01 
  429.000  9.941300e-01 
  430.000  9.941188e-01 
  431.000  9.928057e-01 
  432.000  9.940227e-01 
  433.000  9.937657e-01 
  434.000  9.930459e-01 
  435.000  9.915802e-01 
  436.000  9.928616e-01 
  437.000  9.942557e-01 
  438.000  9.945298e-01 
  439.000  9.914378e-01 
  440.000  9.924774e-01 
  441.000  9.937853e-01 
  442.000  9.942612e-01 
  443.000  9.935114e-01 
  444.000  9.923294e-01 
  445.000  9.911542e-01 
  446.000  9.922698e-01 
  447.000  9.926750e-01 
  448.000  9.896802e-01 
  449.000  9.921409e-01 
  450.000  9.929841e-01 
  451.000  9.928598e-01 
  452.000  9.927090e-01 
  453.000  9.927179e-01 
  454.000  9.932302e-01 
  455.000  9.924428e-01 
  456.000  9.922410e-01 
  457.000  9.925085e-01 
  458.000  9.906489e-01 
  459.000  9.912494e-01 
  460.000  9.901917e-01 
  461.000  9.902506e-01 
  462.000  9.909351e-01 
  463.000  9.891561e-01 
  464.000  9.900426e-01 
  465.000  9.904958e-01 
  466.000  9.912184e-01 
  467.000  9.900553e-01 
  468.000  9.903316e-01 
  469.000  9.906775e-01 
  470.000  9.904192e-01 
  471.000  9.900348e-01 
  472.000  9.887949e-01 
  473.000  9.872811e-01 
  474.000  9.841045e-01 
  475.000  9.822510e-01 
  476.000  9.806194e-01 
  477.000  9.796945e-01 
  478.000  9.793875e-01 
  479.000  9.797184e-01 
  480.000  9.801562e-01 
  481.000  9.823601e-01 
  482.000  9.839151e-01 
  483.000  9.850200e-01 
  484.000  9.848762e-01 
  485.000  9.845077e-01 
  486.000  9.845406e-01 
  487.000  9.849007e-01 
  488.000  9.842628e-01 
  489.000  9.834138e-01 
  490.000  9.843733e-01 
  491.000  9.848841e-01 
  492.000  9.845184e-01 
  493.000  9.841213e-01 
  494.000  9.833574e-01 
  495.000  9.831403e-01 
  496.000  9.822809e-01 
  497.000  9.818489e-01 
  498.000  9.815053e-01 
  499.000  9.808068e-01 
  500.000  9.799678e-01 
  501.000  9.788555e-01 
  502.000  9.769479e-01 
  503.000  9.753987e-01 
  504.000  9.750791e-01 
  505.000  9.725770e-01 
  506.000  9.735550e-01 
  507.000  9.739147e-01 
  508.000  9.739723e-01 
  509.000  9.736116e-01 
  510.000  9.736375e-01 
  511.000  9.737992e-01 
  512.000  9.738619e-01 
  513.000  9.741192e-01 
  514.000  9.742460e-01 
  515.000  9.744099e-01 
  516.000  9.739311e-01 
  517.000  9.733691e-01 
  518.000  9.728781e-01 
  519.000  9.718506e-01 
  520.000  9.714241e-01 
  521.000  9.706496e-01 
  522.000  9.700605e-01 
  523.000  9.691154e-01 
  524.000  9.680752e-01 
  525.000  9.667050e-01 
  526.000  9.648691e-01 
  527.000  9.636124e-01 
  528.000  9.618984e-01 
  529.000  9.605181e-01 
  530.000  9.593898e-01 
  531.000  9.584697e-01 
  532.000  9.578302e-01 
  533.000  9.574780e-01 
  534.000  9.571071e-01 
  535.000  9.570012e-01 
  536.000  9.568667e-01 
  537.000  9.565597e-01 
  538.000  9.562014e-01 
  539.000  9.557763e-01 
  540.000  9.557567e-01 
  541.000  9.554165e-01 
  542.000  9.544619e-01 
  543.000  9.538479e-01 
  544.000  9.535042e-01 
  545.000  9.527649e-01 
  546.000  9.527419e-01 
  547.000  9.525895e-01 
  548.000  9.519701e-01 
  549.000  9.517574e-01 
  550.000  9.516126e-01 
  551.000  9.512887e-01 
  552.000  9.507494e-01 
  553.000  9.498260e-01 
  554.000  9.494820e-01 
  555.000  9.490214e-01 
  556.000  9.478381e-01 
  557.000  9.463031e-01 
  558.000  9.449503e-01 
  559.000  9.431558e-01 
  560.000  9.416002e-01 
  561.000  9.402468e-01 
  562.000  9.390697e-01 
  563.000  9.375868e-01 
  564.000  9.359934e-01 
  565.000  9.346883e-01 
  566.000  9.335600e-01 
  567.000  9.322757e-01 
  568.000  9.306602e-01 
  569.000  9.278398e-01 
  570.000  9.248608e-01 
  571.000  9.230888e-01 
  572.000  9.219000e-01 
  573.000  9.199579e-01 
  574.000  9.185342e-01 
  575.000  9.169356e-01 
  576.000  9.167785e-01 
  577.000  9.169958e-01 
  578.000  9.178907e-01 
  579.000  9.192039e-01 
  580.000  9.204433e-01 
  581.000  9.228018e-01 
  582.000  9.251756e-01 
  583.000  9.271039e-01 
  584.000  9.300300e-01 
  585.000  9.311296e-01 
  586.000  9.321860e-01 
  587.000  9.325067e-01 
  588.000  9.332806e-01 
  589.000  9.335263e-01 
  590.000  9.335508e-01 
  591.000  9.332075e-01 
  592.000  9.326572e-01 
  593.000  9.322085e-01 
  594.000  9.319606e-01 
  595.000  9.313083e-01 
  596.000  9.304783e-01 
  597.000  9.301791e-01 
  598.000  9.292830e-01 
  599.000  9.284604e-01 
  600.000  9.275820e-01 
  601.000  9.275617e-01 
  602.000  9.278752e-01 
  603.000  9.281096e-01 
  604.000  9.282501e-01 
  605.000  9.284066e-01 
  606.000  9.293824e-01 
  607.000  9.301531e-01 
  608.000  9.312140e-01 
  609.000  9.316544e-01 
  610.000  9.325345e-01 
  611.000  9.332195e-01 
  612.000  9.341483e-01 
  613.000  9.350461e-01 
  614.000  9.356624e-01 
  615.000  9.363897e-01 
  616.000  9.373841e-01 
  617.000  9.380916e-01 
  618.000  9.385251e-01 
  619.000  9.392007e-01 
  620.000  9.396438e-01 
  621.000  9.398485e-01 
  622.000  9.399398e-01 
  623.000  9.399073e-01 
  624.000  9.398606e-01 
  625.000  9.398031e-01 
  626.000  9.393228e-01 
  627.000  9.390830e-01 
  628.000  9.177694e-01 
  629.000  9.261818e-01 
  630.000  9.307089e-01 
  631.000  9.379519e-01 
  632.000  9.413282e-01 
  633.000  9.428185e-01 
  634.000  9.451352e-01 
  635.000  9.456728e-01 
  636.000  9.483594e-01 
  637.000  9.512829e-01 
  638.000  9.527383e-01 
  639.000  9.547002e-01 
  640.000  9.557225e-01 
  641.000  9.576152e-01 
  642.000  9.582925e-01 
  643.000  9.589415e-01 
  644.000  9.595833e-01 
  645.000  9.603733e-01 
  646.000  9.609267e-01 
  647.000  9.615805e-01 
  648.000  9.619517e-01 
  649.000  9.629915e-01 
  650.000  9.638249e-01 
  651.000  9.641251e-01 
  652.000  9.648649e-01 
  653.000  9.653063e-01 
  654.000  9.664511e-01 
  655.000  9.667424e-01 
  656.000  9.673208e-01 
  657.000  9.677907e-01 
  658.000  9.685337e-01 
  659.000  9.692259e-01 
  660.000  9.695199e-01 
  661.000  9.702801e-01 
  662.000  9.704897e-01 
  663.000  9.712515e-01 
  664.000  9.715801e-01 
  665.000  9.720234e-01 
  666.000  9.725264e-01 
  667.000  9.732250e-01 
  668.000  9.736065e-01 
  669.000  9.742295e-01 
  670.000  9.745581e-01 
  671.000  9.752607e-01 
  672.000  9.753845e-01 
  673.000  9.759324e-01 
  674.000  9.761359e-01 
  675.000  9.767290e-01 
  676.000  9.768956e-01 
  677.000  9.772143e-01 
  678.000  9.777068e-01 
  679.000  9.780036e-01 
  680.000  9.785348e-01 
  681.000  9.788314e-01 
  682.000  9.796310e-01 
  683.000  9.799566e-01 
  684.000  9.807192e-01 
  685.000  9.809079e-01 
  686.000  9.814103e-01 
  687.000  6.667838e-01 
  688.000  8.435483e-01 
  689.000  8.813579e-01 
  690.000  9.129870e-01 
  691.000  9.320391e-01 
  692.000  9.679676e-01 
  693.000  9.727452e-01 
  694.000  9.842398e-01 
  695.000  9.845157e-01 
  696.000  9.847688e-01 
  697.000  9.851835e-01 
  698.000  9.854074e-01 
  699.000  9.854429e-01 
  700.000  9.860193e-01 
  701.000  9.862041e-01 
  702.000  9.864001e-01 
  703.000  9.867569e-01 
  704.000  9.869315e-01 
  705.000  9.872010e-01 
  706.000  9.874375e-01 
  707.000  9.875897e-01 
  708.000  9.878419e-01 
  709.000  9.880641e-01 
  710.000  9.881932e-01 
  711.000  9.885768e-01 
  712.000  9.887412e-01 
  713.000  9.889977e-01 
  714.000  9.890577e-01 
  715.000  9.894400e-01 
  716.000  9.896615e-01 
  717.000  9.897608e-01 
  718.000  9.900501e-01 
  719.000  9.901821e-01 
  720.000  9.902915e-01 
  721.000  9.906484e-01 
  722.000  9.908162e-01 
  723.000  9.909403e-01 
  724.000  9.910183e-01 
  725.000  9.913179e-01 
  726.000  9.914947e-01 
  727.000  9.915099e-01 
  728.000  9.917068e-01 
  729.000  9.918935e-01 
  730.000  9.920178e-01 
  731.000  9.921222e-01 
  732.000  9.922159e-01 
  733.000  9.924332e-01 
  734.000  9.926208e-01 
  735.000  9.927305e-01 
  736.000  9.927918e-01 
  737.000  9.929182e-01 
  738.000  9.929996e-01 
  739.000  9.930691e-01 
  740.000  9.931213e-01 
  741.000  9.931858e-01 
  742.000  9.933811e-01 
  743.000  9.934480e-01 
  744.000  9.935151e-01 
  745.000  9.935786e-01 
  746.000  9.937543e-01 
  747.000  9.939308e-01 
  748.000  9.940060e-01 
  749.000  9.940962e-01 
  750.000  9.942254e-01 
  751.000  9.943292e-01 
  752.000  9.946346e-01 
  753.000  9.947274e-01 
  754.000  9.948605e-01 
  755.000  9.950057e-01 
  756.000  9.950833e-01 
  757.000  9.951588e-01 
  758.000  9.953520e-01 
  759.000  9.840151e-01 
  760.000  3.354392e-01 
  761.000  2.279051e-01 
  762.000  6.362090e-01 
  763.000  5.256624e-01 
  764.000  5.970199e-01 
  765.000  7.360563e-01 
  766.000  8.692267e-01 
  767.000  9.184048e-01 
  768.000  9.734133e-01 
  769.000  9.879373e-01 
  770.000  9.875166e-01 
  771.000  9.939500e-01 
  772.000  9.956776e-01 
  773.000  9.956474e-01 
  774.000  9.956417e-01 
  775.000  9.956360e-01 
  776.000  9.956352e-01 
  777.000  9.956634e-01 
  778.000  9.956713e-01 
  779.000  9.956557e-01 
  780.000  9.956434e-01 
  781.000  9.957796e-01 
  782.000  9.959092e-01 
  783.000  9.959803e-01 
  784.000  9.960548e-01 
  785.000  9.961430e-01 
  786.000  9.962155e-01 
  787.000  9.963577e-01 
  788.000  9.963887e-01 
  789.000  9.965310e-01 
  790.000  9.965821e-01 
  791.000  9.967367e-01 
  792.000  9.968434e-01 
  793.000  9.969311e-01 
  794.000  9.971893e-01 
  795.000  9.972546e-01 
  796.000  9.973154e-01 
  797.000  9.973620e-01 
  798.000  9.974137e-01 
  799.000  9.974412e-01 
  800.000  9.974915e-01 
  801.000  9.974679e-01 
  802.000  9.974377e-01 
  803.000  9.974095e-01 
  804.000  9.973534e-01 
  805.000  9.973208e-01 
  806.000  9.972997e-01 
  807.000  9.972262e-01 
  808.000  9.971747e-01 
  809.000  9.971607e-01 
  810.000  9.971005e-01 
  811.000  9.971008e-01 
  812.000  9.971251e-01 
  813.000  9.971398e-01 
  814.000  9.971524e-01 
  815.000  9.971750e-01 
  816.000  9.971927e-01 
  817.000  9.972469e-01 
  818.000  9.972998e-01 
  819.000  9.973532e-01 
  820.000  9.974040e-01 
  821.000  9.974653e-01 
  822.000  9.974780e-01 
  823.000  9.975364e-01 
  824.000  9.976324e-01 
  825.000  9.976402e-01 
  826.000  9.977166e-01 
  827.000  9.977249e-01 
  828.000  9.977532e-01 
  829.000  9.977865e-01 
  830.000  9.978260e-01 
  831.000  9.978332e-01 
  832.000  9.978421e-01 
  833.000  9.978476e-01 
  834.000  9.978565e-01 
  835.000  9.978580e-01 
  836.000  9.978581e-01 
  837.000  9.978581e-01 
  838.000  9.978581e-01 
  839.000  9.978582e-01 
  840.000  9.978582e-01 
  841.000  9.978582e-01 
  842.000  9.978512e-01 
  843.000  9.978428e-01 
  844.000  9.978317e-01 
  845.000  9.978275e-01 
  846.000  9.978122e-01 
  847.000  9.978122e-01 
  848.000  9.977970e-01 
  849.000  9.977879e-01 
  850.000  9.983065e-01 
  851.000  9.999374e-01 
  852.000  9.999999e-01 
  853.000  9.999999e-01 
  854.000  9.999999e-01 
  855.000  9.999999e-01 
  856.000  9.999999e-01 
  857.000  9.999999e-01 
  858.000  9.999998e-01 
  859.000  9.999999e-01 
  860.000  9.999999e-01 
  861.000  9.999997e-01 
  862.000  9.999953e-01 
  863.000  9.996440e-01 
  864.000  9.999994e-01 
  865.000  9.999994e-01 
  866.000  9.999081e-01 
  867.000  9.999877e-01 
  868.000  9.999073e-01 
  869.000  9.998066e-01 
  870.000  9.999924e-01 
  871.000  9.999102e-01 
  872.000  9.999974e-01 
  873.000  9.999969e-01 
  874.000  9.999969e-01 
  875.000  9.999997e-01 
  876.000  9.999999e-01 
  877.000  9.999998e-01 
  878.000  9.999999e-01 
  879.000  9.999999e-01 
  880.000  9.999999e-01 
  881.000  9.999999e-01 
  882.000  9.999999e-01 
  883.000  9.999999e-01 
  884.000  9.999999e-01 
  885.000  9.999999e-01 
  886.000  9.999998e-01 
  887.000  9.999999e-01 
  888.000  9.999999e-01 
  889.000  9.999999e-01 
  890.000  9.999999e-01 
  891.000  9.999999e-01 
  892.000  9.999999e-01 
  893.000  9.999998e-01 
  894.000  9.999998e-01 
  895.000  9.999998e-01 
  896.000  9.999999e-01 
  897.000  9.999999e-01 
  898.000  9.999998e-01 
  899.000  1.000000e+00 
  900.000  1.000000e+00 
  901.000  9.999999e-01 
  902.000  1.000000e+00 
  903.000  9.999999e-01 
  904.000  9.999999e-01 
  905.000  1.000000e+00 
  906.000  1.000000e+00 
  907.000  9.999999e-01 
  908.000  1.000000e+00 
  909.000  9.999999e-01 
  910.000  9.999999e-01 
  911.000  9.999999e-01 
  912.000  9.999999e-01 
  913.000  1.000000e+00 
  914.000  1.000000e+00 
  915.000  9.999998e-01 
  916.000  9.999998e-01 
  917.000  9.999999e-01 
  918.000  9.999999e-01 
  919.000  1.000000e+00 
  920.000  1.000000e+00 
  921.000  1.000000e+00 
  922.000  9.999998e-01 
  923.000  1.000000e+00 
  924.000  9.999999e-01 
  925.000  9.999999e-01 
  926.000  9.999999e-01 
  927.000  9.999999e-01 
  928.000  1.000000e+00 
  929.000  9.999998e-01 
  930.000  9.999998e-01 
  931.000  1.000000e+00 
  932.000  1.000000e+00 
  933.000  9.999999e-01 
  934.000  9.999999e-01 
  935.000  9.999999e-01 
  936.000  9.999998e-01 
  937.000  9.999998e-01 
  938.000  9.999998e-01 
  939.000  1.000000e+00 
  940.000  9.999999e-01 
  941.000  9.999999e-01 
  942.000  9.999999e-01 
  943.000  9.999998e-01 
  944.000  9.999999e-01 
  945.000  1.000000e+00 
  946.000  1.000000e+00 
  947.000  9.998878e-01 
  948.000  9.999793e-01 
  949.000  9.999716e-01 
  950.000  9.999716e-01 
  951.000  9.999408e-01 
  952.000  9.999992e-01 
  953.000  1.000000e+00 
  954.000  1.000000e+00 
  955.000  9.999996e-01 
  956.000  9.999999e-01 
  957.000  1.000000e+00 
  958.000  1.000000e+00 
  959.000  9.999998e-01 
  960.000  9.999999e-01 
  961.000  9.999999e-01 
  962.000  1.000000e+00 
  963.000  9.999999e-01 
  964.000  1.000000e+00 
  965.000  1.000000e+00 
  966.000  1.000000e+00 
  967.000  9.999998e-01 
  968.000  9.999998e-01 
  969.000  1.000000e+00 
  970.000  9.999999e-01 
  971.000  9.999999e-01 
  972.000  9.999999e-01 
  973.000  9.999998e-01 
  974.000  1.000000e+00 
  975.000  1.000000e+00 
  976.000  1.000000e+00 
  977.000  1.000000e+00 
  978.000  1.000000e+00 
  979.000  1.000000e+00 
  980.000  1.000000e+00 
  981.000  9.999999e-01 
  982.000  9.999999e-01 
  983.000  1.000000e+00 
  984.000  1.000000e+00 
  985.000  1.000000e+00 
  986.000  1.000000e+00 
  987.000  9.999999e-01 
  988.000  9.999999e-01 
  989.000  9.999999e-01 
  990.000  9.999999e-01 
  991.000  9.999999e-01 
  992.000  1.000000e+00 
  993.000  1.000000e+00 
  994.000  1.000000e+00 
  995.000  9.999999e-01 
  996.000  9.999999e-01 
  997.000  9.999999e-01 
  998.000  1.000000e+00 
  999.000  9.999999e-01 
 1000.000  9.999999e-01 
 1001.000  9.999999e-01 
 1002.000  9.999999e-01 
 1003.000  9.999999e-01 
 1004.000  9.999999e-01 
 1005.000  9.999999e-01 
 1006.000  9.999999e-01 
 1007.000  1.000000e+00 
 1008.000  9.999998e-01 
 1009.000  9.999998e-01 
 1010.000  9.999998e-01 
 1011.000  9.999997e-01 
 1012.000  9.999997e-01 
 1013.000  9.999995e-01 
 1014.000  9.999987e-01 
 1015.000  9.999987e-01 
 1016.000  9.999982e-01 
 1017.000  9.999959e-01 
 1018.000  9.999959e-01 
 1019.000  9.999931e-01 
 1020.000  9.999889e-01 
 1021.000  9.999889e-01 
 1022.000  9.999791e-01 
 1023.000  9.999791e-01 
 1024.000  9.999726e-01 
 1025.000  9.999490e-01 
 1026.000  9.999490e-01 
 1027.000  9.999233e-01 
 1028.000  9.998900e-01 
 1029.000  9.998900e-01 
 1030.000  9.998087e-01 
 1031.000  9.997588e-01 
 1032.000  9.997588e-01 
 1033.000  9.996183e-01 
 1034.000  9.996183e-01 
 1035.000  9.994740e-01 
 1036.000  9.989531e-01 
 1037.000  9.989531e-01 
 1038.000  9.988816e-01 
 1039.000  9.983279e-01 
 1040.000  9.983279e-01 
 1041.000  9.979150e-01 
 1042.000  9.979150e-01 
 1043.000  9.974182e-01 
 1044.000  9.966792e-01 
 1045.000  9.966792e-01 
 1046.000  9.956661e-01 
 1047.000  9.956661e-01 
 1048.000  9.946577e-01 
 1049.000  9.926516e-01 
 1050.000  9.926516e-01 
 1051.000  9.917481e-01 
 1052.000  9.917481e-01 
 1053.000  9.903772e-01 
 1054.000  9.892151e-01 
 1055.000  9.892151e-01 
 1056.000  9.878523e-01 
 1057.000  9.878523e-01 
 1058.000  9.866352e-01 
 1059.000  9.854159e-01 
 1060.000  9.854159e-01 
 1061.000  9.846409e-01 
 1062.000  9.846409e-01 
 1063.000  9.833626e-01 
 1064.000  9.828613e-01 
 1065.000  9.828613e-01 
 1066.000  9.836870e-01 
 1067.000  9.836870e-01 
 1068.000  9.829874e-01 
 1069.000  9.848412e-01 
 1070.000  9.848412e-01 
 1071.000  9.860186e-01 
 1072.000  9.860186e-01 
 1073.000  9.872103e-01 
 1074.000  9.872103e-01 
 1075.000  9.886526e-01 
 1076.000  9.900515e-01 
 1077.000  9.900515e-01 
 1078.000  9.916774e-01 
 1079.000  9.916774e-01 
 1080.000  9.928056e-01 
 1081.000  9.928056e-01 
 1082.000  9.944006e-01 
 1083.000  9.955160e-01 
 1084.000  9.955160e-01 
 1085.000  9.960487e-01 
 1086.000  9.960487e-01 
 1087.000  9.972042e-01 
 1088.000  9.972042e-01 
 1089.000  9.981667e-01 
 1090.000  9.985932e-01 
 1091.000  9.985932e-01 
 1092.000  9.990824e-01 
 1093.000  9.990824e-01 
 1094.000  9.991667e-01 
 1095.000  9.991667e-01 
 1096.000  9.994562e-01 
 1097.000  9.994562e-01 
 1098.000  9.997054e-01 
 1099.000  9.997932e-01 
 1100.000  9.997932e-01 
 1101.000  9.998762e-01 
 1102.000  9.998762e-01 
 1103.000  9.999147e-01 
 1104.000  9.999147e-01 
 1105.000  9.999402e-01 
 1106.000  9.999402e-01 
 1107.000  9.999136e-01 
 1108.000  9.999136e-01 
 1109.000  9.997490e-01 
 1110.000  9.998364e-01 
 1111.000  9.998364e-01 
 1112.000  9.996164e-01 
 1113.000  9.996164e-01 
 1114.000  9.994780e-01 
 1115.000  9.994780e-01 
 1116.000  9.988093e-01 
 1117.000  9.988093e-01 
 1118.000  9.988515e-01 
 1119.000  9.988515e-01 
 1120.000  9.992711e-01 
 1121.000  9.992711e-01 
 1122.000  9.954882e-01 
 1123.000  9.963994e-01 
 1124.000  9.963994e-01 
 1125.000  9.975034e-01 
 1126.000  9.975034e-01 
 1127.000  9.961799e-01 
 1128.000  9.961799e-01 
 1129.000  9.970698e-01 
 1130.000  9.970698e-01 
 1131.000  9.979956e-01 
 1132.000  9.979956e-01 
 1133.000  9.963894e-01 
 1134.000  9.963894e-01 
 1135.000  9.961630e-01 
 1136.000  9.961630e-01 
 1137.000  9.975838e-01 
 1138.000  9.975838e-01 
 1139.000  9.986986e-01 
 1140.000  9.986986e-01 
 1141.000  9.986729e-01 
 1142.000  9.986729e-01 
 1143.000  9.977579e-01 
 1144.000  9.977579e-01 
 1145.000  9.983994e-01 
 1146.000  9.983994e-01 
 1147.000  9.977947e-01 
 1148.000  9.977947e-01 
 1149.000  9.968093e-01 
 1150.000  9.968093e-01 
 1151.000  9.960225e-01 
 1152.000  9.960225e-01 
 1153.000  9.918888e-01 
 1154.000  9.918888e-01 
 1155.000  9.924583e-01 
 1156.000  9.924583e-01 
 1157.000  9.938303e-01 
 1158.000  9.938303e-01 
 1159.000  9.968114e-01 
 1160.000  9.968114e-01 
 1161.000  9.936848e-01 
 1162.000  9.936848e-01 
 1163.000  9.924604e-01 
 1164.000  9.924604e-01 
 1165.000  9.942784e-01 
 1166.000  9.942784e-01 
 1167.000  9.956707e-01 
 1168.000  9.956707e-01 
 1169.000  9.950114e-01 
 1170.000  9.950114e-01 
 1171.000  9.962748e-01 
 1172.000  9.962748e-01 
 1173.000  9.964327e-01 
 1174.000  9.964327e-01 
 1175.000  9.976467e-01 
 1176.000  9.976467e-01 
 1177.000  9.980727e-01 
 1178.000  9.980727e-01 
 1179.000  9.983617e-01 
 1180.000  9.983617e-01 
 1181.000  9.984545e-01 
 1182.000  9.984545e-01 
 1183.000  9.990313e-01 
 1184.000  9.990313e-01 
 1185.000  9.989572e-01 
 1186.000  9.989572e-01 
 1187.000  9.974281e-01 
 1188.000  9.974281e-01 
 1189.000  9.974281e-01 
 1190.000  9.991284e-01 
 1191.000  9.991284e-01 
 1192.000  9.988562e-01 
 1193.000  9.988562e-01 
 1194.000  9.993778e-01 
 1195.000  9.993778e-01 
 1196.000  9.996633e-01 
 1197.000  9.996633e-01 
 1198.000  9.996181e-01 
 1199.000  9.996181e-01 
 1200.000  9.994584e-01 
