  250.000  0.000000e+00 
  251.000  0.000000e+00 
  252.000  0.000000e+00 
  253.000  0.000000e+00 
  254.000  0.000000e+00 
  255.000  0.000000e+00 
  256.000  0.000000e+00 
  257.000  0.000000e+00 
  258.000  0.000000e+00 
  259.000  0.000000e+00 
  260.000  0.000000e+00 
  261.000  0.000000e+00 
  262.000  0.000000e+00 
  263.000  0.000000e+00 
  264.000  0.000000e+00 
  265.000  0.000000e+00 
  266.000  0.000000e+00 
  267.000  0.000000e+00 
  268.000  0.000000e+00 
  269.000  0.000000e+00 
  270.000  0.000000e+00 
  271.000  0.000000e+00 
  272.000  0.000000e+00 
  273.000  0.000000e+00 
  274.000  0.000000e+00 
  275.000  0.000000e+00 
  276.000  0.000000e+00 
  277.000  0.000000e+00 
  278.000  0.000000e+00 
  279.000  0.000000e+00 
  280.000  0.000000e+00 
  281.000  0.000000e+00 
  282.000  0.000000e+00 
  283.000  0.000000e+00 
  284.000  0.000000e+00 
  285.000  0.000000e+00 
  286.000  0.000000e+00 
  287.000  0.000000e+00 
  288.000  0.000000e+00 
  289.000  0.000000e+00 
  290.000  0.000000e+00 
  291.000  4.846174e-08 
  292.000  6.168872e-07 
  293.000  2.754752e-06 
  294.000  1.508591e-05 
  295.000  4.489011e-05 
  296.000  2.087425e-04 
  297.000  5.213520e-04 
  298.000  1.558676e-03 
  299.000  3.264034e-03 
  300.000  7.048787e-03 
  301.000  1.319962e-02 
  302.000  2.210989e-02 
  303.000  4.138196e-02 
  304.000  5.154714e-02 
  305.000  8.548855e-02 
  306.000  1.120062e-01 
  307.000  1.575290e-01 
  308.000  1.944592e-01 
  309.000  2.364323e-01 
  310.000  3.074930e-01 
  311.000  3.377706e-01 
  312.000  3.913864e-01 
  313.000  4.564421e-01 
  314.000  4.796976e-01 
  315.000  5.587966e-01 
  316.000  5.744195e-01 
  317.000  6.317948e-01 
  318.000  6.608996e-01 
  319.000  7.564615e-01 
  320.000  6.787826e-01 
  321.000  8.213121e-01 
  322.000  7.488368e-01 
  323.000  8.084090e-01 
  324.000  8.935183e-01 
  325.000  8.149277e-01 
  326.000  9.000113e-01 
  327.000  9.188310e-01 
  328.000  8.580664e-01 
  329.000  9.520115e-01 
  330.000  9.586743e-01 
  331.000  9.045551e-01 
  332.000  9.637218e-01 
  333.000  9.676054e-01 
  334.000  9.468671e-01 
  335.000  9.790249e-01 
  336.000  9.851674e-01 
  337.000  9.634401e-01 
  338.000  9.798310e-01 
  339.000  9.884137e-01 
  340.000  9.766825e-01 
  341.000  9.873813e-01 
  342.000  9.915046e-01 
  343.000  9.901999e-01 
  344.000  9.785891e-01 
  345.000  9.904032e-01 
  346.000  9.928575e-01 
  347.000  9.918707e-01 
  348.000  9.931529e-01 
  349.000  9.946327e-01 
  350.000  9.953436e-01 
  351.000  9.958366e-01 
  352.000  9.961087e-01 
  353.000  9.963885e-01 
  354.000  9.954431e-01 
  355.000  9.951839e-01 
  356.000  9.954011e-01 
  357.000  9.938174e-01 
  358.000  9.930232e-01 
  359.000  9.921492e-01 
  360.000  9.911217e-01 
  361.000  9.903932e-01 
  362.000  9.918194e-01 
  363.000  9.931531e-01 
  364.000  9.944358e-01 
  365.000  9.942953e-01 
  366.000  9.949830e-01 
  367.000  9.951972e-01 
  368.000  9.950733e-01 
  369.000  9.952760e-01 
  370.000  9.951769e-01 
  371.000  9.954836e-01 
  372.000  9.945213e-01 
  373.000  9.949586e-01 
  374.000  9.950553e-01 
  375.000  9.952140e-01 
  376.000  9.942377e-01 
  377.000  9.941211e-01 
  378.000  9.938883e-01 
  379.000  9.927783e-01 
  380.000  9.914634e-01 
  381.000  9.919318e-01 
  382.000  9.929784e-01 
  383.000  9.941694e-01 
  384.000  9.942343e-01 
  385.000  9.945105e-01 
  386.000  9.947442e-01 
  387.000  9.946734e-01 
  388.000  9.945478e-01 
  389.000  9.945184e-01 
  390.000  9.945036e-01 
  391.000  9.946319e-01 
  392.000  9.939747e-01 
  393.000  9.949260e-01 
  394.000  9.949340e-01 
  395.000  9.948096e-01 
  396.000  9.944949e-01 
  397.000  9.949818e-01 
  398.000  9.940485e-01 
  399.000  9.947441e-01 
  400.000  9.938970e-01 
  401.000  9.940872e-01 
  402.000  9.947813e-01 
  403.000  9.951875e-01 
  404.000  9.944062e-01 
  405.000  9.941607e-01 
  406.000  9.948773e-01 
  407.000  9.954558e-01 
  408.000  9.944723e-01 
  409.000  9.939386e-01 
  410.000  9.942298e-01 
  411.000  9.940980e-01 
  412.000  9.948280e-01 
  413.000  9.938471e-01 
  414.000  9.942482e-01 
  415.000  9.943318e-01 
  416.000  9.951788e-01 
  417.000  9.950653e-01 
  418.000  9.945771e-01 
  419.000  9.946865e-01 
  420.000  9.941910e-01 
  421.000  9.940565e-01 
  422.000  9.938576e-01 
  423.000  9.941769e-01 
  424.000  9.936095e-01 
  425.000  9.942673e-01 
  426.000  9.950274e-01 
  427.000  9.943275e-01 
  428.000  9.936684e-01 
  429.000  9.947463e-01 
  430.000  9.947364e-01 
  431.000  9.935607e-01 
  432.000  9.946503e-01 
  433.000  9.944203e-01 
  434.000  9.937757e-01 
  435.000  9.924633e-01 
  436.000  9.936106e-01 
  437.000  9.948590e-01 
  438.000  9.951043e-01 
  439.000  9.923357e-01 
  440.000  9.932666e-01 
  441.000  9.944376e-01 
  442.000  9.948637e-01 
  443.000  9.941925e-01 
  444.000  9.931341e-01 
  445.000  9.920818e-01 
  446.000  9.930807e-01 
  447.000  9.934436e-01 
  448.000  9.907615e-01 
  449.000  9.929653e-01 
  450.000  9.937204e-01 
  451.000  9.936092e-01 
  452.000  9.934741e-01 
  453.000  9.934821e-01 
  454.000  9.939407e-01 
  455.000  9.932358e-01 
  456.000  9.930549e-01 
  457.000  9.932945e-01 
  458.000  9.916292e-01 
  459.000  9.921670e-01 
  460.000  9.912196e-01 
  461.000  9.912723e-01 
  462.000  9.918855e-01 
  463.000  9.902921e-01 
  464.000  9.910861e-01 
  465.000  9.914920e-01 
  466.000  9.921392e-01 
  467.000  9.910975e-01 
  468.000  9.913450e-01 
  469.000  9.916548e-01 
  470.000  9.914235e-01 
  471.000  9.910792e-01 
  472.000  9.899685e-01 
  473.000  9.886125e-01 
  474.000  9.857658e-01 
  475.000  9.841044e-01 
  476.000  9.826416e-01 
  477.000  9.818125e-01 
  478.000  9.815372e-01 
  479.000  9.818339e-01 
  480.000  9.822264e-01 
  481.000  9.842022e-01 
  482.000  9.855961e-01 
  483.000  9.865863e-01 
  484.000  9.864573e-01 
  485.000  9.861273e-01 
  486.000  9.861566e-01 
  487.000  9.864793e-01 
  488.000  9.859077e-01 
  489.000  9.851468e-01 
  490.000  9.860067e-01 
  491.000  9.864646e-01 
  492.000  9.861367e-01 
  493.000  9.857809e-01 
  494.000  9.850961e-01 
  495.000  9.849017e-01 
  496.000  9.841313e-01 
  497.000  9.837440e-01 
  498.000  9.834360e-01 
  499.000  9.828097e-01 
  500.000  9.820574e-01 
  501.000  9.810600e-01 
  502.000  9.793493e-01 
  503.000  9.779596e-01 
  504.000  9.776728e-01 
  505.000  9.754279e-01 
  506.000  9.763055e-01 
  507.000  9.766282e-01 
  508.000  9.766799e-01 
  509.000  9.763562e-01 
  510.000  9.763794e-01 
  511.000  9.765246e-01 
  512.000  9.765808e-01 
  513.000  9.768118e-01 
  514.000  9.769256e-01 
  515.000  9.770726e-01 
  516.000  9.766430e-01 
  517.000  9.761385e-01 
  518.000  9.756982e-01 
  519.000  9.747760e-01 
  520.000  9.743934e-01 
  521.000  9.736981e-01 
  522.000  9.731692e-01 
  523.000  9.723210e-01 
  524.000  9.713871e-01 
  525.000  9.701570e-01 
  526.000  9.685084e-01 
  527.000  9.673796e-01 
  528.000  9.658399e-01 
  529.000  9.645997e-01 
  530.000  9.635857e-01 
  531.000  9.627588e-01 
  532.000  9.621841e-01 
  533.000  9.618675e-01 
  534.000  9.615341e-01 
  535.000  9.614391e-01 
  536.000  9.613181e-01 
  537.000  9.610422e-01 
  538.000  9.607201e-01 
  539.000  9.603378e-01 
  540.000  9.603202e-01 
  541.000  9.600144e-01 
  542.000  9.591562e-01 
  543.000  9.586040e-01 
  544.000  9.582949e-01 
  545.000  9.576302e-01 
  546.000  9.576095e-01 
  547.000  9.574723e-01 
  548.000  9.569153e-01 
  549.000  9.567242e-01 
  550.000  9.565938e-01 
  551.000  9.563025e-01 
  552.000  9.558174e-01 
  553.000  9.549868e-01 
  554.000  9.546773e-01 
  555.000  9.542629e-01 
  556.000  9.531982e-01 
  557.000  9.518169e-01 
  558.000  9.505993e-01 
  559.000  9.489841e-01 
  560.000  9.475833e-01 
  561.000  9.463648e-01 
  562.000  9.453046e-01 
  563.000  9.439688e-01 
  564.000  9.425333e-01 
  565.000  9.413576e-01 
  566.000  9.403406e-01 
  567.000  9.391831e-01 
  568.000  9.377269e-01 
  569.000  9.351835e-01 
  570.000  9.324967e-01 
  571.000  9.308980e-01 
  572.000  9.298253e-01 
  573.000  9.280725e-01 
  574.000  9.267873e-01 
  575.000  9.253440e-01 
  576.000  9.252020e-01 
  577.000  9.253983e-01 
  578.000  9.262063e-01 
  579.000  9.273919e-01 
  580.000  9.285105e-01 
  581.000  9.306391e-01 
  582.000  9.327806e-01 
  583.000  9.345201e-01 
  584.000  9.371586e-01 
  585.000  9.381499e-01 
  586.000  9.391021e-01 
  587.000  9.393913e-01 
  588.000  9.400888e-01 
  589.000  9.403103e-01 
  590.000  9.403323e-01 
  591.000  9.400230e-01 
  592.000  9.395269e-01 
  593.000  9.391226e-01 
  594.000  9.388990e-01 
  595.000  9.383111e-01 
  596.000  9.375627e-01 
  597.000  9.372929e-01 
  598.000  9.364851e-01 
  599.000  9.357433e-01 
  600.000  9.349512e-01 
  601.000  9.349329e-01 
  602.000  9.352157e-01 
  603.000  9.354270e-01 
  604.000  9.355537e-01 
  605.000  9.356948e-01 
  606.000  9.365748e-01 
  607.000  9.372696e-01 
  608.000  9.382260e-01 
  609.000  9.386231e-01 
  610.000  9.394163e-01 
  611.000  9.400337e-01 
  612.000  9.408708e-01 
  613.000  9.416798e-01 
  614.000  9.422352e-01 
  615.000  9.428904e-01 
  616.000  9.437863e-01 
  617.000  9.444236e-01 
  618.000  9.448140e-01 
  619.000  9.454225e-01 
  620.000  9.458216e-01 
  621.000  9.460061e-01 
  622.000  9.460883e-01 
  623.000  9.460589e-01 
  624.000  9.460169e-01 
  625.000  9.459652e-01 
  626.000  9.455326e-01 
  627.000  9.453167e-01 
  628.000  9.260559e-01 
  629.000  9.334279e-01 
  630.000  9.377707e-01 
  631.000  9.442977e-01 
  632.000  9.473386e-01 
  633.000  9.486803e-01 
  634.000  9.507658e-01 
  635.000  9.512497e-01 
  636.000  9.536672e-01 
  637.000  9.562974e-01 
  638.000  9.576063e-01 
  639.000  9.593705e-01 
  640.000  9.602895e-01 
  641.000  9.619910e-01 
  642.000  9.625998e-01 
  643.000  9.631829e-01 
  644.000  9.637598e-01 
  645.000  9.644696e-01 
  646.000  9.649667e-01 
  647.000  9.655541e-01 
  648.000  9.658877e-01 
  649.000  9.668217e-01 
  650.000  9.675704e-01 
  651.000  9.678401e-01 
  652.000  9.685045e-01 
  653.000  9.689009e-01 
  654.000  9.699290e-01 
  655.000  9.701905e-01 
  656.000  9.707099e-01 
  657.000  9.711318e-01 
  658.000  9.717988e-01 
  659.000  9.724203e-01 
  660.000  9.726841e-01 
  661.000  9.733663e-01 
  662.000  9.735547e-01 
  663.000  9.742385e-01 
  664.000  9.745334e-01 
  665.000  9.749312e-01 
  666.000  9.753825e-01 
  667.000  9.760094e-01 
  668.000  9.763517e-01 
  669.000  9.769108e-01 
  670.000  9.772055e-01 
  671.000  9.778359e-01 
  672.000  9.779468e-01 
  673.000  9.784385e-01 
  674.000  9.786209e-01 
  675.000  9.791529e-01 
  676.000  9.793024e-01 
  677.000  9.795880e-01 
  678.000  9.800299e-01 
  679.000  9.802962e-01 
  680.000  9.807724e-01 
  681.000  9.810383e-01 
  682.000  9.817554e-01 
  683.000  9.820474e-01 
  684.000  9.827312e-01 
  685.000  9.829003e-01 
  686.000  9.833506e-01 
  687.000  6.834036e-01 
  688.000  8.574903e-01 
  689.000  8.920550e-01 
  690.000  9.214563e-01 
  691.000  9.384760e-01 
  692.000  9.712468e-01 
  693.000  9.755567e-01 
  694.000  9.858870e-01 
  695.000  9.861344e-01 
  696.000  9.863609e-01 
  697.000  9.867328e-01 
  698.000  9.869333e-01 
  699.000  9.869654e-01 
  700.000  9.874817e-01 
  701.000  9.876475e-01 
  702.000  9.878229e-01 
  703.000  9.881427e-01 
  704.000  9.882991e-01 
  705.000  9.885406e-01 
  706.000  9.887525e-01 
  707.000  9.888888e-01 
  708.000  9.891148e-01 
  709.000  9.893140e-01 
  710.000  9.894295e-01 
  711.000  9.897731e-01 
  712.000  9.899204e-01 
  713.000  9.901503e-01 
  714.000  9.902040e-01 
  715.000  9.905462e-01 
  716.000  9.907447e-01 
  717.000  9.908336e-01 
  718.000  9.910930e-01 
  719.000  9.912109e-01 
  720.000  9.913092e-01 
  721.000  9.916289e-01 
  722.000  9.917790e-01 
  723.000  9.918904e-01 
  724.000  9.919600e-01 
  725.000  9.922283e-01 
  726.000  9.923865e-01 
  727.000  9.924003e-01 
  728.000  9.925767e-01 
  729.000  9.927436e-01 
  730.000  9.928550e-01 
  731.000  9.929487e-01 
  732.000  9.930325e-01 
  733.000  9.932270e-01 
  734.000  9.933950e-01 
  735.000  9.934934e-01 
  736.000  9.935480e-01 
  737.000  9.936615e-01 
  738.000  9.937342e-01 
  739.000  9.937965e-01 
  740.000  9.938431e-01 
  741.000  9.939009e-01 
  742.000  9.940760e-01 
  743.000  9.941357e-01 
  744.000  9.941958e-01 
  745.000  9.942526e-01 
  746.000  9.944097e-01 
  747.000  9.945680e-01 
  748.000  9.946352e-01 
  749.000  9.947163e-01 
  750.000  9.948318e-01 
  751.000  9.949246e-01 
  752.000  9.951980e-01 
  753.000  9.952811e-01 
  754.000  9.954002e-01 
  755.000  9.955302e-01 
  756.000  9.955997e-01 
  757.000  9.956673e-01 
  758.000  9.958402e-01 
  759.000  9.856256e-01 
  760.000  3.607588e-01 
  761.000  2.564235e-01 
  762.000  6.567699e-01 
  763.000  5.502567e-01 
  764.000  6.168364e-01 
  765.000  7.502709e-01 
  766.000  8.797716e-01 
  767.000  9.260163e-01 
  768.000  9.760020e-01 
  769.000  9.892002e-01 
  770.000  9.887967e-01 
  771.000  9.945852e-01 
  772.000  9.961317e-01 
  773.000  9.961047e-01 
  774.000  9.960996e-01 
  775.000  9.960945e-01 
  776.000  9.960939e-01 
  777.000  9.961191e-01 
  778.000  9.961262e-01 
  779.000  9.961122e-01 
  780.000  9.961011e-01 
  781.000  9.962232e-01 
  782.000  9.963391e-01 
  783.000  9.964027e-01 
  784.000  9.964694e-01 
  785.000  9.965484e-01 
  786.000  9.966133e-01 
  787.000  9.967406e-01 
  788.000  9.967684e-01 
  789.000  9.968956e-01 
  790.000  9.969411e-01 
  791.000  9.970800e-01 
  792.000  9.971753e-01 
  793.000  9.972537e-01 
  794.000  9.974849e-01 
  795.000  9.975432e-01 
  796.000  9.975976e-01 
  797.000  9.976392e-01 
  798.000  9.976857e-01 
  799.000  9.977104e-01 
  800.000  9.977554e-01 
  801.000  9.977344e-01 
  802.000  9.977072e-01 
  803.000  9.976817e-01 
  804.000  9.976317e-01 
  805.000  9.976027e-01 
  806.000  9.975836e-01 
  807.000  9.975178e-01 
  808.000  9.974719e-01 
  809.000  9.974594e-01 
  810.000  9.974054e-01 
  811.000  9.974055e-01 
  812.000  9.974275e-01 
  813.000  9.974403e-01 
  814.000  9.974518e-01 
  815.000  9.974721e-01 
  816.000  9.974878e-01 
  817.000  9.975364e-01 
  818.000  9.975839e-01 
  819.000  9.976316e-01 
  820.000  9.976770e-01 
  821.000  9.977319e-01 
  822.000  9.977435e-01 
  823.000  9.977955e-01 
  824.000  9.978815e-01 
  825.000  9.978883e-01 
  826.000  9.979569e-01 
  827.000  9.979641e-01 
  828.000  9.979895e-01 
  829.000  9.980192e-01 
  830.000  9.980548e-01 
  831.000  9.980611e-01 
  832.000  9.980691e-01 
  833.000  9.980742e-01 
  834.000  9.980818e-01 
  835.000  9.980834e-01 
  836.000  9.980833e-01 
  837.000  9.980833e-01 
  838.000  9.980833e-01 
  839.000  9.980834e-01 
  840.000  9.980832e-01 
  841.000  9.980832e-01 
  842.000  9.980772e-01 
  843.000  9.980696e-01 
  844.000  9.980599e-01 
  845.000  9.980559e-01 
  846.000  9.980423e-01 
  847.000  9.980423e-01 
  848.000  9.980286e-01 
  849.000  9.980206e-01 
  850.000  9.984847e-01 
  851.000  9.999440e-01 
  852.000  1.000000e+00 
  853.000  1.000000e+00 
  854.000  1.000000e+00 
  855.000  1.000000e+00 
  856.000  1.000000e+00 
  857.000  1.000000e+00 
  858.000  1.000000e+00 
  859.000  1.000000e+00 
  860.000  1.000000e+00 
  861.000  9.999998e-01 
  862.000  9.999959e-01 
  863.000  9.996815e-01 
  864.000  9.999995e-01 
  865.000  9.999995e-01 
  866.000  9.999179e-01 
  867.000  9.999891e-01 
  868.000  9.999171e-01 
  869.000  9.998271e-01 
  870.000  9.999933e-01 
  871.000  9.999198e-01 
  872.000  9.999977e-01 
  873.000  9.999973e-01 
  874.000  9.999973e-01 
  875.000  9.999998e-01 
  876.000  1.000000e+00 
  877.000  1.000000e+00 
  878.000  1.000000e+00 
  879.000  1.000000e+00 
  880.000  1.000000e+00 
  881.000  1.000000e+00 
  882.000  1.000000e+00 
  883.000  1.000000e+00 
  884.000  1.000000e+00 
  885.000  1.000000e+00 
  886.000  1.000000e+00 
  887.000  1.000000e+00 
  888.000  1.000000e+00 
  889.000  1.000000e+00 
  890.000  1.000000e+00 
  891.000  1.000000e+00 
  892.000  1.000000e+00 
  893.000  1.000000e+00 
  894.000  1.000000e+00 
  895.000  9.999999e-01 
  896.000  9.999999e-01 
  897.000  1.000000e+00 
  898.000  9.999998e-01 
  899.000  1.000000e+00 
  900.000  1.000000e+00 
  901.000  1.000000e+00 
  902.000  1.000000e+00 
  903.000  9.999999e-01 
  904.000  1.000000e+00 
  905.000  1.000000e+00 
  906.000  1.000000e+00 
  907.000  9.999998e-01 
  908.000  1.000000e+00 
  909.000  1.000000e+00 
  910.000  1.000000e+00 
  911.000  1.000000e+00 
  912.000  9.999998e-01 
  913.000  1.000000e+00 
  914.000  1.000000e+00 
  915.000  1.000000e+00 
  916.000  1.000000e+00 
  917.000  9.999999e-01 
  918.000  1.000000e+00 
  919.000  1.000000e+00 
  920.000  1.000000e+00 
  921.000  1.000000e+00 
  922.000  9.999998e-01 
  923.000  1.000000e+00 
  924.000  1.000000e+00 
  925.000  1.000000e+00 
  926.000  1.000000e+00 
  927.000  1.000000e+00 
  928.000  1.000000e+00 
  929.000  1.000000e+00 
  930.000  1.000000e+00 
  931.000  1.000000e+00 
  932.000  1.000000e+00 
  933.000  1.000000e+00 
  934.000  1.000000e+00 
  935.000  1.000000e+00 
  936.000  9.999999e-01 
  937.000  9.999999e-01 
  938.000  9.999999e-01 
  939.000  1.000000e+00 
  940.000  1.000000e+00 
  941.000  1.000000e+00 
  942.000  1.000000e+00 
  943.000  9.999999e-01 
  944.000  1.000000e+00 
  945.000  1.000000e+00 
  946.000  1.000000e+00 
  947.000  9.998999e-01 
  948.000  9.999815e-01 
  949.000  9.999744e-01 
  950.000  9.999744e-01 
  951.000  9.999472e-01 
  952.000  9.999993e-01 
  953.000  1.000000e+00 
  954.000  1.000000e+00 
  955.000  9.999997e-01 
  956.000  1.000000e+00 
  957.000  1.000000e+00 
  958.000  1.000000e+00 
  959.000  9.999999e-01 
  960.000  1.000000e+00 
  961.000  1.000000e+00 
  962.000  1.000000e+00 
  963.000  9.999999e-01 
  964.000  1.000000e+00 
  965.000  1.000000e+00 
  966.000  1.000000e+00 
  967.000  9.999999e-01 
  968.000  9.999999e-01 
  969.000  1.000000e+00 
  970.000  1.000000e+00 
  971.000  1.000000e+00 
  972.000  1.000000e+00 
  973.000  9.999999e-01 
  974.000  1.000000e+00 
  975.000  1.000000e+00 
  976.000  1.000000e+00 
  977.000  1.000000e+00 
  978.000  1.000000e+00 
  979.000  1.000000e+00 
  980.000  1.000000e+00 
  981.000  9.999999e-01 
  982.000  9.999999e-01 
  983.000  1.000000e+00 
  984.000  1.000000e+00 
  985.000  1.000000e+00 
  986.000  1.000000e+00 
  987.000  1.000000e+00 
  988.000  1.000000e+00 
  989.000  9.999999e-01 
  990.000  1.000000e+00 
  991.000  1.000000e+00 
  992.000  1.000000e+00 
  993.000  1.000000e+00 
  994.000  1.000000e+00 
  995.000  1.000000e+00 
  996.000  1.000000e+00 
  997.000  1.000000e+00 
  998.000  1.000000e+00 
  999.000  9.999999e-01 
 1000.000  9.999999e-01 
 1001.000  1.000000e+00 
 1002.000  1.000000e+00 
 1003.000  1.000000e+00 
 1004.000  1.000000e+00 
 1005.000  1.000000e+00 
 1006.000  1.000000e+00 
 1007.000  9.999999e-01 
 1008.000  9.999999e-01 
 1009.000  9.999999e-01 
 1010.000  9.999999e-01 
 1011.000  9.999998e-01 
 1012.000  9.999998e-01 
 1013.000  9.999995e-01 
 1014.000  9.999989e-01 
 1015.000  9.999989e-01 
 1016.000  9.999983e-01 
 1017.000  9.999965e-01 
 1018.000  9.999965e-01 
 1019.000  9.999940e-01 
 1020.000  9.999900e-01 
 1021.000  9.999900e-01 
 1022.000  9.999814e-01 
 1023.000  9.999814e-01 
 1024.000  9.999756e-01 
 1025.000  9.999544e-01 
 1026.000  9.999544e-01 
 1027.000  9.999315e-01 
 1028.000  9.999017e-01 
 1029.000  9.999017e-01 
 1030.000  9.998289e-01 
 1031.000  9.997842e-01 
 1032.000  9.997842e-01 
 1033.000  9.996586e-01 
 1034.000  9.996586e-01 
 1035.000  9.995294e-01 
 1036.000  9.990634e-01 
 1037.000  9.990634e-01 
 1038.000  9.989994e-01 
 1039.000  9.985037e-01 
 1040.000  9.985037e-01 
 1041.000  9.981343e-01 
 1042.000  9.981343e-01 
 1043.000  9.976898e-01 
 1044.000  9.970284e-01 
 1045.000  9.970284e-01 
 1046.000  9.961216e-01 
 1047.000  9.961216e-01 
 1048.000  9.952187e-01 
 1049.000  9.934226e-01 
 1050.000  9.934226e-01 
 1051.000  9.926136e-01 
 1052.000  9.926136e-01 
 1053.000  9.913858e-01 
 1054.000  9.903449e-01 
 1055.000  9.903449e-01 
 1056.000  9.891241e-01 
 1057.000  9.891241e-01 
 1058.000  9.880337e-01 
 1059.000  9.869409e-01 
 1060.000  9.869409e-01 
 1061.000  9.862465e-01 
 1062.000  9.862465e-01 
 1063.000  9.851010e-01 
 1064.000  9.846517e-01 
 1065.000  9.846517e-01 
 1066.000  9.853917e-01 
 1067.000  9.853917e-01 
 1068.000  9.847646e-01 
 1069.000  9.864259e-01 
 1070.000  9.864259e-01 
 1071.000  9.874812e-01 
 1072.000  9.874812e-01 
 1073.000  9.885492e-01 
 1074.000  9.885492e-01 
 1075.000  9.898411e-01 
 1076.000  9.910940e-01 
 1077.000  9.910940e-01 
 1078.000  9.925502e-01 
 1079.000  9.925502e-01 
 1080.000  9.935606e-01 
 1081.000  9.935606e-01 
 1082.000  9.949887e-01 
 1083.000  9.959872e-01 
 1084.000  9.959872e-01 
 1085.000  9.964638e-01 
 1086.000  9.964638e-01 
 1087.000  9.974982e-01 
 1088.000  9.974982e-01 
 1089.000  9.983597e-01 
 1090.000  9.987411e-01 
 1091.000  9.987411e-01 
 1092.000  9.991792e-01 
 1093.000  9.991792e-01 
 1094.000  9.992545e-01 
 1095.000  9.992545e-01 
 1096.000  9.995137e-01 
 1097.000  9.995137e-01 
 1098.000  9.997364e-01 
 1099.000  9.998148e-01 
 1100.000  9.998148e-01 
 1101.000  9.998896e-01 
 1102.000  9.998896e-01 
 1103.000  9.999238e-01 
 1104.000  9.999238e-01 
 1105.000  9.999465e-01 
 1106.000  9.999465e-01 
 1107.000  9.999228e-01 
 1108.000  9.999228e-01 
 1109.000  9.997755e-01 
 1110.000  9.998537e-01 
 1111.000  9.998537e-01 
 1112.000  9.996567e-01 
 1113.000  9.996567e-01 
 1114.000  9.995329e-01 
 1115.000  9.995329e-01 
 1116.000  9.989346e-01 
 1117.000  9.989346e-01 
 1118.000  9.989722e-01 
 1119.000  9.989722e-01 
 1120.000  9.993479e-01 
 1121.000  9.993479e-01 
 1122.000  9.959601e-01 
 1123.000  9.967776e-01 
 1124.000  9.967776e-01 
 1125.000  9.977660e-01 
 1126.000  9.977660e-01 
 1127.000  9.965805e-01 
 1128.000  9.965805e-01 
 1129.000  9.973773e-01 
 1130.000  9.973773e-01 
 1131.000  9.982063e-01 
 1132.000  9.982063e-01 
 1133.000  9.967686e-01 
 1134.000  9.967686e-01 
 1135.000  9.965659e-01 
 1136.000  9.965659e-01 
 1137.000  9.978378e-01 
 1138.000  9.978378e-01 
 1139.000  9.988357e-01 
 1140.000  9.988357e-01 
 1141.000  9.988126e-01 
 1142.000  9.988126e-01 
 1143.000  9.979936e-01 
 1144.000  9.979936e-01 
 1145.000  9.985678e-01 
 1146.000  9.985678e-01 
 1147.000  9.980268e-01 
 1148.000  9.980268e-01 
 1149.000  9.971446e-01 
 1150.000  9.971446e-01 
 1151.000  9.964404e-01 
 1152.000  9.964404e-01 
 1153.000  9.927359e-01 
 1154.000  9.927359e-01 
 1155.000  9.932486e-01 
 1156.000  9.932486e-01 
 1157.000  9.944777e-01 
 1158.000  9.944777e-01 
 1159.000  9.971464e-01 
 1160.000  9.971464e-01 
 1161.000  9.943475e-01 
 1162.000  9.943475e-01 
 1163.000  9.932502e-01 
 1164.000  9.932502e-01 
 1165.000  9.948788e-01 
 1166.000  9.948788e-01 
 1167.000  9.961255e-01 
 1168.000  9.961255e-01 
 1169.000  9.955348e-01 
 1170.000  9.955348e-01 
 1171.000  9.966658e-01 
 1172.000  9.966658e-01 
 1173.000  9.968076e-01 
 1174.000  9.968076e-01 
 1175.000  9.978943e-01 
 1176.000  9.978943e-01 
 1177.000  9.982755e-01 
 1178.000  9.982755e-01 
 1179.000  9.985340e-01 
 1180.000  9.985340e-01 
 1181.000  9.986170e-01 
 1182.000  9.986170e-01 
 1183.000  9.991332e-01 
 1184.000  9.991332e-01 
 1185.000  9.990669e-01 
 1186.000  9.990669e-01 
 1187.000  9.976985e-01 
 1188.000  9.976985e-01 
 1189.000  9.976985e-01 
 1190.000  9.992204e-01 
 1191.000  9.992204e-01 
 1192.000  9.989766e-01 
 1193.000  9.989766e-01 
 1194.000  9.994434e-01 
 1195.000  9.994434e-01 
 1196.000  9.996990e-01 
 1197.000  9.996990e-01 
 1198.000  9.996582e-01 
 1199.000  9.996582e-01 
 1200.000  9.995154e-01 
