  250.000  0.000000e+00 
  251.000  0.000000e+00 
  252.000  0.000000e+00 
  253.000  0.000000e+00 
  254.000  0.000000e+00 
  255.000  0.000000e+00 
  256.000  0.000000e+00 
  257.000  0.000000e+00 
  258.000  0.000000e+00 
  259.000  0.000000e+00 
  260.000  0.000000e+00 
  261.000  0.000000e+00 
  262.000  0.000000e+00 
  263.000  0.000000e+00 
  264.000  0.000000e+00 
  265.000  0.000000e+00 
  266.000  0.000000e+00 
  267.000  0.000000e+00 
  268.000  0.000000e+00 
  269.000  0.000000e+00 
  270.000  0.000000e+00 
  271.000  0.000000e+00 
  272.000  0.000000e+00 
  273.000  0.000000e+00 
  274.000  0.000000e+00 
  275.000  0.000000e+00 
  276.000  0.000000e+00 
  277.000  0.000000e+00 
  278.000  0.000000e+00 
  279.000  0.000000e+00 
  280.000  0.000000e+00 
  281.000  0.000000e+00 
  282.000  0.000000e+00 
  283.000  0.000000e+00 
  284.000  0.000000e+00 
  285.000  0.000000e+00 
  286.000  0.000000e+00 
  287.000  0.000000e+00 
  288.000  0.000000e+00 
  289.000  0.000000e+00 
  290.000  0.000000e+00 
  291.000  4.980734e-05 
  292.000  2.224230e-04 
  293.000  5.363646e-04 
  294.000  1.458363e-03 
  295.000  2.769756e-03 
  296.000  6.840142e-03 
  297.000  1.171927e-02 
  298.000  2.231926e-02 
  299.000  3.447488e-02 
  300.000  5.422317e-02 
  301.000  7.842381e-02 
  302.000  1.062252e-01 
  303.000  1.535888e-01 
  304.000  1.747725e-01 
  305.000  2.353480e-01 
  306.000  2.758866e-01 
  307.000  3.371780e-01 
  308.000  3.816487e-01 
  309.000  4.281463e-01 
  310.000  4.997198e-01 
  311.000  5.281031e-01 
  312.000  5.759122e-01 
  313.000  6.304326e-01 
  314.000  6.491333e-01 
  315.000  7.101102e-01 
  316.000  7.217222e-01 
  317.000  7.632939e-01 
  318.000  7.837857e-01 
  319.000  8.485904e-01 
  320.000  7.961925e-01 
  321.000  8.906574e-01 
  322.000  8.435486e-01 
  323.000  8.823997e-01 
  324.000  9.359169e-01 
  325.000  8.865783e-01 
  326.000  9.399115e-01 
  327.000  9.514236e-01 
  328.000  9.138915e-01 
  329.000  9.714862e-01 
  330.000  9.754798e-01 
  331.000  9.427001e-01 
  332.000  9.784977e-01 
  333.000  9.808153e-01 
  334.000  9.683946e-01 
  335.000  9.876079e-01 
  336.000  9.912481e-01 
  337.000  9.783294e-01 
  338.000  9.880861e-01 
  339.000  9.931682e-01 
  340.000  9.862173e-01 
  341.000  9.925578e-01 
  342.000  9.949939e-01 
  343.000  9.942237e-01 
  344.000  9.873492e-01 
  345.000  9.943437e-01 
  346.000  9.957923e-01 
  347.000  9.952101e-01 
  348.000  9.959666e-01 
  349.000  9.968392e-01 
  350.000  9.972583e-01 
  351.000  9.975488e-01 
  352.000  9.977092e-01 
  353.000  9.978741e-01 
  354.000  9.973170e-01 
  355.000  9.971641e-01 
  356.000  9.972920e-01 
  357.000  9.963585e-01 
  358.000  9.958901e-01 
  359.000  9.953744e-01 
  360.000  9.947679e-01 
  361.000  9.943377e-01 
  362.000  9.951798e-01 
  363.000  9.959667e-01 
  364.000  9.967232e-01 
  365.000  9.966403e-01 
  366.000  9.970458e-01 
  367.000  9.971720e-01 
  368.000  9.970990e-01 
  369.000  9.972185e-01 
  370.000  9.971601e-01 
  371.000  9.973408e-01 
  372.000  9.967736e-01 
  373.000  9.970315e-01 
  374.000  9.970883e-01 
  375.000  9.971820e-01 
  376.000  9.966064e-01 
  377.000  9.965376e-01 
  378.000  9.964003e-01 
  379.000  9.957455e-01 
  380.000  9.949696e-01 
  381.000  9.952461e-01 
  382.000  9.958636e-01 
  383.000  9.965661e-01 
  384.000  9.966043e-01 
  385.000  9.967672e-01 
  386.000  9.969050e-01 
  387.000  9.968633e-01 
  388.000  9.967892e-01 
  389.000  9.967719e-01 
  390.000  9.967631e-01 
  391.000  9.968388e-01 
  392.000  9.964511e-01 
  393.000  9.970122e-01 
  394.000  9.970168e-01 
  395.000  9.969436e-01 
  396.000  9.967580e-01 
  397.000  9.970450e-01 
  398.000  9.964948e-01 
  399.000  9.969049e-01 
  400.000  9.964054e-01 
  401.000  9.965177e-01 
  402.000  9.969268e-01 
  403.000  9.971662e-01 
  404.000  9.967057e-01 
  405.000  9.965609e-01 
  406.000  9.969834e-01 
  407.000  9.973244e-01 
  408.000  9.967447e-01 
  409.000  9.964300e-01 
  410.000  9.966018e-01 
  411.000  9.965240e-01 
  412.000  9.969544e-01 
  413.000  9.963761e-01 
  414.000  9.966125e-01 
  415.000  9.966619e-01 
  416.000  9.971611e-01 
  417.000  9.970942e-01 
  418.000  9.968065e-01 
  419.000  9.968709e-01 
  420.000  9.965788e-01 
  421.000  9.964995e-01 
  422.000  9.963822e-01 
  423.000  9.965706e-01 
  424.000  9.962359e-01 
  425.000  9.966238e-01 
  426.000  9.970719e-01 
  427.000  9.966593e-01 
  428.000  9.962707e-01 
  429.000  9.969062e-01 
  430.000  9.969004e-01 
  431.000  9.962071e-01 
  432.000  9.968497e-01 
  433.000  9.967141e-01 
  434.000  9.963339e-01 
  435.000  9.955597e-01 
  436.000  9.962366e-01 
  437.000  9.969726e-01 
  438.000  9.971172e-01 
  439.000  9.954845e-01 
  440.000  9.960337e-01 
  441.000  9.967242e-01 
  442.000  9.969755e-01 
  443.000  9.965798e-01 
  444.000  9.959555e-01 
  445.000  9.953346e-01 
  446.000  9.959240e-01 
  447.000  9.961381e-01 
  448.000  9.945552e-01 
  449.000  9.958559e-01 
  450.000  9.963013e-01 
  451.000  9.962357e-01 
  452.000  9.961560e-01 
  453.000  9.961607e-01 
  454.000  9.964312e-01 
  455.000  9.960155e-01 
  456.000  9.959087e-01 
  457.000  9.960501e-01 
  458.000  9.950675e-01 
  459.000  9.953849e-01 
  460.000  9.948257e-01 
  461.000  9.948568e-01 
  462.000  9.952187e-01 
  463.000  9.942780e-01 
  464.000  9.947469e-01 
  465.000  9.949865e-01 
  466.000  9.953684e-01 
  467.000  9.947535e-01 
  468.000  9.948997e-01 
  469.000  9.950826e-01 
  470.000  9.949460e-01 
  471.000  9.947427e-01 
  472.000  9.940869e-01 
  473.000  9.932856e-01 
  474.000  9.916023e-01 
  475.000  9.906188e-01 
  476.000  9.897525e-01 
  477.000  9.892610e-01 
  478.000  9.890978e-01 
  479.000  9.892737e-01 
  480.000  9.895063e-01 
  481.000  9.906767e-01 
  482.000  9.915019e-01 
  483.000  9.920877e-01 
  484.000  9.920114e-01 
  485.000  9.918160e-01 
  486.000  9.918334e-01 
  487.000  9.920244e-01 
  488.000  9.916862e-01 
  489.000  9.912359e-01 
  490.000  9.917448e-01 
  491.000  9.920156e-01 
  492.000  9.918217e-01 
  493.000  9.916112e-01 
  494.000  9.912059e-01 
  495.000  9.910908e-01 
  496.000  9.906347e-01 
  497.000  9.904054e-01 
  498.000  9.902229e-01 
  499.000  9.898520e-01 
  500.000  9.894063e-01 
  501.000  9.888150e-01 
  502.000  9.878004e-01 
  503.000  9.869756e-01 
  504.000  9.868054e-01 
  505.000  9.854718e-01 
  506.000  9.859933e-01 
  507.000  9.861850e-01 
  508.000  9.862157e-01 
  509.000  9.860235e-01 
  510.000  9.860371e-01 
  511.000  9.861234e-01 
  512.000  9.861569e-01 
  513.000  9.862940e-01 
  514.000  9.863616e-01 
  515.000  9.864489e-01 
  516.000  9.861937e-01 
  517.000  9.858941e-01 
  518.000  9.856324e-01 
  519.000  9.850844e-01 
  520.000  9.848568e-01 
  521.000  9.844435e-01 
  522.000  9.841290e-01 
  523.000  9.836242e-01 
  524.000  9.830684e-01 
  525.000  9.823359e-01 
  526.000  9.813536e-01 
  527.000  9.806806e-01 
  528.000  9.797621e-01 
  529.000  9.790219e-01 
  530.000  9.784165e-01 
  531.000  9.779224e-01 
  532.000  9.775790e-01 
  533.000  9.773899e-01 
  534.000  9.771904e-01 
  535.000  9.771336e-01 
  536.000  9.770613e-01 
  537.000  9.768963e-01 
  538.000  9.767038e-01 
  539.000  9.764751e-01 
  540.000  9.764646e-01 
  541.000  9.762816e-01 
  542.000  9.757682e-01 
  543.000  9.754378e-01 
  544.000  9.752527e-01 
  545.000  9.748547e-01 
  546.000  9.748423e-01 
  547.000  9.747602e-01 
  548.000  9.744266e-01 
  549.000  9.743120e-01 
  550.000  9.742340e-01 
  551.000  9.740594e-01 
  552.000  9.737688e-01 
  553.000  9.732709e-01 
  554.000  9.730853e-01 
  555.000  9.728369e-01 
  556.000  9.721982e-01 
  557.000  9.713693e-01 
  558.000  9.706382e-01 
  559.000  9.696676e-01 
  560.000  9.688255e-01 
  561.000  9.680923e-01 
  562.000  9.674543e-01 
  563.000  9.666499e-01 
  564.000  9.657848e-01 
  565.000  9.650759e-01 
  566.000  9.644626e-01 
  567.000  9.637641e-01 
  568.000  9.628847e-01 
  569.000  9.613478e-01 
  570.000  9.597220e-01 
  571.000  9.587538e-01 
  572.000  9.581038e-01 
  573.000  9.570408e-01 
  574.000  9.562611e-01 
  575.000  9.553849e-01 
  576.000  9.552987e-01 
  577.000  9.554179e-01 
  578.000  9.559084e-01 
  579.000  9.566280e-01 
  580.000  9.573066e-01 
  581.000  9.585969e-01 
  582.000  9.598939e-01 
  583.000  9.609464e-01 
  584.000  9.625415e-01 
  585.000  9.631403e-01 
  586.000  9.637153e-01 
  587.000  9.638898e-01 
  588.000  9.643107e-01 
  589.000  9.644443e-01 
  590.000  9.644577e-01 
  591.000  9.642709e-01 
  592.000  9.639717e-01 
  593.000  9.637275e-01 
  594.000  9.635926e-01 
  595.000  9.632376e-01 
  596.000  9.627856e-01 
  597.000  9.626226e-01 
  598.000  9.621345e-01 
  599.000  9.616861e-01 
  600.000  9.612072e-01 
  601.000  9.611961e-01 
  602.000  9.613671e-01 
  603.000  9.614949e-01 
  604.000  9.615715e-01 
  605.000  9.616568e-01 
  606.000  9.621887e-01 
  607.000  9.626086e-01 
  608.000  9.631862e-01 
  609.000  9.634260e-01 
  610.000  9.639049e-01 
  611.000  9.642774e-01 
  612.000  9.647824e-01 
  613.000  9.652704e-01 
  614.000  9.656052e-01 
  615.000  9.660001e-01 
  616.000  9.665399e-01 
  617.000  9.669238e-01 
  618.000  9.671589e-01 
  619.000  9.675252e-01 
  620.000  9.677655e-01 
  621.000  9.678764e-01 
  622.000  9.679260e-01 
  623.000  9.679083e-01 
  624.000  9.678831e-01 
  625.000  9.678518e-01 
  626.000  9.675915e-01 
  627.000  9.674615e-01 
  628.000  9.557297e-01 
  629.000  9.596788e-01 
  630.000  9.629112e-01 
  631.000  9.668480e-01 
  632.000  9.686783e-01 
  633.000  9.694850e-01 
  634.000  9.707381e-01 
  635.000  9.710287e-01 
  636.000  9.724796e-01 
  637.000  9.740564e-01 
  638.000  9.748403e-01 
  639.000  9.758964e-01 
  640.000  9.764463e-01 
  641.000  9.774635e-01 
  642.000  9.778273e-01 
  643.000  9.781758e-01 
  644.000  9.785203e-01 
  645.000  9.789443e-01 
  646.000  9.792411e-01 
  647.000  9.795916e-01 
  648.000  9.797906e-01 
  649.000  9.803479e-01 
  650.000  9.807944e-01 
  651.000  9.809552e-01 
  652.000  9.813513e-01 
  653.000  9.815876e-01 
  654.000  9.822000e-01 
  655.000  9.823558e-01 
  656.000  9.826651e-01 
  657.000  9.829164e-01 
  658.000  9.833134e-01 
  659.000  9.836833e-01 
  660.000  9.838402e-01 
  661.000  9.842462e-01 
  662.000  9.843581e-01 
  663.000  9.847648e-01 
  664.000  9.849401e-01 
  665.000  9.851766e-01 
  666.000  9.854448e-01 
  667.000  9.858174e-01 
  668.000  9.860207e-01 
  669.000  9.863527e-01 
  670.000  9.865278e-01 
  671.000  9.869021e-01 
  672.000  9.869680e-01 
  673.000  9.872598e-01 
  674.000  9.873682e-01 
  675.000  9.876838e-01 
  676.000  9.877725e-01 
  677.000  9.879421e-01 
  678.000  9.882041e-01 
  679.000  9.883620e-01 
  680.000  9.886444e-01 
  681.000  9.888022e-01 
  682.000  9.892272e-01 
  683.000  9.894003e-01 
  684.000  9.898055e-01 
  685.000  9.899056e-01 
  686.000  9.901723e-01 
  687.000  7.513698e-01 
  688.000  9.105852e-01 
  689.000  9.325497e-01 
  690.000  9.523315e-01 
  691.000  9.622566e-01 
  692.000  9.828930e-01 
  693.000  9.855018e-01 
  694.000  9.916739e-01 
  695.000  9.918203e-01 
  696.000  9.919544e-01 
  697.000  9.921743e-01 
  698.000  9.922929e-01 
  699.000  9.923118e-01 
  700.000  9.926172e-01 
  701.000  9.927152e-01 
  702.000  9.928190e-01 
  703.000  9.930080e-01 
  704.000  9.931005e-01 
  705.000  9.932432e-01 
  706.000  9.933683e-01 
  707.000  9.934490e-01 
  708.000  9.935824e-01 
  709.000  9.937002e-01 
  710.000  9.937685e-01 
  711.000  9.939713e-01 
  712.000  9.940585e-01 
  713.000  9.941941e-01 
  714.000  9.942259e-01 
  715.000  9.944282e-01 
  716.000  9.945452e-01 
  717.000  9.945978e-01 
  718.000  9.947509e-01 
  719.000  9.948207e-01 
  720.000  9.948785e-01 
  721.000  9.950673e-01 
  722.000  9.951559e-01 
  723.000  9.952216e-01 
  724.000  9.952627e-01 
  725.000  9.954210e-01 
  726.000  9.955145e-01 
  727.000  9.955225e-01 
  728.000  9.956266e-01 
  729.000  9.957252e-01 
  730.000  9.957908e-01 
  731.000  9.958462e-01 
  732.000  9.958956e-01 
  733.000  9.960103e-01 
  734.000  9.961094e-01 
  735.000  9.961674e-01 
  736.000  9.961996e-01 
  737.000  9.962664e-01 
  738.000  9.963095e-01 
  739.000  9.963462e-01 
  740.000  9.963738e-01 
  741.000  9.964078e-01 
  742.000  9.965110e-01 
  743.000  9.965461e-01 
  744.000  9.965816e-01 
  745.000  9.966152e-01 
  746.000  9.967079e-01 
  747.000  9.968011e-01 
  748.000  9.968407e-01 
  749.000  9.968885e-01 
  750.000  9.969565e-01 
  751.000  9.970112e-01 
  752.000  9.971725e-01 
  753.000  9.972215e-01 
  754.000  9.972917e-01 
  755.000  9.973682e-01 
  756.000  9.974092e-01 
  757.000  9.974491e-01 
  758.000  9.975509e-01 
  759.000  9.913917e-01 
  760.000  4.803827e-01 
  761.000  3.993186e-01 
  762.000  7.510153e-01 
  763.000  6.639122e-01 
  764.000  6.986023e-01 
  765.000  8.048346e-01 
  766.000  9.218726e-01 
  767.000  9.543608e-01 
  768.000  9.854339e-01 
  769.000  9.936330e-01 
  770.000  9.933387e-01 
  771.000  9.968113e-01 
  772.000  9.977228e-01 
  773.000  9.977068e-01 
  774.000  9.977039e-01 
  775.000  9.977008e-01 
  776.000  9.977004e-01 
  777.000  9.977153e-01 
  778.000  9.977194e-01 
  779.000  9.977112e-01 
  780.000  9.977047e-01 
  781.000  9.977766e-01 
  782.000  9.978449e-01 
  783.000  9.978824e-01 
  784.000  9.979216e-01 
  785.000  9.979682e-01 
  786.000  9.980065e-01 
  787.000  9.980815e-01 
  788.000  9.980977e-01 
  789.000  9.981727e-01 
  790.000  9.981996e-01 
  791.000  9.982812e-01 
  792.000  9.983373e-01 
  793.000  9.983836e-01 
  794.000  9.985198e-01 
  795.000  9.985541e-01 
  796.000  9.985861e-01 
  797.000  9.986106e-01 
  798.000  9.986380e-01 
  799.000  9.986526e-01 
  800.000  9.986790e-01 
  801.000  9.986666e-01 
  802.000  9.986506e-01 
  803.000  9.986356e-01 
  804.000  9.986061e-01 
  805.000  9.985890e-01 
  806.000  9.985778e-01 
  807.000  9.985391e-01 
  808.000  9.985121e-01 
  809.000  9.985048e-01 
  810.000  9.984729e-01 
  811.000  9.984730e-01 
  812.000  9.984859e-01 
  813.000  9.984936e-01 
  814.000  9.985003e-01 
  815.000  9.985123e-01 
  816.000  9.985214e-01 
  817.000  9.985502e-01 
  818.000  9.985781e-01 
  819.000  9.986061e-01 
  820.000  9.986328e-01 
  821.000  9.986652e-01 
  822.000  9.986721e-01 
  823.000  9.987026e-01 
  824.000  9.987531e-01 
  825.000  9.987572e-01 
  826.000  9.987976e-01 
  827.000  9.988019e-01 
  828.000  9.988170e-01 
  829.000  9.988343e-01 
  830.000  9.988552e-01 
  831.000  9.988590e-01 
  832.000  9.988637e-01 
  833.000  9.988667e-01 
  834.000  9.988711e-01 
  835.000  9.988721e-01 
  836.000  9.988722e-01 
  837.000  9.988720e-01 
  838.000  9.988721e-01 
  839.000  9.988721e-01 
  840.000  9.988721e-01 
  841.000  9.988721e-01 
  842.000  9.988685e-01 
  843.000  9.988641e-01 
  844.000  9.988583e-01 
  845.000  9.988560e-01 
  846.000  9.988479e-01 
  847.000  9.988480e-01 
  848.000  9.988399e-01 
  849.000  9.988351e-01 
  850.000  9.991083e-01 
  851.000  9.999670e-01 
  852.000  1.000000e+00 
  853.000  1.000000e+00 
  854.000  1.000000e+00 
  855.000  1.000000e+00 
  856.000  1.000000e+00 
  857.000  1.000000e+00 
  858.000  1.000000e+00 
  859.000  1.000000e+00 
  860.000  1.000000e+00 
  861.000  9.999999e-01 
  862.000  9.999976e-01 
  863.000  9.998126e-01 
  864.000  9.999997e-01 
  865.000  9.999997e-01 
  866.000  9.999517e-01 
  867.000  9.999936e-01 
  868.000  9.999512e-01 
  869.000  9.998983e-01 
  870.000  9.999960e-01 
  871.000  9.999528e-01 
  872.000  9.999986e-01 
  873.000  9.999984e-01 
  874.000  9.999984e-01 
  875.000  9.999999e-01 
  876.000  1.000000e+00 
  877.000  1.000000e+00 
  878.000  1.000000e+00 
  879.000  1.000000e+00 
  880.000  1.000000e+00 
  881.000  1.000000e+00 
  882.000  1.000000e+00 
  883.000  1.000000e+00 
  884.000  1.000000e+00 
  885.000  1.000000e+00 
  886.000  1.000000e+00 
  887.000  1.000000e+00 
  888.000  1.000000e+00 
  889.000  1.000000e+00 
  890.000  1.000000e+00 
  891.000  1.000000e+00 
  892.000  1.000000e+00 
  893.000  1.000000e+00 
  894.000  1.000000e+00 
  895.000  1.000000e+00 
  896.000  1.000000e+00 
  897.000  1.000000e+00 
  898.000  1.000000e+00 
  899.000  1.000000e+00 
  900.000  1.000000e+00 
  901.000  1.000000e+00 
  902.000  1.000000e+00 
  903.000  1.000000e+00 
  904.000  1.000000e+00 
  905.000  1.000000e+00 
  906.000  1.000000e+00 
  907.000  1.000000e+00 
  908.000  1.000000e+00 
  909.000  1.000000e+00 
  910.000  1.000000e+00 
  911.000  1.000000e+00 
  912.000  1.000000e+00 
  913.000  1.000000e+00 
  914.000  1.000000e+00 
  915.000  1.000000e+00 
  916.000  1.000000e+00 
  917.000  1.000000e+00 
  918.000  1.000000e+00 
  919.000  1.000000e+00 
  920.000  1.000000e+00 
  921.000  1.000000e+00 
  922.000  1.000000e+00 
  923.000  1.000000e+00 
  924.000  1.000000e+00 
  925.000  1.000000e+00 
  926.000  1.000000e+00 
  927.000  1.000000e+00 
  928.000  1.000000e+00 
  929.000  1.000000e+00 
  930.000  1.000000e+00 
  931.000  1.000000e+00 
  932.000  1.000000e+00 
  933.000  1.000000e+00 
  934.000  1.000000e+00 
  935.000  1.000000e+00 
  936.000  1.000000e+00 
  937.000  1.000000e+00 
  938.000  1.000000e+00 
  939.000  1.000000e+00 
  940.000  1.000000e+00 
  941.000  1.000000e+00 
  942.000  1.000000e+00 
  943.000  1.000000e+00 
  944.000  1.000000e+00 
  945.000  1.000000e+00 
  946.000  1.000000e+00 
  947.000  9.999411e-01 
  948.000  9.999892e-01 
  949.000  9.999849e-01 
  950.000  9.999849e-01 
  951.000  9.999689e-01 
  952.000  9.999995e-01 
  953.000  1.000000e+00 
  954.000  1.000000e+00 
  955.000  9.999998e-01 
  956.000  1.000000e+00 
  957.000  1.000000e+00 
  958.000  1.000000e+00 
  959.000  1.000000e+00 
  960.000  1.000000e+00 
  961.000  1.000000e+00 
  962.000  1.000000e+00 
  963.000  1.000000e+00 
  964.000  1.000000e+00 
  965.000  1.000000e+00 
  966.000  1.000000e+00 
  967.000  1.000000e+00 
  968.000  1.000000e+00 
  969.000  1.000000e+00 
  970.000  1.000000e+00 
  971.000  1.000000e+00 
  972.000  1.000000e+00 
  973.000  1.000000e+00 
  974.000  1.000000e+00 
  975.000  1.000000e+00 
  976.000  1.000000e+00 
  977.000  1.000000e+00 
  978.000  1.000000e+00 
  979.000  1.000000e+00 
  980.000  1.000000e+00 
  981.000  1.000000e+00 
  982.000  1.000000e+00 
  983.000  1.000000e+00 
  984.000  1.000000e+00 
  985.000  1.000000e+00 
  986.000  1.000000e+00 
  987.000  1.000000e+00 
  988.000  1.000000e+00 
  989.000  1.000000e+00 
  990.000  1.000000e+00 
  991.000  1.000000e+00 
  992.000  1.000000e+00 
  993.000  1.000000e+00 
  994.000  1.000000e+00 
  995.000  1.000000e+00 
  996.000  1.000000e+00 
  997.000  1.000000e+00 
  998.000  1.000000e+00 
  999.000  1.000000e+00 
 1000.000  1.000000e+00 
 1001.000  1.000000e+00 
 1002.000  1.000000e+00 
 1003.000  1.000000e+00 
 1004.000  1.000000e+00 
 1005.000  1.000000e+00 
 1006.000  1.000000e+00 
 1007.000  1.000000e+00 
 1008.000  9.999999e-01 
 1009.000  9.999999e-01 
 1010.000  9.999999e-01 
 1011.000  9.999999e-01 
 1012.000  9.999999e-01 
 1013.000  9.999998e-01 
 1014.000  9.999993e-01 
 1015.000  9.999993e-01 
 1016.000  9.999990e-01 
 1017.000  9.999979e-01 
 1018.000  9.999979e-01 
 1019.000  9.999964e-01 
 1020.000  9.999942e-01 
 1021.000  9.999942e-01 
 1022.000  9.999891e-01 
 1023.000  9.999891e-01 
 1024.000  9.999857e-01 
 1025.000  9.999731e-01 
 1026.000  9.999731e-01 
 1027.000  9.999596e-01 
 1028.000  9.999421e-01 
 1029.000  9.999421e-01 
 1030.000  9.998993e-01 
 1031.000  9.998730e-01 
 1032.000  9.998730e-01 
 1033.000  9.997991e-01 
 1034.000  9.997991e-01 
 1035.000  9.997232e-01 
 1036.000  9.994490e-01 
 1037.000  9.994490e-01 
 1038.000  9.994112e-01 
 1039.000  9.991196e-01 
 1040.000  9.991196e-01 
 1041.000  9.989022e-01 
 1042.000  9.989022e-01 
 1043.000  9.986403e-01 
 1044.000  9.982508e-01 
 1045.000  9.982508e-01 
 1046.000  9.977167e-01 
 1047.000  9.977167e-01 
 1048.000  9.971847e-01 
 1049.000  9.961256e-01 
 1050.000  9.961256e-01 
 1051.000  9.956483e-01 
 1052.000  9.956483e-01 
 1053.000  9.949238e-01 
 1054.000  9.943091e-01 
 1055.000  9.943091e-01 
 1056.000  9.935880e-01 
 1057.000  9.935880e-01 
 1058.000  9.929435e-01 
 1059.000  9.922974e-01 
 1060.000  9.922974e-01 
 1061.000  9.918866e-01 
 1062.000  9.918866e-01 
 1063.000  9.912088e-01 
 1064.000  9.909428e-01 
 1065.000  9.909428e-01 
 1066.000  9.913808e-01 
 1067.000  9.913808e-01 
 1068.000  9.910096e-01 
 1069.000  9.919928e-01 
 1070.000  9.919928e-01 
 1071.000  9.926169e-01 
 1072.000  9.926169e-01 
 1073.000  9.932482e-01 
 1074.000  9.932482e-01 
 1075.000  9.940116e-01 
 1076.000  9.947515e-01 
 1077.000  9.947515e-01 
 1078.000  9.956111e-01 
 1079.000  9.956111e-01 
 1080.000  9.962071e-01 
 1081.000  9.962071e-01 
 1082.000  9.970491e-01 
 1083.000  9.976376e-01 
 1084.000  9.976376e-01 
 1085.000  9.979184e-01 
 1086.000  9.979184e-01 
 1087.000  9.985276e-01 
 1088.000  9.985276e-01 
 1089.000  9.990348e-01 
 1090.000  9.992594e-01 
 1091.000  9.992594e-01 
 1092.000  9.995170e-01 
 1093.000  9.995170e-01 
 1094.000  9.995614e-01 
 1095.000  9.995614e-01 
 1096.000  9.997138e-01 
 1097.000  9.997138e-01 
 1098.000  9.998448e-01 
 1099.000  9.998910e-01 
 1100.000  9.998910e-01 
 1101.000  9.999349e-01 
 1102.000  9.999349e-01 
 1103.000  9.999551e-01 
 1104.000  9.999551e-01 
 1105.000  9.999685e-01 
 1106.000  9.999685e-01 
 1107.000  9.999546e-01 
 1108.000  9.999546e-01 
 1109.000  9.998679e-01 
 1110.000  9.999139e-01 
 1111.000  9.999139e-01 
 1112.000  9.997981e-01 
 1113.000  9.997981e-01 
 1114.000  9.997252e-01 
 1115.000  9.997252e-01 
 1116.000  9.993729e-01 
 1117.000  9.993729e-01 
 1118.000  9.993950e-01 
 1119.000  9.993950e-01 
 1120.000  9.996163e-01 
 1121.000  9.996163e-01 
 1122.000  9.976169e-01 
 1123.000  9.981028e-01 
 1124.000  9.981028e-01 
 1125.000  9.986852e-01 
 1126.000  9.986852e-01 
 1127.000  9.979851e-01 
 1128.000  9.979851e-01 
 1129.000  9.984550e-01 
 1130.000  9.984550e-01 
 1131.000  9.989445e-01 
 1132.000  9.989445e-01 
 1133.000  9.980972e-01 
 1134.000  9.980972e-01 
 1135.000  9.979780e-01 
 1136.000  9.979780e-01 
 1137.000  9.987273e-01 
 1138.000  9.987273e-01 
 1139.000  9.993148e-01 
 1140.000  9.993148e-01 
 1141.000  9.993011e-01 
 1142.000  9.993011e-01 
 1143.000  9.988189e-01 
 1144.000  9.988189e-01 
 1145.000  9.991572e-01 
 1146.000  9.991572e-01 
 1147.000  9.988387e-01 
 1148.000  9.988387e-01 
 1149.000  9.983191e-01 
 1150.000  9.983191e-01 
 1151.000  9.979044e-01 
 1152.000  9.979044e-01 
 1153.000  9.957138e-01 
 1154.000  9.957138e-01 
 1155.000  9.960214e-01 
 1156.000  9.960214e-01 
 1157.000  9.967479e-01 
 1158.000  9.967479e-01 
 1159.000  9.983202e-01 
 1160.000  9.983202e-01 
 1161.000  9.966702e-01 
 1162.000  9.966702e-01 
 1163.000  9.960219e-01 
 1164.000  9.960219e-01 
 1165.000  9.969834e-01 
 1166.000  9.969834e-01 
 1167.000  9.977187e-01 
 1168.000  9.977187e-01 
 1169.000  9.973696e-01 
 1170.000  9.973696e-01 
 1171.000  9.980366e-01 
 1172.000  9.980366e-01 
 1173.000  9.981204e-01 
 1174.000  9.981204e-01 
 1175.000  9.987608e-01 
 1176.000  9.987608e-01 
 1177.000  9.989851e-01 
 1178.000  9.989851e-01 
 1179.000  9.991374e-01 
 1180.000  9.991374e-01 
 1181.000  9.991862e-01 
 1182.000  9.991862e-01 
 1183.000  9.994901e-01 
 1184.000  9.994901e-01 
 1185.000  9.994509e-01 
 1186.000  9.994509e-01 
 1187.000  9.986451e-01 
 1188.000  9.986451e-01 
 1189.000  9.986451e-01 
 1190.000  9.995412e-01 
 1191.000  9.995412e-01 
 1192.000  9.993979e-01 
 1193.000  9.993979e-01 
 1194.000  9.996725e-01 
 1195.000  9.996725e-01 
 1196.000  9.998230e-01 
 1197.000  9.998230e-01 
 1198.000  9.997990e-01 
 1199.000  9.997990e-01 
 1200.000  9.997149e-01 
