  250.000  0.000000e+00 
  251.000  0.000000e+00 
  252.000  0.000000e+00 
  253.000  0.000000e+00 
  254.000  0.000000e+00 
  255.000  0.000000e+00 
  256.000  0.000000e+00 
  257.000  0.000000e+00 
  258.000  0.000000e+00 
  259.000  0.000000e+00 
  260.000  0.000000e+00 
  261.000  0.000000e+00 
  262.000  0.000000e+00 
  263.000  0.000000e+00 
  264.000  0.000000e+00 
  265.000  0.000000e+00 
  266.000  0.000000e+00 
  267.000  0.000000e+00 
  268.000  0.000000e+00 
  269.000  0.000000e+00 
  270.000  0.000000e+00 
  271.000  0.000000e+00 
  272.000  0.000000e+00 
  273.000  0.000000e+00 
  274.000  0.000000e+00 
  275.000  0.000000e+00 
  276.000  0.000000e+00 
  277.000  0.000000e+00 
  278.000  0.000000e+00 
  279.000  0.000000e+00 
  280.000  0.000000e+00 
  281.000  0.000000e+00 
  282.000  0.000000e+00 
  283.000  0.000000e+00 
  284.000  0.000000e+00 
  285.000  0.000000e+00 
  286.000  0.000000e+00 
  287.000  0.000000e+00 
  288.000  0.000000e+00 
  289.000  0.000000e+00 
  290.000  0.000000e+00 
  291.000  3.420148e-10 
  292.000  9.200153e-09 
  293.000  6.379873e-08 
  294.000  5.761080e-07 
  295.000  2.362495e-06 
  296.000  1.726406e-05 
  297.000  5.643922e-05 
  298.000  2.328604e-04 
  299.000  6.060463e-04 
  300.000  1.641371e-03 
  301.000  3.696454e-03 
  302.000  7.206098e-03 
  303.000  1.621775e-02 
  304.000  2.154970e-02 
  305.000  4.147278e-02 
  306.000  5.883114e-02 
  307.000  9.147241e-02 
  308.000  1.201324e-01 
  309.000  1.547045e-01 
  310.000  2.173694e-01 
  311.000  2.454602e-01 
  312.000  2.970188e-01 
  313.000  3.624140e-01 
  314.000  3.864867e-01 
  315.000  4.708869e-01 
  316.000  4.879936e-01 
  317.000  5.519781e-01 
  318.000  5.851054e-01 
  319.000  6.968445e-01 
  320.000  6.056752e-01 
  321.000  7.751103e-01 
  322.000  6.877685e-01 
  323.000  7.593883e-01 
  324.000  8.644148e-01 
  325.000  7.673220e-01 
  326.000  8.725524e-01 
  327.000  8.962365e-01 
  328.000  8.202914e-01 
  329.000  9.383405e-01 
  330.000  9.468479e-01 
  331.000  8.782573e-01 
  332.000  9.533045e-01 
  333.000  9.582790e-01 
  334.000  9.317839e-01 
  335.000  9.729398e-01 
  336.000  9.808469e-01 
  337.000  9.529438e-01 
  338.000  9.739767e-01 
  339.000  9.850315e-01 
  340.000  9.699285e-01 
  341.000  9.837003e-01 
  342.000  9.890198e-01 
  343.000  9.873360e-01 
  344.000  9.723794e-01 
  345.000  9.875982e-01 
  346.000  9.907665e-01 
  347.000  9.894924e-01 
  348.000  9.911478e-01 
  349.000  9.930597e-01 
  350.000  9.939782e-01 
  351.000  9.946154e-01 
  352.000  9.949670e-01 
  353.000  9.953288e-01 
  354.000  9.941069e-01 
  355.000  9.937718e-01 
  356.000  9.940525e-01 
  357.000  9.920063e-01 
  358.000  9.909805e-01 
  359.000  9.898518e-01 
  360.000  9.885255e-01 
  361.000  9.875852e-01 
  362.000  9.894262e-01 
  363.000  9.911481e-01 
  364.000  9.928050e-01 
  365.000  9.926237e-01 
  366.000  9.935123e-01 
  367.000  9.937889e-01 
  368.000  9.936290e-01 
  369.000  9.938908e-01 
  370.000  9.937627e-01 
  371.000  9.941589e-01 
  372.000  9.929156e-01 
  373.000  9.934807e-01 
  374.000  9.936057e-01 
  375.000  9.938109e-01 
  376.000  9.925491e-01 
  377.000  9.923986e-01 
  378.000  9.920979e-01 
  379.000  9.906642e-01 
  380.000  9.889666e-01 
  381.000  9.895712e-01 
  382.000  9.909227e-01 
  383.000  9.924610e-01 
  384.000  9.925447e-01 
  385.000  9.929018e-01 
  386.000  9.932035e-01 
  387.000  9.931123e-01 
  388.000  9.929498e-01 
  389.000  9.929120e-01 
  390.000  9.928927e-01 
  391.000  9.930587e-01 
  392.000  9.922094e-01 
  393.000  9.934385e-01 
  394.000  9.934487e-01 
  395.000  9.932882e-01 
  396.000  9.928817e-01 
  397.000  9.935107e-01 
  398.000  9.923047e-01 
  399.000  9.932033e-01 
  400.000  9.921091e-01 
  401.000  9.923549e-01 
  402.000  9.932516e-01 
  403.000  9.937763e-01 
  404.000  9.927669e-01 
  405.000  9.924496e-01 
  406.000  9.933757e-01 
  407.000  9.941233e-01 
  408.000  9.928522e-01 
  409.000  9.921626e-01 
  410.000  9.925391e-01 
  411.000  9.923687e-01 
  412.000  9.933120e-01 
  413.000  9.920446e-01 
  414.000  9.925627e-01 
  415.000  9.926708e-01 
  416.000  9.937652e-01 
  417.000  9.936182e-01 
  418.000  9.929878e-01 
  419.000  9.931289e-01 
  420.000  9.924887e-01 
  421.000  9.923151e-01 
  422.000  9.920582e-01 
  423.000  9.924708e-01 
  424.000  9.917376e-01 
  425.000  9.925874e-01 
  426.000  9.935696e-01 
  427.000  9.926652e-01 
  428.000  9.918138e-01 
  429.000  9.932062e-01 
  430.000  9.931935e-01 
  431.000  9.916746e-01 
  432.000  9.930822e-01 
  433.000  9.927851e-01 
  434.000  9.919522e-01 
  435.000  9.902574e-01 
  436.000  9.917392e-01 
  437.000  9.933519e-01 
  438.000  9.936689e-01 
  439.000  9.900927e-01 
  440.000  9.912948e-01 
  441.000  9.928076e-01 
  442.000  9.933581e-01 
  443.000  9.924908e-01 
  444.000  9.911237e-01 
  445.000  9.897649e-01 
  446.000  9.910549e-01 
  447.000  9.915235e-01 
  448.000  9.880606e-01 
  449.000  9.909056e-01 
  450.000  9.918809e-01 
  451.000  9.917372e-01 
  452.000  9.915628e-01 
  453.000  9.915732e-01 
  454.000  9.921656e-01 
  455.000  9.912550e-01 
  456.000  9.910214e-01 
  457.000  9.913309e-01 
  458.000  9.891805e-01 
  459.000  9.898748e-01 
  460.000  9.886519e-01 
  461.000  9.887198e-01 
  462.000  9.895114e-01 
  463.000  9.874548e-01 
  464.000  9.884795e-01 
  465.000  9.890034e-01 
  466.000  9.898388e-01 
  467.000  9.884941e-01 
  468.000  9.888137e-01 
  469.000  9.892137e-01 
  470.000  9.889150e-01 
  471.000  9.884704e-01 
  472.000  9.870372e-01 
  473.000  9.852878e-01 
  474.000  9.816180e-01 
  475.000  9.794775e-01 
  476.000  9.775938e-01 
  477.000  9.765264e-01 
  478.000  9.761722e-01 
  479.000  9.765540e-01 
  480.000  9.770593e-01 
  481.000  9.796034e-01 
  482.000  9.813992e-01 
  483.000  9.826753e-01 
  484.000  9.825092e-01 
  485.000  9.820837e-01 
  486.000  9.821215e-01 
  487.000  9.825376e-01 
  488.000  9.818007e-01 
  489.000  9.808203e-01 
  490.000  9.819283e-01 
  491.000  9.825183e-01 
  492.000  9.820960e-01 
  493.000  9.816374e-01 
  494.000  9.807550e-01 
  495.000  9.805045e-01 
  496.000  9.795120e-01 
  497.000  9.790131e-01 
  498.000  9.786165e-01 
  499.000  9.778101e-01 
  500.000  9.768418e-01 
  501.000  9.755580e-01 
  502.000  9.733570e-01 
  503.000  9.715701e-01 
  504.000  9.712015e-01 
  505.000  9.683164e-01 
  506.000  9.694440e-01 
  507.000  9.698587e-01 
  508.000  9.699251e-01 
  509.000  9.695092e-01 
  510.000  9.695389e-01 
  511.000  9.697255e-01 
  512.000  9.697978e-01 
  513.000  9.700945e-01 
  514.000  9.702408e-01 
  515.000  9.704298e-01 
  516.000  9.698775e-01 
  517.000  9.692295e-01 
  518.000  9.686636e-01 
  519.000  9.674790e-01 
  520.000  9.669876e-01 
  521.000  9.660947e-01 
  522.000  9.654158e-01 
  523.000  9.643267e-01 
  524.000  9.631286e-01 
  525.000  9.615503e-01 
  526.000  9.594363e-01 
  527.000  9.579894e-01 
  528.000  9.560166e-01 
  529.000  9.544283e-01 
  530.000  9.531304e-01 
  531.000  9.520718e-01 
  532.000  9.513364e-01 
  533.000  9.509314e-01 
  534.000  9.505047e-01 
  535.000  9.503832e-01 
  536.000  9.502285e-01 
  537.000  9.498755e-01 
  538.000  9.494635e-01 
  539.000  9.489746e-01 
  540.000  9.489522e-01 
  541.000  9.485610e-01 
  542.000  9.474638e-01 
  543.000  9.467582e-01 
  544.000  9.463630e-01 
  545.000  9.455135e-01 
  546.000  9.454871e-01 
  547.000  9.453119e-01 
  548.000  9.446004e-01 
  549.000  9.443560e-01 
  550.000  9.441895e-01 
  551.000  9.438174e-01 
  552.000  9.431980e-01 
  553.000  9.421372e-01 
  554.000  9.417422e-01 
  555.000  9.412133e-01 
  556.000  9.398544e-01 
  557.000  9.380923e-01 
  558.000  9.365396e-01 
  559.000  9.344807e-01 
  560.000  9.326962e-01 
  561.000  9.311442e-01 
  562.000  9.297945e-01 
  563.000  9.280947e-01 
  564.000  9.262686e-01 
  565.000  9.247733e-01 
  566.000  9.234808e-01 
  567.000  9.220099e-01 
  568.000  9.201602e-01 
  569.000  9.169319e-01 
  570.000  9.135242e-01 
  571.000  9.114978e-01 
  572.000  9.101388e-01 
  573.000  9.079190e-01 
  574.000  9.062923e-01 
  575.000  9.044662e-01 
  576.000  9.042868e-01 
  577.000  9.045350e-01 
  578.000  9.055572e-01 
  579.000  9.070576e-01 
  580.000  9.084737e-01 
  581.000  9.111697e-01 
  582.000  9.138842e-01 
  583.000  9.160901e-01 
  584.000  9.194388e-01 
  585.000  9.206976e-01 
  586.000  9.219074e-01 
  587.000  9.222745e-01 
  588.000  9.231608e-01 
  589.000  9.234423e-01 
  590.000  9.234701e-01 
  591.000  9.230770e-01 
  592.000  9.224470e-01 
  593.000  9.219331e-01 
  594.000  9.216490e-01 
  595.000  9.209023e-01 
  596.000  9.199519e-01 
  597.000  9.196094e-01 
  598.000  9.185838e-01 
  599.000  9.176422e-01 
  600.000  9.166372e-01 
  601.000  9.166139e-01 
  602.000  9.169728e-01 
  603.000  9.172409e-01 
  604.000  9.174016e-01 
  605.000  9.175807e-01 
  606.000  9.186976e-01 
  607.000  9.195797e-01 
  608.000  9.207942e-01 
  609.000  9.212986e-01 
  610.000  9.223063e-01 
  611.000  9.230908e-01 
  612.000  9.241546e-01 
  613.000  9.251831e-01 
  614.000  9.258894e-01 
  615.000  9.267226e-01 
  616.000  9.278623e-01 
  617.000  9.286733e-01 
  618.000  9.291700e-01 
  619.000  9.299447e-01 
  620.000  9.304526e-01 
  621.000  9.306875e-01 
  622.000  9.307920e-01 
  623.000  9.307549e-01 
  624.000  9.307013e-01 
  625.000  9.306356e-01 
  626.000  9.300846e-01 
  627.000  9.298099e-01 
  628.000  9.054964e-01 
  629.000  9.155058e-01 
  630.000  9.202160e-01 
  631.000  9.285131e-01 
  632.000  9.323843e-01 
  633.000  9.340937e-01 
  634.000  9.367520e-01 
  635.000  9.373688e-01 
  636.000  9.404531e-01 
  637.000  9.438110e-01 
  638.000  9.454830e-01 
  639.000  9.477379e-01 
  640.000  9.489129e-01 
  641.000  9.510891e-01 
  642.000  9.518682e-01 
  643.000  9.526145e-01 
  644.000  9.533530e-01 
  645.000  9.542617e-01 
  646.000  9.548985e-01 
  647.000  9.556505e-01 
  648.000  9.560779e-01 
  649.000  9.572744e-01 
  650.000  9.582340e-01 
  651.000  9.585796e-01 
  652.000  9.594312e-01 
  653.000  9.599395e-01 
  654.000  9.612578e-01 
  655.000  9.615933e-01 
  656.000  9.622594e-01 
  657.000  9.628009e-01 
  658.000  9.636566e-01 
  659.000  9.644544e-01 
  660.000  9.647928e-01 
  661.000  9.656688e-01 
  662.000  9.659107e-01 
  663.000  9.667884e-01 
  664.000  9.671672e-01 
  665.000  9.676782e-01 
  666.000  9.682579e-01 
  667.000  9.690635e-01 
  668.000  9.695033e-01 
  669.000  9.702218e-01 
  670.000  9.706007e-01 
  671.000  9.714109e-01 
  672.000  9.715537e-01 
  673.000  9.721859e-01 
  674.000  9.724204e-01 
  675.000  9.731044e-01 
  676.000  9.732968e-01 
  677.000  9.736642e-01 
  678.000  9.742326e-01 
  679.000  9.745751e-01 
  680.000  9.751881e-01 
  681.000  9.755300e-01 
  682.000  9.764530e-01 
  683.000  9.768288e-01 
  684.000  9.777092e-01 
  685.000  9.779269e-01 
  686.000  9.785067e-01 
  687.000  6.434366e-01 
  688.000  8.235639e-01 
  689.000  8.659738e-01 
  690.000  9.005646e-01 
  691.000  9.226623e-01 
  692.000  9.630883e-01 
  693.000  9.685532e-01 
  694.000  9.817743e-01 
  695.000  9.820929e-01 
  696.000  9.823850e-01 
  697.000  9.828641e-01 
  698.000  9.831228e-01 
  699.000  9.831640e-01 
  700.000  9.838296e-01 
  701.000  9.840433e-01 
  702.000  9.842697e-01 
  703.000  9.846821e-01 
  704.000  9.848838e-01 
  705.000  9.851951e-01 
  706.000  9.854684e-01 
  707.000  9.856445e-01 
  708.000  9.859357e-01 
  709.000  9.861926e-01 
  710.000  9.863419e-01 
  711.000  9.867851e-01 
  712.000  9.869752e-01 
  713.000  9.872717e-01 
  714.000  9.873409e-01 
  715.000  9.877829e-01 
  716.000  9.880389e-01 
  717.000  9.881536e-01 
  718.000  9.884884e-01 
  719.000  9.886408e-01 
  720.000  9.887673e-01 
  721.000  9.891801e-01 
  722.000  9.893738e-01 
  723.000  9.895175e-01 
  724.000  9.896075e-01 
  725.000  9.899541e-01 
  726.000  9.901585e-01 
  727.000  9.901758e-01 
  728.000  9.904038e-01 
  729.000  9.906194e-01 
  730.000  9.907631e-01 
  731.000  9.908842e-01 
  732.000  9.909925e-01 
  733.000  9.912438e-01 
  734.000  9.914604e-01 
  735.000  9.915877e-01 
  736.000  9.916582e-01 
  737.000  9.918048e-01 
  738.000  9.918987e-01 
  739.000  9.919793e-01 
  740.000  9.920397e-01 
  741.000  9.921142e-01 
  742.000  9.923404e-01 
  743.000  9.924175e-01 
  744.000  9.924949e-01 
  745.000  9.925687e-01 
  746.000  9.927716e-01 
  747.000  9.929759e-01 
  748.000  9.930629e-01 
  749.000  9.931673e-01 
  750.000  9.933168e-01 
  751.000  9.934366e-01 
  752.000  9.937901e-01 
  753.000  9.938975e-01 
  754.000  9.940514e-01 
  755.000  9.942192e-01 
  756.000  9.943092e-01 
  757.000  9.943965e-01 
  758.000  9.946200e-01 
  759.000  9.816287e-01 
  760.000  3.025479e-01 
  761.000  1.918176e-01 
  762.000  6.090258e-01 
  763.000  4.929847e-01 
  764.000  5.693913e-01 
  765.000  7.157568e-01 
  766.000  8.544692e-01 
  767.000  9.073656e-01 
  768.000  9.696145e-01 
  769.000  9.860459e-01 
  770.000  9.856114e-01 
  771.000  9.929982e-01 
  772.000  9.949968e-01 
  773.000  9.949619e-01 
  774.000  9.949554e-01 
  775.000  9.949486e-01 
  776.000  9.949478e-01 
  777.000  9.949803e-01 
  778.000  9.949896e-01 
  779.000  9.949718e-01 
  780.000  9.949574e-01 
  781.000  9.951151e-01 
  782.000  9.952650e-01 
  783.000  9.953473e-01 
  784.000  9.954336e-01 
  785.000  9.955356e-01 
  786.000  9.956194e-01 
  787.000  9.957841e-01 
  788.000  9.958196e-01 
  789.000  9.959844e-01 
  790.000  9.960433e-01 
  791.000  9.962227e-01 
  792.000  9.963459e-01 
  793.000  9.964473e-01 
  794.000  9.967465e-01 
  795.000  9.968217e-01 
  796.000  9.968921e-01 
  797.000  9.969458e-01 
  798.000  9.970061e-01 
  799.000  9.970381e-01 
  800.000  9.970960e-01 
  801.000  9.970689e-01 
  802.000  9.970338e-01 
  803.000  9.970009e-01 
  804.000  9.969364e-01 
  805.000  9.968987e-01 
  806.000  9.968739e-01 
  807.000  9.967889e-01 
  808.000  9.967295e-01 
  809.000  9.967133e-01 
  810.000  9.966434e-01 
  811.000  9.966438e-01 
  812.000  9.966722e-01 
  813.000  9.966890e-01 
  814.000  9.967035e-01 
  815.000  9.967297e-01 
  816.000  9.967504e-01 
  817.000  9.968130e-01 
  818.000  9.968742e-01 
  819.000  9.969361e-01 
  820.000  9.969949e-01 
  821.000  9.970658e-01 
  822.000  9.970807e-01 
  823.000  9.971482e-01 
  824.000  9.972591e-01 
  825.000  9.972680e-01 
  826.000  9.973567e-01 
  827.000  9.973661e-01 
  828.000  9.973989e-01 
  829.000  9.974373e-01 
  830.000  9.974833e-01 
  831.000  9.974918e-01 
  832.000  9.975019e-01 
  833.000  9.975083e-01 
  834.000  9.975184e-01 
  835.000  9.975203e-01 
  836.000  9.975203e-01 
  837.000  9.975203e-01 
  838.000  9.975203e-01 
  839.000  9.975204e-01 
  840.000  9.975204e-01 
  841.000  9.975204e-01 
  842.000  9.975123e-01 
  843.000  9.975026e-01 
  844.000  9.974898e-01 
  845.000  9.974849e-01 
  846.000  9.974672e-01 
  847.000  9.974672e-01 
  848.000  9.974495e-01 
  849.000  9.974391e-01 
  850.000  9.980393e-01 
  851.000  9.999276e-01 
  852.000  1.000000e+00 
  853.000  9.999999e-01 
  854.000  9.999999e-01 
  855.000  9.999999e-01 
  856.000  1.000000e+00 
  857.000  1.000000e+00 
  858.000  1.000000e+00 
  859.000  1.000000e+00 
  860.000  9.999999e-01 
  861.000  9.999998e-01 
  862.000  9.999946e-01 
  863.000  9.995878e-01 
  864.000  9.999993e-01 
  865.000  9.999993e-01 
  866.000  9.998936e-01 
  867.000  9.999858e-01 
  868.000  9.998929e-01 
  869.000  9.997762e-01 
  870.000  9.999912e-01 
  871.000  9.998962e-01 
  872.000  9.999970e-01 
  873.000  9.999965e-01 
  874.000  9.999965e-01 
  875.000  9.999998e-01 
  876.000  9.999999e-01 
  877.000  1.000000e+00 
  878.000  1.000000e+00 
  879.000  1.000000e+00 
  880.000  1.000000e+00 
  881.000  1.000000e+00 
  882.000  1.000000e+00 
  883.000  1.000000e+00 
  884.000  1.000000e+00 
  885.000  1.000000e+00 
  886.000  1.000000e+00 
  887.000  1.000000e+00 
  888.000  1.000000e+00 
  889.000  9.999999e-01 
  890.000  1.000000e+00 
  891.000  9.999999e-01 
  892.000  1.000000e+00 
  893.000  1.000000e+00 
  894.000  1.000000e+00 
  895.000  9.999999e-01 
  896.000  9.999999e-01 
  897.000  1.000000e+00 
  898.000  9.999999e-01 
  899.000  1.000000e+00 
  900.000  1.000000e+00 
  901.000  9.999999e-01 
  902.000  1.000000e+00 
  903.000  9.999999e-01 
  904.000  1.000000e+00 
  905.000  1.000000e+00 
  906.000  1.000000e+00 
  907.000  9.999997e-01 
  908.000  1.000000e+00 
  909.000  1.000000e+00 
  910.000  1.000000e+00 
  911.000  1.000000e+00 
  912.000  1.000000e+00 
  913.000  9.999999e-01 
  914.000  1.000000e+00 
  915.000  9.999999e-01 
  916.000  9.999999e-01 
  917.000  9.999998e-01 
  918.000  1.000000e+00 
  919.000  1.000000e+00 
  920.000  1.000000e+00 
  921.000  1.000000e+00 
  922.000  1.000000e+00 
  923.000  9.999999e-01 
  924.000  1.000000e+00 
  925.000  1.000000e+00 
  926.000  1.000000e+00 
  927.000  1.000000e+00 
  928.000  1.000000e+00 
  929.000  1.000000e+00 
  930.000  1.000000e+00 
  931.000  1.000000e+00 
  932.000  1.000000e+00 
  933.000  1.000000e+00 
  934.000  1.000000e+00 
  935.000  9.999999e-01 
  936.000  9.999999e-01 
  937.000  9.999999e-01 
  938.000  9.999999e-01 
  939.000  1.000000e+00 
  940.000  9.999998e-01 
  941.000  1.000000e+00 
  942.000  1.000000e+00 
  943.000  9.999999e-01 
  944.000  1.000000e+00 
  945.000  1.000000e+00 
  946.000  1.000000e+00 
  947.000  9.998705e-01 
  948.000  9.999760e-01 
  949.000  9.999670e-01 
  950.000  9.999670e-01 
  951.000  9.999315e-01 
  952.000  9.999991e-01 
  953.000  1.000000e+00 
  954.000  1.000000e+00 
  955.000  9.999996e-01 
  956.000  1.000000e+00 
  957.000  1.000000e+00 
  958.000  1.000000e+00 
  959.000  9.999999e-01 
  960.000  1.000000e+00 
  961.000  1.000000e+00 
  962.000  1.000000e+00 
  963.000  1.000000e+00 
  964.000  1.000000e+00 
  965.000  1.000000e+00 
  966.000  1.000000e+00 
  967.000  1.000000e+00 
  968.000  1.000000e+00 
  969.000  1.000000e+00 
  970.000  9.999999e-01 
  971.000  9.999999e-01 
  972.000  9.999999e-01 
  973.000  1.000000e+00 
  974.000  1.000000e+00 
  975.000  1.000000e+00 
  976.000  1.000000e+00 
  977.000  9.999999e-01 
  978.000  1.000000e+00 
  979.000  1.000000e+00 
  980.000  9.999999e-01 
  981.000  9.999999e-01 
  982.000  9.999999e-01 
  983.000  1.000000e+00 
  984.000  1.000000e+00 
  985.000  1.000000e+00 
  986.000  1.000000e+00 
  987.000  1.000000e+00 
  988.000  1.000000e+00 
  989.000  1.000000e+00 
  990.000  9.999999e-01 
  991.000  9.999999e-01 
  992.000  1.000000e+00 
  993.000  1.000000e+00 
  994.000  1.000000e+00 
  995.000  1.000000e+00 
  996.000  1.000000e+00 
  997.000  1.000000e+00 
  998.000  1.000000e+00 
  999.000  1.000000e+00 
 1000.000  1.000000e+00 
 1001.000  9.999999e-01 
 1002.000  1.000000e+00 
 1003.000  1.000000e+00 
 1004.000  1.000000e+00 
 1005.000  1.000000e+00 
 1006.000  1.000000e+00 
 1007.000  9.999999e-01 
 1008.000  9.999999e-01 
 1009.000  9.999999e-01 
 1010.000  9.999998e-01 
 1011.000  9.999997e-01 
 1012.000  9.999997e-01 
 1013.000  9.999992e-01 
 1014.000  9.999985e-01 
 1015.000  9.999985e-01 
 1016.000  9.999980e-01 
 1017.000  9.999954e-01 
 1018.000  9.999954e-01 
 1019.000  9.999921e-01 
 1020.000  9.999872e-01 
 1021.000  9.999872e-01 
 1022.000  9.999760e-01 
 1023.000  9.999760e-01 
 1024.000  9.999685e-01 
 1025.000  9.999409e-01 
 1026.000  9.999409e-01 
 1027.000  9.999114e-01 
 1028.000  9.998727e-01 
 1029.000  9.998727e-01 
 1030.000  9.997784e-01 
 1031.000  9.997208e-01 
 1032.000  9.997208e-01 
 1033.000  9.995582e-01 
 1034.000  9.995582e-01 
 1035.000  9.993910e-01 
 1036.000  9.987880e-01 
 1037.000  9.987880e-01 
 1038.000  9.987053e-01 
 1039.000  9.980642e-01 
 1040.000  9.980642e-01 
 1041.000  9.975863e-01 
 1042.000  9.975863e-01 
 1043.000  9.970112e-01 
 1044.000  9.961559e-01 
 1045.000  9.961559e-01 
 1046.000  9.949835e-01 
 1047.000  9.949835e-01 
 1048.000  9.938166e-01 
 1049.000  9.914963e-01 
 1050.000  9.914963e-01 
 1051.000  9.904516e-01 
 1052.000  9.904516e-01 
 1053.000  9.888664e-01 
 1054.000  9.875230e-01 
 1055.000  9.875230e-01 
 1056.000  9.859479e-01 
 1057.000  9.859479e-01 
 1058.000  9.845414e-01 
 1059.000  9.831326e-01 
 1060.000  9.831326e-01 
 1061.000  9.822374e-01 
 1062.000  9.822374e-01 
 1063.000  9.807612e-01 
 1064.000  9.801824e-01 
 1065.000  9.801824e-01 
 1066.000  9.811360e-01 
 1067.000  9.811360e-01 
 1068.000  9.803278e-01 
 1069.000  9.824688e-01 
 1070.000  9.824688e-01 
 1071.000  9.838291e-01 
 1072.000  9.838291e-01 
 1073.000  9.852061e-01 
 1074.000  9.852061e-01 
 1075.000  9.868726e-01 
 1076.000  9.884895e-01 
 1077.000  9.884895e-01 
 1078.000  9.903698e-01 
 1079.000  9.903698e-01 
 1080.000  9.916745e-01 
 1081.000  9.916745e-01 
 1082.000  9.935194e-01 
 1083.000  9.948101e-01 
 1084.000  9.948101e-01 
 1085.000  9.954261e-01 
 1086.000  9.954261e-01 
 1087.000  9.967636e-01 
 1088.000  9.967636e-01 
 1089.000  9.978778e-01 
 1090.000  9.983712e-01 
 1091.000  9.983712e-01 
 1092.000  9.989376e-01 
 1093.000  9.989376e-01 
 1094.000  9.990352e-01 
 1095.000  9.990352e-01 
 1096.000  9.993704e-01 
 1097.000  9.993704e-01 
 1098.000  9.996588e-01 
 1099.000  9.997603e-01 
 1100.000  9.997603e-01 
 1101.000  9.998569e-01 
 1102.000  9.998569e-01 
 1103.000  9.999012e-01 
 1104.000  9.999012e-01 
 1105.000  9.999306e-01 
 1106.000  9.999306e-01 
 1107.000  9.999001e-01 
 1108.000  9.999001e-01 
 1109.000  9.997092e-01 
 1110.000  9.998105e-01 
 1111.000  9.998105e-01 
 1112.000  9.995559e-01 
 1113.000  9.995559e-01 
 1114.000  9.993955e-01 
 1115.000  9.993955e-01 
 1116.000  9.986218e-01 
 1117.000  9.986218e-01 
 1118.000  9.986705e-01 
 1119.000  9.986705e-01 
 1120.000  9.991562e-01 
 1121.000  9.991562e-01 
 1122.000  9.947820e-01 
 1123.000  9.958324e-01 
 1124.000  9.958324e-01 
 1125.000  9.971098e-01 
 1126.000  9.971098e-01 
 1127.000  9.955801e-01 
 1128.000  9.955801e-01 
 1129.000  9.966093e-01 
 1130.000  9.966093e-01 
 1131.000  9.976793e-01 
 1132.000  9.976793e-01 
 1133.000  9.958212e-01 
 1134.000  9.958212e-01 
 1135.000  9.955587e-01 
 1136.000  9.955587e-01 
 1137.000  9.972029e-01 
 1138.000  9.972029e-01 
 1139.000  9.984938e-01 
 1140.000  9.984938e-01 
 1141.000  9.984640e-01 
 1142.000  9.984640e-01 
 1143.000  9.974047e-01 
 1144.000  9.974047e-01 
 1145.000  9.981468e-01 
 1146.000  9.981468e-01 
 1147.000  9.974473e-01 
 1148.000  9.974473e-01 
 1149.000  9.963065e-01 
 1150.000  9.963065e-01 
 1151.000  9.953961e-01 
 1152.000  9.953961e-01 
 1153.000  9.906209e-01 
 1154.000  9.906209e-01 
 1155.000  9.912744e-01 
 1156.000  9.912744e-01 
 1157.000  9.928598e-01 
 1158.000  9.928598e-01 
 1159.000  9.963092e-01 
 1160.000  9.963092e-01 
 1161.000  9.926922e-01 
 1162.000  9.926922e-01 
 1163.000  9.912770e-01 
 1164.000  9.912770e-01 
 1165.000  9.933790e-01 
 1166.000  9.933790e-01 
 1167.000  9.949888e-01 
 1168.000  9.949888e-01 
 1169.000  9.942275e-01 
 1170.000  9.942275e-01 
 1171.000  9.956884e-01 
 1172.000  9.956884e-01 
 1173.000  9.958713e-01 
 1174.000  9.958713e-01 
 1175.000  9.972758e-01 
 1176.000  9.972758e-01 
 1177.000  9.977692e-01 
 1178.000  9.977692e-01 
 1179.000  9.981033e-01 
 1180.000  9.981033e-01 
 1181.000  9.982105e-01 
 1182.000  9.982105e-01 
 1183.000  9.988785e-01 
 1184.000  9.988785e-01 
 1185.000  9.987926e-01 
 1186.000  9.987926e-01 
 1187.000  9.970230e-01 
 1188.000  9.970230e-01 
 1189.000  9.970230e-01 
 1190.000  9.989910e-01 
 1191.000  9.989910e-01 
 1192.000  9.986759e-01 
 1193.000  9.986759e-01 
 1194.000  9.992797e-01 
 1195.000  9.992797e-01 
 1196.000  9.996104e-01 
 1197.000  9.996104e-01 
 1198.000  9.995580e-01 
 1199.000  9.995580e-01 
 1200.000  9.993730e-01 
