  250.000  0.000000e+00 
  251.000  0.000000e+00 
  252.000  0.000000e+00 
  253.000  0.000000e+00 
  254.000  0.000000e+00 
  255.000  0.000000e+00 
  256.000  0.000000e+00 
  257.000  0.000000e+00 
  258.000  0.000000e+00 
  259.000  0.000000e+00 
  260.000  0.000000e+00 
  261.000  0.000000e+00 
  262.000  0.000000e+00 
  263.000  0.000000e+00 
  264.000  0.000000e+00 
  265.000  0.000000e+00 
  266.000  0.000000e+00 
  267.000  0.000000e+00 
  268.000  0.000000e+00 
  269.000  0.000000e+00 
  270.000  0.000000e+00 
  271.000  0.000000e+00 
  272.000  0.000000e+00 
  273.000  0.000000e+00 
  274.000  0.000000e+00 
  275.000  0.000000e+00 
  276.000  0.000000e+00 
  277.000  0.000000e+00 
  278.000  0.000000e+00 
  279.000  0.000000e+00 
  280.000  0.000000e+00 
  281.000  0.000000e+00 
  282.000  0.000000e+00 
  283.000  0.000000e+00 
  284.000  0.000000e+00 
  285.000  0.000000e+00 
  286.000  0.000000e+00 
  287.000  0.000000e+00 
  288.000  0.000000e+00 
  289.000  0.000000e+00 
  290.000  0.000000e+00 
  291.000  1.750788e-11 
  292.000  7.378183e-10 
  293.000  6.662703e-09 
  294.000  8.122016e-08 
  295.000  4.037418e-07 
  296.000  3.869572e-06 
  297.000  1.486796e-05 
  298.000  7.442173e-05 
  299.000  2.206769e-04 
  300.000  6.846401e-04 
  301.000  1.722344e-03 
  302.000  3.677634e-03 
  303.000  9.244824e-03 
  304.000  1.276977e-02 
  305.000  2.687054e-02 
  306.000  3.997849e-02 
  307.000  6.601581e-02 
  308.000  8.998277e-02 
  309.000  1.199446e-01 
  310.000  1.765291e-01 
  311.000  2.026734e-01 
  312.000  2.517044e-01 
  313.000  3.155707e-01 
  314.000  3.394960e-01 
  315.000  4.249271e-01 
  316.000  4.425122e-01 
  317.000  5.090136e-01 
  318.000  5.438678e-01 
  319.000  6.633539e-01 
  320.000  5.656466e-01 
  321.000  7.486463e-01 
  322.000  6.535447e-01 
  323.000  7.314143e-01 
  324.000  8.474095e-01 
  325.000  7.401041e-01 
  326.000  8.564807e-01 
  327.000  8.829473e-01 
  328.000  7.984295e-01 
  329.000  9.302324e-01 
  330.000  9.398222e-01 
  331.000  8.628471e-01 
  332.000  9.471080e-01 
  333.000  9.527261e-01 
  334.000  9.228497e-01 
  335.000  9.693070e-01 
  336.000  9.782638e-01 
  337.000  9.467009e-01 
  338.000  9.704809e-01 
  339.000  9.830078e-01 
  340.000  9.658985e-01 
  341.000  9.814982e-01 
  342.000  9.875318e-01 
  343.000  9.856215e-01 
  344.000  9.686726e-01 
  345.000  9.859190e-01 
  346.000  9.895141e-01 
  347.000  9.880680e-01 
  348.000  9.899470e-01 
  349.000  9.921169e-01 
  350.000  9.931599e-01 
  351.000  9.938833e-01 
  352.000  9.942827e-01 
  353.000  9.946935e-01 
  354.000  9.933060e-01 
  355.000  9.929255e-01 
  356.000  9.932441e-01 
  357.000  9.909213e-01 
  358.000  9.897569e-01 
  359.000  9.884760e-01 
  360.000  9.869712e-01 
  361.000  9.859043e-01 
  362.000  9.879929e-01 
  363.000  9.899472e-01 
  364.000  9.918278e-01 
  365.000  9.916221e-01 
  366.000  9.926310e-01 
  367.000  9.929449e-01 
  368.000  9.927632e-01 
  369.000  9.930608e-01 
  370.000  9.929153e-01 
  371.000  9.933652e-01 
  372.000  9.919535e-01 
  373.000  9.925950e-01 
  374.000  9.927368e-01 
  375.000  9.929698e-01 
  376.000  9.915376e-01 
  377.000  9.913664e-01 
  378.000  9.910250e-01 
  379.000  9.893979e-01 
  380.000  9.874716e-01 
  381.000  9.881576e-01 
  382.000  9.896912e-01 
  383.000  9.914373e-01 
  384.000  9.915324e-01 
  385.000  9.919377e-01 
  386.000  9.922805e-01 
  387.000  9.921768e-01 
  388.000  9.919923e-01 
  389.000  9.919493e-01 
  390.000  9.919274e-01 
  391.000  9.921157e-01 
  392.000  9.911516e-01 
  393.000  9.925472e-01 
  394.000  9.925587e-01 
  395.000  9.923764e-01 
  396.000  9.919148e-01 
  397.000  9.926291e-01 
  398.000  9.912601e-01 
  399.000  9.922802e-01 
  400.000  9.910378e-01 
  401.000  9.913169e-01 
  402.000  9.923348e-01 
  403.000  9.929307e-01 
  404.000  9.917846e-01 
  405.000  9.914246e-01 
  406.000  9.924757e-01 
  407.000  9.933244e-01 
  408.000  9.918815e-01 
  409.000  9.910988e-01 
  410.000  9.915260e-01 
  411.000  9.913326e-01 
  412.000  9.924035e-01 
  413.000  9.909647e-01 
  414.000  9.915528e-01 
  415.000  9.916756e-01 
  416.000  9.929180e-01 
  417.000  9.927514e-01 
  418.000  9.920353e-01 
  419.000  9.921957e-01 
  420.000  9.914690e-01 
  421.000  9.912718e-01 
  422.000  9.909801e-01 
  423.000  9.914487e-01 
  424.000  9.906163e-01 
  425.000  9.915810e-01 
  426.000  9.926959e-01 
  427.000  9.916692e-01 
  428.000  9.907027e-01 
  429.000  9.922835e-01 
  430.000  9.922689e-01 
  431.000  9.905447e-01 
  432.000  9.921427e-01 
  433.000  9.918054e-01 
  434.000  9.908598e-01 
  435.000  9.889363e-01 
  436.000  9.906179e-01 
  437.000  9.924488e-01 
  438.000  9.928087e-01 
  439.000  9.887493e-01 
  440.000  9.901136e-01 
  441.000  9.918308e-01 
  442.000  9.924558e-01 
  443.000  9.914712e-01 
  444.000  9.899194e-01 
  445.000  9.883772e-01 
  446.000  9.898412e-01 
  447.000  9.903732e-01 
  448.000  9.864435e-01 
  449.000  9.896721e-01 
  450.000  9.907788e-01 
  451.000  9.906158e-01 
  452.000  9.904178e-01 
  453.000  9.904295e-01 
  454.000  9.911020e-01 
  455.000  9.900685e-01 
  456.000  9.898033e-01 
  457.000  9.901546e-01 
  458.000  9.877142e-01 
  459.000  9.885021e-01 
  460.000  9.871145e-01 
  461.000  9.871917e-01 
  462.000  9.880897e-01 
  463.000  9.857563e-01 
  464.000  9.869188e-01 
  465.000  9.875133e-01 
  466.000  9.884614e-01 
  467.000  9.869354e-01 
  468.000  9.872981e-01 
  469.000  9.877518e-01 
  470.000  9.874129e-01 
  471.000  9.869086e-01 
  472.000  9.852827e-01 
  473.000  9.832984e-01 
  474.000  9.791376e-01 
  475.000  9.767119e-01 
  476.000  9.745776e-01 
  477.000  9.733685e-01 
  478.000  9.729671e-01 
  479.000  9.733996e-01 
  480.000  9.739721e-01 
  481.000  9.768546e-01 
  482.000  9.788897e-01 
  483.000  9.803364e-01 
  484.000  9.801480e-01 
  485.000  9.796655e-01 
  486.000  9.797085e-01 
  487.000  9.801801e-01 
  488.000  9.793448e-01 
  489.000  9.782335e-01 
  490.000  9.794896e-01 
  491.000  9.801584e-01 
  492.000  9.796795e-01 
  493.000  9.791597e-01 
  494.000  9.781595e-01 
  495.000  9.778756e-01 
  496.000  9.767509e-01 
  497.000  9.761857e-01 
  498.000  9.757363e-01 
  499.000  9.748227e-01 
  500.000  9.737258e-01 
  501.000  9.722716e-01 
  502.000  9.697794e-01 
  503.000  9.677564e-01 
  504.000  9.673392e-01 
  505.000  9.640744e-01 
  506.000  9.653502e-01 
  507.000  9.658195e-01 
  508.000  9.658946e-01 
  509.000  9.654241e-01 
  510.000  9.654576e-01 
  511.000  9.656689e-01 
  512.000  9.657506e-01 
  513.000  9.660864e-01 
  514.000  9.662518e-01 
  515.000  9.664658e-01 
  516.000  9.658409e-01 
  517.000  9.651074e-01 
  518.000  9.644672e-01 
  519.000  9.631270e-01 
  520.000  9.625711e-01 
  521.000  9.615613e-01 
  522.000  9.607934e-01 
  523.000  9.595621e-01 
  524.000  9.582071e-01 
  525.000  9.564230e-01 
  526.000  9.540340e-01 
  527.000  9.523991e-01 
  528.000  9.501707e-01 
  529.000  9.483770e-01 
  530.000  9.469115e-01 
  531.000  9.457167e-01 
  532.000  9.448866e-01 
  533.000  9.444294e-01 
  534.000  9.439477e-01 
  535.000  9.438108e-01 
  536.000  9.436362e-01 
  537.000  9.432379e-01 
  538.000  9.427730e-01 
  539.000  9.422215e-01 
  540.000  9.421961e-01 
  541.000  9.417548e-01 
  542.000  9.405169e-01 
  543.000  9.397209e-01 
  544.000  9.392753e-01 
  545.000  9.383172e-01 
  546.000  9.382874e-01 
  547.000  9.380898e-01 
  548.000  9.372875e-01 
  549.000  9.370119e-01 
  550.000  9.368244e-01 
  551.000  9.364048e-01 
  552.000  9.357064e-01 
  553.000  9.345108e-01 
  554.000  9.340655e-01 
  555.000  9.334692e-01 
  556.000  9.319381e-01 
  557.000  9.299528e-01 
  558.000  9.282039e-01 
  559.000  9.258854e-01 
  560.000  9.238765e-01 
  561.000  9.221296e-01 
  562.000  9.206110e-01 
  563.000  9.186986e-01 
  564.000  9.166447e-01 
  565.000  9.149634e-01 
  566.000  9.135104e-01 
  567.000  9.118572e-01 
  568.000  9.097787e-01 
  569.000  9.061526e-01 
  570.000  9.023264e-01 
  571.000  9.000524e-01 
  572.000  8.985275e-01 
  573.000  8.960377e-01 
  574.000  8.942136e-01 
  575.000  8.921664e-01 
  576.000  8.919653e-01 
  577.000  8.922434e-01 
  578.000  8.933893e-01 
  579.000  8.950716e-01 
  580.000  8.966597e-01 
  581.000  8.996843e-01 
  582.000  9.027306e-01 
  583.000  9.052071e-01 
  584.000  9.089682e-01 
  585.000  9.103825e-01 
  586.000  9.117418e-01 
  587.000  9.121546e-01 
  588.000  9.131507e-01 
  589.000  9.134670e-01 
  590.000  9.134986e-01 
  591.000  9.130565e-01 
  592.000  9.123482e-01 
  593.000  9.117707e-01 
  594.000  9.114516e-01 
  595.000  9.106124e-01 
  596.000  9.095446e-01 
  597.000  9.091598e-01 
  598.000  9.080076e-01 
  599.000  9.069501e-01 
  600.000  9.058214e-01 
  601.000  9.057953e-01 
  602.000  9.061982e-01 
  603.000  9.064993e-01 
  604.000  9.066799e-01 
  605.000  9.068810e-01 
  606.000  9.081355e-01 
  607.000  9.091266e-01 
  608.000  9.104910e-01 
  609.000  9.110577e-01 
  610.000  9.121903e-01 
  611.000  9.130720e-01 
  612.000  9.142679e-01 
  613.000  9.154242e-01 
  614.000  9.162184e-01 
  615.000  9.171555e-01 
  616.000  9.184373e-01 
  617.000  9.193495e-01 
  618.000  9.199085e-01 
  619.000  9.207799e-01 
  620.000  9.213516e-01 
  621.000  9.216157e-01 
  622.000  9.217334e-01 
  623.000  9.216914e-01 
  624.000  9.216312e-01 
  625.000  9.215571e-01 
  626.000  9.209374e-01 
  627.000  9.206282e-01 
  628.000  8.934078e-01 
  629.000  9.050475e-01 
  630.000  9.098414e-01 
  631.000  9.191694e-01 
  632.000  9.235253e-01 
  633.000  9.254496e-01 
  634.000  9.284430e-01 
  635.000  9.291377e-01 
  636.000  9.326126e-01 
  637.000  9.363975e-01 
  638.000  9.382828e-01 
  639.000  9.408261e-01 
  640.000  9.421517e-01 
  641.000  9.446076e-01 
  642.000  9.454868e-01 
  643.000  9.463293e-01 
  644.000  9.471628e-01 
  645.000  9.481890e-01 
  646.000  9.489080e-01 
  647.000  9.497574e-01 
  648.000  9.502398e-01 
  649.000  9.515917e-01 
  650.000  9.526753e-01 
  651.000  9.530658e-01 
  652.000  9.540282e-01 
  653.000  9.546027e-01 
  654.000  9.560924e-01 
  655.000  9.564717e-01 
  656.000  9.572247e-01 
  657.000  9.578366e-01 
  658.000  9.588042e-01 
  659.000  9.597060e-01 
  660.000  9.600889e-01 
  661.000  9.610795e-01 
  662.000  9.613529e-01 
  663.000  9.623460e-01 
  664.000  9.627745e-01 
  665.000  9.633525e-01 
  666.000  9.640083e-01 
  667.000  9.649197e-01 
  668.000  9.654174e-01 
  669.000  9.662303e-01 
  670.000  9.666591e-01 
  671.000  9.675763e-01 
  672.000  9.677378e-01 
  673.000  9.684533e-01 
  674.000  9.687191e-01 
  675.000  9.694936e-01 
  676.000  9.697111e-01 
  677.000  9.701270e-01 
  678.000  9.707708e-01 
  679.000  9.711585e-01 
  680.000  9.718525e-01 
  681.000  9.722401e-01 
  682.000  9.732854e-01 
  683.000  9.737111e-01 
  684.000  9.747082e-01 
  685.000  9.749550e-01 
  686.000  9.756118e-01 
  687.000  6.217545e-01 
  688.000  8.046244e-01 
  689.000  8.513354e-01 
  690.000  8.884707e-01 
  691.000  9.136048e-01 
  692.000  9.582557e-01 
  693.000  9.643908e-01 
  694.000  9.793144e-01 
  695.000  9.796761e-01 
  696.000  9.800073e-01 
  697.000  9.805504e-01 
  698.000  9.808436e-01 
  699.000  9.808902e-01 
  700.000  9.816452e-01 
  701.000  9.818875e-01 
  702.000  9.821441e-01 
  703.000  9.826117e-01 
  704.000  9.828404e-01 
  705.000  9.831934e-01 
  706.000  9.835032e-01 
  707.000  9.837028e-01 
  708.000  9.840333e-01 
  709.000  9.843248e-01 
  710.000  9.844940e-01 
  711.000  9.849966e-01 
  712.000  9.852123e-01 
  713.000  9.855487e-01 
  714.000  9.856272e-01 
  715.000  9.861282e-01 
  716.000  9.864187e-01 
  717.000  9.865492e-01 
  718.000  9.869289e-01 
  719.000  9.871016e-01 
  720.000  9.872454e-01 
  721.000  9.877136e-01 
  722.000  9.879338e-01 
  723.000  9.880964e-01 
  724.000  9.881988e-01 
  725.000  9.885918e-01 
  726.000  9.888240e-01 
  727.000  9.888439e-01 
  728.000  9.891021e-01 
  729.000  9.893470e-01 
  730.000  9.895101e-01 
  731.000  9.896477e-01 
  732.000  9.897705e-01 
  733.000  9.900555e-01 
  734.000  9.903017e-01 
  735.000  9.904463e-01 
  736.000  9.905261e-01 
  737.000  9.906924e-01 
  738.000  9.907992e-01 
  739.000  9.908909e-01 
  740.000  9.909591e-01 
  741.000  9.910437e-01 
  742.000  9.913003e-01 
  743.000  9.913880e-01 
  744.000  9.914759e-01 
  745.000  9.915594e-01 
  746.000  9.917899e-01 
  747.000  9.920220e-01 
  748.000  9.921206e-01 
  749.000  9.922393e-01 
  750.000  9.924087e-01 
  751.000  9.925449e-01 
  752.000  9.929462e-01 
  753.000  9.930682e-01 
  754.000  9.932430e-01 
  755.000  9.934336e-01 
  756.000  9.935358e-01 
  757.000  9.936350e-01 
  758.000  9.938886e-01 
  759.000  9.792768e-01 
  760.000  2.745398e-01 
  761.000  1.621731e-01 
  762.000  5.853419e-01 
  763.000  4.642550e-01 
  764.000  5.439785e-01 
  765.000  6.966066e-01 
  766.000  8.408604e-01 
  767.000  8.967596e-01 
  768.000  9.659131e-01 
  769.000  9.841584e-01 
  770.000  9.837233e-01 
  771.000  9.920474e-01 
  772.000  9.943166e-01 
  773.000  9.942769e-01 
  774.000  9.942693e-01 
  775.000  9.942619e-01 
  776.000  9.942610e-01 
  777.000  9.942979e-01 
  778.000  9.943084e-01 
  779.000  9.942878e-01 
  780.000  9.942716e-01 
  781.000  9.944507e-01 
  782.000  9.946211e-01 
  783.000  9.947143e-01 
  784.000  9.948124e-01 
  785.000  9.949282e-01 
  786.000  9.950235e-01 
  787.000  9.952105e-01 
  788.000  9.952509e-01 
  789.000  9.954383e-01 
  790.000  9.955050e-01 
  791.000  9.957085e-01 
  792.000  9.958487e-01 
  793.000  9.959641e-01 
  794.000  9.963035e-01 
  795.000  9.963892e-01 
  796.000  9.964693e-01 
  797.000  9.965301e-01 
  798.000  9.965987e-01 
  799.000  9.966347e-01 
  800.000  9.967005e-01 
  801.000  9.966701e-01 
  802.000  9.966299e-01 
  803.000  9.965927e-01 
  804.000  9.965194e-01 
  805.000  9.964765e-01 
  806.000  9.964483e-01 
  807.000  9.963519e-01 
  808.000  9.962844e-01 
  809.000  9.962661e-01 
  810.000  9.961867e-01 
  811.000  9.961872e-01 
  812.000  9.962193e-01 
  813.000  9.962382e-01 
  814.000  9.962550e-01 
  815.000  9.962844e-01 
  816.000  9.963077e-01 
  817.000  9.963793e-01 
  818.000  9.964489e-01 
  819.000  9.965189e-01 
  820.000  9.965857e-01 
  821.000  9.966662e-01 
  822.000  9.966834e-01 
  823.000  9.967598e-01 
  824.000  9.968858e-01 
  825.000  9.968960e-01 
  826.000  9.969967e-01 
  827.000  9.970073e-01 
  828.000  9.970450e-01 
  829.000  9.970883e-01 
  830.000  9.971405e-01 
  831.000  9.971499e-01 
  832.000  9.971614e-01 
  833.000  9.971690e-01 
  834.000  9.971804e-01 
  835.000  9.971830e-01 
  836.000  9.971827e-01 
  837.000  9.971827e-01 
  838.000  9.971830e-01 
  839.000  9.971827e-01 
  840.000  9.971827e-01 
  841.000  9.971827e-01 
  842.000  9.971735e-01 
  843.000  9.971625e-01 
  844.000  9.971482e-01 
  845.000  9.971424e-01 
  846.000  9.971224e-01 
  847.000  9.971224e-01 
  848.000  9.971023e-01 
  849.000  9.970904e-01 
  850.000  9.977723e-01 
  851.000  9.999176e-01 
  852.000  1.000000e+00 
  853.000  1.000000e+00 
  854.000  1.000000e+00 
  855.000  1.000000e+00 
  856.000  1.000000e+00 
  857.000  1.000000e+00 
  858.000  1.000000e+00 
  859.000  1.000000e+00 
  860.000  1.000000e+00 
  861.000  9.999998e-01 
  862.000  9.999939e-01 
  863.000  9.995317e-01 
  864.000  9.999993e-01 
  865.000  9.999993e-01 
  866.000  9.998790e-01 
  867.000  9.999839e-01 
  868.000  9.998781e-01 
  869.000  9.997457e-01 
  870.000  9.999901e-01 
  871.000  9.998820e-01 
  872.000  9.999965e-01 
  873.000  9.999960e-01 
  874.000  9.999960e-01 
  875.000  9.999997e-01 
  876.000  9.999999e-01 
  877.000  1.000000e+00 
  878.000  1.000000e+00 
  879.000  1.000000e+00 
  880.000  1.000000e+00 
  881.000  1.000000e+00 
  882.000  1.000000e+00 
  883.000  1.000000e+00 
  884.000  1.000000e+00 
  885.000  1.000000e+00 
  886.000  1.000000e+00 
  887.000  1.000000e+00 
  888.000  1.000000e+00 
  889.000  1.000000e+00 
  890.000  1.000000e+00 
  891.000  1.000000e+00 
  892.000  1.000000e+00 
  893.000  1.000000e+00 
  894.000  1.000000e+00 
  895.000  1.000000e+00 
  896.000  1.000000e+00 
  897.000  1.000000e+00 
  898.000  9.999999e-01 
  899.000  1.000000e+00 
  900.000  1.000000e+00 
  901.000  1.000000e+00 
  902.000  1.000000e+00 
  903.000  1.000000e+00 
  904.000  1.000000e+00 
  905.000  1.000000e+00 
  906.000  1.000000e+00 
  907.000  9.999999e-01 
  908.000  1.000000e+00 
  909.000  1.000000e+00 
  910.000  1.000000e+00 
  911.000  1.000000e+00 
  912.000  1.000000e+00 
  913.000  1.000000e+00 
  914.000  1.000000e+00 
  915.000  1.000000e+00 
  916.000  1.000000e+00 
  917.000  9.999999e-01 
  918.000  9.999999e-01 
  919.000  1.000000e+00 
  920.000  1.000000e+00 
  921.000  1.000000e+00 
  922.000  1.000000e+00 
  923.000  1.000000e+00 
  924.000  1.000000e+00 
  925.000  1.000000e+00 
  926.000  9.999999e-01 
  927.000  1.000000e+00 
  928.000  1.000000e+00 
  929.000  9.999999e-01 
  930.000  9.999999e-01 
  931.000  1.000000e+00 
  932.000  1.000000e+00 
  933.000  1.000000e+00 
  934.000  1.000000e+00 
  935.000  1.000000e+00 
  936.000  9.999999e-01 
  937.000  9.999996e-01 
  938.000  9.999996e-01 
  939.000  1.000000e+00 
  940.000  1.000000e+00 
  941.000  1.000000e+00 
  942.000  1.000000e+00 
  943.000  1.000000e+00 
  944.000  1.000000e+00 
  945.000  1.000000e+00 
  946.000  1.000000e+00 
  947.000  9.998526e-01 
  948.000  9.999727e-01 
  949.000  9.999624e-01 
  950.000  9.999624e-01 
  951.000  9.999222e-01 
  952.000  9.999991e-01 
  953.000  9.999999e-01 
  954.000  9.999999e-01 
  955.000  9.999992e-01 
  956.000  1.000000e+00 
  957.000  1.000000e+00 
  958.000  1.000000e+00 
  959.000  1.000000e+00 
  960.000  9.999999e-01 
  961.000  9.999999e-01 
  962.000  1.000000e+00 
  963.000  1.000000e+00 
  964.000  1.000000e+00 
  965.000  1.000000e+00 
  966.000  1.000000e+00 
  967.000  1.000000e+00 
  968.000  1.000000e+00 
  969.000  9.999997e-01 
  970.000  1.000000e+00 
  971.000  9.999996e-01 
  972.000  9.999996e-01 
  973.000  9.999997e-01 
  974.000  1.000000e+00 
  975.000  1.000000e+00 
  976.000  1.000000e+00 
  977.000  9.999999e-01 
  978.000  1.000000e+00 
  979.000  1.000000e+00 
  980.000  1.000000e+00 
  981.000  1.000000e+00 
  982.000  1.000000e+00 
  983.000  1.000000e+00 
  984.000  1.000000e+00 
  985.000  1.000000e+00 
  986.000  1.000000e+00 
  987.000  1.000000e+00 
  988.000  1.000000e+00 
  989.000  1.000000e+00 
  990.000  1.000000e+00 
  991.000  1.000000e+00 
  992.000  1.000000e+00 
  993.000  1.000000e+00 
  994.000  1.000000e+00 
  995.000  1.000000e+00 
  996.000  1.000000e+00 
  997.000  1.000000e+00 
  998.000  1.000000e+00 
  999.000  1.000000e+00 
 1000.000  1.000000e+00 
 1001.000  1.000000e+00 
 1002.000  1.000000e+00 
 1003.000  1.000000e+00 
 1004.000  1.000000e+00 
 1005.000  1.000000e+00 
 1006.000  1.000000e+00 
 1007.000  9.999999e-01 
 1008.000  9.999999e-01 
 1009.000  9.999999e-01 
 1010.000  9.999998e-01 
 1011.000  9.999996e-01 
 1012.000  9.999996e-01 
 1013.000  9.999992e-01 
 1014.000  9.999984e-01 
 1015.000  9.999984e-01 
 1016.000  9.999976e-01 
 1017.000  9.999948e-01 
 1018.000  9.999948e-01 
 1019.000  9.999910e-01 
 1020.000  9.999855e-01 
 1021.000  9.999855e-01 
 1022.000  9.999727e-01 
 1023.000  9.999727e-01 
 1024.000  9.999642e-01 
 1025.000  9.999328e-01 
 1026.000  9.999328e-01 
 1027.000  9.998991e-01 
 1028.000  9.998553e-01 
 1029.000  9.998553e-01 
 1030.000  9.997483e-01 
 1031.000  9.996826e-01 
 1032.000  9.996826e-01 
 1033.000  9.994980e-01 
 1034.000  9.994980e-01 
 1035.000  9.993080e-01 
 1036.000  9.986228e-01 
 1037.000  9.986228e-01 
 1038.000  9.985288e-01 
 1039.000  9.978003e-01 
 1040.000  9.978003e-01 
 1041.000  9.972576e-01 
 1042.000  9.972576e-01 
 1043.000  9.966044e-01 
 1044.000  9.956329e-01 
 1045.000  9.956329e-01 
 1046.000  9.943014e-01 
 1047.000  9.943014e-01 
 1048.000  9.929767e-01 
 1049.000  9.903424e-01 
 1050.000  9.903424e-01 
 1051.000  9.891566e-01 
 1052.000  9.891566e-01 
 1053.000  9.873579e-01 
 1054.000  9.858337e-01 
 1055.000  9.858337e-01 
 1056.000  9.840470e-01 
 1057.000  9.840470e-01 
 1058.000  9.824521e-01 
 1059.000  9.808546e-01 
 1060.000  9.808546e-01 
 1061.000  9.798399e-01 
 1062.000  9.798399e-01 
 1063.000  9.781667e-01 
 1064.000  9.775106e-01 
 1065.000  9.775106e-01 
 1066.000  9.785912e-01 
 1067.000  9.785912e-01 
 1068.000  9.776755e-01 
 1069.000  9.801022e-01 
 1070.000  9.801022e-01 
 1071.000  9.816443e-01 
 1072.000  9.816443e-01 
 1073.000  9.832058e-01 
 1074.000  9.832058e-01 
 1075.000  9.850962e-01 
 1076.000  9.869304e-01 
 1077.000  9.869304e-01 
 1078.000  9.890639e-01 
 1079.000  9.890639e-01 
 1080.000  9.905449e-01 
 1081.000  9.905449e-01 
 1082.000  9.926391e-01 
 1083.000  9.941044e-01 
 1084.000  9.941044e-01 
 1085.000  9.948043e-01 
 1086.000  9.948043e-01 
 1087.000  9.963232e-01 
 1088.000  9.963232e-01 
 1089.000  9.975886e-01 
 1090.000  9.981494e-01 
 1091.000  9.981494e-01 
 1092.000  9.987931e-01 
 1093.000  9.987931e-01 
 1094.000  9.989036e-01 
 1095.000  9.989036e-01 
 1096.000  9.992847e-01 
 1097.000  9.992847e-01 
 1098.000  9.996123e-01 
 1099.000  9.997275e-01 
 1100.000  9.997275e-01 
 1101.000  9.998378e-01 
 1102.000  9.998378e-01 
 1103.000  9.998879e-01 
 1104.000  9.998879e-01 
 1105.000  9.999210e-01 
 1106.000  9.999210e-01 
 1107.000  9.998865e-01 
 1108.000  9.998865e-01 
 1109.000  9.996701e-01 
 1110.000  9.997847e-01 
 1111.000  9.997847e-01 
 1112.000  9.994953e-01 
 1113.000  9.994953e-01 
 1114.000  9.993131e-01 
 1115.000  9.993131e-01 
 1116.000  9.984344e-01 
 1117.000  9.984344e-01 
 1118.000  9.984894e-01 
 1119.000  9.984894e-01 
 1120.000  9.990413e-01 
 1121.000  9.990413e-01 
 1122.000  9.940773e-01 
 1123.000  9.952660e-01 
 1124.000  9.952660e-01 
 1125.000  9.967160e-01 
 1126.000  9.967160e-01 
 1127.000  9.949808e-01 
 1128.000  9.949808e-01 
 1129.000  9.961494e-01 
 1130.000  9.961494e-01 
 1131.000  9.973635e-01 
 1132.000  9.973635e-01 
 1133.000  9.952536e-01 
 1134.000  9.952536e-01 
 1135.000  9.949549e-01 
 1136.000  9.949549e-01 
 1137.000  9.968224e-01 
 1138.000  9.968224e-01 
 1139.000  9.982883e-01 
 1140.000  9.982883e-01 
 1141.000  9.982550e-01 
 1142.000  9.982550e-01 
 1143.000  9.970518e-01 
 1144.000  9.970518e-01 
 1145.000  9.978944e-01 
 1146.000  9.978944e-01 
 1147.000  9.970996e-01 
 1148.000  9.970996e-01 
 1149.000  9.958041e-01 
 1150.000  9.958041e-01 
 1151.000  9.947702e-01 
 1152.000  9.947702e-01 
 1153.000  9.893559e-01 
 1154.000  9.893559e-01 
 1155.000  9.900923e-01 
 1156.000  9.900923e-01 
 1157.000  9.918906e-01 
 1158.000  9.918906e-01 
 1159.000  9.958073e-01 
 1160.000  9.958073e-01 
 1161.000  9.917006e-01 
 1162.000  9.917006e-01 
 1163.000  9.900957e-01 
 1164.000  9.900957e-01 
 1165.000  9.924805e-01 
 1166.000  9.924805e-01 
 1167.000  9.943079e-01 
 1168.000  9.943079e-01 
 1169.000  9.934446e-01 
 1170.000  9.934446e-01 
 1171.000  9.951026e-01 
 1172.000  9.951026e-01 
 1173.000  9.953102e-01 
 1174.000  9.953102e-01 
 1175.000  9.969049e-01 
 1176.000  9.969049e-01 
 1177.000  9.974653e-01 
 1178.000  9.974653e-01 
 1179.000  9.978449e-01 
 1180.000  9.978449e-01 
 1181.000  9.979666e-01 
 1182.000  9.979666e-01 
 1183.000  9.987255e-01 
 1184.000  9.987255e-01 
 1185.000  9.986280e-01 
 1186.000  9.986280e-01 
 1187.000  9.966182e-01 
 1188.000  9.966182e-01 
 1189.000  9.966182e-01 
 1190.000  9.988534e-01 
 1191.000  9.988534e-01 
 1192.000  9.984955e-01 
 1193.000  9.984955e-01 
 1194.000  9.991815e-01 
 1195.000  9.991815e-01 
 1196.000  9.995574e-01 
 1197.000  9.995574e-01 
 1198.000  9.994977e-01 
 1199.000  9.994977e-01 
 1200.000  9.992875e-01 
