  250.000  9.998254e-01 
  251.000  9.998708e-01 
  252.000  9.998773e-01 
  253.000  9.998715e-01 
  254.000  9.998646e-01 
  255.000  9.998640e-01 
  256.000  9.998571e-01 
  257.000  9.998584e-01 
  258.000  9.998463e-01 
  259.000  9.998378e-01 
  260.000  9.998372e-01 
  261.000  9.998335e-01 
  262.000  9.998308e-01 
  263.000  9.998096e-01 
  264.000  9.998068e-01 
  265.000  9.997972e-01 
  266.000  9.997987e-01 
  267.000  9.997886e-01 
  268.000  9.997818e-01 
  269.000  9.997473e-01 
  270.000  9.997522e-01 
  271.000  9.997525e-01 
  272.000  9.997498e-01 
  273.000  9.997098e-01 
  274.000  9.996986e-01 
  275.000  9.996890e-01 
  276.000  9.996964e-01 
  277.000  9.996732e-01 
  278.000  9.996606e-01 
  279.000  9.996271e-01 
  280.000  9.996066e-01 
  281.000  9.995967e-01 
  282.000  9.996017e-01 
  283.000  9.996016e-01 
  284.000  9.995342e-01 
  285.000  9.995100e-01 
  286.000  9.994773e-01 
  287.000  9.994955e-01 
  288.000  9.994928e-01 
  289.000  9.994603e-01 
  290.000  9.994101e-01 
  291.000  9.993905e-01 
  292.000  9.993343e-01 
  293.000  9.993406e-01 
  294.000  9.993646e-01 
  295.000  9.992808e-01 
  296.000  9.993194e-01 
  297.000  9.991724e-01 
  298.000  9.991601e-01 
  299.000  9.991731e-01 
  300.000  9.991543e-01 
  301.000  9.991719e-01 
  302.000  9.990476e-01 
  303.000  9.989650e-01 
  304.000  9.989680e-01 
  305.000  9.989190e-01 
  306.000  9.989670e-01 
  307.000  9.988558e-01 
  308.000  9.989046e-01 
  309.000  9.987385e-01 
  310.000  9.987786e-01 
  311.000  9.987041e-01 
  312.000  9.986778e-01 
  313.000  9.985942e-01 
  314.000  9.986458e-01 
  315.000  9.984673e-01 
  316.000  9.985424e-01 
  317.000  9.984543e-01 
  318.000  9.983012e-01 
  319.000  9.983939e-01 
  320.000  9.982265e-01 
  321.000  9.982910e-01 
  322.000  9.982275e-01 
  323.000  9.981245e-01 
  324.000  9.981816e-01 
  325.000  9.980243e-01 
  326.000  9.979927e-01 
  327.000  9.979912e-01 
  328.000  9.978961e-01 
  329.000  9.979085e-01 
  330.000  9.977660e-01 
  331.000  9.978454e-01 
  332.000  9.978279e-01 
  333.000  9.973353e-01 
  334.000  9.977494e-01 
  335.000  9.974766e-01 
  336.000  9.976051e-01 
  337.000  9.975271e-01 
  338.000  9.976184e-01 
  339.000  9.970820e-01 
  340.000  9.971750e-01 
  341.000  9.966637e-01 
  342.000  9.964213e-01 
  343.000  9.964402e-01 
  344.000  9.962000e-01 
  345.000  9.964389e-01 
  346.000  9.966484e-01 
  347.000  9.967924e-01 
  348.000  9.968491e-01 
  349.000  9.967489e-01 
  350.000  9.972043e-01 
  351.000  9.968147e-01 
  352.000  9.970229e-01 
  353.000  9.972371e-01 
  354.000  9.965135e-01 
  355.000  9.963151e-01 
  356.000  9.964812e-01 
  357.000  9.952687e-01 
  358.000  9.946604e-01 
  359.000  9.939908e-01 
  360.000  9.932036e-01 
  361.000  9.926453e-01 
  362.000  9.937383e-01 
  363.000  9.947599e-01 
  364.000  9.957421e-01 
  365.000  9.956347e-01 
  366.000  9.961612e-01 
  367.000  9.963252e-01 
  368.000  9.962303e-01 
  369.000  9.963856e-01 
  370.000  9.963097e-01 
  371.000  9.965445e-01 
  372.000  9.958076e-01 
  373.000  9.961425e-01 
  374.000  9.962165e-01 
  375.000  9.963381e-01 
  376.000  9.955906e-01 
  377.000  9.955012e-01 
  378.000  9.953231e-01 
  379.000  9.944729e-01 
  380.000  9.934655e-01 
  381.000  9.938243e-01 
  382.000  9.946260e-01 
  383.000  9.955382e-01 
  384.000  9.955879e-01 
  385.000  9.957994e-01 
  386.000  9.959784e-01 
  387.000  9.959242e-01 
  388.000  9.958279e-01 
  389.000  9.958056e-01 
  390.000  9.957942e-01 
  391.000  9.958924e-01 
  392.000  9.953890e-01 
  393.000  9.961176e-01 
  394.000  9.961236e-01 
  395.000  9.960285e-01 
  396.000  9.957875e-01 
  397.000  9.961564e-01 
  398.000  9.954451e-01 
  399.000  9.959756e-01 
  400.000  9.953288e-01 
  401.000  9.954753e-01 
  402.000  9.960067e-01 
  403.000  9.963177e-01 
  404.000  9.957196e-01 
  405.000  9.955353e-01 
  406.000  9.961342e-01 
  407.000  9.966469e-01 
  408.000  9.959476e-01 
  409.000  9.956031e-01 
  410.000  9.958825e-01 
  411.000  9.957927e-01 
  412.000  9.963561e-01 
  413.000  9.956093e-01 
  414.000  9.959214e-01 
  415.000  9.959887e-01 
  416.000  9.966576e-01 
  417.000  9.965841e-01 
  418.000  9.962285e-01 
  419.000  9.963325e-01 
  420.000  9.959733e-01 
  421.000  9.959249e-01 
  422.000  9.958186e-01 
  423.000  9.961187e-01 
  424.000  9.957393e-01 
  425.000  9.962967e-01 
  426.000  9.968821e-01 
  427.000  9.963548e-01 
  428.000  9.958553e-01 
  429.000  9.966866e-01 
  430.000  9.966890e-01 
  431.000  9.958181e-01 
  432.000  9.966960e-01 
  433.000  9.965626e-01 
  434.000  9.961019e-01 
  435.000  9.951465e-01 
  436.000  9.960949e-01 
  437.000  9.971492e-01 
  438.000  9.974002e-01 
  439.000  9.953644e-01 
  440.000  9.961532e-01 
  441.000  9.970867e-01 
  442.000  9.974331e-01 
  443.000  9.968883e-01 
  444.000  9.962481e-01 
  445.000  9.953097e-01 
  446.000  9.960712e-01 
  447.000  9.966266e-01 
  448.000  9.946147e-01 
  449.000  9.963548e-01 
  450.000  9.969869e-01 
  451.000  9.969777e-01 
  452.000  9.969385e-01 
  453.000  9.970371e-01 
  454.000  9.975086e-01 
  455.000  9.970355e-01 
  456.000  9.971892e-01 
  457.000  9.976581e-01 
  458.000  9.967990e-01 
  459.000  9.974271e-01 
  460.000  9.969996e-01 
  461.000  9.970623e-01 
  462.000  9.975582e-01 
  463.000  9.963576e-01 
  464.000  9.969912e-01 
  465.000  9.973197e-01 
  466.000  9.979037e-01 
  467.000  9.971947e-01 
  468.000  9.974635e-01 
  469.000  9.976348e-01 
  470.000  9.975157e-01 
  471.000  9.976016e-01 
  472.000  9.969102e-01 
  473.000  9.960431e-01 
  474.000  9.940056e-01 
  475.000  9.928836e-01 
  476.000  9.923618e-01 
  477.000  9.921303e-01 
  478.000  9.922327e-01 
  479.000  9.928813e-01 
  480.000  9.936889e-01 
  481.000  9.955543e-01 
  482.000  9.969284e-01 
  483.000  9.980046e-01 
  484.000  9.981727e-01 
  485.000  9.980692e-01 
  486.000  9.980645e-01 
  487.000  9.983624e-01 
  488.000  9.978850e-01 
  489.000  9.972559e-01 
  490.000  9.979265e-01 
  491.000  9.983944e-01 
  492.000  9.983280e-01 
  493.000  9.982509e-01 
  494.000  9.978974e-01 
  495.000  9.978853e-01 
  496.000  9.979013e-01 
  497.000  9.982740e-01 
  498.000  9.986292e-01 
  499.000  9.989092e-01 
  500.000  9.990090e-01 
  501.000  9.987823e-01 
  502.000  9.980534e-01 
  503.000  9.972791e-01 
  504.000  9.966127e-01 
  505.000  9.973465e-01 
  506.000  9.973786e-01 
  507.000  9.972521e-01 
  508.000  9.978477e-01 
  509.000  9.979092e-01 
  510.000  9.981764e-01 
  511.000  9.982342e-01 
  512.000  9.983944e-01 
  513.000  9.987255e-01 
  514.000  9.988754e-01 
  515.000  9.990419e-01 
  516.000  9.990727e-01 
  517.000  9.991530e-01 
  518.000  9.990478e-01 
  519.000  9.987955e-01 
  520.000  9.987609e-01 
  521.000  9.990444e-01 
  522.000  9.990332e-01 
  523.000  9.989130e-01 
  524.000  9.988173e-01 
  525.000  9.982625e-01 
  526.000  9.982788e-01 
  527.000  9.983767e-01 
  528.000  9.982436e-01 
  529.000  9.982270e-01 
  530.000  9.982177e-01 
  531.000  9.981350e-01 
  532.000  9.980659e-01 
  533.000  9.981207e-01 
  534.000  9.983520e-01 
  535.000  9.985464e-01 
  536.000  9.988156e-01 
  537.000  9.989826e-01 
  538.000  9.989082e-01 
  539.000  9.987980e-01 
  540.000  9.990544e-01 
  541.000  9.983461e-01 
  542.000  9.984323e-01 
  543.000  9.987557e-01 
  544.000  9.989606e-01 
  545.000  9.983888e-01 
  546.000  9.981394e-01 
  547.000  9.987217e-01 
  548.000  9.989892e-01 
  549.000  9.989851e-01 
  550.000  9.989842e-01 
  551.000  9.993650e-01 
  552.000  9.993744e-01 
  553.000  9.992234e-01 
  554.000  9.993852e-01 
  555.000  9.995500e-01 
  556.000  9.996267e-01 
  557.000  9.995959e-01 
  558.000  9.995724e-01 
  559.000  9.996690e-01 
  560.000  9.996019e-01 
  561.000  9.995126e-01 
  562.000  9.994588e-01 
  563.000  9.992641e-01 
  564.000  9.989946e-01 
  565.000  9.988444e-01 
  566.000  9.988251e-01 
  567.000  9.983981e-01 
  568.000  9.977987e-01 
  569.000  9.952269e-01 
  570.000  9.938096e-01 
  571.000  9.938683e-01 
  572.000  9.919798e-01 
  573.000  9.918084e-01 
  574.000  9.903345e-01 
  575.000  9.900603e-01 
  576.000  9.890990e-01 
  577.000  9.888142e-01 
  578.000  9.896250e-01 
  579.000  9.902053e-01 
  580.000  9.909497e-01 
  581.000  9.922459e-01 
  582.000  9.934242e-01 
  583.000  9.945081e-01 
  584.000  9.958992e-01 
  585.000  9.962451e-01 
  586.000  9.971595e-01 
  587.000  9.972988e-01 
  588.000  9.970044e-01 
  589.000  9.895909e-01 
  590.000  9.896780e-01 
  591.000  9.924740e-01 
  592.000  9.867332e-01 
  593.000  9.959732e-01 
  594.000  9.916067e-01 
  595.000  9.946827e-01 
  596.000  9.960799e-01 
  597.000  9.960460e-01 
  598.000  9.963579e-01 
  599.000  9.979590e-01 
  600.000  9.982496e-01 
  601.000  9.991987e-01 
  602.000  9.994817e-01 
  603.000  9.995779e-01 
  604.000  9.998405e-01 
  605.000  9.998248e-01 
  606.000  9.998489e-01 
  607.000  9.998879e-01 
  608.000  9.998724e-01 
  609.000  9.998735e-01 
  610.000  9.998617e-01 
  611.000  9.998338e-01 
  612.000  9.996277e-01 
  613.000  9.996645e-01 
  614.000  9.996279e-01 
  615.000  9.995985e-01 
  616.000  9.993692e-01 
  617.000  9.991703e-01 
  618.000  9.990130e-01 
  619.000  9.987538e-01 
  620.000  9.982133e-01 
  621.000  9.976679e-01 
  622.000  9.974213e-01 
  623.000  9.964499e-01 
  624.000  9.959573e-01 
  625.000  9.954243e-01 
  626.000  9.944987e-01 
  627.000  9.935836e-01 
  628.000  9.754149e-01 
  629.000  9.823217e-01 
  630.000  9.869135e-01 
  631.000  9.914948e-01 
  632.000  9.927160e-01 
  633.000  9.935774e-01 
  634.000  9.944698e-01 
  635.000  9.948527e-01 
  636.000  9.954572e-01 
  637.000  9.962661e-01 
  638.000  9.971383e-01 
  639.000  9.975346e-01 
  640.000  9.978499e-01 
  641.000  9.982113e-01 
  642.000  9.988648e-01 
  643.000  9.987547e-01 
  644.000  9.992191e-01 
  645.000  9.991153e-01 
  646.000  9.971808e-01 
  647.000  9.940843e-01 
  648.000  9.911409e-01 
  649.000  9.933454e-01 
  650.000  9.983615e-01 
  651.000  9.989107e-01 
  652.000  9.971753e-01 
  653.000  9.987516e-01 
  654.000  9.983622e-01 
  655.000  9.923695e-01 
  656.000  9.962919e-01 
  657.000  9.972014e-01 
  658.000  9.989202e-01 
  659.000  9.997783e-01 
  660.000  9.995372e-01 
  661.000  9.998831e-01 
  662.000  9.998454e-01 
  663.000  9.995043e-01 
  664.000  9.997840e-01 
  665.000  9.998057e-01 
  666.000  9.998531e-01 
  667.000  9.999138e-01 
  668.000  9.998953e-01 
  669.000  9.998987e-01 
  670.000  9.999265e-01 
  671.000  9.999455e-01 
  672.000  9.999424e-01 
  673.000  9.999135e-01 
  674.000  9.999319e-01 
  675.000  9.999341e-01 
  676.000  9.999289e-01 
  677.000  9.999344e-01 
  678.000  9.999584e-01 
  679.000  9.999556e-01 
  680.000  9.999314e-01 
  681.000  9.998546e-01 
  682.000  9.999191e-01 
  683.000  9.995919e-01 
  684.000  9.995998e-01 
  685.000  9.998801e-01 
  686.000  9.997143e-01 
  687.000  7.286592e-01 
  688.000  8.978929e-01 
  689.000  9.256045e-01 
  690.000  9.496862e-01 
  691.000  9.619179e-01 
  692.000  9.864784e-01 
  693.000  9.811993e-01 
  694.000  9.731990e-01 
  695.000  9.860473e-01 
  696.000  9.821476e-01 
  697.000  9.979128e-01 
  698.000  9.973062e-01 
  699.000  9.905838e-01 
  700.000  9.909694e-01 
  701.000  9.856620e-01 
  702.000  9.880933e-01 
  703.000  9.899417e-01 
  704.000  9.914143e-01 
  705.000  9.917518e-01 
  706.000  9.941057e-01 
  707.000  9.960086e-01 
  708.000  9.972659e-01 
  709.000  9.972076e-01 
  710.000  9.964797e-01 
  711.000  9.979433e-01 
  712.000  9.967867e-01 
  713.000  9.981214e-01 
  714.000  9.968731e-01 
  715.000  9.933775e-01 
  716.000  9.937673e-01 
  717.000  9.796358e-01 
  718.000  9.382353e-01 
  719.000  8.942459e-01 
  720.000  9.454220e-01 
  721.000  9.870140e-01 
  722.000  9.858398e-01 
  723.000  9.836618e-01 
  724.000  9.282480e-01 
  725.000  9.482091e-01 
  726.000  9.711828e-01 
  727.000  9.610527e-01 
  728.000  9.425394e-01 
  729.000  9.531928e-01 
  730.000  9.735823e-01 
  731.000  9.621632e-01 
  732.000  9.686205e-01 
  733.000  9.851725e-01 
  734.000  9.936620e-01 
  735.000  9.875858e-01 
  736.000  9.916895e-01 
  737.000  9.915439e-01 
  738.000  9.939609e-01 
  739.000  9.946139e-01 
  740.000  9.977040e-01 
  741.000  9.992909e-01 
  742.000  9.992756e-01 
  743.000  9.991179e-01 
  744.000  9.995458e-01 
  745.000  9.997635e-01 
  746.000  9.999309e-01 
  747.000  9.998498e-01 
  748.000  9.999184e-01 
  749.000  9.998915e-01 
  750.000  9.999074e-01 
  751.000  9.998573e-01 
  752.000  9.999596e-01 
  753.000  9.999723e-01 
  754.000  9.999376e-01 
  755.000  9.998990e-01 
  756.000  9.998653e-01 
  757.000  9.999891e-01 
  758.000  9.999872e-01 
  759.000  9.919803e-01 
  760.000  4.233491e-01 
  761.000  3.287871e-01 
  762.000  7.076758e-01 
  763.000  6.104936e-01 
  764.000  6.625329e-01 
  765.000  7.827281e-01 
  766.000  9.053684e-01 
  767.000  9.445843e-01 
  768.000  9.841264e-01 
  769.000  9.945500e-01 
  770.000  9.941956e-01 
  771.000  9.986815e-01 
  772.000  9.999227e-01 
  773.000  9.999194e-01 
  774.000  9.998996e-01 
  775.000  9.999283e-01 
  776.000  9.999486e-01 
  777.000  9.999821e-01 
  778.000  9.999962e-01 
  779.000  9.999956e-01 
  780.000  9.999957e-01 
  781.000  9.999957e-01 
  782.000  9.999374e-01 
  783.000  9.999764e-01 
  784.000  9.997531e-01 
  785.000  9.995131e-01 
  786.000  9.983677e-01 
  787.000  9.981889e-01 
  788.000  9.958509e-01 
  789.000  9.957064e-01 
  790.000  9.916064e-01 
  791.000  9.919102e-01 
  792.000  9.935802e-01 
  793.000  9.946406e-01 
  794.000  9.994448e-01 
  795.000  9.976624e-01 
  796.000  9.864568e-01 
  797.000  9.944982e-01 
  798.000  9.952239e-01 
  799.000  9.969159e-01 
  800.000  9.921589e-01 
  801.000  9.898406e-01 
  802.000  9.929877e-01 
  803.000  9.923348e-01 
  804.000  9.920548e-01 
  805.000  9.940978e-01 
  806.000  9.981782e-01 
  807.000  9.956611e-01 
  808.000  9.981779e-01 
  809.000  9.942626e-01 
  810.000  9.922291e-01 
  811.000  9.929509e-01 
  812.000  9.885479e-01 
  813.000  9.799674e-01 
  814.000  9.649222e-01 
  815.000  9.453633e-01 
  816.000  9.602003e-01 
  817.000  8.891217e-01 
  818.000  9.386003e-01 
  819.000  9.599937e-01 
  820.000  9.316387e-01 
  821.000  9.908232e-01 
  822.000  9.837929e-01 
  823.000  8.675773e-01 
  824.000  9.740512e-01 
  825.000  9.867786e-01 
  826.000  9.730136e-01 
  827.000  9.859931e-01 
  828.000  9.501096e-01 
  829.000  9.779217e-01 
  830.000  9.713344e-01 
  831.000  9.744965e-01 
  832.000  9.741688e-01 
  833.000  9.845437e-01 
  834.000  9.842694e-01 
  835.000  9.899698e-01 
  836.000  9.905629e-01 
  837.000  9.902358e-01 
  838.000  9.940096e-01 
  839.000  9.958678e-01 
  840.000  9.963080e-01 
  841.000  9.963080e-01 
  842.000  9.929265e-01 
  843.000  9.991884e-01 
  844.000  9.953854e-01 
  845.000  9.984092e-01 
  846.000  9.991597e-01 
  847.000  9.997230e-01 
  848.000  9.988807e-01 
  849.000  9.992139e-01 
  850.000  9.987790e-01 
  851.000  9.976440e-01 
  852.000  9.990165e-01 
  853.000  9.992594e-01 
  854.000  9.989381e-01 
  855.000  9.989381e-01 
  856.000  9.992107e-01 
  857.000  9.998268e-01 
  858.000  9.991892e-01 
  859.000  9.995580e-01 
  860.000  9.999535e-01 
  861.000  9.997656e-01 
  862.000  9.999247e-01 
  863.000  9.997535e-01 
  864.000  9.999771e-01 
  865.000  9.999771e-01 
  866.000  9.999362e-01 
  867.000  9.999909e-01 
  868.000  9.999359e-01 
  869.000  9.998666e-01 
  870.000  9.999338e-01 
  871.000  9.999359e-01 
  872.000  9.999819e-01 
  873.000  9.999186e-01 
  874.000  9.999186e-01 
  875.000  9.999934e-01 
  876.000  9.999957e-01 
  877.000  9.999331e-01 
  878.000  9.998724e-01 
  879.000  9.998530e-01 
  880.000  9.999439e-01 
  881.000  9.999439e-01 
  882.000  9.995507e-01 
  883.000  9.996569e-01 
  884.000  9.996698e-01 
  885.000  9.997220e-01 
  886.000  9.975049e-01 
  887.000  9.995002e-01 
  888.000  9.995002e-01 
  889.000  9.989998e-01 
  890.000  9.977346e-01 
  891.000  9.994333e-01 
  892.000  9.974182e-01 
  893.000  9.921228e-01 
  894.000  9.921228e-01 
  895.000  9.793393e-01 
  896.000  9.676910e-01 
  897.000  9.104688e-01 
  898.000  9.650429e-01 
  899.000  8.547683e-01 
  900.000  8.547683e-01 
  901.000  8.789839e-01 
  902.000  9.033810e-01 
  903.000  9.280916e-01 
  904.000  9.835652e-01 
  905.000  9.763995e-01 
  906.000  9.763995e-01 
  907.000  9.182882e-01 
  908.000  8.990176e-01 
  909.000  9.099610e-01 
  910.000  8.977550e-01 
  911.000  8.977550e-01 
  912.000  9.576722e-01 
  913.000  9.282318e-01 
  914.000  9.072815e-01 
  915.000  8.747220e-01 
  916.000  8.747220e-01 
  917.000  9.553856e-01 
  918.000  8.900405e-01 
  919.000  9.399766e-01 
  920.000  9.816746e-01 
  921.000  9.816746e-01 
  922.000  9.712593e-01 
  923.000  9.704248e-01 
  924.000  9.602870e-01 
  925.000  9.602870e-01 
  926.000  9.653275e-01 
  927.000  9.693857e-01 
  928.000  9.078080e-01 
  929.000  8.951169e-01 
  930.000  8.951169e-01 
  931.000  7.890219e-01 
  932.000  6.265914e-01 
  933.000  6.625377e-01 
  934.000  6.625377e-01 
  935.000  6.075926e-01 
  936.000  5.787176e-01 
  937.000  5.802065e-01 
  938.000  5.802065e-01 
  939.000  6.985017e-01 
  940.000  8.165919e-01 
  941.000  7.744190e-01 
  942.000  7.744190e-01 
  943.000  6.761098e-01 
  944.000  6.813745e-01 
  945.000  7.749860e-01 
  946.000  7.749860e-01 
  947.000  6.935315e-01 
  948.000  7.176092e-01 
  949.000  7.681855e-01 
  950.000  7.681855e-01 
  951.000  7.768559e-01 
  952.000  6.906822e-01 
  953.000  8.141217e-01 
  954.000  8.141217e-01 
  955.000  8.080226e-01 
  956.000  7.103226e-01 
  957.000  8.471169e-01 
  958.000  8.471169e-01 
  959.000  7.754031e-01 
  960.000  8.382339e-01 
  961.000  8.382339e-01 
  962.000  8.528355e-01 
  963.000  9.010947e-01 
  964.000  8.285721e-01 
  965.000  8.285721e-01 
  966.000  8.767379e-01 
  967.000  9.344801e-01 
  968.000  9.344801e-01 
  969.000  9.466151e-01 
  970.000  9.694219e-01 
  971.000  9.766046e-01 
  972.000  9.766046e-01 
  973.000  9.677742e-01 
  974.000  9.212835e-01 
  975.000  9.212835e-01 
  976.000  9.073383e-01 
  977.000  9.555508e-01 
  978.000  9.488356e-01 
  979.000  9.488356e-01 
  980.000  9.495203e-01 
  981.000  9.859088e-01 
  982.000  9.859088e-01 
  983.000  9.748997e-01 
  984.000  9.845934e-01 
  985.000  9.845934e-01 
  986.000  9.958857e-01 
  987.000  9.916077e-01 
  988.000  9.916077e-01 
  989.000  9.980612e-01 
  990.000  9.953930e-01 
  991.000  9.953930e-01 
  992.000  9.971690e-01 
  993.000  9.967965e-01 
  994.000  9.967965e-01 
  995.000  9.994451e-01 
  996.000  9.994959e-01 
  997.000  9.994959e-01 
  998.000  9.994823e-01 
  999.000  9.992481e-01 
 1000.000  9.992481e-01 
 1001.000  9.993496e-01 
 1002.000  9.956652e-01 
 1003.000  9.956652e-01 
 1004.000  9.993320e-01 
 1005.000  9.994831e-01 
 1006.000  9.994831e-01 
 1007.000  9.995833e-01 
 1008.000  9.988772e-01 
 1009.000  9.988772e-01 
 1010.000  9.961279e-01 
 1011.000  9.995237e-01 
 1012.000  9.995237e-01 
 1013.000  9.996349e-01 
 1014.000  9.995149e-01 
 1015.000  9.995149e-01 
 1016.000  9.996868e-01 
 1017.000  9.994668e-01 
 1018.000  9.994668e-01 
 1019.000  9.992127e-01 
 1020.000  9.996938e-01 
 1021.000  9.996938e-01 
 1022.000  9.992279e-01 
 1023.000  9.992279e-01 
 1024.000  9.991078e-01 
 1025.000  9.996520e-01 
 1026.000  9.996520e-01 
 1027.000  9.993664e-01 
 1028.000  9.996493e-01 
 1029.000  9.996493e-01 
 1030.000  9.997310e-01 
 1031.000  9.996595e-01 
 1032.000  9.996595e-01 
 1033.000  9.996392e-01 
 1034.000  9.996392e-01 
 1035.000  9.996385e-01 
 1036.000  9.992821e-01 
 1037.000  9.992821e-01 
 1038.000  9.992338e-01 
 1039.000  9.988400e-01 
 1040.000  9.988400e-01 
 1041.000  9.985709e-01 
 1042.000  9.985709e-01 
 1043.000  9.982319e-01 
 1044.000  9.977259e-01 
 1045.000  9.977259e-01 
 1046.000  9.970317e-01 
 1047.000  9.970317e-01 
 1048.000  9.963406e-01 
 1049.000  9.949651e-01 
 1050.000  9.949651e-01 
 1051.000  9.943452e-01 
 1052.000  9.943452e-01 
 1053.000  9.934043e-01 
 1054.000  9.926032e-01 
 1055.000  9.926032e-01 
 1056.000  9.916697e-01 
 1057.000  9.916697e-01 
 1058.000  9.908303e-01 
 1059.000  9.899949e-01 
 1060.000  9.899949e-01 
 1061.000  9.894607e-01 
 1062.000  9.894607e-01 
 1063.000  9.885211e-01 
 1064.000  9.879573e-01 
 1065.000  9.879573e-01 
 1066.000  9.888006e-01 
 1067.000  9.888006e-01 
 1068.000  9.881484e-01 
 1069.000  9.889826e-01 
 1070.000  9.889826e-01 
 1071.000  9.901015e-01 
 1072.000  9.901015e-01 
 1073.000  9.909301e-01 
 1074.000  9.909301e-01 
 1075.000  9.893932e-01 
 1076.000  9.895754e-01 
 1077.000  9.895754e-01 
 1078.000  9.924908e-01 
 1079.000  9.924908e-01 
 1080.000  9.906695e-01 
 1081.000  9.906695e-01 
 1082.000  9.925638e-01 
 1083.000  9.909813e-01 
 1084.000  9.909813e-01 
 1085.000  9.875450e-01 
 1086.000  9.875450e-01 
 1087.000  9.932985e-01 
 1088.000  9.932985e-01 
 1089.000  9.909070e-01 
 1090.000  9.896165e-01 
 1091.000  9.896165e-01 
 1092.000  9.855788e-01 
 1093.000  9.855788e-01 
 1094.000  9.855175e-01 
 1095.000  9.855175e-01 
 1096.000  9.830346e-01 
 1097.000  9.830346e-01 
 1098.000  9.773218e-01 
 1099.000  9.560918e-01 
 1100.000  9.560918e-01 
 1101.000  9.565879e-01 
 1102.000  9.565879e-01 
 1103.000  9.482598e-01 
 1104.000  9.482598e-01 
 1105.000  9.416928e-01 
 1106.000  9.416928e-01 
 1107.000  9.404832e-01 
 1108.000  9.404832e-01 
 1109.000  9.240003e-01 
 1110.000  8.923837e-01 
 1111.000  8.923837e-01 
 1112.000  8.777514e-01 
 1113.000  8.777514e-01 
 1114.000  7.925507e-01 
 1115.000  7.925507e-01 
 1116.000  6.153764e-01 
 1117.000  6.153764e-01 
 1118.000  7.067469e-01 
 1119.000  7.067469e-01 
 1120.000  6.534022e-01 
 1121.000  6.534022e-01 
 1122.000  4.769497e-01 
 1123.000  6.735221e-01 
 1124.000  6.735221e-01 
 1125.000  5.228720e-01 
 1126.000  5.228720e-01 
 1127.000  5.894035e-01 
 1128.000  5.894035e-01 
 1129.000  5.925077e-01 
 1130.000  5.925077e-01 
 1131.000  8.151872e-01 
 1132.000  8.151872e-01 
 1133.000  5.951204e-01 
 1134.000  5.951204e-01 
 1135.000  3.786412e-01 
 1136.000  3.786412e-01 
 1137.000  8.239323e-01 
 1138.000  8.239323e-01 
 1139.000  7.621100e-01 
 1140.000  7.621100e-01 
 1141.000  7.508971e-01 
 1142.000  7.508971e-01 
 1143.000  7.996947e-01 
 1144.000  7.996947e-01 
 1145.000  6.207539e-01 
 1146.000  6.207539e-01 
 1147.000  6.109927e-01 
 1148.000  6.109927e-01 
 1149.000  7.018039e-01 
 1150.000  7.018039e-01 
 1151.000  7.785055e-01 
 1152.000  7.785055e-01 
 1153.000  7.308746e-01 
 1154.000  7.308746e-01 
 1155.000  7.745385e-01 
 1156.000  7.745385e-01 
 1157.000  8.369172e-01 
 1158.000  8.369172e-01 
 1159.000  9.115941e-01 
 1160.000  9.115941e-01 
 1161.000  8.995937e-01 
 1162.000  8.995937e-01 
 1163.000  9.331987e-01 
 1164.000  9.331987e-01 
 1165.000  9.217129e-01 
 1166.000  9.217129e-01 
 1167.000  9.483806e-01 
 1168.000  9.483806e-01 
 1169.000  9.567097e-01 
 1170.000  9.567097e-01 
 1171.000  9.611285e-01 
 1172.000  9.611285e-01 
 1173.000  9.214177e-01 
 1174.000  9.214177e-01 
 1175.000  9.831353e-01 
 1176.000  9.831353e-01 
 1177.000  9.454011e-01 
 1178.000  9.454011e-01 
 1179.000  9.726794e-01 
 1180.000  9.726794e-01 
 1181.000  9.141805e-01 
 1182.000  9.141805e-01 
 1183.000  9.586735e-01 
 1184.000  9.586735e-01 
 1185.000  9.726881e-01 
 1186.000  9.726881e-01 
 1187.000  9.191937e-01 
 1188.000  9.191937e-01 
 1189.000  9.191937e-01 
 1190.000  9.578707e-01 
 1191.000  9.578707e-01 
 1192.000  9.847109e-01 
 1193.000  9.847109e-01 
 1194.000  9.656351e-01 
 1195.000  9.656351e-01 
 1196.000  9.752476e-01 
 1197.000  9.752476e-01 
 1198.000  9.573159e-01 
 1199.000  9.573159e-01 
 1200.000  9.537900e-01 
