  250.000  9.996776e-01 
  251.000  9.997615e-01 
  252.000  9.997736e-01 
  253.000  9.997627e-01 
  254.000  9.997502e-01 
  255.000  9.997489e-01 
  256.000  9.997362e-01 
  257.000  9.997386e-01 
  258.000  9.997163e-01 
  259.000  9.997007e-01 
  260.000  9.996992e-01 
  261.000  9.996927e-01 
  262.000  9.996876e-01 
  263.000  9.996483e-01 
  264.000  9.996434e-01 
  265.000  9.996256e-01 
  266.000  9.996282e-01 
  267.000  9.996096e-01 
  268.000  9.995972e-01 
  269.000  9.995336e-01 
  270.000  9.995425e-01 
  271.000  9.995431e-01 
  272.000  9.995382e-01 
  273.000  9.994644e-01 
  274.000  9.994437e-01 
  275.000  9.994258e-01 
  276.000  9.994395e-01 
  277.000  9.993967e-01 
  278.000  9.993733e-01 
  279.000  9.993117e-01 
  280.000  9.992739e-01 
  281.000  9.992556e-01 
  282.000  9.992647e-01 
  283.000  9.992646e-01 
  284.000  9.991402e-01 
  285.000  9.990957e-01 
  286.000  9.990353e-01 
  287.000  9.990689e-01 
  288.000  9.990637e-01 
  289.000  9.990038e-01 
  290.000  9.989113e-01 
  291.000  9.988750e-01 
  292.000  9.987714e-01 
  293.000  9.987830e-01 
  294.000  9.988272e-01 
  295.000  9.986727e-01 
  296.000  9.987438e-01 
  297.000  9.984728e-01 
  298.000  9.984499e-01 
  299.000  9.984741e-01 
  300.000  9.984393e-01 
  301.000  9.984718e-01 
  302.000  9.982425e-01 
  303.000  9.980901e-01 
  304.000  9.980956e-01 
  305.000  9.980050e-01 
  306.000  9.980937e-01 
  307.000  9.978886e-01 
  308.000  9.979786e-01 
  309.000  9.976723e-01 
  310.000  9.977462e-01 
  311.000  9.976089e-01 
  312.000  9.975605e-01 
  313.000  9.974061e-01 
  314.000  9.975014e-01 
  315.000  9.971722e-01 
  316.000  9.973109e-01 
  317.000  9.971482e-01 
  318.000  9.968660e-01 
  319.000  9.970369e-01 
  320.000  9.967282e-01 
  321.000  9.968473e-01 
  322.000  9.967302e-01 
  323.000  9.965402e-01 
  324.000  9.966457e-01 
  325.000  9.963557e-01 
  326.000  9.962973e-01 
  327.000  9.962946e-01 
  328.000  9.961193e-01 
  329.000  9.961421e-01 
  330.000  9.958795e-01 
  331.000  9.960258e-01 
  332.000  9.959937e-01 
  333.000  9.950861e-01 
  334.000  9.958489e-01 
  335.000  9.953465e-01 
  336.000  9.955831e-01 
  337.000  9.954394e-01 
  338.000  9.956076e-01 
  339.000  9.946194e-01 
  340.000  9.947909e-01 
  341.000  9.938493e-01 
  342.000  9.934030e-01 
  343.000  9.934380e-01 
  344.000  9.929960e-01 
  345.000  9.934354e-01 
  346.000  9.938211e-01 
  347.000  9.940863e-01 
  348.000  9.941906e-01 
  349.000  9.940063e-01 
  350.000  9.948448e-01 
  351.000  9.941273e-01 
  352.000  9.945107e-01 
  353.000  9.949052e-01 
  354.000  9.935729e-01 
  355.000  9.932075e-01 
  356.000  9.935135e-01 
  357.000  9.912828e-01 
  358.000  9.901645e-01 
  359.000  9.889344e-01 
  360.000  9.874890e-01 
  361.000  9.864643e-01 
  362.000  9.884704e-01 
  363.000  9.903474e-01 
  364.000  9.921535e-01 
  365.000  9.919557e-01 
  366.000  9.929245e-01 
  367.000  9.932262e-01 
  368.000  9.930516e-01 
  369.000  9.933375e-01 
  370.000  9.931977e-01 
  371.000  9.936298e-01 
  372.000  9.922741e-01 
  373.000  9.928901e-01 
  374.000  9.930263e-01 
  375.000  9.932500e-01 
  376.000  9.918747e-01 
  377.000  9.917104e-01 
  378.000  9.913824e-01 
  379.000  9.898199e-01 
  380.000  9.879696e-01 
  381.000  9.886285e-01 
  382.000  9.901015e-01 
  383.000  9.917783e-01 
  384.000  9.918698e-01 
  385.000  9.922589e-01 
  386.000  9.925881e-01 
  387.000  9.924886e-01 
  388.000  9.923113e-01 
  389.000  9.922701e-01 
  390.000  9.922491e-01 
  391.000  9.924299e-01 
  392.000  9.915041e-01 
  393.000  9.928442e-01 
  394.000  9.928554e-01 
  395.000  9.926803e-01 
  396.000  9.922370e-01 
  397.000  9.929157e-01 
  398.000  9.916071e-01 
  399.000  9.925828e-01 
  400.000  9.913933e-01 
  401.000  9.916627e-01 
  402.000  9.926403e-01 
  403.000  9.932125e-01 
  404.000  9.921120e-01 
  405.000  9.917729e-01 
  406.000  9.928746e-01 
  407.000  9.938183e-01 
  408.000  9.925313e-01 
  409.000  9.918978e-01 
  410.000  9.924117e-01 
  411.000  9.922464e-01 
  412.000  9.932832e-01 
  413.000  9.919090e-01 
  414.000  9.924833e-01 
  415.000  9.926070e-01 
  416.000  9.938381e-01 
  417.000  9.937025e-01 
  418.000  9.930484e-01 
  419.000  9.932400e-01 
  420.000  9.925787e-01 
  421.000  9.924896e-01 
  422.000  9.922942e-01 
  423.000  9.928465e-01 
  424.000  9.921483e-01 
  425.000  9.931740e-01 
  426.000  9.942514e-01 
  427.000  9.932808e-01 
  428.000  9.923617e-01 
  429.000  9.938915e-01 
  430.000  9.938958e-01 
  431.000  9.922931e-01 
  432.000  9.939089e-01 
  433.000  9.936632e-01 
  434.000  9.928152e-01 
  435.000  9.910579e-01 
  436.000  9.928025e-01 
  437.000  9.947435e-01 
  438.000  9.952055e-01 
  439.000  9.914589e-01 
  440.000  9.929096e-01 
  441.000  9.946282e-01 
  442.000  9.952663e-01 
  443.000  9.942629e-01 
  444.000  9.930845e-01 
  445.000  9.913581e-01 
  446.000  9.927589e-01 
  447.000  9.937810e-01 
  448.000  9.900805e-01 
  449.000  9.932809e-01 
  450.000  9.944445e-01 
  451.000  9.944276e-01 
  452.000  9.943554e-01 
  453.000  9.945368e-01 
  454.000  9.954054e-01 
  455.000  9.945340e-01 
  456.000  9.948171e-01 
  457.000  9.956808e-01 
  458.000  9.940984e-01 
  459.000  9.952552e-01 
  460.000  9.944679e-01 
  461.000  9.945833e-01 
  462.000  9.954967e-01 
  463.000  9.932860e-01 
  464.000  9.944523e-01 
  465.000  9.950574e-01 
  466.000  9.961333e-01 
  467.000  9.948272e-01 
  468.000  9.953221e-01 
  469.000  9.956378e-01 
  470.000  9.954184e-01 
  471.000  9.955767e-01 
  472.000  9.943032e-01 
  473.000  9.927072e-01 
  474.000  9.889613e-01 
  475.000  9.869015e-01 
  476.000  9.859443e-01 
  477.000  9.855198e-01 
  478.000  9.857076e-01 
  479.000  9.868973e-01 
  480.000  9.883798e-01 
  481.000  9.918078e-01 
  482.000  9.943368e-01 
  483.000  9.963193e-01 
  484.000  9.966292e-01 
  485.000  9.964384e-01 
  486.000  9.964297e-01 
  487.000  9.969789e-01 
  488.000  9.960990e-01 
  489.000  9.949399e-01 
  490.000  9.961753e-01 
  491.000  9.970378e-01 
  492.000  9.969153e-01 
  493.000  9.967734e-01 
  494.000  9.961216e-01 
  495.000  9.960995e-01 
  496.000  9.961289e-01 
  497.000  9.968159e-01 
  498.000  9.974706e-01 
  499.000  9.979873e-01 
  500.000  9.981711e-01 
  501.000  9.977530e-01 
  502.000  9.964092e-01 
  503.000  9.949826e-01 
  504.000  9.937554e-01 
  505.000  9.951067e-01 
  506.000  9.951658e-01 
  507.000  9.949329e-01 
  508.000  9.960302e-01 
  509.000  9.961435e-01 
  510.000  9.966360e-01 
  511.000  9.967424e-01 
  512.000  9.970378e-01 
  513.000  9.976482e-01 
  514.000  9.979246e-01 
  515.000  9.982318e-01 
  516.000  9.982888e-01 
  517.000  9.984368e-01 
  518.000  9.982428e-01 
  519.000  9.977775e-01 
  520.000  9.977136e-01 
  521.000  9.982365e-01 
  522.000  9.982157e-01 
  523.000  9.979943e-01 
  524.000  9.978176e-01 
  525.000  9.967948e-01 
  526.000  9.968247e-01 
  527.000  9.970053e-01 
  528.000  9.967597e-01 
  529.000  9.967291e-01 
  530.000  9.967122e-01 
  531.000  9.965596e-01 
  532.000  9.964325e-01 
  533.000  9.965332e-01 
  534.000  9.969596e-01 
  535.000  9.973180e-01 
  536.000  9.978145e-01 
  537.000  9.981225e-01 
  538.000  9.979853e-01 
  539.000  9.977820e-01 
  540.000  9.982550e-01 
  541.000  9.969487e-01 
  542.000  9.971077e-01 
  543.000  9.977040e-01 
  544.000  9.980819e-01 
  545.000  9.970274e-01 
  546.000  9.965677e-01 
  547.000  9.976413e-01 
  548.000  9.981346e-01 
  549.000  9.981270e-01 
  550.000  9.981256e-01 
  551.000  9.988279e-01 
  552.000  9.988455e-01 
  553.000  9.985666e-01 
  554.000  9.988652e-01 
  555.000  9.991693e-01 
  556.000  9.993110e-01 
  557.000  9.992541e-01 
  558.000  9.992107e-01 
  559.000  9.993891e-01 
  560.000  9.992651e-01 
  561.000  9.991004e-01 
  562.000  9.990011e-01 
  563.000  9.986420e-01 
  564.000  9.981446e-01 
  565.000  9.978678e-01 
  566.000  9.978322e-01 
  567.000  9.970447e-01 
  568.000  9.959400e-01 
  569.000  9.912058e-01 
  570.000  9.886014e-01 
  571.000  9.887093e-01 
  572.000  9.852437e-01 
  573.000  9.849294e-01 
  574.000  9.822290e-01 
  575.000  9.817270e-01 
  576.000  9.799678e-01 
  577.000  9.794471e-01 
  578.000  9.809303e-01 
  579.000  9.819924e-01 
  580.000  9.833558e-01 
  581.000  9.857317e-01 
  582.000  9.878938e-01 
  583.000  9.898847e-01 
  584.000  9.924424e-01 
  585.000  9.930788e-01 
  586.000  9.947624e-01 
  587.000  9.950190e-01 
  588.000  9.944767e-01 
  589.000  9.810839e-01 
  590.000  9.811039e-01 
  591.000  9.862092e-01 
  592.000  9.759333e-01 
  593.000  9.926020e-01 
  594.000  9.847289e-01 
  595.000  9.902055e-01 
  596.000  9.927748e-01 
  597.000  9.927124e-01 
  598.000  9.932864e-01 
  599.000  9.962354e-01 
  600.000  9.967709e-01 
  601.000  9.985211e-01 
  602.000  9.990433e-01 
  603.000  9.992209e-01 
  604.000  9.997055e-01 
  605.000  9.996765e-01 
  606.000  9.997210e-01 
  607.000  9.997931e-01 
  608.000  9.997644e-01 
  609.000  9.997665e-01 
  610.000  9.997447e-01 
  611.000  9.996931e-01 
  612.000  9.993126e-01 
  613.000  9.993808e-01 
  614.000  9.993134e-01 
  615.000  9.992588e-01 
  616.000  9.988358e-01 
  617.000  9.984689e-01 
  618.000  9.981785e-01 
  619.000  9.977005e-01 
  620.000  9.967040e-01 
  621.000  9.956987e-01 
  622.000  9.952446e-01 
  623.000  9.934560e-01 
  624.000  9.925495e-01 
  625.000  9.915689e-01 
  626.000  9.898673e-01 
  627.000  9.881867e-01 
  628.000  9.555313e-01 
  629.000  9.696838e-01 
  630.000  9.759740e-01 
  631.000  9.843547e-01 
  632.000  9.865941e-01 
  633.000  9.881750e-01 
  634.000  9.898143e-01 
  635.000  9.905180e-01 
  636.000  9.916294e-01 
  637.000  9.931174e-01 
  638.000  9.947232e-01 
  639.000  9.954531e-01 
  640.000  9.960341e-01 
  641.000  9.967000e-01 
  642.000  9.979053e-01 
  643.000  9.977022e-01 
  644.000  9.985586e-01 
  645.000  9.983673e-01 
  646.000  9.948017e-01 
  647.000  9.891522e-01 
  648.000  9.838609e-01 
  649.000  9.878363e-01 
  650.000  9.969773e-01 
  651.000  9.979899e-01 
  652.000  9.947913e-01 
  653.000  9.976966e-01 
  654.000  9.969785e-01 
  655.000  9.862016e-01 
  656.000  9.932047e-01 
  657.000  9.948621e-01 
  658.000  9.980074e-01 
  659.000  9.995910e-01 
  660.000  9.991456e-01 
  661.000  9.997842e-01 
  662.000  9.997144e-01 
  663.000  9.990852e-01 
  664.000  9.996012e-01 
  665.000  9.996412e-01 
  666.000  9.997289e-01 
  667.000  9.998408e-01 
  668.000  9.998066e-01 
  669.000  9.998131e-01 
  670.000  9.998644e-01 
  671.000  9.998994e-01 
  672.000  9.998939e-01 
  673.000  9.998403e-01 
  674.000  9.998742e-01 
  675.000  9.998782e-01 
  676.000  9.998688e-01 
  677.000  9.998788e-01 
  678.000  9.999231e-01 
  679.000  9.999180e-01 
  680.000  9.998733e-01 
  681.000  9.997314e-01 
  682.000  9.998505e-01 
  683.000  9.992467e-01 
  684.000  9.992613e-01 
  685.000  9.997788e-01 
  686.000  9.994724e-01 
  687.000  6.430811e-01 
  688.000  8.293725e-01 
  689.000  8.752815e-01 
  690.000  9.115472e-01 
  691.000  9.345964e-01 
  692.000  9.756376e-01 
  693.000  9.663638e-01 
  694.000  9.522430e-01 
  695.000  9.749957e-01 
  696.000  9.683776e-01 
  697.000  9.961503e-01 
  698.000  9.950327e-01 
  699.000  9.828946e-01 
  700.000  9.835843e-01 
  701.000  9.739099e-01 
  702.000  9.783183e-01 
  703.000  9.817768e-01 
  704.000  9.844270e-01 
  705.000  9.849591e-01 
  706.000  9.892052e-01 
  707.000  9.926438e-01 
  708.000  9.949582e-01 
  709.000  9.948510e-01 
  710.000  9.935106e-01 
  711.000  9.962065e-01 
  712.000  9.941056e-01 
  713.000  9.965346e-01 
  714.000  9.942350e-01 
  715.000  9.878581e-01 
  716.000  9.885862e-01 
  717.000  9.630275e-01 
  718.000  8.952678e-01 
  719.000  8.408337e-01 
  720.000  9.041849e-01 
  721.000  9.763771e-01 
  722.000  9.743831e-01 
  723.000  9.704514e-01 
  724.000  8.841823e-01 
  725.000  9.091541e-01 
  726.000  9.482999e-01 
  727.000  9.308581e-01 
  728.000  8.997227e-01 
  729.000  9.168717e-01 
  730.000  9.526179e-01 
  731.000  9.325628e-01 
  732.000  9.437000e-01 
  733.000  9.731474e-01 
  734.000  9.884263e-01 
  735.000  9.774736e-01 
  736.000  9.848435e-01 
  737.000  9.845737e-01 
  738.000  9.889320e-01 
  739.000  9.901440e-01 
  740.000  9.957653e-01 
  741.000  9.986913e-01 
  742.000  9.986631e-01 
  743.000  9.983720e-01 
  744.000  9.991616e-01 
  745.000  9.995635e-01 
  746.000  9.998724e-01 
  747.000  9.997226e-01 
  748.000  9.998493e-01 
  749.000  9.997995e-01 
  750.000  9.998291e-01 
  751.000  9.997365e-01 
  752.000  9.999254e-01 
  753.000  9.999487e-01 
  754.000  9.998847e-01 
  755.000  9.998136e-01 
  756.000  9.997513e-01 
  757.000  9.999799e-01 
  758.000  9.999765e-01 
  759.000  9.857090e-01 
  760.000  2.850132e-01 
  761.000  1.723900e-01 
  762.000  5.961893e-01 
  763.000  4.760546e-01 
  764.000  5.551975e-01 
  765.000  7.066301e-01 
  766.000  8.497874e-01 
  767.000  9.050312e-01 
  768.000  9.722507e-01 
  769.000  9.899617e-01 
  770.000  9.895177e-01 
  771.000  9.975672e-01 
  772.000  9.998572e-01 
  773.000  9.998512e-01 
  774.000  9.998146e-01 
  775.000  9.998676e-01 
  776.000  9.999052e-01 
  777.000  9.999667e-01 
  778.000  9.999930e-01 
  779.000  9.999919e-01 
  780.000  9.999920e-01 
  781.000  9.999920e-01 
  782.000  9.998844e-01 
  783.000  9.999563e-01 
  784.000  9.995442e-01 
  785.000  9.991015e-01 
  786.000  9.969885e-01 
  787.000  9.966590e-01 
  788.000  9.924043e-01 
  789.000  9.921373e-01 
  790.000  9.847379e-01 
  791.000  9.852939e-01 
  792.000  9.882984e-01 
  793.000  9.902982e-01 
  794.000  9.989753e-01 
  795.000  9.956887e-01 
  796.000  9.754636e-01 
  797.000  9.899330e-01 
  798.000  9.912586e-01 
  799.000  9.943137e-01 
  800.000  9.857149e-01 
  801.000  9.815197e-01 
  802.000  9.871675e-01 
  803.000  9.859862e-01 
  804.000  9.854801e-01 
  805.000  9.891962e-01 
  806.000  9.966393e-01 
  807.000  9.920480e-01 
  808.000  9.966387e-01 
  809.000  9.895021e-01 
  810.000  9.857705e-01 
  811.000  9.870710e-01 
  812.000  9.791023e-01 
  813.000  9.639431e-01 
  814.000  9.375796e-01 
  815.000  9.068341e-01 
  816.000  9.303525e-01 
  817.000  8.252836e-01 
  818.000  8.994300e-01 
  819.000  9.296809e-01 
  820.000  8.903489e-01 
  821.000  9.832705e-01 
  822.000  9.705968e-01 
  823.000  7.935316e-01 
  824.000  9.532751e-01 
  825.000  9.761555e-01 
  826.000  9.519926e-01 
  827.000  9.747069e-01 
  828.000  9.133967e-01 
  829.000  9.605945e-01 
  830.000  9.492869e-01 
  831.000  9.546425e-01 
  832.000  9.539332e-01 
  833.000  9.718924e-01 
  834.000  9.717461e-01 
  835.000  9.817318e-01 
  836.000  9.828971e-01 
  837.000  9.822347e-01 
  838.000  9.890104e-01 
  839.000  9.924232e-01 
  840.000  9.932321e-01 
  841.000  9.932321e-01 
  842.000  9.870801e-01 
  843.000  9.985021e-01 
  844.000  9.915562e-01 
  845.000  9.970649e-01 
  846.000  9.984491e-01 
  847.000  9.994885e-01 
  848.000  9.979346e-01 
  849.000  9.985491e-01 
  850.000  9.977506e-01 
  851.000  9.956748e-01 
  852.000  9.981850e-01 
  853.000  9.986330e-01 
  854.000  9.980441e-01 
  855.000  9.980441e-01 
  856.000  9.985433e-01 
  857.000  9.996806e-01 
  858.000  9.985036e-01 
  859.000  9.991840e-01 
  860.000  9.999142e-01 
  861.000  9.995672e-01 
  862.000  9.998608e-01 
  863.000  9.995450e-01 
  864.000  9.999576e-01 
  865.000  9.999576e-01 
  866.000  9.998823e-01 
  867.000  9.999832e-01 
  868.000  9.998816e-01 
  869.000  9.997538e-01 
  870.000  9.998779e-01 
  871.000  9.998817e-01 
  872.000  9.999666e-01 
  873.000  9.998497e-01 
  874.000  9.998497e-01 
  875.000  9.999878e-01 
  876.000  9.999921e-01 
  877.000  9.998765e-01 
  878.000  9.997646e-01 
  879.000  9.997287e-01 
  880.000  9.998964e-01 
  881.000  9.998964e-01 
  882.000  9.991707e-01 
  883.000  9.993665e-01 
  884.000  9.993906e-01 
  885.000  9.994868e-01 
  886.000  9.954170e-01 
  887.000  9.990775e-01 
  888.000  9.990775e-01 
  889.000  9.981542e-01 
  890.000  9.958413e-01 
  891.000  9.989541e-01 
  892.000  9.952432e-01 
  893.000  9.855724e-01 
  894.000  9.855724e-01 
  895.000  9.636173e-01 
  896.000  9.431722e-01 
  897.000  8.566099e-01 
  898.000  9.382563e-01 
  899.000  7.863669e-01 
  900.000  7.863669e-01 
  901.000  8.217177e-01 
  902.000  8.524083e-01 
  903.000  8.885332e-01 
  904.000  9.703891e-01 
  905.000  9.583979e-01 
  906.000  9.583979e-01 
  907.000  8.665351e-01 
  908.000  8.459281e-01 
  909.000  8.556920e-01 
  910.000  8.354006e-01 
  911.000  8.354006e-01 
  912.000  9.253036e-01 
  913.000  8.796590e-01 
  914.000  8.503568e-01 
  915.000  8.075158e-01 
  916.000  8.075158e-01 
  917.000  9.206175e-01 
  918.000  8.275034e-01 
  919.000  9.014363e-01 
  920.000  9.668357e-01 
  921.000  9.668357e-01 
  922.000  9.486301e-01 
  923.000  9.472022e-01 
  924.000  9.290807e-01 
  925.000  9.290807e-01 
  926.000  9.379644e-01 
  927.000  9.450032e-01 
  928.000  8.450666e-01 
  929.000  8.246146e-01 
  930.000  8.246146e-01 
  931.000  6.935321e-01 
  932.000  5.178825e-01 
  933.000  5.399482e-01 
  934.000  5.399482e-01 
  935.000  4.961594e-01 
  936.000  4.660793e-01 
  937.000  4.477308e-01 
  938.000  4.477308e-01 
  939.000  5.941995e-01 
  940.000  7.270994e-01 
  941.000  6.761176e-01 
  942.000  6.761176e-01 
  943.000  5.785890e-01 
  944.000  5.889413e-01 
  945.000  6.647688e-01 
  946.000  6.647688e-01 
  947.000  5.890633e-01 
  948.000  6.081906e-01 
  949.000  6.751810e-01 
  950.000  6.751810e-01 
  951.000  6.899723e-01 
  952.000  5.818855e-01 
  953.000  7.201277e-01 
  954.000  7.201277e-01 
  955.000  7.170955e-01 
  956.000  6.093564e-01 
  957.000  7.676150e-01 
  958.000  7.676150e-01 
  959.000  6.628792e-01 
  960.000  7.436473e-01 
  961.000  7.436473e-01 
  962.000  7.784353e-01 
  963.000  8.359058e-01 
  964.000  7.391248e-01 
  965.000  7.391248e-01 
  966.000  8.086463e-01 
  967.000  8.907182e-01 
  968.000  8.907182e-01 
  969.000  9.095740e-01 
  970.000  9.453123e-01 
  971.000  9.579991e-01 
  972.000  9.579991e-01 
  973.000  9.422519e-01 
  974.000  8.692238e-01 
  975.000  8.692238e-01 
  976.000  8.524626e-01 
  977.000  9.246660e-01 
  978.000  9.141212e-01 
  979.000  9.141212e-01 
  980.000  9.148046e-01 
  981.000  9.743572e-01 
  982.000  9.743572e-01 
  983.000  9.560856e-01 
  984.000  9.720853e-01 
  985.000  9.720853e-01 
  986.000  9.924423e-01 
  987.000  9.846673e-01 
  988.000  9.846673e-01 
  989.000  9.964292e-01 
  990.000  9.915452e-01 
  991.000  9.915452e-01 
  992.000  9.947985e-01 
  993.000  9.941140e-01 
  994.000  9.941140e-01 
  995.000  9.989759e-01 
  996.000  9.990696e-01 
  997.000  9.990696e-01 
  998.000  9.990443e-01 
  999.000  9.986125e-01 
 1000.000  9.986125e-01 
 1001.000  9.987994e-01 
 1002.000  9.920717e-01 
 1003.000  9.920717e-01 
 1004.000  9.987672e-01 
 1005.000  9.990458e-01 
 1006.000  9.990458e-01 
 1007.000  9.992309e-01 
 1008.000  9.979283e-01 
 1009.000  9.979283e-01 
 1010.000  9.929114e-01 
 1011.000  9.991211e-01 
 1012.000  9.991211e-01 
 1013.000  9.993260e-01 
 1014.000  9.991046e-01 
 1015.000  9.991046e-01 
 1016.000  9.994218e-01 
 1017.000  9.990157e-01 
 1018.000  9.990157e-01 
 1019.000  9.985470e-01 
 1020.000  9.994348e-01 
 1021.000  9.994348e-01 
 1022.000  9.985751e-01 
 1023.000  9.985751e-01 
 1024.000  9.983537e-01 
 1025.000  9.993578e-01 
 1026.000  9.993578e-01 
 1027.000  9.988307e-01 
 1028.000  9.993528e-01 
 1029.000  9.993528e-01 
 1030.000  9.995033e-01 
 1031.000  9.993713e-01 
 1032.000  9.993713e-01 
 1033.000  9.993340e-01 
 1034.000  9.993340e-01 
 1035.000  9.993326e-01 
 1036.000  9.986751e-01 
 1037.000  9.986751e-01 
 1038.000  9.985858e-01 
 1039.000  9.978594e-01 
 1040.000  9.978594e-01 
 1041.000  9.973634e-01 
 1042.000  9.973634e-01 
 1043.000  9.967383e-01 
 1044.000  9.958056e-01 
 1045.000  9.958056e-01 
 1046.000  9.945270e-01 
 1047.000  9.945270e-01 
 1048.000  9.932546e-01 
 1049.000  9.907246e-01 
 1050.000  9.907246e-01 
 1051.000  9.895853e-01 
 1052.000  9.895853e-01 
 1053.000  9.878574e-01 
 1054.000  9.863871e-01 
 1055.000  9.863871e-01 
 1056.000  9.846752e-01 
 1057.000  9.846752e-01 
 1058.000  9.831371e-01 
 1059.000  9.816071e-01 
 1060.000  9.816071e-01 
 1061.000  9.806294e-01 
 1062.000  9.806294e-01 
 1063.000  9.789110e-01 
 1064.000  9.778807e-01 
 1065.000  9.778807e-01 
 1066.000  9.794222e-01 
 1067.000  9.794222e-01 
 1068.000  9.782298e-01 
 1069.000  9.797550e-01 
 1070.000  9.797550e-01 
 1071.000  9.818023e-01 
 1072.000  9.818023e-01 
 1073.000  9.833199e-01 
 1074.000  9.833199e-01 
 1075.000  9.805560e-01 
 1076.000  9.809014e-01 
 1077.000  9.809014e-01 
 1078.000  9.861987e-01 
 1079.000  9.861987e-01 
 1080.000  9.829086e-01 
 1081.000  9.829086e-01 
 1082.000  9.863508e-01 
 1083.000  9.835032e-01 
 1084.000  9.835032e-01 
 1085.000  9.772665e-01 
 1086.000  9.772665e-01 
 1087.000  9.877308e-01 
 1088.000  9.877308e-01 
 1089.000  9.834241e-01 
 1090.000  9.811481e-01 
 1091.000  9.811481e-01 
 1092.000  9.738424e-01 
 1093.000  9.738424e-01 
 1094.000  9.736913e-01 
 1095.000  9.736913e-01 
 1096.000  9.692554e-01 
 1097.000  9.692554e-01 
 1098.000  9.590396e-01 
 1099.000  9.235617e-01 
 1100.000  9.235617e-01 
 1101.000  9.245895e-01 
 1102.000  9.245895e-01 
 1103.000  9.105783e-01 
 1104.000  9.105783e-01 
 1105.000  8.995437e-01 
 1106.000  8.995437e-01 
 1107.000  8.979751e-01 
 1108.000  8.979751e-01 
 1109.000  8.708346e-01 
 1110.000  8.314308e-01 
 1111.000  8.314308e-01 
 1112.000  8.035657e-01 
 1113.000  8.035657e-01 
 1114.000  7.195579e-01 
 1115.000  7.195579e-01 
 1116.000  5.011210e-01 
 1117.000  5.011210e-01 
 1118.000  6.099679e-01 
 1119.000  6.099679e-01 
 1120.000  5.367566e-01 
 1121.000  5.367566e-01 
 1122.000  3.483526e-01 
 1123.000  5.698121e-01 
 1124.000  5.698121e-01 
 1125.000  3.921342e-01 
 1126.000  3.921342e-01 
 1127.000  4.563468e-01 
 1128.000  4.563468e-01 
 1129.000  4.558220e-01 
 1130.000  4.558220e-01 
 1131.000  7.228263e-01 
 1132.000  7.228263e-01 
 1133.000  4.568819e-01 
 1134.000  4.568819e-01 
 1135.000  2.744705e-01 
 1136.000  2.744705e-01 
 1137.000  7.271141e-01 
 1138.000  7.271141e-01 
 1139.000  6.752705e-01 
 1140.000  6.752705e-01 
 1141.000  6.601492e-01 
 1142.000  6.601492e-01 
 1143.000  6.962199e-01 
 1144.000  6.962199e-01 
 1145.000  5.014421e-01 
 1146.000  5.014421e-01 
 1147.000  4.833452e-01 
 1148.000  4.833452e-01 
 1149.000  5.949407e-01 
 1150.000  5.949407e-01 
 1151.000  6.901454e-01 
 1152.000  6.901454e-01 
 1153.000  6.411690e-01 
 1154.000  6.411690e-01 
 1155.000  6.880943e-01 
 1156.000  6.880943e-01 
 1157.000  7.605125e-01 
 1158.000  7.605125e-01 
 1159.000  8.505853e-01 
 1160.000  8.505853e-01 
 1161.000  8.318465e-01 
 1162.000  8.318465e-01 
 1163.000  8.886275e-01 
 1164.000  8.886275e-01 
 1165.000  8.687923e-01 
 1166.000  8.687923e-01 
 1167.000  9.115802e-01 
 1168.000  9.115802e-01 
 1169.000  9.242908e-01 
 1170.000  9.242908e-01 
 1171.000  9.326838e-01 
 1172.000  9.326838e-01 
 1173.000  8.673519e-01 
 1174.000  8.673519e-01 
 1175.000  9.693494e-01 
 1176.000  9.693494e-01 
 1177.000  9.070972e-01 
 1178.000  9.070972e-01 
 1179.000  9.525585e-01 
 1180.000  9.525585e-01 
 1181.000  8.603539e-01 
 1182.000  8.603539e-01 
 1183.000  9.294049e-01 
 1184.000  9.294049e-01 
 1185.000  9.509541e-01 
 1186.000  9.509541e-01 
 1187.000  8.750144e-01 
 1188.000  8.750144e-01 
 1189.000  8.750144e-01 
 1190.000  9.290372e-01 
 1191.000  9.290372e-01 
 1192.000  9.722090e-01 
 1193.000  9.722090e-01 
 1194.000  9.413048e-01 
 1195.000  9.413048e-01 
 1196.000  9.553269e-01 
 1197.000  9.553269e-01 
 1198.000  9.261752e-01 
 1199.000  9.261752e-01 
 1200.000  9.220613e-01 
