  250.000  9.998657e-01 
  251.000  9.999005e-01 
  252.000  9.999056e-01 
  253.000  9.999011e-01 
  254.000  9.998960e-01 
  255.000  9.998954e-01 
  256.000  9.998900e-01 
  257.000  9.998910e-01 
  258.000  9.998818e-01 
  259.000  9.998752e-01 
  260.000  9.998747e-01 
  261.000  9.998720e-01 
  262.000  9.998699e-01 
  263.000  9.998534e-01 
  264.000  9.998514e-01 
  265.000  9.998440e-01 
  266.000  9.998451e-01 
  267.000  9.998373e-01 
  268.000  9.998322e-01 
  269.000  9.998056e-01 
  270.000  9.998094e-01 
  271.000  9.998096e-01 
  272.000  9.998076e-01 
  273.000  9.997768e-01 
  274.000  9.997681e-01 
  275.000  9.997607e-01 
  276.000  9.997663e-01 
  277.000  9.997486e-01 
  278.000  9.997388e-01 
  279.000  9.997131e-01 
  280.000  9.996974e-01 
  281.000  9.996898e-01 
  282.000  9.996936e-01 
  283.000  9.996935e-01 
  284.000  9.996417e-01 
  285.000  9.996231e-01 
  286.000  9.995979e-01 
  287.000  9.996120e-01 
  288.000  9.996098e-01 
  289.000  9.995847e-01 
  290.000  9.995463e-01 
  291.000  9.995311e-01 
  292.000  9.994878e-01 
  293.000  9.994927e-01 
  294.000  9.995112e-01 
  295.000  9.994467e-01 
  296.000  9.994764e-01 
  297.000  9.993634e-01 
  298.000  9.993538e-01 
  299.000  9.993638e-01 
  300.000  9.993494e-01 
  301.000  9.993629e-01 
  302.000  9.992673e-01 
  303.000  9.992037e-01 
  304.000  9.992060e-01 
  305.000  9.991683e-01 
  306.000  9.992052e-01 
  307.000  9.991197e-01 
  308.000  9.991572e-01 
  309.000  9.990295e-01 
  310.000  9.990603e-01 
  311.000  9.990029e-01 
  312.000  9.989828e-01 
  313.000  9.989184e-01 
  314.000  9.989581e-01 
  315.000  9.988208e-01 
  316.000  9.988786e-01 
  317.000  9.988108e-01 
  318.000  9.986930e-01 
  319.000  9.987643e-01 
  320.000  9.986355e-01 
  321.000  9.986851e-01 
  322.000  9.986363e-01 
  323.000  9.985570e-01 
  324.000  9.986010e-01 
  325.000  9.984800e-01 
  326.000  9.984555e-01 
  327.000  9.984544e-01 
  328.000  9.983813e-01 
  329.000  9.983908e-01 
  330.000  9.982811e-01 
  331.000  9.983422e-01 
  332.000  9.983288e-01 
  333.000  9.979495e-01 
  334.000  9.982682e-01 
  335.000  9.980584e-01 
  336.000  9.981572e-01 
  337.000  9.980972e-01 
  338.000  9.981674e-01 
  339.000  9.977546e-01 
  340.000  9.978262e-01 
  341.000  9.974326e-01 
  342.000  9.972460e-01 
  343.000  9.972606e-01 
  344.000  9.970756e-01 
  345.000  9.972596e-01 
  346.000  9.974208e-01 
  347.000  9.975317e-01 
  348.000  9.975753e-01 
  349.000  9.974982e-01 
  350.000  9.978487e-01 
  351.000  9.975488e-01 
  352.000  9.977092e-01 
  353.000  9.978741e-01 
  354.000  9.973170e-01 
  355.000  9.971641e-01 
  356.000  9.972920e-01 
  357.000  9.963585e-01 
  358.000  9.958901e-01 
  359.000  9.953744e-01 
  360.000  9.947679e-01 
  361.000  9.943377e-01 
  362.000  9.951798e-01 
  363.000  9.959667e-01 
  364.000  9.967232e-01 
  365.000  9.966403e-01 
  366.000  9.970458e-01 
  367.000  9.971720e-01 
  368.000  9.970990e-01 
  369.000  9.972185e-01 
  370.000  9.971601e-01 
  371.000  9.973408e-01 
  372.000  9.967736e-01 
  373.000  9.970315e-01 
  374.000  9.970883e-01 
  375.000  9.971820e-01 
  376.000  9.966064e-01 
  377.000  9.965376e-01 
  378.000  9.964003e-01 
  379.000  9.957455e-01 
  380.000  9.949696e-01 
  381.000  9.952461e-01 
  382.000  9.958636e-01 
  383.000  9.965661e-01 
  384.000  9.966043e-01 
  385.000  9.967672e-01 
  386.000  9.969050e-01 
  387.000  9.968633e-01 
  388.000  9.967892e-01 
  389.000  9.967719e-01 
  390.000  9.967631e-01 
  391.000  9.968388e-01 
  392.000  9.964511e-01 
  393.000  9.970122e-01 
  394.000  9.970168e-01 
  395.000  9.969436e-01 
  396.000  9.967580e-01 
  397.000  9.970421e-01 
  398.000  9.964944e-01 
  399.000  9.969028e-01 
  400.000  9.964049e-01 
  401.000  9.965177e-01 
  402.000  9.969268e-01 
  403.000  9.971662e-01 
  404.000  9.967057e-01 
  405.000  9.965638e-01 
  406.000  9.970248e-01 
  407.000  9.974197e-01 
  408.000  9.968812e-01 
  409.000  9.966161e-01 
  410.000  9.968312e-01 
  411.000  9.967619e-01 
  412.000  9.971958e-01 
  413.000  9.966208e-01 
  414.000  9.968611e-01 
  415.000  9.969129e-01 
  416.000  9.974279e-01 
  417.000  9.973712e-01 
  418.000  9.970976e-01 
  419.000  9.971777e-01 
  420.000  9.969011e-01 
  421.000  9.968638e-01 
  422.000  9.967820e-01 
  423.000  9.970132e-01 
  424.000  9.967209e-01 
  425.000  9.971501e-01 
  426.000  9.976007e-01 
  427.000  9.971948e-01 
  428.000  9.968103e-01 
  429.000  9.974502e-01 
  430.000  9.974521e-01 
  431.000  9.967816e-01 
  432.000  9.974576e-01 
  433.000  9.973547e-01 
  434.000  9.970000e-01 
  435.000  9.962643e-01 
  436.000  9.969947e-01 
  437.000  9.978064e-01 
  438.000  9.979995e-01 
  439.000  9.964322e-01 
  440.000  9.970396e-01 
  441.000  9.977582e-01 
  442.000  9.980248e-01 
  443.000  9.976055e-01 
  444.000  9.971127e-01 
  445.000  9.963901e-01 
  446.000  9.969764e-01 
  447.000  9.974040e-01 
  448.000  9.958549e-01 
  449.000  9.971949e-01 
  450.000  9.976814e-01 
  451.000  9.976743e-01 
  452.000  9.976442e-01 
  453.000  9.977200e-01 
  454.000  9.980830e-01 
  455.000  9.977188e-01 
  456.000  9.978372e-01 
  457.000  9.981980e-01 
  458.000  9.975367e-01 
  459.000  9.980203e-01 
  460.000  9.976912e-01 
  461.000  9.977394e-01 
  462.000  9.981211e-01 
  463.000  9.971970e-01 
  464.000  9.976847e-01 
  465.000  9.979376e-01 
  466.000  9.983871e-01 
  467.000  9.978414e-01 
  468.000  9.980482e-01 
  469.000  9.981800e-01 
  470.000  9.980884e-01 
  471.000  9.981546e-01 
  472.000  9.976224e-01 
  473.000  9.969549e-01 
  474.000  9.953856e-01 
  475.000  9.945213e-01 
  476.000  9.941193e-01 
  477.000  9.939408e-01 
  478.000  9.940198e-01 
  479.000  9.945195e-01 
  480.000  9.951416e-01 
  481.000  9.965784e-01 
  482.000  9.976364e-01 
  483.000  9.984647e-01 
  484.000  9.985941e-01 
  485.000  9.985145e-01 
  486.000  9.985108e-01 
  487.000  9.987401e-01 
  488.000  9.983727e-01 
  489.000  9.978885e-01 
  490.000  9.984045e-01 
  491.000  9.987648e-01 
  492.000  9.987136e-01 
  493.000  9.986543e-01 
  494.000  9.983822e-01 
  495.000  9.983729e-01 
  496.000  9.983852e-01 
  497.000  9.986721e-01 
  498.000  9.989453e-01 
  499.000  9.991609e-01 
  500.000  9.992375e-01 
  501.000  9.990632e-01 
  502.000  9.985023e-01 
  503.000  9.979063e-01 
  504.000  9.973933e-01 
  505.000  9.979582e-01 
  506.000  9.979829e-01 
  507.000  9.978856e-01 
  508.000  9.983439e-01 
  509.000  9.983913e-01 
  510.000  9.985970e-01 
  511.000  9.986413e-01 
  512.000  9.987646e-01 
  513.000  9.990194e-01 
  514.000  9.991347e-01 
  515.000  9.992629e-01 
  516.000  9.992866e-01 
  517.000  9.993483e-01 
  518.000  9.992675e-01 
  519.000  9.990733e-01 
  520.000  9.990467e-01 
  521.000  9.992648e-01 
  522.000  9.992562e-01 
  523.000  9.991637e-01 
  524.000  9.990901e-01 
  525.000  9.986632e-01 
  526.000  9.986758e-01 
  527.000  9.987511e-01 
  528.000  9.986486e-01 
  529.000  9.986358e-01 
  530.000  9.986287e-01 
  531.000  9.985651e-01 
  532.000  9.985120e-01 
  533.000  9.985541e-01 
  534.000  9.987321e-01 
  535.000  9.988816e-01 
  536.000  9.990888e-01 
  537.000  9.992173e-01 
  538.000  9.991601e-01 
  539.000  9.990752e-01 
  540.000  9.992725e-01 
  541.000  9.987275e-01 
  542.000  9.987939e-01 
  543.000  9.990427e-01 
  544.000  9.992003e-01 
  545.000  9.987603e-01 
  546.000  9.985684e-01 
  547.000  9.990165e-01 
  548.000  9.992223e-01 
  549.000  9.992191e-01 
  550.000  9.992185e-01 
  551.000  9.995115e-01 
  552.000  9.995188e-01 
  553.000  9.994025e-01 
  554.000  9.995270e-01 
  555.000  9.996538e-01 
  556.000  9.997128e-01 
  557.000  9.996892e-01 
  558.000  9.996710e-01 
  559.000  9.997454e-01 
  560.000  9.996937e-01 
  561.000  9.996251e-01 
  562.000  9.995837e-01 
  563.000  9.994339e-01 
  564.000  9.992265e-01 
  565.000  9.991111e-01 
  566.000  9.990961e-01 
  567.000  9.987676e-01 
  568.000  9.983063e-01 
  569.000  9.963262e-01 
  570.000  9.952347e-01 
  571.000  9.952800e-01 
  572.000  9.938249e-01 
  573.000  9.936928e-01 
  574.000  9.925567e-01 
  575.000  9.923453e-01 
  576.000  9.916040e-01 
  577.000  9.913844e-01 
  578.000  9.920096e-01 
  579.000  9.924570e-01 
  580.000  9.930310e-01 
  581.000  9.940299e-01 
  582.000  9.949377e-01 
  583.000  9.957728e-01 
  584.000  9.968441e-01 
  585.000  9.971104e-01 
  586.000  9.978143e-01 
  587.000  9.979215e-01 
  588.000  9.976950e-01 
  589.000  9.919581e-01 
  590.000  9.920416e-01 
  591.000  9.941989e-01 
  592.000  9.897454e-01 
  593.000  9.968983e-01 
  594.000  9.935178e-01 
  595.000  9.959072e-01 
  596.000  9.969832e-01 
  597.000  9.969571e-01 
  598.000  9.971972e-01 
  599.000  9.984296e-01 
  600.000  9.986533e-01 
  601.000  9.993836e-01 
  602.000  9.996013e-01 
  603.000  9.996753e-01 
  604.000  9.998773e-01 
  605.000  9.998652e-01 
  606.000  9.998838e-01 
  607.000  9.999138e-01 
  608.000  9.999018e-01 
  609.000  9.999027e-01 
  610.000  9.998935e-01 
  611.000  9.998721e-01 
  612.000  9.997136e-01 
  613.000  9.997419e-01 
  614.000  9.997138e-01 
  615.000  9.996911e-01 
  616.000  9.995148e-01 
  617.000  9.993618e-01 
  618.000  9.992406e-01 
  619.000  9.990413e-01 
  620.000  9.986253e-01 
  621.000  9.982055e-01 
  622.000  9.980158e-01 
  623.000  9.972681e-01 
  624.000  9.968888e-01 
  625.000  9.964784e-01 
  626.000  9.957655e-01 
  627.000  9.950607e-01 
  628.000  9.809817e-01 
  629.000  9.860955e-01 
  630.000  9.899181e-01 
  631.000  9.934511e-01 
  632.000  9.943922e-01 
  633.000  9.950559e-01 
  634.000  9.957432e-01 
  635.000  9.960381e-01 
  636.000  9.965037e-01 
  637.000  9.971264e-01 
  638.000  9.977980e-01 
  639.000  9.981030e-01 
  640.000  9.983457e-01 
  641.000  9.986237e-01 
  642.000  9.991266e-01 
  643.000  9.990420e-01 
  644.000  9.993992e-01 
  645.000  9.993193e-01 
  646.000  9.978307e-01 
  647.000  9.954410e-01 
  648.000  9.931603e-01 
  649.000  9.948670e-01 
  650.000  9.987394e-01 
  651.000  9.991620e-01 
  652.000  9.978264e-01 
  653.000  9.990396e-01 
  654.000  9.987399e-01 
  655.000  9.940968e-01 
  656.000  9.971420e-01 
  657.000  9.978440e-01 
  658.000  9.991692e-01 
  659.000  9.998295e-01 
  660.000  9.996439e-01 
  661.000  9.999101e-01 
  662.000  9.998810e-01 
  663.000  9.996187e-01 
  664.000  9.998339e-01 
  665.000  9.998505e-01 
  666.000  9.998869e-01 
  667.000  9.999337e-01 
  668.000  9.999194e-01 
  669.000  9.999221e-01 
  670.000  9.999435e-01 
  671.000  9.999581e-01 
  672.000  9.999558e-01 
  673.000  9.999334e-01 
  674.000  9.999477e-01 
  675.000  9.999493e-01 
  676.000  9.999453e-01 
  677.000  9.999495e-01 
  678.000  9.999680e-01 
  679.000  9.999658e-01 
  680.000  9.999472e-01 
  681.000  9.998881e-01 
  682.000  9.999377e-01 
  683.000  9.996861e-01 
  684.000  9.996922e-01 
  685.000  9.999077e-01 
  686.000  9.997802e-01 
  687.000  7.584383e-01 
  688.000  9.191955e-01 
  689.000  9.411798e-01 
  690.000  9.607696e-01 
  691.000  9.701051e-01 
  692.000  9.895289e-01 
  693.000  9.854122e-01 
  694.000  9.791813e-01 
  695.000  9.891786e-01 
  696.000  9.861088e-01 
  697.000  9.983941e-01 
  698.000  9.979273e-01 
  699.000  9.927245e-01 
  700.000  9.930238e-01 
  701.000  9.889271e-01 
  702.000  9.908065e-01 
  703.000  9.922228e-01 
  704.000  9.933636e-01 
  705.000  9.936337e-01 
  706.000  9.954559e-01 
  707.000  9.969283e-01 
  708.000  9.978961e-01 
  709.000  9.978513e-01 
  710.000  9.972909e-01 
  711.000  9.984176e-01 
  712.000  9.975238e-01 
  713.000  9.985546e-01 
  714.000  9.975938e-01 
  715.000  9.948961e-01 
  716.000  9.951950e-01 
  717.000  9.842631e-01 
  718.000  9.513397e-01 
  719.000  9.133586e-01 
  720.000  9.574255e-01 
  721.000  9.899702e-01 
  722.000  9.890464e-01 
  723.000  9.873607e-01 
  724.000  9.425878e-01 
  725.000  9.595919e-01 
  726.000  9.776572e-01 
  727.000  9.697148e-01 
  728.000  9.551029e-01 
  729.000  9.636068e-01 
  730.000  9.795163e-01 
  731.000  9.706106e-01 
  732.000  9.756711e-01 
  733.000  9.885337e-01 
  734.000  9.951100e-01 
  735.000  9.904053e-01 
  736.000  9.935860e-01 
  737.000  9.934741e-01 
  738.000  9.953452e-01 
  739.000  9.958467e-01 
  740.000  9.982333e-01 
  741.000  9.994545e-01 
  742.000  9.994426e-01 
  743.000  9.993213e-01 
  744.000  9.996507e-01 
  745.000  9.998180e-01 
  746.000  9.999468e-01 
  747.000  9.998844e-01 
  748.000  9.999373e-01 
  749.000  9.999164e-01 
  750.000  9.999288e-01 
  751.000  9.998902e-01 
  752.000  9.999689e-01 
  753.000  9.999786e-01 
  754.000  9.999520e-01 
  755.000  9.999223e-01 
  756.000  9.998963e-01 
  757.000  9.999915e-01 
  758.000  9.999901e-01 
  759.000  9.937699e-01 
  760.000  4.815165e-01 
  761.000  4.002509e-01 
  762.000  7.527500e-01 
  763.000  6.654292e-01 
  764.000  7.001696e-01 
  765.000  8.066270e-01 
  766.000  9.239190e-01 
  767.000  9.564703e-01 
  768.000  9.876018e-01 
  769.000  9.958050e-01 
  770.000  9.955080e-01 
  771.000  9.989856e-01 
  772.000  9.999406e-01 
  773.000  9.999380e-01 
  774.000  9.999228e-01 
  775.000  9.999449e-01 
  776.000  9.999605e-01 
  777.000  9.999862e-01 
  778.000  9.999970e-01 
  779.000  9.999965e-01 
  780.000  9.999967e-01 
  781.000  9.999967e-01 
  782.000  9.999518e-01 
  783.000  9.999818e-01 
  784.000  9.998100e-01 
  785.000  9.996255e-01 
  786.000  9.987441e-01 
  787.000  9.986065e-01 
  788.000  9.968010e-01 
  789.000  9.966899e-01 
  790.000  9.935164e-01 
  791.000  9.937507e-01 
  792.000  9.950443e-01 
  793.000  9.958551e-01 
  794.000  9.995729e-01 
  795.000  9.982014e-01 
  796.000  9.895282e-01 
  797.000  9.957575e-01 
  798.000  9.963173e-01 
  799.000  9.976268e-01 
  800.000  9.939464e-01 
  801.000  9.921533e-01 
  802.000  9.945927e-01 
  803.000  9.940878e-01 
  804.000  9.938713e-01 
  805.000  9.954492e-01 
  806.000  9.985983e-01 
  807.000  9.966557e-01 
  808.000  9.985981e-01 
  809.000  9.955758e-01 
  810.000  9.940091e-01 
  811.000  9.945679e-01 
  812.000  9.911626e-01 
  813.000  9.844824e-01 
  814.000  9.727417e-01 
  815.000  9.570161e-01 
  816.000  9.689249e-01 
  817.000  9.106146e-01 
  818.000  9.510961e-01 
  819.000  9.688025e-01 
  820.000  9.451814e-01 
  821.000  9.929164e-01 
  822.000  9.874729e-01 
  823.000  8.929381e-01 
  824.000  9.799018e-01 
  825.000  9.897639e-01 
  826.000  9.790267e-01 
  827.000  9.891596e-01 
  828.000  9.609565e-01 
  829.000  9.828569e-01 
  830.000  9.776876e-01 
  831.000  9.801782e-01 
  832.000  9.799392e-01 
  833.000  9.880614e-01 
  834.000  9.878075e-01 
  835.000  9.922557e-01 
  836.000  9.927036e-01 
  837.000  9.924591e-01 
  838.000  9.953839e-01 
  839.000  9.968156e-01 
  840.000  9.971545e-01 
  841.000  9.971545e-01 
  842.000  9.945430e-01 
  843.000  9.993756e-01 
  844.000  9.964416e-01 
  845.000  9.987760e-01 
  846.000  9.993536e-01 
  847.000  9.997869e-01 
  848.000  9.991389e-01 
  849.000  9.993952e-01 
  850.000  9.990602e-01 
  851.000  9.981848e-01 
  852.000  9.992434e-01 
  853.000  9.994302e-01 
  854.000  9.991825e-01 
  855.000  9.991825e-01 
  856.000  9.993927e-01 
  857.000  9.998668e-01 
  858.000  9.993762e-01 
  859.000  9.996599e-01 
  860.000  9.999642e-01 
  861.000  9.998196e-01 
  862.000  9.999420e-01 
  863.000  9.998104e-01 
  864.000  9.999824e-01 
  865.000  9.999824e-01 
  866.000  9.999510e-01 
  867.000  9.999930e-01 
  868.000  9.999506e-01 
  869.000  9.998974e-01 
  870.000  9.999491e-01 
  871.000  9.999507e-01 
  872.000  9.999861e-01 
  873.000  9.999374e-01 
  874.000  9.999374e-01 
  875.000  9.999949e-01 
  876.000  9.999967e-01 
  877.000  9.999486e-01 
  878.000  9.999019e-01 
  879.000  9.998869e-01 
  880.000  9.999568e-01 
  881.000  9.999568e-01 
  882.000  9.996544e-01 
  883.000  9.997360e-01 
  884.000  9.997460e-01 
  885.000  9.997861e-01 
  886.000  9.980781e-01 
  887.000  9.996155e-01 
  888.000  9.996155e-01 
  889.000  9.992305e-01 
  890.000  9.982547e-01 
  891.000  9.995641e-01 
  892.000  9.980128e-01 
  893.000  9.939275e-01 
  894.000  9.939275e-01 
  895.000  9.838967e-01 
  896.000  9.748096e-01 
  897.000  9.282232e-01 
  898.000  9.727780e-01 
  899.000  8.801287e-01 
  900.000  8.801287e-01 
  901.000  8.999336e-01 
  902.000  9.213280e-01 
  903.000  9.416468e-01 
  904.000  9.872727e-01 
  905.000  9.816102e-01 
  906.000  9.816102e-01 
  907.000  9.348752e-01 
  908.000  9.176645e-01 
  909.000  9.277965e-01 
  910.000  9.181441e-01 
  911.000  9.181441e-01 
  912.000  9.670304e-01 
  913.000  9.432446e-01 
  914.000  9.258089e-01 
  915.000  8.981519e-01 
  916.000  8.981519e-01 
  917.000  9.653301e-01 
  918.000  9.111562e-01 
  919.000  9.522393e-01 
  920.000  9.858260e-01 
  921.000  9.858260e-01 
  922.000  9.776935e-01 
  923.000  9.770382e-01 
  924.000  9.691703e-01 
  925.000  9.691703e-01 
  926.000  9.730974e-01 
  927.000  9.762728e-01 
  928.000  9.271521e-01 
  929.000  9.170083e-01 
  930.000  9.170083e-01 
  931.000  8.250026e-01 
  932.000  6.678841e-01 
  933.000  7.074474e-01 
  934.000  7.074474e-01 
  935.000  6.497865e-01 
  936.000  6.235076e-01 
  937.000  6.295631e-01 
  938.000  6.295631e-01 
  939.000  7.353484e-01 
  940.000  8.483427e-01 
  941.000  8.114225e-01 
  942.000  8.114225e-01 
  943.000  7.149176e-01 
  944.000  7.169924e-01 
  945.000  8.150840e-01 
  946.000  8.150840e-01 
  947.000  7.352456e-01 
  948.000  7.617865e-01 
  949.000  8.039458e-01 
  950.000  8.039458e-01 
  951.000  8.114989e-01 
  952.000  7.296787e-01 
  953.000  8.477820e-01 
  954.000  8.477820e-01 
  955.000  8.414542e-01 
  956.000  7.468700e-01 
  957.000  8.752633e-01 
  958.000  8.752633e-01 
  959.000  8.161278e-01 
  960.000  8.698692e-01 
  961.000  8.698692e-01 
  962.000  8.794243e-01 
  963.000  9.215519e-01 
  964.000  8.602838e-01 
  965.000  8.602838e-01 
  966.000  8.999377e-01 
  967.000  9.481047e-01 
  968.000  9.481047e-01 
  969.000  9.579147e-01 
  970.000  9.762715e-01 
  971.000  9.818641e-01 
  972.000  9.818641e-01 
  973.000  9.750065e-01 
  974.000  9.375847e-01 
  975.000  9.375847e-01 
  976.000  9.255208e-01 
  977.000  9.649648e-01 
  978.000  9.595451e-01 
  979.000  9.595451e-01 
  980.000  9.601626e-01 
  981.000  9.891177e-01 
  982.000  9.891177e-01 
  983.000  9.803987e-01 
  984.000  9.880875e-01 
  985.000  9.880875e-01 
  986.000  9.968308e-01 
  987.000  9.935259e-01 
  988.000  9.935259e-01 
  989.000  9.985076e-01 
  990.000  9.964504e-01 
  991.000  9.964504e-01 
  992.000  9.978194e-01 
  993.000  9.975324e-01 
  994.000  9.975324e-01 
  995.000  9.995732e-01 
  996.000  9.996122e-01 
  997.000  9.996122e-01 
  998.000  9.996017e-01 
  999.000  9.994217e-01 
 1000.000  9.994217e-01 
 1001.000  9.994996e-01 
 1002.000  9.966570e-01 
 1003.000  9.966570e-01 
 1004.000  9.994861e-01 
 1005.000  9.996023e-01 
 1006.000  9.996023e-01 
 1007.000  9.996794e-01 
 1008.000  9.991363e-01 
 1009.000  9.991363e-01 
 1010.000  9.970146e-01 
 1011.000  9.996336e-01 
 1012.000  9.996336e-01 
 1013.000  9.997191e-01 
 1014.000  9.996268e-01 
 1015.000  9.996268e-01 
 1016.000  9.997591e-01 
 1017.000  9.995897e-01 
 1018.000  9.995897e-01 
 1019.000  9.993942e-01 
 1020.000  9.997645e-01 
 1021.000  9.997645e-01 
 1022.000  9.994060e-01 
 1023.000  9.994060e-01 
 1024.000  9.993136e-01 
 1025.000  9.997323e-01 
 1026.000  9.997323e-01 
 1027.000  9.995126e-01 
 1028.000  9.997302e-01 
 1029.000  9.997302e-01 
 1030.000  9.997931e-01 
 1031.000  9.997379e-01 
 1032.000  9.997379e-01 
 1033.000  9.997224e-01 
 1034.000  9.997224e-01 
 1035.000  9.997219e-01 
 1036.000  9.994477e-01 
 1037.000  9.994477e-01 
 1038.000  9.994105e-01 
 1039.000  9.991076e-01 
 1040.000  9.991076e-01 
 1041.000  9.989005e-01 
 1042.000  9.989005e-01 
 1043.000  9.986397e-01 
 1044.000  9.982502e-01 
 1045.000  9.982502e-01 
 1046.000  9.977160e-01 
 1047.000  9.977160e-01 
 1048.000  9.971839e-01 
 1049.000  9.961247e-01 
 1050.000  9.961247e-01 
 1051.000  9.956473e-01 
 1052.000  9.956473e-01 
 1053.000  9.949225e-01 
 1054.000  9.943054e-01 
 1055.000  9.943054e-01 
 1056.000  9.935859e-01 
 1057.000  9.935859e-01 
 1058.000  9.929389e-01 
 1059.000  9.922947e-01 
 1060.000  9.922947e-01 
 1061.000  9.918829e-01 
 1062.000  9.918829e-01 
 1063.000  9.911583e-01 
 1064.000  9.907234e-01 
 1065.000  9.907234e-01 
 1066.000  9.913738e-01 
 1067.000  9.913738e-01 
 1068.000  9.908708e-01 
 1069.000  9.915142e-01 
 1070.000  9.915142e-01 
 1071.000  9.923770e-01 
 1072.000  9.923770e-01 
 1073.000  9.930158e-01 
 1074.000  9.930158e-01 
 1075.000  9.918250e-01 
 1076.000  9.919642e-01 
 1077.000  9.919642e-01 
 1078.000  9.942166e-01 
 1079.000  9.942166e-01 
 1080.000  9.928072e-01 
 1081.000  9.928072e-01 
 1082.000  9.942707e-01 
 1083.000  9.930449e-01 
 1084.000  9.930449e-01 
 1085.000  9.903893e-01 
 1086.000  9.903893e-01 
 1087.000  9.948333e-01 
 1088.000  9.948333e-01 
 1089.000  9.929810e-01 
 1090.000  9.919760e-01 
 1091.000  9.919760e-01 
 1092.000  9.888530e-01 
 1093.000  9.888530e-01 
 1094.000  9.888102e-01 
 1095.000  9.888102e-01 
 1096.000  9.868830e-01 
 1097.000  9.868830e-01 
 1098.000  9.824501e-01 
 1099.000  9.656611e-01 
 1100.000  9.656611e-01 
 1101.000  9.660299e-01 
 1102.000  9.660299e-01 
 1103.000  9.594516e-01 
 1104.000  9.594516e-01 
 1105.000  9.542666e-01 
 1106.000  9.542666e-01 
 1107.000  9.532515e-01 
 1108.000  9.532515e-01 
 1109.000  9.401567e-01 
 1110.000  9.130954e-01 
 1111.000  9.130954e-01 
 1112.000  9.021168e-01 
 1113.000  9.021168e-01 
 1114.000  8.198516e-01 
 1115.000  8.198516e-01 
 1116.000  6.637781e-01 
 1117.000  6.637781e-01 
 1118.000  7.417145e-01 
 1119.000  7.417145e-01 
 1120.000  6.957167e-01 
 1121.000  6.957167e-01 
 1122.000  5.308695e-01 
 1123.000  7.162828e-01 
 1124.000  7.162828e-01 
 1125.000  5.731683e-01 
 1126.000  5.731683e-01 
 1127.000  6.393735e-01 
 1128.000  6.393735e-01 
 1129.000  6.417463e-01 
 1130.000  6.417463e-01 
 1131.000  8.478101e-01 
 1132.000  8.478101e-01 
 1133.000  6.465251e-01 
 1134.000  6.465251e-01 
 1135.000  4.240237e-01 
 1136.000  4.240237e-01 
 1137.000  8.567149e-01 
 1138.000  8.567149e-01 
 1139.000  7.935241e-01 
 1140.000  7.935241e-01 
 1141.000  7.858722e-01 
 1142.000  7.858722e-01 
 1143.000  8.363414e-01 
 1144.000  8.363414e-01 
 1145.000  6.627157e-01 
 1146.000  6.627157e-01 
 1147.000  6.590350e-01 
 1148.000  6.590350e-01 
 1149.000  7.402581e-01 
 1150.000  7.402581e-01 
 1151.000  8.074589e-01 
 1152.000  8.074589e-01 
 1153.000  7.633380e-01 
 1154.000  7.633380e-01 
 1155.000  8.055576e-01 
 1156.000  8.055576e-01 
 1157.000  8.650157e-01 
 1158.000  8.650157e-01 
 1159.000  9.302673e-01 
 1160.000  9.302673e-01 
 1161.000  9.205963e-01 
 1162.000  9.205963e-01 
 1163.000  9.470775e-01 
 1164.000  9.470775e-01 
 1165.000  9.380934e-01 
 1166.000  9.380934e-01 
 1167.000  9.594331e-01 
 1168.000  9.594331e-01 
 1169.000  9.661926e-01 
 1170.000  9.661926e-01 
 1171.000  9.695494e-01 
 1172.000  9.695494e-01 
 1173.000  9.380031e-01 
 1174.000  9.380031e-01 
 1175.000  9.869713e-01 
 1176.000  9.869713e-01 
 1177.000  9.570198e-01 
 1178.000  9.570198e-01 
 1179.000  9.786173e-01 
 1180.000  9.786173e-01 
 1181.000  9.315233e-01 
 1182.000  9.315233e-01 
 1183.000  9.674982e-01 
 1184.000  9.674982e-01 
 1185.000  9.788302e-01 
 1186.000  9.788302e-01 
 1187.000  9.343067e-01 
 1188.000  9.343067e-01 
 1189.000  9.343067e-01 
 1190.000  9.667257e-01 
 1191.000  9.667257e-01 
 1192.000  9.881890e-01 
 1193.000  9.881890e-01 
 1194.000  9.729754e-01 
 1195.000  9.729754e-01 
 1196.000  9.808409e-01 
 1197.000  9.808409e-01 
 1198.000  9.665599e-01 
 1199.000  9.665599e-01 
 1200.000  9.635256e-01 
