  250.000  9.996909e-01 
  251.000  9.997714e-01 
  252.000  9.997830e-01 
  253.000  9.997725e-01 
  254.000  9.997606e-01 
  255.000  9.997594e-01 
  256.000  9.997470e-01 
  257.000  9.997494e-01 
  258.000  9.997281e-01 
  259.000  9.997131e-01 
  260.000  9.997118e-01 
  261.000  9.997054e-01 
  262.000  9.997005e-01 
  263.000  9.996629e-01 
  264.000  9.996582e-01 
  265.000  9.996411e-01 
  266.000  9.996438e-01 
  267.000  9.996259e-01 
  268.000  9.996139e-01 
  269.000  9.995530e-01 
  270.000  9.995616e-01 
  271.000  9.995621e-01 
  272.000  9.995574e-01 
  273.000  9.994867e-01 
  274.000  9.994668e-01 
  275.000  9.994498e-01 
  276.000  9.994629e-01 
  277.000  9.994219e-01 
  278.000  9.993995e-01 
  279.000  9.993403e-01 
  280.000  9.993041e-01 
  281.000  9.992865e-01 
  282.000  9.992954e-01 
  283.000  9.992952e-01 
  284.000  9.991761e-01 
  285.000  9.991332e-01 
  286.000  9.990754e-01 
  287.000  9.991075e-01 
  288.000  9.991028e-01 
  289.000  9.990452e-01 
  290.000  9.989566e-01 
  291.000  9.989219e-01 
  292.000  9.988225e-01 
  293.000  9.988337e-01 
  294.000  9.988759e-01 
  295.000  9.987279e-01 
  296.000  9.987960e-01 
  297.000  9.985364e-01 
  298.000  9.985145e-01 
  299.000  9.985377e-01 
  300.000  9.985043e-01 
  301.000  9.985354e-01 
  302.000  9.983157e-01 
  303.000  9.981696e-01 
  304.000  9.981748e-01 
  305.000  9.980880e-01 
  306.000  9.981730e-01 
  307.000  9.979764e-01 
  308.000  9.980627e-01 
  309.000  9.977692e-01 
  310.000  9.978400e-01 
  311.000  9.977084e-01 
  312.000  9.976620e-01 
  313.000  9.975141e-01 
  314.000  9.976053e-01 
  315.000  9.972898e-01 
  316.000  9.974228e-01 
  317.000  9.972669e-01 
  318.000  9.969963e-01 
  319.000  9.971601e-01 
  320.000  9.968643e-01 
  321.000  9.969783e-01 
  322.000  9.968662e-01 
  323.000  9.966841e-01 
  324.000  9.967850e-01 
  325.000  9.965072e-01 
  326.000  9.964513e-01 
  327.000  9.964486e-01 
  328.000  9.962808e-01 
  329.000  9.963025e-01 
  330.000  9.960508e-01 
  331.000  9.961910e-01 
  332.000  9.961603e-01 
  333.000  9.952902e-01 
  334.000  9.960214e-01 
  335.000  9.955398e-01 
  336.000  9.957668e-01 
  337.000  9.956290e-01 
  338.000  9.957901e-01 
  339.000  9.948431e-01 
  340.000  9.950073e-01 
  341.000  9.941048e-01 
  342.000  9.936770e-01 
  343.000  9.937104e-01 
  344.000  9.932867e-01 
  345.000  9.937080e-01 
  346.000  9.940777e-01 
  347.000  9.943320e-01 
  348.000  9.944319e-01 
  349.000  9.942552e-01 
  350.000  9.950590e-01 
  351.000  9.943712e-01 
  352.000  9.947388e-01 
  353.000  9.951169e-01 
  354.000  9.938397e-01 
  355.000  9.934896e-01 
  356.000  9.937828e-01 
  357.000  9.916444e-01 
  358.000  9.905723e-01 
  359.000  9.893929e-01 
  360.000  9.880071e-01 
  361.000  9.870245e-01 
  362.000  9.889483e-01 
  363.000  9.907476e-01 
  364.000  9.924792e-01 
  365.000  9.922896e-01 
  366.000  9.932182e-01 
  367.000  9.935075e-01 
  368.000  9.933402e-01 
  369.000  9.936141e-01 
  370.000  9.934802e-01 
  371.000  9.938945e-01 
  372.000  9.925948e-01 
  373.000  9.931853e-01 
  374.000  9.933159e-01 
  375.000  9.935304e-01 
  376.000  9.922119e-01 
  377.000  9.920543e-01 
  378.000  9.917401e-01 
  379.000  9.902419e-01 
  380.000  9.884679e-01 
  381.000  9.890997e-01 
  382.000  9.905118e-01 
  383.000  9.921196e-01 
  384.000  9.922072e-01 
  385.000  9.925802e-01 
  386.000  9.928958e-01 
  387.000  9.928002e-01 
  388.000  9.926305e-01 
  389.000  9.925909e-01 
  390.000  9.925708e-01 
  391.000  9.927442e-01 
  392.000  9.918566e-01 
  393.000  9.931414e-01 
  394.000  9.931520e-01 
  395.000  9.929841e-01 
  396.000  9.925592e-01 
  397.000  9.932099e-01 
  398.000  9.919553e-01 
  399.000  9.928907e-01 
  400.000  9.917505e-01 
  401.000  9.920086e-01 
  402.000  9.929458e-01 
  403.000  9.934943e-01 
  404.000  9.924393e-01 
  405.000  9.921143e-01 
  406.000  9.931703e-01 
  407.000  9.940751e-01 
  408.000  9.928413e-01 
  409.000  9.922341e-01 
  410.000  9.927267e-01 
  411.000  9.925682e-01 
  412.000  9.935620e-01 
  413.000  9.922449e-01 
  414.000  9.927952e-01 
  415.000  9.929139e-01 
  416.000  9.940940e-01 
  417.000  9.939641e-01 
  418.000  9.933371e-01 
  419.000  9.935207e-01 
  420.000  9.928869e-01 
  421.000  9.928014e-01 
  422.000  9.926140e-01 
  423.000  9.931438e-01 
  424.000  9.924742e-01 
  425.000  9.934573e-01 
  426.000  9.944902e-01 
  427.000  9.935598e-01 
  428.000  9.926789e-01 
  429.000  9.941452e-01 
  430.000  9.941494e-01 
  431.000  9.926131e-01 
  432.000  9.941619e-01 
  433.000  9.939264e-01 
  434.000  9.931135e-01 
  435.000  9.914289e-01 
  436.000  9.931013e-01 
  437.000  9.949620e-01 
  438.000  9.954048e-01 
  439.000  9.918132e-01 
  440.000  9.932041e-01 
  441.000  9.948514e-01 
  442.000  9.954630e-01 
  443.000  9.945013e-01 
  444.000  9.933717e-01 
  445.000  9.917166e-01 
  446.000  9.930595e-01 
  447.000  9.940394e-01 
  448.000  9.904918e-01 
  449.000  9.935600e-01 
  450.000  9.946753e-01 
  451.000  9.946591e-01 
  452.000  9.945899e-01 
  453.000  9.947637e-01 
  454.000  9.955963e-01 
  455.000  9.947610e-01 
  456.000  9.950324e-01 
  457.000  9.958604e-01 
  458.000  9.943435e-01 
  459.000  9.954524e-01 
  460.000  9.946977e-01 
  461.000  9.948084e-01 
  462.000  9.956840e-01 
  463.000  9.935648e-01 
  464.000  9.946828e-01 
  465.000  9.952628e-01 
  466.000  9.962941e-01 
  467.000  9.950421e-01 
  468.000  9.955165e-01 
  469.000  9.958192e-01 
  470.000  9.956088e-01 
  471.000  9.957606e-01 
  472.000  9.945399e-01 
  473.000  9.930099e-01 
  474.000  9.894189e-01 
  475.000  9.874437e-01 
  476.000  9.865260e-01 
  477.000  9.861188e-01 
  478.000  9.862989e-01 
  479.000  9.874398e-01 
  480.000  9.888611e-01 
  481.000  9.921477e-01 
  482.000  9.945720e-01 
  483.000  9.964724e-01 
  484.000  9.967694e-01 
  485.000  9.965866e-01 
  486.000  9.965781e-01 
  487.000  9.971045e-01 
  488.000  9.962612e-01 
  489.000  9.951502e-01 
  490.000  9.963343e-01 
  491.000  9.971610e-01 
  492.000  9.970436e-01 
  493.000  9.969075e-01 
  494.000  9.962830e-01 
  495.000  9.962617e-01 
  496.000  9.962899e-01 
  497.000  9.969484e-01 
  498.000  9.975758e-01 
  499.000  9.980710e-01 
  500.000  9.982472e-01 
  501.000  9.978464e-01 
  502.000  9.965585e-01 
  503.000  9.951910e-01 
  504.000  9.940147e-01 
  505.000  9.953100e-01 
  506.000  9.953666e-01 
  507.000  9.951435e-01 
  508.000  9.961951e-01 
  509.000  9.963039e-01 
  510.000  9.967759e-01 
  511.000  9.968778e-01 
  512.000  9.971610e-01 
  513.000  9.977461e-01 
  514.000  9.980110e-01 
  515.000  9.983054e-01 
  516.000  9.983600e-01 
  517.000  9.985018e-01 
  518.000  9.983159e-01 
  519.000  9.978698e-01 
  520.000  9.978087e-01 
  521.000  9.983099e-01 
  522.000  9.982900e-01 
  523.000  9.980777e-01 
  524.000  9.979084e-01 
  525.000  9.969281e-01 
  526.000  9.969568e-01 
  527.000  9.971299e-01 
  528.000  9.968945e-01 
  529.000  9.968652e-01 
  530.000  9.968489e-01 
  531.000  9.967027e-01 
  532.000  9.965808e-01 
  533.000  9.966774e-01 
  534.000  9.970860e-01 
  535.000  9.974296e-01 
  536.000  9.979054e-01 
  537.000  9.982006e-01 
  538.000  9.980691e-01 
  539.000  9.978743e-01 
  540.000  9.983276e-01 
  541.000  9.970755e-01 
  542.000  9.972281e-01 
  543.000  9.977995e-01 
  544.000  9.981617e-01 
  545.000  9.971510e-01 
  546.000  9.967104e-01 
  547.000  9.977394e-01 
  548.000  9.982122e-01 
  549.000  9.982050e-01 
  550.000  9.982035e-01 
  551.000  9.988768e-01 
  552.000  9.988935e-01 
  553.000  9.986262e-01 
  554.000  9.989125e-01 
  555.000  9.992039e-01 
  556.000  9.993396e-01 
  557.000  9.992851e-01 
  558.000  9.992435e-01 
  559.000  9.994145e-01 
  560.000  9.992957e-01 
  561.000  9.991379e-01 
  562.000  9.990427e-01 
  563.000  9.986984e-01 
  564.000  9.982218e-01 
  565.000  9.979566e-01 
  566.000  9.979223e-01 
  567.000  9.971676e-01 
  568.000  9.961087e-01 
  569.000  9.915706e-01 
  570.000  9.890737e-01 
  571.000  9.891772e-01 
  572.000  9.858541e-01 
  573.000  9.855527e-01 
  574.000  9.829631e-01 
  575.000  9.824817e-01 
  576.000  9.807944e-01 
  577.000  9.802949e-01 
  578.000  9.817175e-01 
  579.000  9.827362e-01 
  580.000  9.840438e-01 
  581.000  9.863220e-01 
  582.000  9.883952e-01 
  583.000  9.903041e-01 
  584.000  9.927561e-01 
  585.000  9.933662e-01 
  586.000  9.949800e-01 
  587.000  9.952259e-01 
  588.000  9.947062e-01 
  589.000  9.818462e-01 
  590.000  9.818773e-01 
  591.000  9.867747e-01 
  592.000  9.768997e-01 
  593.000  9.929072e-01 
  594.000  9.853458e-01 
  595.000  9.906116e-01 
  596.000  9.930748e-01 
  597.000  9.930150e-01 
  598.000  9.935653e-01 
  599.000  9.963918e-01 
  600.000  9.969052e-01 
  601.000  9.985827e-01 
  602.000  9.990832e-01 
  603.000  9.992533e-01 
  604.000  9.997177e-01 
  605.000  9.996899e-01 
  606.000  9.997327e-01 
  607.000  9.998017e-01 
  608.000  9.997742e-01 
  609.000  9.997762e-01 
  610.000  9.997553e-01 
  611.000  9.997060e-01 
  612.000  9.993413e-01 
  613.000  9.994065e-01 
  614.000  9.993418e-01 
  615.000  9.992896e-01 
  616.000  9.988843e-01 
  617.000  9.985327e-01 
  618.000  9.982544e-01 
  619.000  9.977962e-01 
  620.000  9.968411e-01 
  621.000  9.958775e-01 
  622.000  9.954422e-01 
  623.000  9.937278e-01 
  624.000  9.928588e-01 
  625.000  9.919187e-01 
  626.000  9.902874e-01 
  627.000  9.886760e-01 
  628.000  9.573052e-01 
  629.000  9.707657e-01 
  630.000  9.769634e-01 
  631.000  9.850016e-01 
  632.000  9.871490e-01 
  633.000  9.886650e-01 
  634.000  9.902365e-01 
  635.000  9.909113e-01 
  636.000  9.919767e-01 
  637.000  9.934032e-01 
  638.000  9.949424e-01 
  639.000  9.956422e-01 
  640.000  9.961991e-01 
  641.000  9.968373e-01 
  642.000  9.979923e-01 
  643.000  9.977979e-01 
  644.000  9.986187e-01 
  645.000  9.984351e-01 
  646.000  9.950178e-01 
  647.000  9.895978e-01 
  648.000  9.845147e-01 
  649.000  9.883326e-01 
  650.000  9.971031e-01 
  651.000  9.980736e-01 
  652.000  9.950078e-01 
  653.000  9.977924e-01 
  654.000  9.971042e-01 
  655.000  9.867517e-01 
  656.000  9.934834e-01 
  657.000  9.950734e-01 
  658.000  9.980902e-01 
  659.000  9.996080e-01 
  660.000  9.991812e-01 
  661.000  9.997932e-01 
  662.000  9.997263e-01 
  663.000  9.991233e-01 
  664.000  9.996178e-01 
  665.000  9.996561e-01 
  666.000  9.997402e-01 
  667.000  9.998474e-01 
  668.000  9.998146e-01 
  669.000  9.998208e-01 
  670.000  9.998700e-01 
  671.000  9.999036e-01 
  672.000  9.998982e-01 
  673.000  9.998469e-01 
  674.000  9.998795e-01 
  675.000  9.998833e-01 
  676.000  9.998741e-01 
  677.000  9.998839e-01 
  678.000  9.999264e-01 
  679.000  9.999214e-01 
  680.000  9.998786e-01 
  681.000  9.997425e-01 
  682.000  9.998567e-01 
  683.000  9.992781e-01 
  684.000  9.992921e-01 
  685.000  9.997880e-01 
  686.000  9.994944e-01 
  687.000  6.498636e-01 
  688.000  8.350405e-01 
  689.000  8.794581e-01 
  690.000  9.148586e-01 
  691.000  9.369172e-01 
  692.000  9.766009e-01 
  693.000  9.676739e-01 
  694.000  9.540864e-01 
  695.000  9.759733e-01 
  696.000  9.695822e-01 
  697.000  9.963102e-01 
  698.000  9.952391e-01 
  699.000  9.835830e-01 
  700.000  9.842464e-01 
  701.000  9.749646e-01 
  702.000  9.791957e-01 
  703.000  9.825066e-01 
  704.000  9.850521e-01 
  705.000  9.855697e-01 
  706.000  9.896474e-01 
  707.000  9.929490e-01 
  708.000  9.951677e-01 
  709.000  9.950649e-01 
  710.000  9.937800e-01 
  711.000  9.963641e-01 
  712.000  9.943479e-01 
  713.000  9.966788e-01 
  714.000  9.944745e-01 
  715.000  9.883566e-01 
  716.000  9.890534e-01 
  717.000  9.645146e-01 
  718.000  8.988696e-01 
  719.000  8.448598e-01 
  720.000  9.077620e-01 
  721.000  9.773312e-01 
  722.000  9.754055e-01 
  723.000  9.716300e-01 
  724.000  8.877168e-01 
  725.000  9.125381e-01 
  726.000  9.503257e-01 
  727.000  9.335049e-01 
  728.000  9.034148e-01 
  729.000  9.200568e-01 
  730.000  9.544736e-01 
  731.000  9.351671e-01 
  732.000  9.459064e-01 
  733.000  9.742216e-01 
  734.000  9.888975e-01 
  735.000  9.783787e-01 
  736.000  9.854586e-01 
  737.000  9.852002e-01 
  738.000  9.893863e-01 
  739.000  9.905470e-01 
  740.000  9.959413e-01 
  741.000  9.987457e-01 
  742.000  9.987187e-01 
  743.000  9.984397e-01 
  744.000  9.991965e-01 
  745.000  9.995816e-01 
  746.000  9.998777e-01 
  747.000  9.997342e-01 
  748.000  9.998556e-01 
  749.000  9.998078e-01 
  750.000  9.998361e-01 
  751.000  9.997475e-01 
  752.000  9.999284e-01 
  753.000  9.999509e-01 
  754.000  9.998894e-01 
  755.000  9.998213e-01 
  756.000  9.997616e-01 
  757.000  9.999807e-01 
  758.000  9.999774e-01 
  759.000  9.862610e-01 
  760.000  2.943198e-01 
  761.000  1.822683e-01 
  762.000  6.039789e-01 
  763.000  4.855621e-01 
  764.000  5.635847e-01 
  765.000  7.128879e-01 
  766.000  8.541567e-01 
  767.000  9.083844e-01 
  768.000  9.732768e-01 
  769.000  9.903778e-01 
  770.000  9.899341e-01 
  771.000  9.976684e-01 
  772.000  9.998631e-01 
  773.000  9.998574e-01 
  774.000  9.998223e-01 
  775.000  9.998731e-01 
  776.000  9.999091e-01 
  777.000  9.999681e-01 
  778.000  9.999933e-01 
  779.000  9.999921e-01 
  780.000  9.999923e-01 
  781.000  9.999923e-01 
  782.000  9.998891e-01 
  783.000  9.999581e-01 
  784.000  9.995632e-01 
  785.000  9.991388e-01 
  786.000  9.971138e-01 
  787.000  9.967980e-01 
  788.000  9.927155e-01 
  789.000  9.924593e-01 
  790.000  9.853535e-01 
  791.000  9.858867e-01 
  792.000  9.887727e-01 
  793.000  9.906859e-01 
  794.000  9.990180e-01 
  795.000  9.958679e-01 
  796.000  9.764457e-01 
  797.000  9.903446e-01 
  798.000  9.916162e-01 
  799.000  9.945499e-01 
  800.000  9.862937e-01 
  801.000  9.822659e-01 
  802.000  9.876923e-01 
  803.000  9.865580e-01 
  804.000  9.860721e-01 
  805.000  9.896381e-01 
  806.000  9.967790e-01 
  807.000  9.923742e-01 
  808.000  9.967785e-01 
  809.000  9.899313e-01 
  810.000  9.863535e-01 
  811.000  9.876023e-01 
  812.000  9.799521e-01 
  813.000  9.653659e-01 
  814.000  9.399816e-01 
  815.000  9.100862e-01 
  816.000  9.329339e-01 
  817.000  8.302791e-01 
  818.000  9.026154e-01 
  819.000  9.323140e-01 
  820.000  8.936447e-01 
  821.000  9.839492e-01 
  822.000  9.717774e-01 
  823.000  7.992429e-01 
  824.000  9.551212e-01 
  825.000  9.771009e-01 
  826.000  9.538391e-01 
  827.000  9.757122e-01 
  828.000  9.165473e-01 
  829.000  9.621215e-01 
  830.000  9.512134e-01 
  831.000  9.563857e-01 
  832.000  9.557151e-01 
  833.000  9.730266e-01 
  834.000  9.728561e-01 
  835.000  9.824715e-01 
  836.000  9.835822e-01 
  837.000  9.829525e-01 
  838.000  9.894625e-01 
  839.000  9.927344e-01 
  840.000  9.935101e-01 
  841.000  9.935101e-01 
  842.000  9.876061e-01 
  843.000  9.985644e-01 
  844.000  9.919013e-01 
  845.000  9.971871e-01 
  846.000  9.985136e-01 
  847.000  9.995098e-01 
  848.000  9.980205e-01 
  849.000  9.986095e-01 
  850.000  9.978438e-01 
  851.000  9.958529e-01 
  852.000  9.982606e-01 
  853.000  9.986899e-01 
  854.000  9.981252e-01 
  855.000  9.981252e-01 
  856.000  9.986038e-01 
  857.000  9.996936e-01 
  858.000  9.985659e-01 
  859.000  9.992179e-01 
  860.000  9.999177e-01 
  861.000  9.995852e-01 
  862.000  9.998665e-01 
  863.000  9.995639e-01 
  864.000  9.999593e-01 
  865.000  9.999593e-01 
  866.000  9.998872e-01 
  867.000  9.999838e-01 
  868.000  9.998865e-01 
  869.000  9.997639e-01 
  870.000  9.998830e-01 
  871.000  9.998866e-01 
  872.000  9.999679e-01 
  873.000  9.998559e-01 
  874.000  9.998559e-01 
  875.000  9.999883e-01 
  876.000  9.999924e-01 
  877.000  9.998816e-01 
  878.000  9.997744e-01 
  879.000  9.997400e-01 
  880.000  9.999006e-01 
  881.000  9.999006e-01 
  882.000  9.992051e-01 
  883.000  9.993929e-01 
  884.000  9.994160e-01 
  885.000  9.995081e-01 
  886.000  9.956059e-01 
  887.000  9.991159e-01 
  888.000  9.991159e-01 
  889.000  9.982311e-01 
  890.000  9.960125e-01 
  891.000  9.989976e-01 
  892.000  9.954405e-01 
  893.000  9.861637e-01 
  894.000  9.861637e-01 
  895.000  9.649850e-01 
  896.000  9.453031e-01 
  897.000  8.608809e-01 
  898.000  9.405935e-01 
  899.000  7.913880e-01 
  900.000  7.913880e-01 
  901.000  8.260052e-01 
  902.000  8.562725e-01 
  903.000  8.916085e-01 
  904.000  9.715607e-01 
  905.000  9.599661e-01 
  906.000  9.599661e-01 
  907.000  8.707263e-01 
  908.000  8.499765e-01 
  909.000  8.600138e-01 
  910.000  8.403785e-01 
  911.000  8.403785e-01 
  912.000  9.281251e-01 
  913.000  8.836985e-01 
  914.000  8.549213e-01 
  915.000  8.126531e-01 
  916.000  8.126531e-01 
  917.000  9.236720e-01 
  918.000  8.324038e-01 
  919.000  9.045736e-01 
  920.000  9.681602e-01 
  921.000  9.681602e-01 
  922.000  9.506263e-01 
  923.000  9.492487e-01 
  924.000  9.318314e-01 
  925.000  9.318314e-01 
  926.000  9.403808e-01 
  927.000  9.471646e-01 
  928.000  8.502911e-01 
  929.000  8.304535e-01 
  930.000  8.304535e-01 
  931.000  7.004873e-01 
  932.000  5.257977e-01 
  933.000  5.493037e-01 
  934.000  5.493037e-01 
  935.000  5.042605e-01 
  936.000  4.740571e-01 
  937.000  4.574716e-01 
  938.000  4.574716e-01 
  939.000  6.023042e-01 
  940.000  7.340101e-01 
  941.000  6.833994e-01 
  942.000  6.833994e-01 
  943.000  5.859279e-01 
  944.000  5.960881e-01 
  945.000  6.729643e-01 
  946.000  6.729643e-01 
  947.000  5.967411e-01 
  948.000  6.158192e-01 
  949.000  6.820599e-01 
  950.000  6.820599e-01 
  951.000  6.961487e-01 
  952.000  5.903767e-01 
  953.000  7.271965e-01 
  954.000  7.271965e-01 
  955.000  7.238487e-01 
  956.000  6.170939e-01 
  957.000  7.736282e-01 
  958.000  7.736282e-01 
  959.000  6.712258e-01 
  960.000  7.510727e-01 
  961.000  7.510727e-01 
  962.000  7.840520e-01 
  963.000  8.412641e-01 
  964.000  7.458606e-01 
  965.000  7.458606e-01 
  966.000  8.139756e-01 
  967.000  8.943384e-01 
  968.000  8.943384e-01 
  969.000  9.126824e-01 
  970.000  9.474406e-01 
  971.000  9.596477e-01 
  972.000  9.596477e-01 
  973.000  9.445091e-01 
  974.000  8.735112e-01 
  975.000  8.735112e-01 
  976.000  8.568120e-01 
  977.000  9.272593e-01 
  978.000  9.170135e-01 
  979.000  9.170135e-01 
  980.000  9.177075e-01 
  981.000  9.753936e-01 
  982.000  9.753936e-01 
  983.000  9.577133e-01 
  984.000  9.732027e-01 
  985.000  9.732027e-01 
  986.000  9.927536e-01 
  987.000  9.852925e-01 
  988.000  9.852925e-01 
  989.000  9.965771e-01 
  990.000  9.918931e-01 
  991.000  9.918931e-01 
  992.000  9.950131e-01 
  993.000  9.943566e-01 
  994.000  9.943566e-01 
  995.000  9.990185e-01 
  996.000  9.991083e-01 
  997.000  9.991083e-01 
  998.000  9.990841e-01 
  999.000  9.986701e-01 
 1000.000  9.986701e-01 
 1001.000  9.988495e-01 
 1002.000  9.923955e-01 
 1003.000  9.923955e-01 
 1004.000  9.988185e-01 
 1005.000  9.990855e-01 
 1006.000  9.990855e-01 
 1007.000  9.992630e-01 
 1008.000  9.980145e-01 
 1009.000  9.980145e-01 
 1010.000  9.932015e-01 
 1011.000  9.991576e-01 
 1012.000  9.991576e-01 
 1013.000  9.993539e-01 
 1014.000  9.991419e-01 
 1015.000  9.991419e-01 
 1016.000  9.994459e-01 
 1017.000  9.990567e-01 
 1018.000  9.990567e-01 
 1019.000  9.986074e-01 
 1020.000  9.994583e-01 
 1021.000  9.994583e-01 
 1022.000  9.986343e-01 
 1023.000  9.986343e-01 
 1024.000  9.984221e-01 
 1025.000  9.993845e-01 
 1026.000  9.993845e-01 
 1027.000  9.988793e-01 
 1028.000  9.993796e-01 
 1029.000  9.993796e-01 
 1030.000  9.995239e-01 
 1031.000  9.993974e-01 
 1032.000  9.993974e-01 
 1033.000  9.993617e-01 
 1034.000  9.993617e-01 
 1035.000  9.993604e-01 
 1036.000  9.987302e-01 
 1037.000  9.987302e-01 
 1038.000  9.986446e-01 
 1039.000  9.979484e-01 
 1040.000  9.979484e-01 
 1041.000  9.974731e-01 
 1042.000  9.974731e-01 
 1043.000  9.968741e-01 
 1044.000  9.959798e-01 
 1045.000  9.959798e-01 
 1046.000  9.947543e-01 
 1047.000  9.947543e-01 
 1048.000  9.935347e-01 
 1049.000  9.911093e-01 
 1050.000  9.911093e-01 
 1051.000  9.900171e-01 
 1052.000  9.900171e-01 
 1053.000  9.883603e-01 
 1054.000  9.869506e-01 
 1055.000  9.869506e-01 
 1056.000  9.853089e-01 
 1057.000  9.853089e-01 
 1058.000  9.838339e-01 
 1059.000  9.823667e-01 
 1060.000  9.823667e-01 
 1061.000  9.814290e-01 
 1062.000  9.814290e-01 
 1063.000  9.797808e-01 
 1064.000  9.787925e-01 
 1065.000  9.787925e-01 
 1066.000  9.802710e-01 
 1067.000  9.802710e-01 
 1068.000  9.791273e-01 
 1069.000  9.805903e-01 
 1070.000  9.805903e-01 
 1071.000  9.825537e-01 
 1072.000  9.825537e-01 
 1073.000  9.840093e-01 
 1074.000  9.840093e-01 
 1075.000  9.813545e-01 
 1076.000  9.816845e-01 
 1077.000  9.816845e-01 
 1078.000  9.867681e-01 
 1079.000  9.867681e-01 
 1080.000  9.836091e-01 
 1081.000  9.836091e-01 
 1082.000  9.869126e-01 
 1083.000  9.841771e-01 
 1084.000  9.841771e-01 
 1085.000  9.781912e-01 
 1086.000  9.781912e-01 
 1087.000  9.882328e-01 
 1088.000  9.882328e-01 
 1089.000  9.840968e-01 
 1090.000  9.819060e-01 
 1091.000  9.819060e-01 
 1092.000  9.748921e-01 
 1093.000  9.748921e-01 
 1094.000  9.747506e-01 
 1095.000  9.747506e-01 
 1096.000  9.704866e-01 
 1097.000  9.704866e-01 
 1098.000  9.606681e-01 
 1099.000  9.263636e-01 
 1100.000  9.263636e-01 
 1101.000  9.273389e-01 
 1102.000  9.273389e-01 
 1103.000  9.138013e-01 
 1104.000  9.138013e-01 
 1105.000  9.031368e-01 
 1106.000  9.031368e-01 
 1107.000  9.015800e-01 
 1108.000  9.015800e-01 
 1109.000  8.753054e-01 
 1110.000  8.361657e-01 
 1111.000  8.361657e-01 
 1112.000  8.094579e-01 
 1113.000  8.094579e-01 
 1114.000  7.252255e-01 
 1115.000  7.252255e-01 
 1116.000  5.091670e-01 
 1117.000  5.091670e-01 
 1118.000  6.175807e-01 
 1119.000  6.175807e-01 
 1120.000  5.455527e-01 
 1121.000  5.455527e-01 
 1122.000  3.570461e-01 
 1123.000  5.773085e-01 
 1124.000  5.773085e-01 
 1125.000  4.015628e-01 
 1126.000  4.015628e-01 
 1127.000  4.660591e-01 
 1128.000  4.660591e-01 
 1129.000  4.661180e-01 
 1130.000  4.661180e-01 
 1131.000  7.299528e-01 
 1132.000  7.299528e-01 
 1133.000  4.670754e-01 
 1134.000  4.670754e-01 
 1135.000  2.814957e-01 
 1136.000  2.814957e-01 
 1137.000  7.347680e-01 
 1138.000  7.347680e-01 
 1139.000  6.821109e-01 
 1140.000  6.821109e-01 
 1141.000  6.670049e-01 
 1142.000  6.670049e-01 
 1143.000  7.040656e-01 
 1144.000  7.040656e-01 
 1145.000  5.107975e-01 
 1146.000  5.107975e-01 
 1147.000  4.927485e-01 
 1148.000  4.927485e-01 
 1149.000  6.029438e-01 
 1150.000  6.029438e-01 
 1151.000  6.974063e-01 
 1152.000  6.974063e-01 
 1153.000  6.483083e-01 
 1154.000  6.483083e-01 
 1155.000  6.949387e-01 
 1156.000  6.949387e-01 
 1157.000  7.662141e-01 
 1158.000  7.662141e-01 
 1159.000  8.556909e-01 
 1160.000  8.556909e-01 
 1161.000  8.374612e-01 
 1162.000  8.374612e-01 
 1163.000  8.923160e-01 
 1164.000  8.923160e-01 
 1165.000  8.731856e-01 
 1166.000  8.731856e-01 
 1167.000  9.147050e-01 
 1168.000  9.147050e-01 
 1169.000  9.270931e-01 
 1170.000  9.270931e-01 
 1171.000  9.351239e-01 
 1172.000  9.351239e-01 
 1173.000  8.718665e-01 
 1174.000  8.718665e-01 
 1175.000  9.705848e-01 
 1176.000  9.705848e-01 
 1177.000  9.103232e-01 
 1178.000  9.103232e-01 
 1179.000  9.542879e-01 
 1180.000  9.542879e-01 
 1181.000  8.646969e-01 
 1182.000  8.646969e-01 
 1183.000  9.318828e-01 
 1184.000  9.318828e-01 
 1185.000  9.528798e-01 
 1186.000  9.528798e-01 
 1187.000  8.784680e-01 
 1188.000  8.784680e-01 
 1189.000  8.784680e-01 
 1190.000  9.314469e-01 
 1191.000  9.314469e-01 
 1192.000  9.733294e-01 
 1193.000  9.733294e-01 
 1194.000  9.433627e-01 
 1195.000  9.433627e-01 
 1196.000  9.571004e-01 
 1197.000  9.571004e-01 
 1198.000  9.288388e-01 
 1199.000  9.288388e-01 
 1200.000  9.247124e-01 
