  250.000  9.998119e-01 
  251.000  9.998608e-01 
  252.000  9.998679e-01 
  253.000  9.998615e-01 
  254.000  9.998543e-01 
  255.000  9.998534e-01 
  256.000  9.998459e-01 
  257.000  9.998474e-01 
  258.000  9.998345e-01 
  259.000  9.998253e-01 
  260.000  9.998246e-01 
  261.000  9.998206e-01 
  262.000  9.998178e-01 
  263.000  9.997948e-01 
  264.000  9.997919e-01 
  265.000  9.997815e-01 
  266.000  9.997832e-01 
  267.000  9.997723e-01 
  268.000  9.997650e-01 
  269.000  9.997278e-01 
  270.000  9.997332e-01 
  271.000  9.997334e-01 
  272.000  9.997305e-01 
  273.000  9.996874e-01 
  274.000  9.996753e-01 
  275.000  9.996650e-01 
  276.000  9.996730e-01 
  277.000  9.996480e-01 
  278.000  9.996344e-01 
  279.000  9.995983e-01 
  280.000  9.995764e-01 
  281.000  9.995656e-01 
  282.000  9.995710e-01 
  283.000  9.995709e-01 
  284.000  9.994984e-01 
  285.000  9.994723e-01 
  286.000  9.994370e-01 
  287.000  9.994566e-01 
  288.000  9.994537e-01 
  289.000  9.994187e-01 
  290.000  9.993647e-01 
  291.000  9.993436e-01 
  292.000  9.992831e-01 
  293.000  9.992898e-01 
  294.000  9.993156e-01 
  295.000  9.992254e-01 
  296.000  9.992670e-01 
  297.000  9.991089e-01 
  298.000  9.990955e-01 
  299.000  9.991096e-01 
  300.000  9.990893e-01 
  301.000  9.991082e-01 
  302.000  9.989744e-01 
  303.000  9.988855e-01 
  304.000  9.988886e-01 
  305.000  9.988357e-01 
  306.000  9.988875e-01 
  307.000  9.987677e-01 
  308.000  9.988204e-01 
  309.000  9.986414e-01 
  310.000  9.986847e-01 
  311.000  9.986045e-01 
  312.000  9.985762e-01 
  313.000  9.984861e-01 
  314.000  9.985417e-01 
  315.000  9.983495e-01 
  316.000  9.984305e-01 
  317.000  9.983355e-01 
  318.000  9.981706e-01 
  319.000  9.982704e-01 
  320.000  9.980901e-01 
  321.000  9.981596e-01 
  322.000  9.980913e-01 
  323.000  9.979803e-01 
  324.000  9.980418e-01 
  325.000  9.978726e-01 
  326.000  9.978384e-01 
  327.000  9.978368e-01 
  328.000  9.977345e-01 
  329.000  9.977477e-01 
  330.000  9.975943e-01 
  331.000  9.976797e-01 
  332.000  9.976611e-01 
  333.000  9.971304e-01 
  334.000  9.975764e-01 
  335.000  9.972829e-01 
  336.000  9.974210e-01 
  337.000  9.973370e-01 
  338.000  9.974353e-01 
  339.000  9.968578e-01 
  340.000  9.969580e-01 
  341.000  9.964074e-01 
  342.000  9.961464e-01 
  343.000  9.961668e-01 
  344.000  9.959083e-01 
  345.000  9.961653e-01 
  346.000  9.963910e-01 
  347.000  9.965460e-01 
  348.000  9.966070e-01 
  349.000  9.964992e-01 
  350.000  9.969895e-01 
  351.000  9.965700e-01 
  352.000  9.967942e-01 
  353.000  9.970248e-01 
  354.000  9.962457e-01 
  355.000  9.960320e-01 
  356.000  9.962110e-01 
  357.000  9.949057e-01 
  358.000  9.942508e-01 
  359.000  9.935300e-01 
  360.000  9.926827e-01 
  361.000  9.920817e-01 
  362.000  9.932582e-01 
  363.000  9.943579e-01 
  364.000  9.954153e-01 
  365.000  9.952996e-01 
  366.000  9.958665e-01 
  367.000  9.960429e-01 
  368.000  9.959409e-01 
  369.000  9.961081e-01 
  370.000  9.960263e-01 
  371.000  9.962790e-01 
  372.000  9.954859e-01 
  373.000  9.958463e-01 
  374.000  9.959260e-01 
  375.000  9.960569e-01 
  376.000  9.952521e-01 
  377.000  9.951559e-01 
  378.000  9.949641e-01 
  379.000  9.940489e-01 
  380.000  9.929646e-01 
  381.000  9.933508e-01 
  382.000  9.942139e-01 
  383.000  9.951958e-01 
  384.000  9.952493e-01 
  385.000  9.954771e-01 
  386.000  9.956697e-01 
  387.000  9.956114e-01 
  388.000  9.955077e-01 
  389.000  9.954836e-01 
  390.000  9.954712e-01 
  391.000  9.955771e-01 
  392.000  9.950352e-01 
  393.000  9.958196e-01 
  394.000  9.958259e-01 
  395.000  9.957236e-01 
  396.000  9.954641e-01 
  397.000  9.958614e-01 
  398.000  9.950955e-01 
  399.000  9.956666e-01 
  400.000  9.949703e-01 
  401.000  9.951280e-01 
  402.000  9.957002e-01 
  403.000  9.960349e-01 
  404.000  9.953911e-01 
  405.000  9.951926e-01 
  406.000  9.958372e-01 
  407.000  9.963893e-01 
  408.000  9.956364e-01 
  409.000  9.952657e-01 
  410.000  9.955664e-01 
  411.000  9.954696e-01 
  412.000  9.960762e-01 
  413.000  9.952723e-01 
  414.000  9.956083e-01 
  415.000  9.956807e-01 
  416.000  9.964008e-01 
  417.000  9.963216e-01 
  418.000  9.959390e-01 
  419.000  9.960510e-01 
  420.000  9.956642e-01 
  421.000  9.956120e-01 
  422.000  9.954977e-01 
  423.000  9.958208e-01 
  424.000  9.954123e-01 
  425.000  9.960124e-01 
  426.000  9.966426e-01 
  427.000  9.960749e-01 
  428.000  9.955372e-01 
  429.000  9.964321e-01 
  430.000  9.964346e-01 
  431.000  9.954970e-01 
  432.000  9.964423e-01 
  433.000  9.962986e-01 
  434.000  9.958025e-01 
  435.000  9.947739e-01 
  436.000  9.957950e-01 
  437.000  9.969303e-01 
  438.000  9.972004e-01 
  439.000  9.950088e-01 
  440.000  9.958578e-01 
  441.000  9.968630e-01 
  442.000  9.972359e-01 
  443.000  9.966493e-01 
  444.000  9.959601e-01 
  445.000  9.949497e-01 
  446.000  9.957696e-01 
  447.000  9.963675e-01 
  448.000  9.942016e-01 
  449.000  9.960750e-01 
  450.000  9.967555e-01 
  451.000  9.967456e-01 
  452.000  9.967034e-01 
  453.000  9.968093e-01 
  454.000  9.973171e-01 
  455.000  9.968078e-01 
  456.000  9.969733e-01 
  457.000  9.974781e-01 
  458.000  9.965531e-01 
  459.000  9.972295e-01 
  460.000  9.967692e-01 
  461.000  9.968367e-01 
  462.000  9.973705e-01 
  463.000  9.960780e-01 
  464.000  9.967601e-01 
  465.000  9.971138e-01 
  466.000  9.977426e-01 
  467.000  9.969792e-01 
  468.000  9.972685e-01 
  469.000  9.974530e-01 
  470.000  9.973248e-01 
  471.000  9.974173e-01 
  472.000  9.966729e-01 
  473.000  9.957393e-01 
  474.000  9.935459e-01 
  475.000  9.923382e-01 
  476.000  9.917766e-01 
  477.000  9.915275e-01 
  478.000  9.916377e-01 
  479.000  9.923357e-01 
  480.000  9.932050e-01 
  481.000  9.952130e-01 
  482.000  9.966925e-01 
  483.000  9.978512e-01 
  484.000  9.980323e-01 
  485.000  9.979208e-01 
  486.000  9.979157e-01 
  487.000  9.982365e-01 
  488.000  9.977226e-01 
  489.000  9.970452e-01 
  490.000  9.977671e-01 
  491.000  9.982709e-01 
  492.000  9.981993e-01 
  493.000  9.981165e-01 
  494.000  9.977358e-01 
  495.000  9.977228e-01 
  496.000  9.977400e-01 
  497.000  9.981413e-01 
  498.000  9.985237e-01 
  499.000  9.988254e-01 
  500.000  9.989326e-01 
  501.000  9.986885e-01 
  502.000  9.979038e-01 
  503.000  9.970701e-01 
  504.000  9.963524e-01 
  505.000  9.971426e-01 
  506.000  9.971771e-01 
  507.000  9.970410e-01 
  508.000  9.976822e-01 
  509.000  9.977485e-01 
  510.000  9.980362e-01 
  511.000  9.980984e-01 
  512.000  9.982709e-01 
  513.000  9.986274e-01 
  514.000  9.987888e-01 
  515.000  9.989681e-01 
  516.000  9.990014e-01 
  517.000  9.990878e-01 
  518.000  9.989746e-01 
  519.000  9.987029e-01 
  520.000  9.986655e-01 
  521.000  9.989709e-01 
  522.000  9.989588e-01 
  523.000  9.988295e-01 
  524.000  9.987263e-01 
  525.000  9.981290e-01 
  526.000  9.981465e-01 
  527.000  9.982519e-01 
  528.000  9.981085e-01 
  529.000  9.980906e-01 
  530.000  9.980808e-01 
  531.000  9.979917e-01 
  532.000  9.979173e-01 
  533.000  9.979763e-01 
  534.000  9.982252e-01 
  535.000  9.984346e-01 
  536.000  9.987245e-01 
  537.000  9.989043e-01 
  538.000  9.988242e-01 
  539.000  9.987056e-01 
  540.000  9.989817e-01 
  541.000  9.982189e-01 
  542.000  9.983118e-01 
  543.000  9.986600e-01 
  544.000  9.988806e-01 
  545.000  9.982648e-01 
  546.000  9.979963e-01 
  547.000  9.986234e-01 
  548.000  9.989114e-01 
  549.000  9.989070e-01 
  550.000  9.989061e-01 
  551.000  9.993160e-01 
  552.000  9.993263e-01 
  553.000  9.991635e-01 
  554.000  9.993378e-01 
  555.000  9.995152e-01 
  556.000  9.995979e-01 
  557.000  9.995648e-01 
  558.000  9.995394e-01 
  559.000  9.996436e-01 
  560.000  9.995712e-01 
  561.000  9.994751e-01 
  562.000  9.994172e-01 
  563.000  9.992076e-01 
  564.000  9.989172e-01 
  565.000  9.987556e-01 
  566.000  9.987348e-01 
  567.000  9.982750e-01 
  568.000  9.976296e-01 
  569.000  9.948606e-01 
  570.000  9.933349e-01 
  571.000  9.933982e-01 
  572.000  9.913655e-01 
  573.000  9.911809e-01 
  574.000  9.895949e-01 
  575.000  9.892997e-01 
  576.000  9.882653e-01 
  577.000  9.879589e-01 
  578.000  9.888313e-01 
  579.000  9.894558e-01 
  580.000  9.902569e-01 
  581.000  9.916518e-01 
  582.000  9.929200e-01 
  583.000  9.940869e-01 
  584.000  9.955844e-01 
  585.000  9.959568e-01 
  586.000  9.969413e-01 
  587.000  9.970914e-01 
  588.000  9.967743e-01 
  589.000  9.888063e-01 
  590.000  9.888925e-01 
  591.000  9.919004e-01 
  592.000  9.857355e-01 
  593.000  9.956653e-01 
  594.000  9.909731e-01 
  595.000  9.942747e-01 
  596.000  9.957789e-01 
  597.000  9.957424e-01 
  598.000  9.960783e-01 
  599.000  9.978021e-01 
  600.000  9.981151e-01 
  601.000  9.991370e-01 
  602.000  9.994418e-01 
  603.000  9.995453e-01 
  604.000  9.998282e-01 
  605.000  9.998113e-01 
  606.000  9.998372e-01 
  607.000  9.998791e-01 
  608.000  9.998626e-01 
  609.000  9.998637e-01 
  610.000  9.998510e-01 
  611.000  9.998209e-01 
  612.000  9.995990e-01 
  613.000  9.996386e-01 
  614.000  9.995993e-01 
  615.000  9.995676e-01 
  616.000  9.993206e-01 
  617.000  9.991065e-01 
  618.000  9.989370e-01 
  619.000  9.986580e-01 
  620.000  9.980760e-01 
  621.000  9.974887e-01 
  622.000  9.972232e-01 
  623.000  9.961774e-01 
  624.000  9.956471e-01 
  625.000  9.950731e-01 
  626.000  9.940767e-01 
  627.000  9.930917e-01 
  628.000  9.735731e-01 
  629.000  9.810984e-01 
  630.000  9.859139e-01 
  631.000  9.908435e-01 
  632.000  9.921578e-01 
  633.000  9.930850e-01 
  634.000  9.940457e-01 
  635.000  9.944579e-01 
  636.000  9.951085e-01 
  637.000  9.959794e-01 
  638.000  9.969186e-01 
  639.000  9.973451e-01 
  640.000  9.976847e-01 
  641.000  9.980737e-01 
  642.000  9.987776e-01 
  643.000  9.986590e-01 
  644.000  9.991589e-01 
  645.000  9.990473e-01 
  646.000  9.969643e-01 
  647.000  9.936330e-01 
  648.000  9.904709e-01 
  649.000  9.928399e-01 
  650.000  9.982356e-01 
  651.000  9.988270e-01 
  652.000  9.969583e-01 
  653.000  9.986557e-01 
  654.000  9.982362e-01 
  655.000  9.917980e-01 
  656.000  9.960094e-01 
  657.000  9.969878e-01 
  658.000  9.988371e-01 
  659.000  9.997613e-01 
  660.000  9.995015e-01 
  661.000  9.998741e-01 
  662.000  9.998334e-01 
  663.000  9.994662e-01 
  664.000  9.997673e-01 
  665.000  9.997907e-01 
  666.000  9.998418e-01 
  667.000  9.999071e-01 
  668.000  9.998872e-01 
  669.000  9.998909e-01 
  670.000  9.999208e-01 
  671.000  9.999413e-01 
  672.000  9.999382e-01 
  673.000  9.999068e-01 
  674.000  9.999266e-01 
  675.000  9.999289e-01 
  676.000  9.999233e-01 
  677.000  9.999292e-01 
  678.000  9.999553e-01 
  679.000  9.999522e-01 
  680.000  9.999261e-01 
  681.000  9.998434e-01 
  682.000  9.999127e-01 
  683.000  9.995604e-01 
  684.000  9.995689e-01 
  685.000  9.998709e-01 
  686.000  9.996922e-01 
  687.000  7.196273e-01 
  688.000  8.910609e-01 
  689.000  9.206026e-01 
  690.000  9.460588e-01 
  691.000  9.592628e-01 
  692.000  9.854707e-01 
  693.000  9.798113e-01 
  694.000  9.712309e-01 
  695.000  9.850147e-01 
  696.000  9.808473e-01 
  697.000  9.977524e-01 
  698.000  9.970993e-01 
  699.000  9.898742e-01 
  700.000  9.902886e-01 
  701.000  9.845794e-01 
  702.000  9.871934e-01 
  703.000  9.891866e-01 
  704.000  9.907688e-01 
  705.000  9.911272e-01 
  706.000  9.936569e-01 
  707.000  9.957021e-01 
  708.000  9.970558e-01 
  709.000  9.969931e-01 
  710.000  9.962093e-01 
  711.000  9.977853e-01 
  712.000  9.965414e-01 
  713.000  9.979771e-01 
  714.000  9.966330e-01 
  715.000  9.928725e-01 
  716.000  9.932926e-01 
  717.000  9.781025e-01 
  718.000  9.340074e-01 
  719.000  8.883972e-01 
  720.000  9.414955e-01 
  721.000  9.860338e-01 
  722.000  9.847786e-01 
  723.000  9.824381e-01 
  724.000  9.237164e-01 
  725.000  9.444870e-01 
  726.000  9.690472e-01 
  727.000  9.582071e-01 
  728.000  9.384392e-01 
  729.000  9.497712e-01 
  730.000  9.716251e-01 
  731.000  9.593838e-01 
  732.000  9.662949e-01 
  733.000  9.840598e-01 
  734.000  9.931810e-01 
  735.000  9.866518e-01 
  736.000  9.910601e-01 
  737.000  9.909033e-01 
  738.000  9.935006e-01 
  739.000  9.942043e-01 
  740.000  9.975274e-01 
  741.000  9.992363e-01 
  742.000  9.992198e-01 
  743.000  9.990499e-01 
  744.000  9.995108e-01 
  745.000  9.997453e-01 
  746.000  9.999256e-01 
  747.000  9.998382e-01 
  748.000  9.999121e-01 
  749.000  9.998831e-01 
  750.000  9.999002e-01 
  751.000  9.998463e-01 
  752.000  9.999564e-01 
  753.000  9.999701e-01 
  754.000  9.999327e-01 
  755.000  9.998912e-01 
  756.000  9.998549e-01 
  757.000  9.999882e-01 
  758.000  9.999862e-01 
  759.000  9.913915e-01 
  760.000  4.065230e-01 
  761.000  3.088191e-01 
  762.000  6.944872e-01 
  763.000  5.945936e-01 
  764.000  6.511001e-01 
  765.000  7.750971e-01 
  766.000  8.995495e-01 
  767.000  9.407330e-01 
  768.000  9.829914e-01 
  769.000  9.941319e-01 
  770.000  9.937617e-01 
  771.000  9.985801e-01 
  772.000  9.999167e-01 
  773.000  9.999132e-01 
  774.000  9.998918e-01 
  775.000  9.999227e-01 
  776.000  9.999446e-01 
  777.000  9.999806e-01 
  778.000  9.999959e-01 
  779.000  9.999952e-01 
  780.000  9.999953e-01 
  781.000  9.999953e-01 
  782.000  9.999325e-01 
  783.000  9.999745e-01 
  784.000  9.997340e-01 
  785.000  9.994757e-01 
  786.000  9.982421e-01 
  787.000  9.980497e-01 
  788.000  9.955352e-01 
  789.000  9.953794e-01 
  790.000  9.909732e-01 
  791.000  9.913002e-01 
  792.000  9.930943e-01 
  793.000  9.942387e-01 
  794.000  9.994022e-01 
  795.000  9.974827e-01 
  796.000  9.854400e-01 
  797.000  9.940798e-01 
  798.000  9.948605e-01 
  799.000  9.966789e-01 
  800.000  9.915659e-01 
  801.000  9.890738e-01 
  802.000  9.924542e-01 
  803.000  9.917524e-01 
  804.000  9.914515e-01 
  805.000  9.936487e-01 
  806.000  9.980381e-01 
  807.000  9.953305e-01 
  808.000  9.980378e-01 
  809.000  9.938263e-01 
  810.000  9.916375e-01 
  811.000  9.924132e-01 
  812.000  9.876801e-01 
  813.000  9.784763e-01 
  814.000  9.623509e-01 
  815.000  9.415950e-01 
  816.000  9.573500e-01 
  817.000  8.824016e-01 
  818.000  9.346262e-01 
  819.000  9.571108e-01 
  820.000  9.273706e-01 
  821.000  9.901286e-01 
  822.000  9.825739e-01 
  823.000  8.596870e-01 
  824.000  9.721187e-01 
  825.000  9.857919e-01 
  826.000  9.710366e-01 
  827.000  9.849461e-01 
  828.000  9.465770e-01 
  829.000  9.762970e-01 
  830.000  9.692501e-01 
  831.000  9.726287e-01 
  832.000  9.722700e-01 
  833.000  9.833776e-01 
  834.000  9.831020e-01 
  835.000  9.892116e-01 
  836.000  9.898540e-01 
  837.000  9.894987e-01 
  838.000  9.935524e-01 
  839.000  9.955528e-01 
  840.000  9.960264e-01 
  841.000  9.960264e-01 
  842.000  9.923898e-01 
  843.000  9.991258e-01 
  844.000  9.950344e-01 
  845.000  9.982868e-01 
  846.000  9.990950e-01 
  847.000  9.997016e-01 
  848.000  9.987946e-01 
  849.000  9.991533e-01 
  850.000  9.986852e-01 
  851.000  9.974639e-01 
  852.000  9.989408e-01 
  853.000  9.992023e-01 
  854.000  9.988565e-01 
  855.000  9.988565e-01 
  856.000  9.991499e-01 
  857.000  9.998134e-01 
  858.000  9.991268e-01 
  859.000  9.995239e-01 
  860.000  9.999499e-01 
  861.000  9.997475e-01 
  862.000  9.999188e-01 
  863.000  9.997345e-01 
  864.000  9.999753e-01 
  865.000  9.999753e-01 
  866.000  9.999313e-01 
  867.000  9.999903e-01 
  868.000  9.999309e-01 
  869.000  9.998563e-01 
  870.000  9.999287e-01 
  871.000  9.999310e-01 
  872.000  9.999804e-01 
  873.000  9.999123e-01 
  874.000  9.999123e-01 
  875.000  9.999928e-01 
  876.000  9.999953e-01 
  877.000  9.999279e-01 
  878.000  9.998626e-01 
  879.000  9.998417e-01 
  880.000  9.999394e-01 
  881.000  9.999394e-01 
  882.000  9.995161e-01 
  883.000  9.996304e-01 
  884.000  9.996444e-01 
  885.000  9.997005e-01 
  886.000  9.973143e-01 
  887.000  9.994617e-01 
  888.000  9.994617e-01 
  889.000  9.989228e-01 
  890.000  9.975615e-01 
  891.000  9.993896e-01 
  892.000  9.972200e-01 
  893.000  9.915230e-01 
  894.000  9.915230e-01 
  895.000  9.778467e-01 
  896.000  9.653606e-01 
  897.000  9.048774e-01 
  898.000  9.625069e-01 
  899.000  8.470964e-01 
  900.000  8.470964e-01 
  901.000  8.726370e-01 
  902.000  8.978508e-01 
  903.000  9.238847e-01 
  904.000  9.823403e-01 
  905.000  9.746924e-01 
  906.000  9.746924e-01 
  907.000  9.130196e-01 
  908.000  8.932739e-01 
  909.000  9.043422e-01 
  910.000  8.913192e-01 
  911.000  8.913192e-01 
  912.000  9.546049e-01 
  913.000  9.234099e-01 
  914.000  9.014266e-01 
  915.000  8.674815e-01 
  916.000  8.674815e-01 
  917.000  9.521158e-01 
  918.000  8.834512e-01 
  919.000  9.360726e-01 
  920.000  9.803006e-01 
  921.000  9.803006e-01 
  922.000  9.691401e-01 
  923.000  9.682477e-01 
  924.000  9.573621e-01 
  925.000  9.573621e-01 
  926.000  9.627674e-01 
  927.000  9.671129e-01 
  928.000  9.015898e-01 
  929.000  8.880941e-01 
  930.000  8.880941e-01 
  931.000  7.782072e-01 
  932.000  6.142816e-01 
  933.000  6.490978e-01 
  934.000  6.490978e-01 
  935.000  5.949682e-01 
  936.000  5.655618e-01 
  937.000  5.653635e-01 
  938.000  5.653635e-01 
  939.000  6.873239e-01 
  940.000  8.069067e-01 
  941.000  7.633483e-01 
  942.000  7.633483e-01 
  943.000  6.649656e-01 
  944.000  6.710799e-01 
  945.000  7.627770e-01 
  946.000  7.627770e-01 
  947.000  6.814483e-01 
  948.000  7.046608e-01 
  949.000  7.576102e-01 
  950.000  7.576102e-01 
  951.000  7.666879e-01 
  952.000  6.789712e-01 
  953.000  8.038191e-01 
  954.000  8.038191e-01 
  955.000  7.978970e-01 
  956.000  6.993338e-01 
  957.000  8.384634e-01 
  958.000  8.384634e-01 
  959.000  7.629605e-01 
  960.000  8.283178e-01 
  961.000  8.283178e-01 
  962.000  8.446972e-01 
  963.000  8.945536e-01 
  964.000  8.188180e-01 
  965.000  8.188180e-01 
  966.000  8.695305e-01 
  967.000  9.301137e-01 
  968.000  9.301137e-01 
  969.000  9.429709e-01 
  970.000  9.671654e-01 
  971.000  9.748694e-01 
  972.000  9.748694e-01 
  973.000  9.653900e-01 
  974.000  9.160681e-01 
  975.000  9.160681e-01 
  976.000  9.016266e-01 
  977.000  9.525140e-01 
  978.000  9.453944e-01 
  979.000  9.453944e-01 
  980.000  9.460934e-01 
  981.000  9.848447e-01 
  982.000  9.848447e-01 
  983.000  9.731032e-01 
  984.000  9.834366e-01 
  985.000  9.834366e-01 
  986.000  9.955712e-01 
  987.000  9.909707e-01 
  988.000  9.909707e-01 
  989.000  9.979124e-01 
  990.000  9.950413e-01 
  991.000  9.950413e-01 
  992.000  9.969524e-01 
  993.000  9.965515e-01 
  994.000  9.965515e-01 
  995.000  9.994024e-01 
  996.000  9.994570e-01 
  997.000  9.994570e-01 
  998.000  9.994424e-01 
  999.000  9.991903e-01 
 1000.000  9.991903e-01 
 1001.000  9.992994e-01 
 1002.000  9.953356e-01 
 1003.000  9.953356e-01 
 1004.000  9.992806e-01 
 1005.000  9.994432e-01 
 1006.000  9.994432e-01 
 1007.000  9.995513e-01 
 1008.000  9.987909e-01 
 1009.000  9.987909e-01 
 1010.000  9.958332e-01 
 1011.000  9.994872e-01 
 1012.000  9.994872e-01 
 1013.000  9.996067e-01 
 1014.000  9.994775e-01 
 1015.000  9.994775e-01 
 1016.000  9.996627e-01 
 1017.000  9.994257e-01 
 1018.000  9.994257e-01 
 1019.000  9.991521e-01 
 1020.000  9.996702e-01 
 1021.000  9.996702e-01 
 1022.000  9.991685e-01 
 1023.000  9.991685e-01 
 1024.000  9.990392e-01 
 1025.000  9.996252e-01 
 1026.000  9.996252e-01 
 1027.000  9.993177e-01 
 1028.000  9.996223e-01 
 1029.000  9.996223e-01 
 1030.000  9.997103e-01 
 1031.000  9.996332e-01 
 1032.000  9.996332e-01 
 1033.000  9.996114e-01 
 1034.000  9.996114e-01 
 1035.000  9.996106e-01 
 1036.000  9.992268e-01 
 1037.000  9.992268e-01 
 1038.000  9.991748e-01 
 1039.000  9.987507e-01 
 1040.000  9.987507e-01 
 1041.000  9.984611e-01 
 1042.000  9.984611e-01 
 1043.000  9.980960e-01 
 1044.000  9.975511e-01 
 1045.000  9.975511e-01 
 1046.000  9.968037e-01 
 1047.000  9.968037e-01 
 1048.000  9.960595e-01 
 1049.000  9.945788e-01 
 1050.000  9.945788e-01 
 1051.000  9.939114e-01 
 1052.000  9.939114e-01 
 1053.000  9.928988e-01 
 1054.000  9.920365e-01 
 1055.000  9.920365e-01 
 1056.000  9.910317e-01 
 1057.000  9.910317e-01 
 1058.000  9.901284e-01 
 1059.000  9.892293e-01 
 1060.000  9.892293e-01 
 1061.000  9.886545e-01 
 1062.000  9.886545e-01 
 1063.000  9.876435e-01 
 1064.000  9.870369e-01 
 1065.000  9.870369e-01 
 1066.000  9.879443e-01 
 1067.000  9.879443e-01 
 1068.000  9.872425e-01 
 1069.000  9.881400e-01 
 1070.000  9.881400e-01 
 1071.000  9.893440e-01 
 1072.000  9.893440e-01 
 1073.000  9.902358e-01 
 1074.000  9.902358e-01 
 1075.000  9.885846e-01 
 1076.000  9.887813e-01 
 1077.000  9.887813e-01 
 1078.000  9.919162e-01 
 1079.000  9.919162e-01 
 1080.000  9.899588e-01 
 1081.000  9.899588e-01 
 1082.000  9.919959e-01 
 1083.000  9.902957e-01 
 1084.000  9.902957e-01 
 1085.000  9.866008e-01 
 1086.000  9.866008e-01 
 1087.000  9.927886e-01 
 1088.000  9.927886e-01 
 1089.000  9.902187e-01 
 1090.000  9.888348e-01 
 1091.000  9.888348e-01 
 1092.000  9.844945e-01 
 1093.000  9.844945e-01 
 1094.000  9.844264e-01 
 1095.000  9.844264e-01 
 1096.000  9.817605e-01 
 1097.000  9.817605e-01 
 1098.000  9.756261e-01 
 1099.000  9.529718e-01 
 1100.000  9.529718e-01 
 1101.000  9.535120e-01 
 1102.000  9.535120e-01 
 1103.000  9.446214e-01 
 1104.000  9.446214e-01 
 1105.000  9.376100e-01 
 1106.000  9.376100e-01 
 1107.000  9.363455e-01 
 1108.000  9.363455e-01 
 1109.000  9.187828e-01 
 1110.000  8.859259e-01 
 1111.000  8.859259e-01 
 1112.000  8.700670e-01 
 1113.000  8.700670e-01 
 1114.000  7.845130e-01 
 1115.000  7.845130e-01 
 1116.000  6.016441e-01 
 1117.000  6.016441e-01 
 1118.000  6.963311e-01 
 1119.000  6.963311e-01 
 1120.000  6.405777e-01 
 1121.000  6.405777e-01 
 1122.000  4.613452e-01 
 1123.000  6.612883e-01 
 1124.000  6.612883e-01 
 1125.000  5.079266e-01 
 1126.000  5.079266e-01 
 1127.000  5.743880e-01 
 1128.000  5.743880e-01 
 1129.000  5.775495e-01 
 1130.000  5.775495e-01 
 1131.000  8.052066e-01 
 1132.000  8.052066e-01 
 1133.000  5.796738e-01 
 1134.000  5.796738e-01 
 1135.000  3.658557e-01 
 1136.000  3.658557e-01 
 1137.000  8.137471e-01 
 1138.000  8.137471e-01 
 1139.000  7.527430e-01 
 1140.000  7.527430e-01 
 1141.000  7.406523e-01 
 1142.000  7.406523e-01 
 1143.000  7.884384e-01 
 1144.000  7.884384e-01 
 1145.000  6.080527e-01 
 1146.000  6.080527e-01 
 1147.000  5.966522e-01 
 1148.000  5.966522e-01 
 1149.000  6.900530e-01 
 1150.000  6.900530e-01 
 1151.000  7.695173e-01 
 1152.000  7.695173e-01 
 1153.000  7.212480e-01 
 1154.000  7.212480e-01 
 1155.000  7.652555e-01 
 1156.000  7.652555e-01 
 1157.000  8.284196e-01 
 1158.000  8.284196e-01 
 1159.000  9.055775e-01 
 1160.000  9.055775e-01 
 1161.000  8.928520e-01 
 1162.000  8.928520e-01 
 1163.000  9.287517e-01 
 1164.000  9.287517e-01 
 1165.000  9.164533e-01 
 1166.000  9.164533e-01 
 1167.000  9.448001e-01 
 1168.000  9.448001e-01 
 1169.000  9.536122e-01 
 1170.000  9.536122e-01 
 1171.000  9.583886e-01 
 1172.000  9.583886e-01 
 1173.000  9.160766e-01 
 1174.000  9.160766e-01 
 1175.000  9.818640e-01 
 1176.000  9.818640e-01 
 1177.000  9.416472e-01 
 1178.000  9.416472e-01 
 1179.000  9.707454e-01 
 1180.000  9.707454e-01 
 1181.000  9.086810e-01 
 1182.000  9.086810e-01 
 1183.000  9.558176e-01 
 1184.000  9.558176e-01 
 1185.000  9.706616e-01 
 1186.000  9.706616e-01 
 1187.000  9.145067e-01 
 1188.000  9.145067e-01 
 1189.000  9.145067e-01 
 1190.000  9.550214e-01 
 1191.000  9.550214e-01 
 1192.000  9.835581e-01 
 1193.000  9.835581e-01 
 1194.000  9.632598e-01 
 1195.000  9.632598e-01 
 1196.000  9.733987e-01 
 1197.000  9.733987e-01 
 1198.000  9.543098e-01 
 1199.000  9.543098e-01 
 1200.000  9.506558e-01 
