  250.000  9.997044e-01 
  251.000  9.997814e-01 
  252.000  9.997925e-01 
  253.000  9.997824e-01 
  254.000  9.997711e-01 
  255.000  9.997700e-01 
  256.000  9.997581e-01 
  257.000  9.997604e-01 
  258.000  9.997399e-01 
  259.000  9.997255e-01 
  260.000  9.997244e-01 
  261.000  9.997184e-01 
  262.000  9.997135e-01 
  263.000  9.996777e-01 
  264.000  9.996734e-01 
  265.000  9.996569e-01 
  266.000  9.996593e-01 
  267.000  9.996421e-01 
  268.000  9.996309e-01 
  269.000  9.995725e-01 
  270.000  9.995809e-01 
  271.000  9.995812e-01 
  272.000  9.995766e-01 
  273.000  9.995089e-01 
  274.000  9.994901e-01 
  275.000  9.994735e-01 
  276.000  9.994863e-01 
  277.000  9.994470e-01 
  278.000  9.994254e-01 
  279.000  9.993690e-01 
  280.000  9.993344e-01 
  281.000  9.993177e-01 
  282.000  9.993259e-01 
  283.000  9.993259e-01 
  284.000  9.992119e-01 
  285.000  9.991711e-01 
  286.000  9.991154e-01 
  287.000  9.991463e-01 
  288.000  9.991418e-01 
  289.000  9.990866e-01 
  290.000  9.990020e-01 
  291.000  9.989686e-01 
  292.000  9.988736e-01 
  293.000  9.988844e-01 
  294.000  9.989250e-01 
  295.000  9.987832e-01 
  296.000  9.988484e-01 
  297.000  9.986000e-01 
  298.000  9.985789e-01 
  299.000  9.986011e-01 
  300.000  9.985693e-01 
  301.000  9.985989e-01 
  302.000  9.983888e-01 
  303.000  9.982491e-01 
  304.000  9.982541e-01 
  305.000  9.981712e-01 
  306.000  9.982525e-01 
  307.000  9.980643e-01 
  308.000  9.981469e-01 
  309.000  9.978661e-01 
  310.000  9.979339e-01 
  311.000  9.978079e-01 
  312.000  9.977637e-01 
  313.000  9.976222e-01 
  314.000  9.977094e-01 
  315.000  9.974076e-01 
  316.000  9.975346e-01 
  317.000  9.973856e-01 
  318.000  9.971268e-01 
  319.000  9.972835e-01 
  320.000  9.970005e-01 
  321.000  9.971096e-01 
  322.000  9.970023e-01 
  323.000  9.968283e-01 
  324.000  9.969248e-01 
  325.000  9.966589e-01 
  326.000  9.966054e-01 
  327.000  9.966028e-01 
  328.000  9.964422e-01 
  329.000  9.964631e-01 
  330.000  9.962222e-01 
  331.000  9.963564e-01 
  332.000  9.963271e-01 
  333.000  9.954947e-01 
  334.000  9.961941e-01 
  335.000  9.957334e-01 
  336.000  9.959504e-01 
  337.000  9.958187e-01 
  338.000  9.959729e-01 
  339.000  9.950668e-01 
  340.000  9.952239e-01 
  341.000  9.943606e-01 
  342.000  9.939511e-01 
  343.000  9.939831e-01 
  344.000  9.935777e-01 
  345.000  9.939808e-01 
  346.000  9.943345e-01 
  347.000  9.945777e-01 
  348.000  9.946733e-01 
  349.000  9.945043e-01 
  350.000  9.952734e-01 
  351.000  9.946154e-01 
  352.000  9.949670e-01 
  353.000  9.953288e-01 
  354.000  9.941069e-01 
  355.000  9.937718e-01 
  356.000  9.940525e-01 
  357.000  9.920063e-01 
  358.000  9.909805e-01 
  359.000  9.898518e-01 
  360.000  9.885255e-01 
  361.000  9.875852e-01 
  362.000  9.894262e-01 
  363.000  9.911481e-01 
  364.000  9.928050e-01 
  365.000  9.926237e-01 
  366.000  9.935123e-01 
  367.000  9.937889e-01 
  368.000  9.936290e-01 
  369.000  9.938908e-01 
  370.000  9.937627e-01 
  371.000  9.941589e-01 
  372.000  9.929156e-01 
  373.000  9.934807e-01 
  374.000  9.936057e-01 
  375.000  9.938109e-01 
  376.000  9.925491e-01 
  377.000  9.923986e-01 
  378.000  9.920979e-01 
  379.000  9.906642e-01 
  380.000  9.889666e-01 
  381.000  9.895712e-01 
  382.000  9.909227e-01 
  383.000  9.924610e-01 
  384.000  9.925447e-01 
  385.000  9.929018e-01 
  386.000  9.932035e-01 
  387.000  9.931123e-01 
  388.000  9.929498e-01 
  389.000  9.929120e-01 
  390.000  9.928927e-01 
  391.000  9.930587e-01 
  392.000  9.922094e-01 
  393.000  9.934385e-01 
  394.000  9.934487e-01 
  395.000  9.932882e-01 
  396.000  9.928817e-01 
  397.000  9.935042e-01 
  398.000  9.923038e-01 
  399.000  9.931988e-01 
  400.000  9.921079e-01 
  401.000  9.923548e-01 
  402.000  9.932516e-01 
  403.000  9.937763e-01 
  404.000  9.927669e-01 
  405.000  9.924559e-01 
  406.000  9.934665e-01 
  407.000  9.943322e-01 
  408.000  9.931514e-01 
  409.000  9.925704e-01 
  410.000  9.930419e-01 
  411.000  9.928902e-01 
  412.000  9.938411e-01 
  413.000  9.925809e-01 
  414.000  9.931075e-01 
  415.000  9.932210e-01 
  416.000  9.943501e-01 
  417.000  9.942258e-01 
  418.000  9.936259e-01 
  419.000  9.938014e-01 
  420.000  9.931951e-01 
  421.000  9.931133e-01 
  422.000  9.929340e-01 
  423.000  9.934407e-01 
  424.000  9.928002e-01 
  425.000  9.937410e-01 
  426.000  9.947292e-01 
  427.000  9.938390e-01 
  428.000  9.929961e-01 
  429.000  9.943991e-01 
  430.000  9.944031e-01 
  431.000  9.929332e-01 
  432.000  9.944150e-01 
  433.000  9.941897e-01 
  434.000  9.934118e-01 
  435.000  9.918001e-01 
  436.000  9.934003e-01 
  437.000  9.951805e-01 
  438.000  9.956042e-01 
  439.000  9.921678e-01 
  440.000  9.934986e-01 
  441.000  9.950747e-01 
  442.000  9.956598e-01 
  443.000  9.947397e-01 
  444.000  9.936590e-01 
  445.000  9.920755e-01 
  446.000  9.933603e-01 
  447.000  9.942976e-01 
  448.000  9.909034e-01 
  449.000  9.938390e-01 
  450.000  9.949062e-01 
  451.000  9.948908e-01 
  452.000  9.948246e-01 
  453.000  9.949909e-01 
  454.000  9.957874e-01 
  455.000  9.949883e-01 
  456.000  9.952479e-01 
  457.000  9.960400e-01 
  458.000  9.945889e-01 
  459.000  9.956498e-01 
  460.000  9.949277e-01 
  461.000  9.950334e-01 
  462.000  9.958712e-01 
  463.000  9.938437e-01 
  464.000  9.949134e-01 
  465.000  9.954684e-01 
  466.000  9.964548e-01 
  467.000  9.952573e-01 
  468.000  9.957111e-01 
  469.000  9.960008e-01 
  470.000  9.957994e-01 
  471.000  9.959446e-01 
  472.000  9.947767e-01 
  473.000  9.933129e-01 
  474.000  9.898767e-01 
  475.000  9.879864e-01 
  476.000  9.871080e-01 
  477.000  9.867184e-01 
  478.000  9.868909e-01 
  479.000  9.879826e-01 
  480.000  9.893429e-01 
  481.000  9.924880e-01 
  482.000  9.948075e-01 
  483.000  9.966254e-01 
  484.000  9.969097e-01 
  485.000  9.967347e-01 
  486.000  9.967266e-01 
  487.000  9.972302e-01 
  488.000  9.964235e-01 
  489.000  9.953606e-01 
  490.000  9.964935e-01 
  491.000  9.972842e-01 
  492.000  9.971719e-01 
  493.000  9.970418e-01 
  494.000  9.964443e-01 
  495.000  9.964240e-01 
  496.000  9.964508e-01 
  497.000  9.970807e-01 
  498.000  9.976811e-01 
  499.000  9.981548e-01 
  500.000  9.983234e-01 
  501.000  9.979400e-01 
  502.000  9.967079e-01 
  503.000  9.953997e-01 
  504.000  9.942743e-01 
  505.000  9.955135e-01 
  506.000  9.955679e-01 
  507.000  9.953542e-01 
  508.000  9.963604e-01 
  509.000  9.964643e-01 
  510.000  9.969159e-01 
  511.000  9.970134e-01 
  512.000  9.972843e-01 
  513.000  9.978440e-01 
  514.000  9.980974e-01 
  515.000  9.983791e-01 
  516.000  9.984313e-01 
  517.000  9.985670e-01 
  518.000  9.983891e-01 
  519.000  9.979624e-01 
  520.000  9.979039e-01 
  521.000  9.983833e-01 
  522.000  9.983643e-01 
  523.000  9.981611e-01 
  524.000  9.979993e-01 
  525.000  9.970615e-01 
  526.000  9.970889e-01 
  527.000  9.972546e-01 
  528.000  9.970293e-01 
  529.000  9.970013e-01 
  530.000  9.969859e-01 
  531.000  9.968459e-01 
  532.000  9.967293e-01 
  533.000  9.968216e-01 
  534.000  9.972126e-01 
  535.000  9.975412e-01 
  536.000  9.979964e-01 
  537.000  9.982788e-01 
  538.000  9.981530e-01 
  539.000  9.979666e-01 
  540.000  9.984003e-01 
  541.000  9.972025e-01 
  542.000  9.973484e-01 
  543.000  9.978951e-01 
  544.000  9.982415e-01 
  545.000  9.972748e-01 
  546.000  9.968533e-01 
  547.000  9.978377e-01 
  548.000  9.982899e-01 
  549.000  9.982829e-01 
  550.000  9.982815e-01 
  551.000  9.989255e-01 
  552.000  9.989417e-01 
  553.000  9.986858e-01 
  554.000  9.989598e-01 
  555.000  9.992386e-01 
  556.000  9.993684e-01 
  557.000  9.993163e-01 
  558.000  9.992765e-01 
  559.000  9.994400e-01 
  560.000  9.993263e-01 
  561.000  9.991753e-01 
  562.000  9.990844e-01 
  563.000  9.987550e-01 
  564.000  9.982991e-01 
  565.000  9.980454e-01 
  566.000  9.980127e-01 
  567.000  9.972907e-01 
  568.000  9.962776e-01 
  569.000  9.919355e-01 
  570.000  9.895463e-01 
  571.000  9.896453e-01 
  572.000  9.864651e-01 
  573.000  9.861766e-01 
  574.000  9.836978e-01 
  575.000  9.832369e-01 
  576.000  9.816217e-01 
  577.000  9.811435e-01 
  578.000  9.825054e-01 
  579.000  9.834807e-01 
  580.000  9.847322e-01 
  581.000  9.869128e-01 
  582.000  9.888970e-01 
  583.000  9.907237e-01 
  584.000  9.930701e-01 
  585.000  9.936538e-01 
  586.000  9.951979e-01 
  587.000  9.954331e-01 
  588.000  9.949358e-01 
  589.000  9.826108e-01 
  590.000  9.826517e-01 
  591.000  9.873412e-01 
  592.000  9.778689e-01 
  593.000  9.932125e-01 
  594.000  9.859645e-01 
  595.000  9.910180e-01 
  596.000  9.933749e-01 
  597.000  9.933177e-01 
  598.000  9.938442e-01 
  599.000  9.965485e-01 
  600.000  9.970396e-01 
  601.000  9.986445e-01 
  602.000  9.991232e-01 
  603.000  9.992858e-01 
  604.000  9.997299e-01 
  605.000  9.997035e-01 
  606.000  9.997443e-01 
  607.000  9.998103e-01 
  608.000  9.997841e-01 
  609.000  9.997860e-01 
  610.000  9.997659e-01 
  611.000  9.997187e-01 
  612.000  9.993700e-01 
  613.000  9.994323e-01 
  614.000  9.993705e-01 
  615.000  9.993205e-01 
  616.000  9.989326e-01 
  617.000  9.985965e-01 
  618.000  9.983303e-01 
  619.000  9.978920e-01 
  620.000  9.969781e-01 
  621.000  9.960564e-01 
  622.000  9.956398e-01 
  623.000  9.939998e-01 
  624.000  9.931682e-01 
  625.000  9.922689e-01 
  626.000  9.907078e-01 
  627.000  9.891657e-01 
  628.000  9.590860e-01 
  629.000  9.718593e-01 
  630.000  9.779540e-01 
  631.000  9.856491e-01 
  632.000  9.877043e-01 
  633.000  9.891552e-01 
  634.000  9.906591e-01 
  635.000  9.913048e-01 
  636.000  9.923242e-01 
  637.000  9.936891e-01 
  638.000  9.951618e-01 
  639.000  9.958313e-01 
  640.000  9.963641e-01 
  641.000  9.969746e-01 
  642.000  9.980796e-01 
  643.000  9.978936e-01 
  644.000  9.986788e-01 
  645.000  9.985031e-01 
  646.000  9.952339e-01 
  647.000  9.900438e-01 
  648.000  9.851701e-01 
  649.000  9.888297e-01 
  650.000  9.972289e-01 
  651.000  9.981573e-01 
  652.000  9.952243e-01 
  653.000  9.978884e-01 
  654.000  9.972299e-01 
  655.000  9.873040e-01 
  656.000  9.937625e-01 
  657.000  9.952852e-01 
  658.000  9.981731e-01 
  659.000  9.996251e-01 
  660.000  9.992168e-01 
  661.000  9.998022e-01 
  662.000  9.997383e-01 
  663.000  9.991614e-01 
  664.000  9.996344e-01 
  665.000  9.996712e-01 
  666.000  9.997513e-01 
  667.000  9.998540e-01 
  668.000  9.998227e-01 
  669.000  9.998286e-01 
  670.000  9.998757e-01 
  671.000  9.999079e-01 
  672.000  9.999027e-01 
  673.000  9.998537e-01 
  674.000  9.998847e-01 
  675.000  9.998884e-01 
  676.000  9.998797e-01 
  677.000  9.998890e-01 
  678.000  9.999295e-01 
  679.000  9.999248e-01 
  680.000  9.998839e-01 
  681.000  9.997538e-01 
  682.000  9.998630e-01 
  683.000  9.993094e-01 
  684.000  9.993228e-01 
  685.000  9.997972e-01 
  686.000  9.995164e-01 
  687.000  6.568137e-01 
  688.000  8.408126e-01 
  689.000  8.837090e-01 
  690.000  9.182007e-01 
  691.000  9.392690e-01 
  692.000  9.775693e-01 
  693.000  9.689916e-01 
  694.000  9.559421e-01 
  695.000  9.769560e-01 
  696.000  9.707962e-01 
  697.000  9.964703e-01 
  698.000  9.954457e-01 
  699.000  9.842739e-01 
  700.000  9.849101e-01 
  701.000  9.760213e-01 
  702.000  9.800757e-01 
  703.000  9.832385e-01 
  704.000  9.856790e-01 
  705.000  9.861814e-01 
  706.000  9.900904e-01 
  707.000  9.932547e-01 
  708.000  9.953772e-01 
  709.000  9.952789e-01 
  710.000  9.940498e-01 
  711.000  9.965220e-01 
  712.000  9.945905e-01 
  713.000  9.968230e-01 
  714.000  9.947140e-01 
  715.000  9.888559e-01 
  716.000  9.895218e-01 
  717.000  9.660059e-01 
  718.000  9.025290e-01 
  719.000  8.490236e-01 
  720.000  9.113724e-01 
  721.000  9.782876e-01 
  722.000  9.764316e-01 
  723.000  9.728130e-01 
  724.000  8.913354e-01 
  725.000  9.159547e-01 
  726.000  9.523628e-01 
  727.000  9.361709e-01 
  728.000  9.071456e-01 
  729.000  9.232647e-01 
  730.000  9.563389e-01 
  731.000  9.377888e-01 
  732.000  9.481246e-01 
  733.000  9.752995e-01 
  734.000  9.893696e-01 
  735.000  9.792864e-01 
  736.000  9.860755e-01 
  737.000  9.858285e-01 
  738.000  9.898409e-01 
  739.000  9.909508e-01 
  740.000  9.961175e-01 
  741.000  9.988002e-01 
  742.000  9.987745e-01 
  743.000  9.985075e-01 
  744.000  9.992313e-01 
  745.000  9.995999e-01 
  746.000  9.998831e-01 
  747.000  9.997456e-01 
  748.000  9.998620e-01 
  749.000  9.998162e-01 
  750.000  9.998434e-01 
  751.000  9.997584e-01 
  752.000  9.999316e-01 
  753.000  9.999531e-01 
  754.000  9.998943e-01 
  755.000  9.998292e-01 
  756.000  9.997719e-01 
  757.000  9.999815e-01 
  758.000  9.999784e-01 
  759.000  9.868164e-01 
  760.000  3.041222e-01 
  761.000  1.928039e-01 
  762.000  6.121229e-01 
  763.000  4.954665e-01 
  764.000  5.722049e-01 
  765.000  7.192683e-01 
  766.000  8.586476e-01 
  767.000  9.117836e-01 
  768.000  9.743136e-01 
  769.000  9.907943e-01 
  770.000  9.903528e-01 
  771.000  9.977695e-01 
  772.000  9.998691e-01 
  773.000  9.998636e-01 
  774.000  9.998301e-01 
  775.000  9.998785e-01 
  776.000  9.999130e-01 
  777.000  9.999694e-01 
  778.000  9.999935e-01 
  779.000  9.999927e-01 
  780.000  9.999927e-01 
  781.000  9.999926e-01 
  782.000  9.998940e-01 
  783.000  9.999601e-01 
  784.000  9.995823e-01 
  785.000  9.991763e-01 
  786.000  9.972392e-01 
  787.000  9.969372e-01 
  788.000  9.930267e-01 
  789.000  9.927820e-01 
  790.000  9.859711e-01 
  791.000  9.864815e-01 
  792.000  9.892487e-01 
  793.000  9.910750e-01 
  794.000  9.990609e-01 
  795.000  9.960472e-01 
  796.000  9.774316e-01 
  797.000  9.907570e-01 
  798.000  9.919745e-01 
  799.000  9.947864e-01 
  800.000  9.868738e-01 
  801.000  9.830140e-01 
  802.000  9.882182e-01 
  803.000  9.871312e-01 
  804.000  9.866658e-01 
  805.000  9.900812e-01 
  806.000  9.969189e-01 
  807.000  9.927010e-01 
  808.000  9.969183e-01 
  809.000  9.903612e-01 
  810.000  9.869370e-01 
  811.000  9.881345e-01 
  812.000  9.808034e-01 
  813.000  9.667958e-01 
  814.000  9.424003e-01 
  815.000  9.133855e-01 
  816.000  9.355409e-01 
  817.000  8.354163e-01 
  818.000  9.058688e-01 
  819.000  9.349706e-01 
  820.000  8.970219e-01 
  821.000  9.846297e-01 
  822.000  9.729620e-01 
  823.000  8.051331e-01 
  824.000  9.569752e-01 
  825.000  9.780500e-01 
  826.000  9.556984e-01 
  827.000  9.767217e-01 
  828.000  9.197337e-01 
  829.000  9.636579e-01 
  830.000  9.531551e-01 
  831.000  9.581416e-01 
  832.000  9.575080e-01 
  833.000  9.741641e-01 
  834.000  9.739718e-01 
  835.000  9.832131e-01 
  836.000  9.842697e-01 
  837.000  9.836723e-01 
  838.000  9.899149e-01 
  839.000  9.930461e-01 
  840.000  9.937882e-01 
  841.000  9.937882e-01 
  842.000  9.881335e-01 
  843.000  9.986268e-01 
  844.000  9.922470e-01 
  845.000  9.973092e-01 
  846.000  9.985783e-01 
  847.000  9.995311e-01 
  848.000  9.981065e-01 
  849.000  9.986699e-01 
  850.000  9.979372e-01 
  851.000  9.960313e-01 
  852.000  9.983362e-01 
  853.000  9.987467e-01 
  854.000  9.982062e-01 
  855.000  9.982062e-01 
  856.000  9.986645e-01 
  857.000  9.997069e-01 
  858.000  9.986282e-01 
  859.000  9.992520e-01 
  860.000  9.999213e-01 
  861.000  9.996033e-01 
  862.000  9.998724e-01 
  863.000  9.995829e-01 
  864.000  9.999611e-01 
  865.000  9.999611e-01 
  866.000  9.998921e-01 
  867.000  9.999846e-01 
  868.000  9.998916e-01 
  869.000  9.997743e-01 
  870.000  9.998881e-01 
  871.000  9.998916e-01 
  872.000  9.999693e-01 
  873.000  9.998622e-01 
  874.000  9.998622e-01 
  875.000  9.999889e-01 
  876.000  9.999928e-01 
  877.000  9.998868e-01 
  878.000  9.997842e-01 
  879.000  9.997512e-01 
  880.000  9.999050e-01 
  881.000  9.999050e-01 
  882.000  9.992397e-01 
  883.000  9.994193e-01 
  884.000  9.994415e-01 
  885.000  9.995296e-01 
  886.000  9.957951e-01 
  887.000  9.991543e-01 
  888.000  9.991543e-01 
  889.000  9.983078e-01 
  890.000  9.961840e-01 
  891.000  9.990410e-01 
  892.000  9.956382e-01 
  893.000  9.867558e-01 
  894.000  9.867558e-01 
  895.000  9.663652e-01 
  896.000  9.474531e-01 
  897.000  8.652641e-01 
  898.000  9.429496e-01 
  899.000  7.966043e-01 
  900.000  7.966043e-01 
  901.000  8.304387e-01 
  902.000  8.602678e-01 
  903.000  8.947721e-01 
  904.000  9.727370e-01 
  905.000  9.615476e-01 
  906.000  9.615476e-01 
  907.000  8.750110e-01 
  908.000  8.541558e-01 
  909.000  8.644445e-01 
  910.000  8.454804e-01 
  911.000  8.454804e-01 
  912.000  9.309703e-01 
  913.000  8.878077e-01 
  914.000  8.595953e-01 
  915.000  8.179566e-01 
  916.000  8.179566e-01 
  917.000  9.267470e-01 
  918.000  8.374397e-01 
  919.000  9.077780e-01 
  920.000  9.694897e-01 
  921.000  9.694897e-01 
  922.000  9.526350e-01 
  923.000  9.513079e-01 
  924.000  9.345993e-01 
  925.000  9.345993e-01 
  926.000  9.428113e-01 
  927.000  9.493370e-01 
  928.000  8.556048e-01 
  929.000  8.363984e-01 
  930.000  8.363984e-01 
  931.000  7.077177e-01 
  932.000  5.340323e-01 
  933.000  5.589462e-01 
  934.000  5.589462e-01 
  935.000  5.126900e-01 
  936.000  4.823812e-01 
  937.000  4.675913e-01 
  938.000  4.675913e-01 
  939.000  6.106400e-01 
  940.000  7.411127e-01 
  941.000  6.909337e-01 
  942.000  6.909337e-01 
  943.000  5.934709e-01 
  944.000  6.034057e-01 
  945.000  6.814607e-01 
  946.000  6.814607e-01 
  947.000  6.046709e-01 
  948.000  6.237990e-01 
  949.000  6.891683e-01 
  950.000  6.891683e-01 
  951.000  7.025803e-01 
  952.000  5.990929e-01 
  953.000  7.345108e-01 
  954.000  7.345108e-01 
  955.000  7.308447e-01 
  956.000  6.250681e-01 
  957.000  7.798467e-01 
  958.000  7.798467e-01 
  959.000  6.798903e-01 
  960.000  7.587064e-01 
  961.000  7.587064e-01 
  962.000  7.898583e-01 
  963.000  8.467273e-01 
  964.000  7.528350e-01 
  965.000  7.528350e-01 
  966.000  8.194498e-01 
  967.000  8.980247e-01 
  968.000  8.980247e-01 
  969.000  9.158392e-01 
  970.000  9.495814e-01 
  971.000  9.613045e-01 
  972.000  9.613045e-01 
  973.000  9.467789e-01 
  974.000  8.778807e-01 
  975.000  8.778807e-01 
  976.000  8.612741e-01 
  977.000  9.298925e-01 
  978.000  9.199546e-01 
  979.000  9.199546e-01 
  980.000  9.206578e-01 
  981.000  9.764325e-01 
  982.000  9.764325e-01 
  983.000  9.593572e-01 
  984.000  9.743244e-01 
  985.000  9.743244e-01 
  986.000  9.930657e-01 
  987.000  9.859185e-01 
  988.000  9.859185e-01 
  989.000  9.967254e-01 
  990.000  9.922413e-01 
  991.000  9.922413e-01 
  992.000  9.952279e-01 
  993.000  9.945999e-01 
  994.000  9.945999e-01 
  995.000  9.990612e-01 
  996.000  9.991471e-01 
  997.000  9.991471e-01 
  998.000  9.991240e-01 
  999.000  9.987279e-01 
 1000.000  9.987279e-01 
 1001.000  9.988993e-01 
 1002.000  9.927201e-01 
 1003.000  9.927201e-01 
 1004.000  9.988700e-01 
 1005.000  9.991253e-01 
 1006.000  9.991253e-01 
 1007.000  9.992949e-01 
 1008.000  9.981007e-01 
 1009.000  9.981007e-01 
 1010.000  9.934922e-01 
 1011.000  9.991943e-01 
 1012.000  9.991943e-01 
 1013.000  9.993820e-01 
 1014.000  9.991792e-01 
 1015.000  9.991792e-01 
 1016.000  9.994701e-01 
 1017.000  9.990977e-01 
 1018.000  9.990977e-01 
 1019.000  9.986680e-01 
 1020.000  9.994820e-01 
 1021.000  9.994820e-01 
 1022.000  9.986937e-01 
 1023.000  9.986937e-01 
 1024.000  9.984908e-01 
 1025.000  9.994111e-01 
 1026.000  9.994111e-01 
 1027.000  9.989282e-01 
 1028.000  9.994065e-01 
 1029.000  9.994065e-01 
 1030.000  9.995448e-01 
 1031.000  9.994239e-01 
 1032.000  9.994239e-01 
 1033.000  9.993895e-01 
 1034.000  9.993895e-01 
 1035.000  9.993881e-01 
 1036.000  9.987854e-01 
 1037.000  9.987854e-01 
 1038.000  9.987036e-01 
 1039.000  9.980377e-01 
 1040.000  9.980377e-01 
 1041.000  9.975829e-01 
 1042.000  9.975829e-01 
 1043.000  9.970098e-01 
 1044.000  9.961544e-01 
 1045.000  9.961544e-01 
 1046.000  9.949819e-01 
 1047.000  9.949819e-01 
 1048.000  9.938149e-01 
 1049.000  9.914943e-01 
 1050.000  9.914943e-01 
 1051.000  9.904491e-01 
 1052.000  9.904491e-01 
 1053.000  9.888636e-01 
 1054.000  9.875144e-01 
 1055.000  9.875144e-01 
 1056.000  9.859434e-01 
 1057.000  9.859434e-01 
 1058.000  9.845312e-01 
 1059.000  9.831269e-01 
 1060.000  9.831269e-01 
 1061.000  9.822292e-01 
 1062.000  9.822292e-01 
 1063.000  9.806514e-01 
 1064.000  9.797051e-01 
 1065.000  9.797051e-01 
 1066.000  9.811208e-01 
 1067.000  9.811208e-01 
 1068.000  9.800257e-01 
 1069.000  9.814262e-01 
 1070.000  9.814262e-01 
 1071.000  9.833061e-01 
 1072.000  9.833061e-01 
 1073.000  9.846992e-01 
 1074.000  9.846992e-01 
 1075.000  9.821534e-01 
 1076.000  9.824685e-01 
 1077.000  9.824685e-01 
 1078.000  9.873385e-01 
 1079.000  9.873385e-01 
 1080.000  9.843109e-01 
 1081.000  9.843109e-01 
 1082.000  9.874750e-01 
 1083.000  9.848526e-01 
 1084.000  9.848526e-01 
 1085.000  9.791178e-01 
 1086.000  9.791178e-01 
 1087.000  9.887363e-01 
 1088.000  9.887363e-01 
 1089.000  9.847706e-01 
 1090.000  9.826668e-01 
 1091.000  9.826668e-01 
 1092.000  9.759452e-01 
 1093.000  9.759452e-01 
 1094.000  9.758132e-01 
 1095.000  9.758132e-01 
 1096.000  9.717224e-01 
 1097.000  9.717224e-01 
 1098.000  9.623036e-01 
 1099.000  9.291953e-01 
 1100.000  9.291953e-01 
 1101.000  9.301188e-01 
 1102.000  9.301188e-01 
 1103.000  9.170631e-01 
 1104.000  9.170631e-01 
 1105.000  9.067750e-01 
 1106.000  9.067750e-01 
 1107.000  9.052345e-01 
 1108.000  9.052345e-01 
 1109.000  8.798445e-01 
 1110.000  8.410418e-01 
 1111.000  8.410418e-01 
 1112.000  8.155044e-01 
 1113.000  8.155044e-01 
 1114.000  7.310280e-01 
 1115.000  7.310280e-01 
 1116.000  5.175368e-01 
 1117.000  5.175368e-01 
 1118.000  6.253762e-01 
 1119.000  6.253762e-01 
 1120.000  5.546427e-01 
 1121.000  5.546427e-01 
 1122.000  3.661905e-01 
 1123.000  5.850635e-01 
 1124.000  5.850635e-01 
 1125.000  4.113848e-01 
 1126.000  4.113848e-01 
 1127.000  4.761582e-01 
 1128.000  4.761582e-01 
 1129.000  4.767756e-01 
 1130.000  4.767756e-01 
 1131.000  7.372806e-01 
 1132.000  7.372806e-01 
 1133.000  4.776633e-01 
 1134.000  4.776633e-01 
 1135.000  2.888822e-01 
 1136.000  2.888822e-01 
 1137.000  7.426111e-01 
 1138.000  7.426111e-01 
 1139.000  6.891074e-01 
 1140.000  6.891074e-01 
 1141.000  6.740520e-01 
 1142.000  6.740520e-01 
 1143.000  7.121726e-01 
 1144.000  7.121726e-01 
 1145.000  5.204040e-01 
 1146.000  5.204040e-01 
 1147.000  5.025087e-01 
 1148.000  5.025087e-01 
 1149.000  6.112325e-01 
 1150.000  6.112325e-01 
 1151.000  7.047988e-01 
 1152.000  7.047988e-01 
 1153.000  6.555938e-01 
 1154.000  6.555938e-01 
 1155.000  7.019311e-01 
 1156.000  7.019311e-01 
 1157.000  7.721124e-01 
 1158.000  7.721124e-01 
 1159.000  8.608787e-01 
 1160.000  8.608787e-01 
 1161.000  8.431774e-01 
 1162.000  8.431774e-01 
 1163.000  8.960711e-01 
 1164.000  8.960711e-01 
 1165.000  8.776566e-01 
 1166.000  8.776566e-01 
 1167.000  9.178711e-01 
 1168.000  9.178711e-01 
 1169.000  9.299235e-01 
 1170.000  9.299235e-01 
 1171.000  9.375916e-01 
 1172.000  9.375916e-01 
 1173.000  8.764562e-01 
 1174.000  8.764562e-01 
 1175.000  9.718237e-01 
 1176.000  9.718237e-01 
 1177.000  9.135976e-01 
 1178.000  9.135976e-01 
 1179.000  9.560363e-01 
 1180.000  9.560363e-01 
 1181.000  8.691390e-01 
 1182.000  8.691390e-01 
 1183.000  9.343947e-01 
 1184.000  9.343947e-01 
 1185.000  9.548160e-01 
 1186.000  9.548160e-01 
 1187.000  8.820150e-01 
 1188.000  8.820150e-01 
 1189.000  8.820150e-01 
 1190.000  9.338959e-01 
 1191.000  9.338959e-01 
 1192.000  9.744531e-01 
 1193.000  9.744531e-01 
 1194.000  9.454497e-01 
 1195.000  9.454497e-01 
 1196.000  9.588814e-01 
 1197.000  9.588814e-01 
 1198.000  9.315346e-01 
 1199.000  9.315346e-01 
 1200.000  9.274071e-01 
