  250.000  9.997851e-01 
  251.000  9.998410e-01 
  252.000  9.998491e-01 
  253.000  9.998418e-01 
  254.000  9.998335e-01 
  255.000  9.998326e-01 
  256.000  9.998240e-01 
  257.000  9.998257e-01 
  258.000  9.998109e-01 
  259.000  9.998005e-01 
  260.000  9.997995e-01 
  261.000  9.997950e-01 
  262.000  9.997917e-01 
  263.000  9.997656e-01 
  264.000  9.997623e-01 
  265.000  9.997504e-01 
  266.000  9.997521e-01 
  267.000  9.997398e-01 
  268.000  9.997315e-01 
  269.000  9.996890e-01 
  270.000  9.996951e-01 
  271.000  9.996954e-01 
  272.000  9.996921e-01 
  273.000  9.996428e-01 
  274.000  9.996291e-01 
  275.000  9.996172e-01 
  276.000  9.996264e-01 
  277.000  9.995978e-01 
  278.000  9.995822e-01 
  279.000  9.995412e-01 
  280.000  9.995160e-01 
  281.000  9.995037e-01 
  282.000  9.995098e-01 
  283.000  9.995096e-01 
  284.000  9.994268e-01 
  285.000  9.993970e-01 
  286.000  9.993567e-01 
  287.000  9.993791e-01 
  288.000  9.993758e-01 
  289.000  9.993357e-01 
  290.000  9.992741e-01 
  291.000  9.992499e-01 
  292.000  9.991808e-01 
  293.000  9.991885e-01 
  294.000  9.992179e-01 
  295.000  9.991149e-01 
  296.000  9.991623e-01 
  297.000  9.989816e-01 
  298.000  9.989663e-01 
  299.000  9.989824e-01 
  300.000  9.989594e-01 
  301.000  9.989809e-01 
  302.000  9.988279e-01 
  303.000  9.987264e-01 
  304.000  9.987300e-01 
  305.000  9.986696e-01 
  306.000  9.987287e-01 
  307.000  9.985919e-01 
  308.000  9.986521e-01 
  309.000  9.984477e-01 
  310.000  9.984969e-01 
  311.000  9.984053e-01 
  312.000  9.983730e-01 
  313.000  9.982700e-01 
  314.000  9.983336e-01 
  315.000  9.981139e-01 
  316.000  9.982066e-01 
  317.000  9.980979e-01 
  318.000  9.979095e-01 
  319.000  9.980236e-01 
  320.000  9.978176e-01 
  321.000  9.978971e-01 
  322.000  9.978189e-01 
  323.000  9.976922e-01 
  324.000  9.977625e-01 
  325.000  9.975690e-01 
  326.000  9.975300e-01 
  327.000  9.975282e-01 
  328.000  9.974113e-01 
  329.000  9.974265e-01 
  330.000  9.972512e-01 
  331.000  9.973488e-01 
  332.000  9.973274e-01 
  333.000  9.967213e-01 
  334.000  9.972306e-01 
  335.000  9.968951e-01 
  336.000  9.970532e-01 
  337.000  9.969573e-01 
  338.000  9.970695e-01 
  339.000  9.964097e-01 
  340.000  9.965243e-01 
  341.000  9.958953e-01 
  342.000  9.955972e-01 
  343.000  9.956205e-01 
  344.000  9.953252e-01 
  345.000  9.956188e-01 
  346.000  9.958766e-01 
  347.000  9.960536e-01 
  348.000  9.961233e-01 
  349.000  9.960001e-01 
  350.000  9.965602e-01 
  351.000  9.960810e-01 
  352.000  9.963372e-01 
  353.000  9.966006e-01 
  354.000  9.957105e-01 
  355.000  9.954665e-01 
  356.000  9.956709e-01 
  357.000  9.941800e-01 
  358.000  9.934323e-01 
  359.000  9.926093e-01 
  360.000  9.916418e-01 
  361.000  9.909557e-01 
  362.000  9.922988e-01 
  363.000  9.935545e-01 
  364.000  9.947622e-01 
  365.000  9.946300e-01 
  366.000  9.952774e-01 
  367.000  9.954790e-01 
  368.000  9.953624e-01 
  369.000  9.955535e-01 
  370.000  9.954600e-01 
  371.000  9.957488e-01 
  372.000  9.948428e-01 
  373.000  9.952545e-01 
  374.000  9.953454e-01 
  375.000  9.954950e-01 
  376.000  9.945758e-01 
  377.000  9.944658e-01 
  378.000  9.942467e-01 
  379.000  9.932017e-01 
  380.000  9.919637e-01 
  381.000  9.924046e-01 
  382.000  9.933900e-01 
  383.000  9.945114e-01 
  384.000  9.945725e-01 
  385.000  9.948326e-01 
  386.000  9.950526e-01 
  387.000  9.949861e-01 
  388.000  9.948676e-01 
  389.000  9.948401e-01 
  390.000  9.948261e-01 
  391.000  9.949469e-01 
  392.000  9.943280e-01 
  393.000  9.952238e-01 
  394.000  9.952312e-01 
  395.000  9.951141e-01 
  396.000  9.948180e-01 
  397.000  9.952716e-01 
  398.000  9.943968e-01 
  399.000  9.950491e-01 
  400.000  9.942541e-01 
  401.000  9.944341e-01 
  402.000  9.950876e-01 
  403.000  9.954699e-01 
  404.000  9.947343e-01 
  405.000  9.945077e-01 
  406.000  9.952440e-01 
  407.000  9.958746e-01 
  408.000  9.950148e-01 
  409.000  9.945912e-01 
  410.000  9.949347e-01 
  411.000  9.948243e-01 
  412.000  9.955171e-01 
  413.000  9.945988e-01 
  414.000  9.949825e-01 
  415.000  9.950652e-01 
  416.000  9.958879e-01 
  417.000  9.957973e-01 
  418.000  9.953603e-01 
  419.000  9.954881e-01 
  420.000  9.950463e-01 
  421.000  9.949868e-01 
  422.000  9.948562e-01 
  423.000  9.952254e-01 
  424.000  9.947586e-01 
  425.000  9.954442e-01 
  426.000  9.961640e-01 
  427.000  9.955154e-01 
  428.000  9.949014e-01 
  429.000  9.959235e-01 
  430.000  9.959264e-01 
  431.000  9.948555e-01 
  432.000  9.959352e-01 
  433.000  9.957711e-01 
  434.000  9.952044e-01 
  435.000  9.940298e-01 
  436.000  9.951958e-01 
  437.000  9.964928e-01 
  438.000  9.968011e-01 
  439.000  9.942978e-01 
  440.000  9.952675e-01 
  441.000  9.964156e-01 
  442.000  9.968417e-01 
  443.000  9.961716e-01 
  444.000  9.953843e-01 
  445.000  9.942304e-01 
  446.000  9.951667e-01 
  447.000  9.958496e-01 
  448.000  9.933760e-01 
  449.000  9.955156e-01 
  450.000  9.962929e-01 
  451.000  9.962816e-01 
  452.000  9.962334e-01 
  453.000  9.963546e-01 
  454.000  9.969345e-01 
  455.000  9.963526e-01 
  456.000  9.965417e-01 
  457.000  9.971185e-01 
  458.000  9.960618e-01 
  459.000  9.968343e-01 
  460.000  9.963086e-01 
  461.000  9.963856e-01 
  462.000  9.969956e-01 
  463.000  9.955190e-01 
  464.000  9.962981e-01 
  465.000  9.967022e-01 
  466.000  9.974206e-01 
  467.000  9.965485e-01 
  468.000  9.968789e-01 
  469.000  9.970898e-01 
  470.000  9.969433e-01 
  471.000  9.970490e-01 
  472.000  9.961985e-01 
  473.000  9.951322e-01 
  474.000  9.926273e-01 
  475.000  9.912484e-01 
  476.000  9.906075e-01 
  477.000  9.903231e-01 
  478.000  9.904489e-01 
  479.000  9.912457e-01 
  480.000  9.922380e-01 
  481.000  9.945311e-01 
  482.000  9.962209e-01 
  483.000  9.975447e-01 
  484.000  9.977515e-01 
  485.000  9.976242e-01 
  486.000  9.976183e-01 
  487.000  9.979849e-01 
  488.000  9.973977e-01 
  489.000  9.966238e-01 
  490.000  9.974486e-01 
  491.000  9.980242e-01 
  492.000  9.979424e-01 
  493.000  9.978478e-01 
  494.000  9.974128e-01 
  495.000  9.973979e-01 
  496.000  9.974177e-01 
  497.000  9.978762e-01 
  498.000  9.983131e-01 
  499.000  9.986577e-01 
  500.000  9.987804e-01 
  501.000  9.985013e-01 
  502.000  9.976047e-01 
  503.000  9.966522e-01 
  504.000  9.958326e-01 
  505.000  9.967351e-01 
  506.000  9.967746e-01 
  507.000  9.966190e-01 
  508.000  9.973516e-01 
  509.000  9.974275e-01 
  510.000  9.977561e-01 
  511.000  9.978271e-01 
  512.000  9.980242e-01 
  513.000  9.984315e-01 
  514.000  9.986160e-01 
  515.000  9.988209e-01 
  516.000  9.988589e-01 
  517.000  9.989576e-01 
  518.000  9.988282e-01 
  519.000  9.985178e-01 
  520.000  9.984753e-01 
  521.000  9.988239e-01 
  522.000  9.988101e-01 
  523.000  9.986624e-01 
  524.000  9.985445e-01 
  525.000  9.978621e-01 
  526.000  9.978821e-01 
  527.000  9.980025e-01 
  528.000  9.978386e-01 
  529.000  9.978182e-01 
  530.000  9.978070e-01 
  531.000  9.977051e-01 
  532.000  9.976202e-01 
  533.000  9.976875e-01 
  534.000  9.979720e-01 
  535.000  9.982112e-01 
  536.000  9.985424e-01 
  537.000  9.987481e-01 
  538.000  9.986564e-01 
  539.000  9.985208e-01 
  540.000  9.988365e-01 
  541.000  9.979648e-01 
  542.000  9.980710e-01 
  543.000  9.984687e-01 
  544.000  9.987209e-01 
  545.000  9.980173e-01 
  546.000  9.977105e-01 
  547.000  9.984269e-01 
  548.000  9.987562e-01 
  549.000  9.987509e-01 
  550.000  9.987499e-01 
  551.000  9.992185e-01 
  552.000  9.992302e-01 
  553.000  9.990442e-01 
  554.000  9.992434e-01 
  555.000  9.994462e-01 
  556.000  9.995406e-01 
  557.000  9.995027e-01 
  558.000  9.994736e-01 
  559.000  9.995927e-01 
  560.000  9.995100e-01 
  561.000  9.994001e-01 
  562.000  9.993340e-01 
  563.000  9.990944e-01 
  564.000  9.987626e-01 
  565.000  9.985781e-01 
  566.000  9.985542e-01 
  567.000  9.980289e-01 
  568.000  9.972914e-01 
  569.000  9.941285e-01 
  570.000  9.923865e-01 
  571.000  9.924586e-01 
  572.000  9.901382e-01 
  573.000  9.899275e-01 
  574.000  9.881173e-01 
  575.000  9.877806e-01 
  576.000  9.866002e-01 
  577.000  9.862507e-01 
  578.000  9.872460e-01 
  579.000  9.879587e-01 
  580.000  9.888728e-01 
  581.000  9.904650e-01 
  582.000  9.919128e-01 
  583.000  9.932451e-01 
  584.000  9.949553e-01 
  585.000  9.953806e-01 
  586.000  9.965052e-01 
  587.000  9.966764e-01 
  588.000  9.963145e-01 
  589.000  9.872441e-01 
  590.000  9.873251e-01 
  591.000  9.907561e-01 
  592.000  9.837500e-01 
  593.000  9.950505e-01 
  594.000  9.897109e-01 
  595.000  9.934596e-01 
  596.000  9.951773e-01 
  597.000  9.951357e-01 
  598.000  9.955193e-01 
  599.000  9.974886e-01 
  600.000  9.978461e-01 
  601.000  9.990139e-01 
  602.000  9.993621e-01 
  603.000  9.994805e-01 
  604.000  9.998037e-01 
  605.000  9.997843e-01 
  606.000  9.998140e-01 
  607.000  9.998620e-01 
  608.000  9.998429e-01 
  609.000  9.998441e-01 
  610.000  9.998297e-01 
  611.000  9.997954e-01 
  612.000  9.995419e-01 
  613.000  9.995871e-01 
  614.000  9.995422e-01 
  615.000  9.995058e-01 
  616.000  9.992238e-01 
  617.000  9.989790e-01 
  618.000  9.987853e-01 
  619.000  9.984664e-01 
  620.000  9.978014e-01 
  621.000  9.971305e-01 
  622.000  9.968271e-01 
  623.000  9.956326e-01 
  624.000  9.950268e-01 
  625.000  9.943714e-01 
  626.000  9.932333e-01 
  627.000  9.921088e-01 
  628.000  9.699106e-01 
  629.000  9.787006e-01 
  630.000  9.839178e-01 
  631.000  9.895424e-01 
  632.000  9.910426e-01 
  633.000  9.921010e-01 
  634.000  9.931979e-01 
  635.000  9.936687e-01 
  636.000  9.944119e-01 
  637.000  9.954063e-01 
  638.000  9.964790e-01 
  639.000  9.969665e-01 
  640.000  9.973543e-01 
  641.000  9.977989e-01 
  642.000  9.986030e-01 
  643.000  9.984676e-01 
  644.000  9.990388e-01 
  645.000  9.989112e-01 
  646.000  9.965315e-01 
  647.000  9.927325e-01 
  648.000  9.891360e-01 
  649.000  9.918321e-01 
  650.000  9.979839e-01 
  651.000  9.986596e-01 
  652.000  9.965246e-01 
  653.000  9.984639e-01 
  654.000  9.979846e-01 
  655.000  9.906618e-01 
  656.000  9.954455e-01 
  657.000  9.965606e-01 
  658.000  9.986711e-01 
  659.000  9.997272e-01 
  660.000  9.994304e-01 
  661.000  9.998561e-01 
  662.000  9.998097e-01 
  663.000  9.993901e-01 
  664.000  9.997342e-01 
  665.000  9.997609e-01 
  666.000  9.998192e-01 
  667.000  9.998938e-01 
  668.000  9.998711e-01 
  669.000  9.998754e-01 
  670.000  9.999096e-01 
  671.000  9.999330e-01 
  672.000  9.999292e-01 
  673.000  9.998935e-01 
  674.000  9.999163e-01 
  675.000  9.999189e-01 
  676.000  9.999125e-01 
  677.000  9.999192e-01 
  678.000  9.999487e-01 
  679.000  9.999454e-01 
  680.000  9.999156e-01 
  681.000  9.998209e-01 
  682.000  9.999003e-01 
  683.000  9.994977e-01 
  684.000  9.995074e-01 
  685.000  9.998525e-01 
  686.000  9.996483e-01 
  687.000  7.025153e-01 
  688.000  8.777822e-01 
  689.000  9.108713e-01 
  690.000  9.389028e-01 
  691.000  9.540602e-01 
  692.000  9.834688e-01 
  693.000  9.770591e-01 
  694.000  9.673335e-01 
  695.000  9.829668e-01 
  696.000  9.782767e-01 
  697.000  9.974319e-01 
  698.000  9.966856e-01 
  699.000  9.884619e-01 
  700.000  9.889325e-01 
  701.000  9.824231e-01 
  702.000  9.854006e-01 
  703.000  9.876842e-01 
  704.000  9.894841e-01 
  705.000  9.898824e-01 
  706.000  9.927614e-01 
  707.000  9.950898e-01 
  708.000  9.966359e-01 
  709.000  9.965643e-01 
  710.000  9.956690e-01 
  711.000  9.974694e-01 
  712.000  9.960520e-01 
  713.000  9.976884e-01 
  714.000  9.961530e-01 
  715.000  9.918646e-01 
  716.000  9.923459e-01 
  717.000  9.750507e-01 
  718.000  9.257542e-01 
  719.000  8.773932e-01 
  720.000  9.337527e-01 
  721.000  9.840816e-01 
  722.000  9.826688e-01 
  723.000  9.800045e-01 
  724.000  9.149991e-01 
  725.000  9.371486e-01 
  726.000  9.648100e-01 
  727.000  9.525777e-01 
  728.000  9.303678e-01 
  729.000  9.430015e-01 
  730.000  9.677425e-01 
  731.000  9.538793e-01 
  732.000  9.616806e-01 
  733.000  9.818465e-01 
  734.000  9.922226e-01 
  735.000  9.847929e-01 
  736.000  9.898056e-01 
  737.000  9.896264e-01 
  738.000  9.925821e-01 
  739.000  9.933870e-01 
  740.000  9.971748e-01 
  741.000  9.991273e-01 
  742.000  9.991086e-01 
  743.000  9.989143e-01 
  744.000  9.994410e-01 
  745.000  9.997090e-01 
  746.000  9.999149e-01 
  747.000  9.998151e-01 
  748.000  9.998996e-01 
  749.000  9.998664e-01 
  750.000  9.998860e-01 
  751.000  9.998243e-01 
  752.000  9.999502e-01 
  753.000  9.999659e-01 
  754.000  9.999231e-01 
  755.000  9.998758e-01 
  756.000  9.998342e-01 
  757.000  9.999866e-01 
  758.000  9.999843e-01 
  759.000  9.902256e-01 
  760.000  3.760448e-01 
  761.000  2.733028e-01 
  762.000  6.703901e-01 
  763.000  5.656444e-01 
  764.000  6.294699e-01 
  765.000  7.602944e-01 
  766.000  8.884187e-01 
  767.000  9.331911e-01 
  768.000  9.807559e-01 
  769.000  9.932966e-01 
  770.000  9.928991e-01 
  771.000  9.983776e-01 
  772.000  9.999049e-01 
  773.000  9.999008e-01 
  774.000  9.998764e-01 
  775.000  9.999117e-01 
  776.000  9.999368e-01 
  777.000  9.999779e-01 
  778.000  9.999954e-01 
  779.000  9.999946e-01 
  780.000  9.999947e-01 
  781.000  9.999947e-01 
  782.000  9.999230e-01 
  783.000  9.999709e-01 
  784.000  9.996961e-01 
  785.000  9.994009e-01 
  786.000  9.979914e-01 
  787.000  9.977715e-01 
  788.000  9.949052e-01 
  789.000  9.947271e-01 
  790.000  9.897122e-01 
  791.000  9.900852e-01 
  792.000  9.921260e-01 
  793.000  9.934393e-01 
  794.000  9.993168e-01 
  795.000  9.971237e-01 
  796.000  9.834170e-01 
  797.000  9.932449e-01 
  798.000  9.941355e-01 
  799.000  9.962056e-01 
  800.000  9.903844e-01 
  801.000  9.875467e-01 
  802.000  9.913902e-01 
  803.000  9.905910e-01 
  804.000  9.902485e-01 
  805.000  9.927527e-01 
  806.000  9.977583e-01 
  807.000  9.946704e-01 
  808.000  9.977579e-01 
  809.000  9.929558e-01 
  810.000  9.904573e-01 
  811.000  9.913397e-01 
  812.000  9.859499e-01 
  813.000  9.755152e-01 
  814.000  9.572611e-01 
  815.000  9.342262e-01 
  816.000  9.517341e-01 
  817.000  8.695742e-01 
  818.000  9.269474e-01 
  819.000  9.514239e-01 
  820.000  9.191758e-01 
  821.000  9.887446e-01 
  822.000  9.801480e-01 
  823.000  8.446815e-01 
  824.000  9.682808e-01 
  825.000  9.838316e-01 
  826.000  9.671233e-01 
  827.000  9.828651e-01 
  828.000  9.396335e-01 
  829.000  9.730781e-01 
  830.000  9.651306e-01 
  831.000  9.689316e-01 
  832.000  9.685086e-01 
  833.000  9.810552e-01 
  834.000  9.807848e-01 
  835.000  9.877009e-01 
  836.000  9.884437e-01 
  837.000  9.880304e-01 
  838.000  9.926400e-01 
  839.000  9.949238e-01 
  840.000  9.954647e-01 
  841.000  9.954647e-01 
  842.000  9.913197e-01 
  843.000  9.990011e-01 
  844.000  9.943342e-01 
  845.000  9.980423e-01 
  846.000  9.989659e-01 
  847.000  9.996590e-01 
  848.000  9.986227e-01 
  849.000  9.990325e-01 
  850.000  9.984980e-01 
  851.000  9.971047e-01 
  852.000  9.987896e-01 
  853.000  9.990884e-01 
  854.000  9.986937e-01 
  855.000  9.986937e-01 
  856.000  9.990286e-01 
  857.000  9.997869e-01 
  858.000  9.990022e-01 
  859.000  9.994559e-01 
  860.000  9.999428e-01 
  861.000  9.997115e-01 
  862.000  9.999073e-01 
  863.000  9.996967e-01 
  864.000  9.999718e-01 
  865.000  9.999718e-01 
  866.000  9.999216e-01 
  867.000  9.999889e-01 
  868.000  9.999211e-01 
  869.000  9.998358e-01 
  870.000  9.999186e-01 
  871.000  9.999211e-01 
  872.000  9.999777e-01 
  873.000  9.998997e-01 
  874.000  9.998997e-01 
  875.000  9.999920e-01 
  876.000  9.999948e-01 
  877.000  9.999177e-01 
  878.000  9.998431e-01 
  879.000  9.998191e-01 
  880.000  9.999309e-01 
  881.000  9.999309e-01 
  882.000  9.994470e-01 
  883.000  9.995775e-01 
  884.000  9.995937e-01 
  885.000  9.996579e-01 
  886.000  9.969334e-01 
  887.000  9.993849e-01 
  888.000  9.993849e-01 
  889.000  9.987691e-01 
  890.000  9.972160e-01 
  891.000  9.993025e-01 
  892.000  9.968240e-01 
  893.000  9.903262e-01 
  894.000  9.903262e-01 
  895.000  9.749007e-01 
  896.000  9.607627e-01 
  897.000  8.941515e-01 
  898.000  9.574970e-01 
  899.000  8.327790e-01 
  900.000  8.327790e-01 
  901.000  8.607638e-01 
  902.000  8.874019e-01 
  903.000  9.158900e-01 
  904.000  9.799073e-01 
  905.000  9.713219e-01 
  906.000  9.713219e-01 
  907.000  9.028490e-01 
  908.000  8.824189e-01 
  909.000  8.935578e-01 
  910.000  8.789515e-01 
  911.000  8.789515e-01 
  912.000  9.485472e-01 
  913.000  9.140269e-01 
  914.000  8.901644e-01 
  915.000  8.537718e-01 
  916.000  8.537718e-01 
  917.000  9.456434e-01 
  918.000  8.708844e-01 
  919.000  9.285241e-01 
  920.000  9.775684e-01 
  921.000  9.775684e-01 
  922.000  9.649397e-01 
  923.000  9.639337e-01 
  924.000  9.515662e-01 
  925.000  9.515662e-01 
  926.000  9.576915e-01 
  927.000  9.626019e-01 
  928.000  8.894815e-01 
  929.000  8.744408e-01 
  930.000  8.744408e-01 
  931.000  7.581056e-01 
  932.000  5.914195e-01 
  933.000  6.239603e-01 
  934.000  6.239603e-01 
  935.000  5.715094e-01 
  936.000  5.414171e-01 
  937.000  5.376757e-01 
  938.000  5.376757e-01 
  939.000  6.662204e-01 
  940.000  7.886704e-01 
  941.000  7.427886e-01 
  942.000  7.427886e-01 
  943.000  6.445902e-01 
  944.000  6.521065e-01 
  945.000  7.398905e-01 
  946.000  7.398905e-01 
  947.000  6.593586e-01 
  948.000  6.809912e-01 
  949.000  7.380847e-01 
  950.000  7.380847e-01 
  951.000  7.480589e-01 
  952.000  6.569582e-01 
  953.000  7.844359e-01 
  954.000  7.844359e-01 
  955.000  7.789714e-01 
  956.000  6.787112e-01 
  957.000  8.221366e-01 
  958.000  8.221366e-01 
  959.000  7.395977e-01 
  960.000  8.093585e-01 
  961.000  8.093585e-01 
  962.000  8.293810e-01 
  963.000  8.818665e-01 
  964.000  8.004159e-01 
  965.000  8.004159e-01 
  966.000  8.558190e-01 
  967.000  9.216308e-01 
  968.000  9.216308e-01 
  969.000  9.358587e-01 
  970.000  9.626920e-01 
  971.000  9.714258e-01 
  972.000  9.714258e-01 
  973.000  9.606603e-01 
  974.000  9.059482e-01 
  975.000  9.059482e-01 
  976.000  8.906853e-01 
  977.000  9.465863e-01 
  978.000  9.386957e-01 
  979.000  9.386957e-01 
  980.000  9.394121e-01 
  981.000  9.827250e-01 
  982.000  9.827250e-01 
  983.000  9.695641e-01 
  984.000  9.811352e-01 
  985.000  9.811352e-01 
  986.000  9.949431e-01 
  987.000  9.897005e-01 
  988.000  9.897005e-01 
  989.000  9.976153e-01 
  990.000  9.943391e-01 
  991.000  9.943391e-01 
  992.000  9.965202e-01 
  993.000  9.960622e-01 
  994.000  9.960622e-01 
  995.000  9.993172e-01 
  996.000  9.993796e-01 
  997.000  9.993796e-01 
  998.000  9.993628e-01 
  999.000  9.990747e-01 
 1000.000  9.990747e-01 
 1001.000  9.991995e-01 
 1002.000  9.946785e-01 
 1003.000  9.946785e-01 
 1004.000  9.991779e-01 
 1005.000  9.993638e-01 
 1006.000  9.993638e-01 
 1007.000  9.994872e-01 
 1008.000  9.986184e-01 
 1009.000  9.986184e-01 
 1010.000  9.952453e-01 
 1011.000  9.994140e-01 
 1012.000  9.994140e-01 
 1013.000  9.995506e-01 
 1014.000  9.994030e-01 
 1015.000  9.994030e-01 
 1016.000  9.996145e-01 
 1017.000  9.993438e-01 
 1018.000  9.993438e-01 
 1019.000  9.990311e-01 
 1020.000  9.996232e-01 
 1021.000  9.996232e-01 
 1022.000  9.990498e-01 
 1023.000  9.990498e-01 
 1024.000  9.989021e-01 
 1025.000  9.995717e-01 
 1026.000  9.995717e-01 
 1027.000  9.992203e-01 
 1028.000  9.995684e-01 
 1029.000  9.995684e-01 
 1030.000  9.996689e-01 
 1031.000  9.995809e-01 
 1032.000  9.995809e-01 
 1033.000  9.995559e-01 
 1034.000  9.995559e-01 
 1035.000  9.995551e-01 
 1036.000  9.991165e-01 
 1037.000  9.991165e-01 
 1038.000  9.990571e-01 
 1039.000  9.985725e-01 
 1040.000  9.985725e-01 
 1041.000  9.982414e-01 
 1042.000  9.982414e-01 
 1043.000  9.978244e-01 
 1044.000  9.972017e-01 
 1045.000  9.972017e-01 
 1046.000  9.963478e-01 
 1047.000  9.963478e-01 
 1048.000  9.954980e-01 
 1049.000  9.938067e-01 
 1050.000  9.938067e-01 
 1051.000  9.930448e-01 
 1052.000  9.930448e-01 
 1053.000  9.918885e-01 
 1054.000  9.909041e-01 
 1055.000  9.909041e-01 
 1056.000  9.897572e-01 
 1057.000  9.897572e-01 
 1058.000  9.887261e-01 
 1059.000  9.877002e-01 
 1060.000  9.877002e-01 
 1061.000  9.870443e-01 
 1062.000  9.870443e-01 
 1063.000  9.858908e-01 
 1064.000  9.851989e-01 
 1065.000  9.851989e-01 
 1066.000  9.862339e-01 
 1067.000  9.862339e-01 
 1068.000  9.854334e-01 
 1069.000  9.864573e-01 
 1070.000  9.864573e-01 
 1071.000  9.878311e-01 
 1072.000  9.878311e-01 
 1073.000  9.888488e-01 
 1074.000  9.888488e-01 
 1075.000  9.869707e-01 
 1076.000  9.871967e-01 
 1077.000  9.871967e-01 
 1078.000  9.907691e-01 
 1079.000  9.907691e-01 
 1080.000  9.885408e-01 
 1081.000  9.885408e-01 
 1082.000  9.908622e-01 
 1083.000  9.889281e-01 
 1084.000  9.889281e-01 
 1085.000  9.847186e-01 
 1086.000  9.847186e-01 
 1087.000  9.917710e-01 
 1088.000  9.917710e-01 
 1089.000  9.888474e-01 
 1090.000  9.872787e-01 
 1091.000  9.872787e-01 
 1092.000  9.823365e-01 
 1093.000  9.823365e-01 
 1094.000  9.822540e-01 
 1095.000  9.822540e-01 
 1096.000  9.792253e-01 
 1097.000  9.792253e-01 
 1098.000  9.722553e-01 
 1099.000  9.468337e-01 
 1100.000  9.468337e-01 
 1101.000  9.474646e-01 
 1102.000  9.474646e-01 
 1103.000  9.374779e-01 
 1104.000  9.374779e-01 
 1105.000  9.296020e-01 
 1106.000  9.296020e-01 
 1107.000  9.282420e-01 
 1108.000  9.282420e-01 
 1109.000  9.085904e-01 
 1110.000  8.736238e-01 
 1111.000  8.736238e-01 
 1112.000  8.553127e-01 
 1113.000  8.553127e-01 
 1114.000  7.695919e-01 
 1115.000  7.695919e-01 
 1116.000  5.768834e-01 
 1117.000  5.768834e-01 
 1118.000  6.768026e-01 
 1119.000  6.768026e-01 
 1120.000  6.165237e-01 
 1121.000  6.165237e-01 
 1122.000  4.330655e-01 
 1123.000  6.391027e-01 
 1124.000  6.391027e-01 
 1125.000  4.802607e-01 
 1126.000  4.802607e-01 
 1127.000  5.464415e-01 
 1128.000  5.464415e-01 
 1129.000  5.494184e-01 
 1130.000  5.494184e-01 
 1131.000  7.863902e-01 
 1132.000  7.863902e-01 
 1133.000  5.508428e-01 
 1134.000  5.508428e-01 
 1135.000  3.428825e-01 
 1136.000  3.428825e-01 
 1137.000  7.943503e-01 
 1138.000  7.943503e-01 
 1139.000  7.352020e-01 
 1140.000  7.352020e-01 
 1141.000  7.217714e-01 
 1142.000  7.217714e-01 
 1143.000  7.672061e-01 
 1144.000  7.672061e-01 
 1145.000  5.840441e-01 
 1146.000  5.840441e-01 
 1147.000  5.699719e-01 
 1148.000  5.699719e-01 
 1149.000  6.679665e-01 
 1150.000  6.679665e-01 
 1151.000  7.522588e-01 
 1152.000  7.522588e-01 
 1153.000  7.032261e-01 
 1154.000  7.032261e-01 
 1155.000  7.478435e-01 
 1156.000  7.478435e-01 
 1157.000  8.125434e-01 
 1158.000  8.125434e-01 
 1159.000  8.938428e-01 
 1160.000  8.938428e-01 
 1161.000  8.797399e-01 
 1162.000  8.797399e-01 
 1163.000  9.201126e-01 
 1164.000  9.201126e-01 
 1165.000  9.062204e-01 
 1166.000  9.062204e-01 
 1167.000  9.377880e-01 
 1168.000  9.377880e-01 
 1169.000  9.475108e-01 
 1170.000  9.475108e-01 
 1171.000  9.530060e-01 
 1172.000  9.530060e-01 
 1173.000  9.056640e-01 
 1174.000  9.056640e-01 
 1175.000  9.793323e-01 
 1176.000  9.793323e-01 
 1177.000  9.343112e-01 
 1178.000  9.343112e-01 
 1179.000  9.669431e-01 
 1180.000  9.669431e-01 
 1181.000  8.980768e-01 
 1182.000  8.980768e-01 
 1183.000  9.502298e-01 
 1184.000  9.502298e-01 
 1185.000  9.666395e-01 
 1186.000  9.666395e-01 
 1187.000  9.055994e-01 
 1188.000  9.055994e-01 
 1189.000  9.055994e-01 
 1190.000  9.494691e-01 
 1191.000  9.494691e-01 
 1192.000  9.812624e-01 
 1193.000  9.812624e-01 
 1194.000  9.586127e-01 
 1195.000  9.586127e-01 
 1196.000  9.697240e-01 
 1197.000  9.697240e-01 
 1198.000  9.484071e-01 
 1199.000  9.484071e-01 
 1200.000  9.445465e-01 
