  250.000  9.997314e-01 
  251.000  9.998014e-01 
  252.000  9.998115e-01 
  253.000  9.998022e-01 
  254.000  9.997919e-01 
  255.000  9.997908e-01 
  256.000  9.997800e-01 
  257.000  9.997821e-01 
  258.000  9.997635e-01 
  259.000  9.997506e-01 
  260.000  9.997495e-01 
  261.000  9.997441e-01 
  262.000  9.997397e-01 
  263.000  9.997070e-01 
  264.000  9.997030e-01 
  265.000  9.996880e-01 
  266.000  9.996903e-01 
  267.000  9.996747e-01 
  268.000  9.996642e-01 
  269.000  9.996114e-01 
  270.000  9.996189e-01 
  271.000  9.996195e-01 
  272.000  9.996151e-01 
  273.000  9.995537e-01 
  274.000  9.995363e-01 
  275.000  9.995216e-01 
  276.000  9.995329e-01 
  277.000  9.994974e-01 
  278.000  9.994779e-01 
  279.000  9.994264e-01 
  280.000  9.993948e-01 
  281.000  9.993797e-01 
  282.000  9.993874e-01 
  283.000  9.993873e-01 
  284.000  9.992835e-01 
  285.000  9.992463e-01 
  286.000  9.991962e-01 
  287.000  9.992241e-01 
  288.000  9.992199e-01 
  289.000  9.991699e-01 
  290.000  9.990928e-01 
  291.000  9.990625e-01 
  292.000  9.989761e-01 
  293.000  9.989858e-01 
  294.000  9.990226e-01 
  295.000  9.988940e-01 
  296.000  9.989532e-01 
  297.000  9.987274e-01 
  298.000  9.987082e-01 
  299.000  9.987284e-01 
  300.000  9.986995e-01 
  301.000  9.987265e-01 
  302.000  9.985354e-01 
  303.000  9.984084e-01 
  304.000  9.984129e-01 
  305.000  9.983374e-01 
  306.000  9.984113e-01 
  307.000  9.982404e-01 
  308.000  9.983154e-01 
  309.000  9.980601e-01 
  310.000  9.981217e-01 
  311.000  9.980072e-01 
  312.000  9.979670e-01 
  313.000  9.978383e-01 
  314.000  9.979176e-01 
  315.000  9.976432e-01 
  316.000  9.977589e-01 
  317.000  9.976233e-01 
  318.000  9.973879e-01 
  319.000  9.975304e-01 
  320.000  9.972731e-01 
  321.000  9.973723e-01 
  322.000  9.972747e-01 
  323.000  9.971163e-01 
  324.000  9.972042e-01 
  325.000  9.969625e-01 
  326.000  9.969138e-01 
  327.000  9.969116e-01 
  328.000  9.967654e-01 
  329.000  9.967844e-01 
  330.000  9.965654e-01 
  331.000  9.966874e-01 
  332.000  9.966607e-01 
  333.000  9.959039e-01 
  334.000  9.965399e-01 
  335.000  9.961210e-01 
  336.000  9.963182e-01 
  337.000  9.961984e-01 
  338.000  9.963387e-01 
  339.000  9.955146e-01 
  340.000  9.956576e-01 
  341.000  9.948725e-01 
  342.000  9.945001e-01 
  343.000  9.945291e-01 
  344.000  9.941605e-01 
  345.000  9.945269e-01 
  346.000  9.948488e-01 
  347.000  9.950700e-01 
  348.000  9.951568e-01 
  349.000  9.950032e-01 
  350.000  9.957026e-01 
  351.000  9.951042e-01 
  352.000  9.954242e-01 
  353.000  9.957529e-01 
  354.000  9.946417e-01 
  355.000  9.943370e-01 
  356.000  9.945922e-01 
  357.000  9.927312e-01 
  358.000  9.917979e-01 
  359.000  9.907711e-01 
  360.000  9.895645e-01 
  361.000  9.887087e-01 
  362.000  9.903839e-01 
  363.000  9.919505e-01 
  364.000  9.934577e-01 
  365.000  9.932928e-01 
  366.000  9.941010e-01 
  367.000  9.943526e-01 
  368.000  9.942070e-01 
  369.000  9.944454e-01 
  370.000  9.943287e-01 
  371.000  9.946893e-01 
  372.000  9.935583e-01 
  373.000  9.940722e-01 
  374.000  9.941859e-01 
  375.000  9.943724e-01 
  376.000  9.932251e-01 
  377.000  9.930879e-01 
  378.000  9.928144e-01 
  379.000  9.915103e-01 
  380.000  9.899657e-01 
  381.000  9.905157e-01 
  382.000  9.917453e-01 
  383.000  9.931446e-01 
  384.000  9.932210e-01 
  385.000  9.935456e-01 
  386.000  9.938203e-01 
  387.000  9.937372e-01 
  388.000  9.935894e-01 
  389.000  9.935549e-01 
  390.000  9.935374e-01 
  391.000  9.936882e-01 
  392.000  9.929159e-01 
  393.000  9.940339e-01 
  394.000  9.940432e-01 
  395.000  9.938973e-01 
  396.000  9.935271e-01 
  397.000  9.940937e-01 
  398.000  9.930018e-01 
  399.000  9.938159e-01 
  400.000  9.928235e-01 
  401.000  9.930481e-01 
  402.000  9.938639e-01 
  403.000  9.943412e-01 
  404.000  9.934230e-01 
  405.000  9.931401e-01 
  406.000  9.940592e-01 
  407.000  9.948465e-01 
  408.000  9.937730e-01 
  409.000  9.932443e-01 
  410.000  9.936731e-01 
  411.000  9.935352e-01 
  412.000  9.944001e-01 
  413.000  9.932538e-01 
  414.000  9.937328e-01 
  415.000  9.938360e-01 
  416.000  9.948630e-01 
  417.000  9.947500e-01 
  418.000  9.942043e-01 
  419.000  9.943641e-01 
  420.000  9.938124e-01 
  421.000  9.937381e-01 
  422.000  9.935750e-01 
  423.000  9.940358e-01 
  424.000  9.934534e-01 
  425.000  9.943089e-01 
  426.000  9.952078e-01 
  427.000  9.943981e-01 
  428.000  9.936314e-01 
  429.000  9.949076e-01 
  430.000  9.949112e-01 
  431.000  9.935742e-01 
  432.000  9.949221e-01 
  433.000  9.947171e-01 
  434.000  9.940097e-01 
  435.000  9.925435e-01 
  436.000  9.939990e-01 
  437.000  9.956182e-01 
  438.000  9.960035e-01 
  439.000  9.928780e-01 
  440.000  9.940885e-01 
  441.000  9.955220e-01 
  442.000  9.960540e-01 
  443.000  9.952173e-01 
  444.000  9.942344e-01 
  445.000  9.927940e-01 
  446.000  9.939627e-01 
  447.000  9.948153e-01 
  448.000  9.917278e-01 
  449.000  9.943983e-01 
  450.000  9.953687e-01 
  451.000  9.953548e-01 
  452.000  9.952945e-01 
  453.000  9.954457e-01 
  454.000  9.961700e-01 
  455.000  9.954434e-01 
  456.000  9.956796e-01 
  457.000  9.963997e-01 
  458.000  9.950801e-01 
  459.000  9.960450e-01 
  460.000  9.953882e-01 
  461.000  9.954847e-01 
  462.000  9.962463e-01 
  463.000  9.944025e-01 
  464.000  9.953754e-01 
  465.000  9.958799e-01 
  466.000  9.967771e-01 
  467.000  9.956879e-01 
  468.000  9.961007e-01 
  469.000  9.963639e-01 
  470.000  9.961810e-01 
  471.000  9.963129e-01 
  472.000  9.952509e-01 
  473.000  9.939197e-01 
  474.000  9.907936e-01 
  475.000  9.890739e-01 
  476.000  9.882744e-01 
  477.000  9.879199e-01 
  478.000  9.880767e-01 
  479.000  9.890703e-01 
  480.000  9.903081e-01 
  481.000  9.931694e-01 
  482.000  9.952790e-01 
  483.000  9.969322e-01 
  484.000  9.971905e-01 
  485.000  9.970315e-01 
  486.000  9.970242e-01 
  487.000  9.974820e-01 
  488.000  9.967484e-01 
  489.000  9.957820e-01 
  490.000  9.968120e-01 
  491.000  9.975312e-01 
  492.000  9.974290e-01 
  493.000  9.973107e-01 
  494.000  9.967674e-01 
  495.000  9.967488e-01 
  496.000  9.967735e-01 
  497.000  9.973462e-01 
  498.000  9.978920e-01 
  499.000  9.983227e-01 
  500.000  9.984760e-01 
  501.000  9.981273e-01 
  502.000  9.970071e-01 
  503.000  9.958175e-01 
  504.000  9.947940e-01 
  505.000  9.959210e-01 
  506.000  9.959703e-01 
  507.000  9.957761e-01 
  508.000  9.966909e-01 
  509.000  9.967856e-01 
  510.000  9.971961e-01 
  511.000  9.972849e-01 
  512.000  9.975312e-01 
  513.000  9.980400e-01 
  514.000  9.982705e-01 
  515.000  9.985265e-01 
  516.000  9.985739e-01 
  517.000  9.986975e-01 
  518.000  9.985356e-01 
  519.000  9.981477e-01 
  520.000  9.980945e-01 
  521.000  9.985304e-01 
  522.000  9.985131e-01 
  523.000  9.983284e-01 
  524.000  9.981812e-01 
  525.000  9.973286e-01 
  526.000  9.973536e-01 
  527.000  9.975041e-01 
  528.000  9.972993e-01 
  529.000  9.972738e-01 
  530.000  9.972597e-01 
  531.000  9.971325e-01 
  532.000  9.970265e-01 
  533.000  9.971105e-01 
  534.000  9.974660e-01 
  535.000  9.977647e-01 
  536.000  9.981786e-01 
  537.000  9.984353e-01 
  538.000  9.983209e-01 
  539.000  9.981515e-01 
  540.000  9.985458e-01 
  541.000  9.974568e-01 
  542.000  9.975895e-01 
  543.000  9.980865e-01 
  544.000  9.984015e-01 
  545.000  9.975225e-01 
  546.000  9.971393e-01 
  547.000  9.980343e-01 
  548.000  9.984455e-01 
  549.000  9.984391e-01 
  550.000  9.984378e-01 
  551.000  9.990233e-01 
  552.000  9.990379e-01 
  553.000  9.988055e-01 
  554.000  9.990544e-01 
  555.000  9.993078e-01 
  556.000  9.994258e-01 
  557.000  9.993785e-01 
  558.000  9.993423e-01 
  559.000  9.994910e-01 
  560.000  9.993876e-01 
  561.000  9.992504e-01 
  562.000  9.991676e-01 
  563.000  9.988682e-01 
  564.000  9.984537e-01 
  565.000  9.982231e-01 
  566.000  9.981932e-01 
  567.000  9.975370e-01 
  568.000  9.966159e-01 
  569.000  9.926669e-01 
  570.000  9.904932e-01 
  571.000  9.905833e-01 
  572.000  9.876893e-01 
  573.000  9.874268e-01 
  574.000  9.851704e-01 
  575.000  9.847508e-01 
  576.000  9.832802e-01 
  577.000  9.828450e-01 
  578.000  9.840848e-01 
  579.000  9.849727e-01 
  580.000  9.861120e-01 
  581.000  9.880968e-01 
  582.000  9.899023e-01 
  583.000  9.915644e-01 
  584.000  9.936987e-01 
  585.000  9.942297e-01 
  586.000  9.956338e-01 
  587.000  9.958479e-01 
  588.000  9.953957e-01 
  589.000  9.841480e-01 
  590.000  9.842066e-01 
  591.000  9.884776e-01 
  592.000  9.798189e-01 
  593.000  9.938248e-01 
  594.000  9.872081e-01 
  595.000  9.918321e-01 
  596.000  9.939761e-01 
  597.000  9.939240e-01 
  598.000  9.944030e-01 
  599.000  9.968621e-01 
  600.000  9.973087e-01 
  601.000  9.987677e-01 
  602.000  9.992028e-01 
  603.000  9.993508e-01 
  604.000  9.997545e-01 
  605.000  9.997305e-01 
  606.000  9.997675e-01 
  607.000  9.998278e-01 
  608.000  9.998036e-01 
  609.000  9.998055e-01 
  610.000  9.997873e-01 
  611.000  9.997444e-01 
  612.000  9.994273e-01 
  613.000  9.994839e-01 
  614.000  9.994278e-01 
  615.000  9.993823e-01 
  616.000  9.990299e-01 
  617.000  9.987242e-01 
  618.000  9.984821e-01 
  619.000  9.980837e-01 
  620.000  9.972527e-01 
  621.000  9.964146e-01 
  622.000  9.960361e-01 
  623.000  9.945443e-01 
  624.000  9.937881e-01 
  625.000  9.929699e-01 
  626.000  9.915499e-01 
  627.000  9.901468e-01 
  628.000  9.626711e-01 
  629.000  9.740872e-01 
  630.000  9.799400e-01 
  631.000  9.869466e-01 
  632.000  9.888170e-01 
  633.000  9.901373e-01 
  634.000  9.915056e-01 
  635.000  9.920929e-01 
  636.000  9.930204e-01 
  637.000  9.942619e-01 
  638.000  9.956012e-01 
  639.000  9.962100e-01 
  640.000  9.966944e-01 
  641.000  9.972495e-01 
  642.000  9.982543e-01 
  643.000  9.980850e-01 
  644.000  9.987989e-01 
  645.000  9.986395e-01 
  646.000  9.956666e-01 
  647.000  9.909390e-01 
  648.000  9.864870e-01 
  649.000  9.898279e-01 
  650.000  9.974808e-01 
  651.000  9.983248e-01 
  652.000  9.956580e-01 
  653.000  9.980804e-01 
  654.000  9.974817e-01 
  655.000  9.884159e-01 
  656.000  9.943228e-01 
  657.000  9.957100e-01 
  658.000  9.983392e-01 
  659.000  9.996591e-01 
  660.000  9.992881e-01 
  661.000  9.998203e-01 
  662.000  9.997620e-01 
  663.000  9.992378e-01 
  664.000  9.996677e-01 
  665.000  9.997011e-01 
  666.000  9.997740e-01 
  667.000  9.998674e-01 
  668.000  9.998389e-01 
  669.000  9.998444e-01 
  670.000  9.998871e-01 
  671.000  9.999162e-01 
  672.000  9.999117e-01 
  673.000  9.998669e-01 
  674.000  9.998953e-01 
  675.000  9.998986e-01 
  676.000  9.998906e-01 
  677.000  9.998990e-01 
  678.000  9.999360e-01 
  679.000  9.999317e-01 
  680.000  9.998944e-01 
  681.000  9.997762e-01 
  682.000  9.998754e-01 
  683.000  9.993723e-01 
  684.000  9.993844e-01 
  685.000  9.998157e-01 
  686.000  9.995605e-01 
  687.000  6.712608e-01 
  688.000  8.526935e-01 
  689.000  8.924499e-01 
  690.000  9.249839e-01 
  691.000  9.440731e-01 
  692.000  9.795205e-01 
  693.000  9.716526e-01 
  694.000  9.596939e-01 
  695.000  9.789401e-01 
  696.000  9.732548e-01 
  697.000  9.967912e-01 
  698.000  9.958593e-01 
  699.000  9.856632e-01 
  700.000  9.862447e-01 
  701.000  9.781463e-01 
  702.000  9.818437e-01 
  703.000  9.847119e-01 
  704.000  9.869406e-01 
  705.000  9.874110e-01 
  706.000  9.909791e-01 
  707.000  9.938666e-01 
  708.000  9.957971e-01 
  709.000  9.957078e-01 
  710.000  9.945899e-01 
  711.000  9.968381e-01 
  712.000  9.950770e-01 
  713.000  9.971116e-01 
  714.000  9.951940e-01 
  715.000  9.898573e-01 
  716.000  9.904613e-01 
  717.000  9.690058e-01 
  718.000  9.100330e-01 
  719.000  8.578059e-01 
  720.000  9.187023e-01 
  721.000  9.802106e-01 
  722.000  9.784976e-01 
  723.000  9.751948e-01 
  724.000  8.988463e-01 
  725.000  9.228930e-01 
  726.000  9.564729e-01 
  727.000  9.415670e-01 
  728.000  9.147332e-01 
  729.000  9.297568e-01 
  730.000  9.601039e-01 
  731.000  9.430888e-01 
  732.000  9.526010e-01 
  733.000  9.774688e-01 
  734.000  9.903179e-01 
  735.000  9.811123e-01 
  736.000  9.873148e-01 
  737.000  9.870904e-01 
  738.000  9.907532e-01 
  739.000  9.917613e-01 
  740.000  9.964700e-01 
  741.000  9.989094e-01 
  742.000  9.988860e-01 
  743.000  9.986432e-01 
  744.000  9.993016e-01 
  745.000  9.996361e-01 
  746.000  9.998938e-01 
  747.000  9.997689e-01 
  748.000  9.998745e-01 
  749.000  9.998329e-01 
  750.000  9.998577e-01 
  751.000  9.997804e-01 
  752.000  9.999377e-01 
  753.000  9.999573e-01 
  754.000  9.999039e-01 
  755.000  9.998447e-01 
  756.000  9.997928e-01 
  757.000  9.999832e-01 
  758.000  9.999802e-01 
  759.000  9.879395e-01 
  760.000  3.254109e-01 
  761.000  2.160926e-01 
  762.000  6.296191e-01 
  763.000  5.166394e-01 
  764.000  5.902050e-01 
  765.000  7.324228e-01 
  766.000  8.680232e-01 
  767.000  9.187310e-01 
  768.000  9.764206e-01 
  769.000  9.916286e-01 
  770.000  9.911956e-01 
  771.000  9.979726e-01 
  772.000  9.998810e-01 
  773.000  9.998761e-01 
  774.000  9.998457e-01 
  775.000  9.998898e-01 
  776.000  9.999209e-01 
  777.000  9.999723e-01 
  778.000  9.999942e-01 
  779.000  9.999932e-01 
  780.000  9.999933e-01 
  781.000  9.999934e-01 
  782.000  9.999038e-01 
  783.000  9.999636e-01 
  784.000  9.996202e-01 
  785.000  9.992513e-01 
  786.000  9.974901e-01 
  787.000  9.972153e-01 
  788.000  9.936517e-01 
  789.000  9.934293e-01 
  790.000  9.872127e-01 
  791.000  9.876774e-01 
  792.000  9.902043e-01 
  793.000  9.918582e-01 
  794.000  9.991463e-01 
  795.000  9.964064e-01 
  796.000  9.794152e-01 
  797.000  9.915844e-01 
  798.000  9.926934e-01 
  799.000  9.952596e-01 
  800.000  9.880398e-01 
  801.000  9.845186e-01 
  802.000  9.892731e-01 
  803.000  9.882814e-01 
  804.000  9.878567e-01 
  805.000  9.909700e-01 
  806.000  9.971988e-01 
  807.000  9.933563e-01 
  808.000  9.971984e-01 
  809.000  9.912241e-01 
  810.000  9.881081e-01 
  811.000  9.892014e-01 
  812.000  9.825134e-01 
  813.000  9.696785e-01 
  814.000  9.472921e-01 
  815.000  9.201370e-01 
  816.000  9.408381e-01 
  817.000  8.461526e-01 
  818.000  9.125966e-01 
  819.000  9.403619e-01 
  820.000  9.040400e-01 
  821.000  9.859965e-01 
  822.000  9.753447e-01 
  823.000  8.174942e-01 
  824.000  9.607134e-01 
  825.000  9.799627e-01 
  826.000  9.594592e-01 
  827.000  9.787553e-01 
  828.000  9.262233e-01 
  829.000  9.667627e-01 
  830.000  9.570888e-01 
  831.000  9.616927e-01 
  832.000  9.611322e-01 
  833.000  9.764510e-01 
  834.000  9.762225e-01 
  835.000  9.847032e-01 
  836.000  9.856532e-01 
  837.000  9.851188e-01 
  838.000  9.908222e-01 
  839.000  9.936712e-01 
  840.000  9.943461e-01 
  841.000  9.943461e-01 
  842.000  9.891927e-01 
  843.000  9.987518e-01 
  844.000  9.929413e-01 
  845.000  9.975538e-01 
  846.000  9.987076e-01 
  847.000  9.995738e-01 
  848.000  9.982787e-01 
  849.000  9.987909e-01 
  850.000  9.981242e-01 
  851.000  9.963887e-01 
  852.000  9.984875e-01 
  853.000  9.988608e-01 
  854.000  9.983688e-01 
  855.000  9.983688e-01 
  856.000  9.987860e-01 
  857.000  9.997336e-01 
  858.000  9.987530e-01 
  859.000  9.993201e-01 
  860.000  9.999285e-01 
  861.000  9.996394e-01 
  862.000  9.998840e-01 
  863.000  9.996209e-01 
  864.000  9.999647e-01 
  865.000  9.999647e-01 
  866.000  9.999019e-01 
  867.000  9.999859e-01 
  868.000  9.999013e-01 
  869.000  9.997947e-01 
  870.000  9.998982e-01 
  871.000  9.999014e-01 
  872.000  9.999721e-01 
  873.000  9.998748e-01 
  874.000  9.998748e-01 
  875.000  9.999899e-01 
  876.000  9.999934e-01 
  877.000  9.998972e-01 
  878.000  9.998040e-01 
  879.000  9.997740e-01 
  880.000  9.999137e-01 
  881.000  9.999137e-01 
  882.000  9.993089e-01 
  883.000  9.994721e-01 
  884.000  9.994922e-01 
  885.000  9.995724e-01 
  886.000  9.961741e-01 
  887.000  9.992313e-01 
  888.000  9.992313e-01 
  889.000  9.984618e-01 
  890.000  9.965276e-01 
  891.000  9.991284e-01 
  892.000  9.960337e-01 
  893.000  9.879437e-01 
  894.000  9.879437e-01 
  895.000  9.691643e-01 
  896.000  9.518155e-01 
  897.000  8.743929e-01 
  898.000  9.477251e-01 
  899.000  8.076863e-01 
  900.000  8.076863e-01 
  901.000  8.397977e-01 
  902.000  8.686891e-01 
  903.000  9.013903e-01 
  904.000  9.751084e-01 
  905.000  9.647543e-01 
  906.000  9.647543e-01 
  907.000  8.838819e-01 
  908.000  8.629463e-01 
  909.000  8.736593e-01 
  910.000  8.560852e-01 
  911.000  8.560852e-01 
  912.000  9.367382e-01 
  913.000  8.962513e-01 
  914.000  8.692974e-01 
  915.000  8.291085e-01 
  916.000  8.291085e-01 
  917.000  9.329669e-01 
  918.000  8.479556e-01 
  919.000  9.144028e-01 
  920.000  9.721661e-01 
  921.000  9.721661e-01 
  922.000  9.566922e-01 
  923.000  9.554693e-01 
  924.000  9.401917e-01 
  925.000  9.401917e-01 
  926.000  9.477197e-01 
  927.000  9.537192e-01 
  928.000  8.665204e-01 
  929.000  8.486297e-01 
  930.000  8.486297e-01 
  931.000  7.231027e-01 
  932.000  5.515634e-01 
  933.000  5.791839e-01 
  934.000  5.791839e-01 
  935.000  5.306436e-01 
  936.000  5.002059e-01 
  937.000  4.890840e-01 
  938.000  4.890840e-01 
  939.000  6.280692e-01 
  940.000  7.559692e-01 
  941.000  7.068642e-01 
  942.000  7.068642e-01 
  943.000  6.092777e-01 
  944.000  6.186373e-01 
  945.000  6.994525e-01 
  946.000  6.994525e-01 
  947.000  6.214147e-01 
  948.000  6.409565e-01 
  949.000  7.041823e-01 
  950.000  7.041823e-01 
  951.000  7.163232e-01 
  952.000  6.172692e-01 
  953.000  7.499531e-01 
  954.000  7.499531e-01 
  955.000  7.456521e-01 
  956.000  6.417968e-01 
  957.000  7.929587e-01 
  958.000  7.929587e-01 
  959.000  6.982637e-01 
  960.000  7.746487e-01 
  961.000  7.746487e-01 
  962.000  8.021000e-01 
  963.000  8.579912e-01 
  964.000  7.675650e-01 
  965.000  7.675650e-01 
  966.000  8.308772e-01 
  967.000  9.056109e-01 
  968.000  9.056109e-01 
  969.000  9.223095e-01 
  970.000  9.539055e-01 
  971.000  9.646475e-01 
  972.000  9.646475e-01 
  973.000  9.513605e-01 
  974.000  8.868846e-01 
  975.000  8.868846e-01 
  976.000  8.705649e-01 
  977.000  9.352892e-01 
  978.000  9.259943e-01 
  979.000  9.259943e-01 
  980.000  9.267107e-01 
  981.000  9.785214e-01 
  982.000  9.785214e-01 
  983.000  9.626964e-01 
  984.000  9.765815e-01 
  985.000  9.765815e-01 
  986.000  9.936911e-01 
  987.000  9.871758e-01 
  988.000  9.871758e-01 
  989.000  9.970219e-01 
  990.000  9.929400e-01 
  991.000  9.929400e-01 
  992.000  9.956583e-01 
  993.000  9.950869e-01 
  994.000  9.950869e-01 
  995.000  9.991465e-01 
  996.000  9.992247e-01 
  997.000  9.992247e-01 
  998.000  9.992036e-01 
  999.000  9.988437e-01 
 1000.000  9.988437e-01 
 1001.000  9.989995e-01 
 1002.000  9.933714e-01 
 1003.000  9.933714e-01 
 1004.000  9.989727e-01 
 1005.000  9.992049e-01 
 1006.000  9.992049e-01 
 1007.000  9.993590e-01 
 1008.000  9.982734e-01 
 1009.000  9.982734e-01 
 1010.000  9.940752e-01 
 1011.000  9.992675e-01 
 1012.000  9.992675e-01 
 1013.000  9.994383e-01 
 1014.000  9.992539e-01 
 1015.000  9.992539e-01 
 1016.000  9.995183e-01 
 1017.000  9.991798e-01 
 1018.000  9.991798e-01 
 1019.000  9.987891e-01 
 1020.000  9.995289e-01 
 1021.000  9.995289e-01 
 1022.000  9.988125e-01 
 1023.000  9.988125e-01 
 1024.000  9.986279e-01 
 1025.000  9.994646e-01 
 1026.000  9.994646e-01 
 1027.000  9.990256e-01 
 1028.000  9.994606e-01 
 1029.000  9.994606e-01 
 1030.000  9.995863e-01 
 1031.000  9.994761e-01 
 1032.000  9.994761e-01 
 1033.000  9.994450e-01 
 1034.000  9.994450e-01 
 1035.000  9.994440e-01 
 1036.000  9.988959e-01 
 1037.000  9.988959e-01 
 1038.000  9.988216e-01 
 1039.000  9.982161e-01 
 1040.000  9.982161e-01 
 1041.000  9.978026e-01 
 1042.000  9.978026e-01 
 1043.000  9.972814e-01 
 1044.000  9.965038e-01 
 1045.000  9.965038e-01 
 1046.000  9.954376e-01 
 1047.000  9.954376e-01 
 1048.000  9.943763e-01 
 1049.000  9.922654e-01 
 1050.000  9.922654e-01 
 1051.000  9.913144e-01 
 1052.000  9.913144e-01 
 1053.000  9.898720e-01 
 1054.000  9.886443e-01 
 1055.000  9.886443e-01 
 1056.000  9.872144e-01 
 1057.000  9.872144e-01 
 1058.000  9.859292e-01 
 1059.000  9.846506e-01 
 1060.000  9.846506e-01 
 1061.000  9.838334e-01 
 1062.000  9.838334e-01 
 1063.000  9.823967e-01 
 1064.000  9.815351e-01 
 1065.000  9.815351e-01 
 1066.000  9.828240e-01 
 1067.000  9.828240e-01 
 1068.000  9.818270e-01 
 1069.000  9.831023e-01 
 1070.000  9.831023e-01 
 1071.000  9.848137e-01 
 1072.000  9.848137e-01 
 1073.000  9.860821e-01 
 1074.000  9.860821e-01 
 1075.000  9.837568e-01 
 1076.000  9.840420e-01 
 1077.000  9.840420e-01 
 1078.000  9.884815e-01 
 1079.000  9.884815e-01 
 1080.000  9.857184e-01 
 1081.000  9.857184e-01 
 1082.000  9.886031e-01 
 1083.000  9.862079e-01 
 1084.000  9.862079e-01 
 1085.000  9.809788e-01 
 1086.000  9.809788e-01 
 1087.000  9.897459e-01 
 1088.000  9.897459e-01 
 1089.000  9.861248e-01 
 1090.000  9.841963e-01 
 1091.000  9.841963e-01 
 1092.000  9.780642e-01 
 1093.000  9.780642e-01 
 1094.000  9.779498e-01 
 1095.000  9.779498e-01 
 1096.000  9.742093e-01 
 1097.000  9.742093e-01 
 1098.000  9.655978e-01 
 1099.000  9.349555e-01 
 1100.000  9.349555e-01 
 1101.000  9.357782e-01 
 1102.000  9.357782e-01 
 1103.000  9.237118e-01 
 1104.000  9.237118e-01 
 1105.000  9.141992e-01 
 1106.000  9.141992e-01 
 1107.000  9.127023e-01 
 1108.000  9.127023e-01 
 1109.000  8.891433e-01 
 1110.000  8.512536e-01 
 1111.000  8.512536e-01 
 1112.000  8.280934e-01 
 1113.000  8.280934e-01 
 1114.000  7.431036e-01 
 1115.000  7.431036e-01 
 1116.000  5.354075e-01 
 1117.000  5.354075e-01 
 1118.000  6.415797e-01 
 1119.000  6.415797e-01 
 1120.000  5.738029e-01 
 1121.000  5.738029e-01 
 1122.000  3.860172e-01 
 1123.000  6.014944e-01 
 1124.000  6.014944e-01 
 1125.000  4.323426e-01 
 1126.000  4.323426e-01 
 1127.000  4.976439e-01 
 1128.000  4.976439e-01 
 1129.000  4.992733e-01 
 1130.000  4.992733e-01 
 1131.000  7.526175e-01 
 1132.000  7.526175e-01 
 1133.000  5.001367e-01 
 1134.000  5.001367e-01 
 1135.000  3.048882e-01 
 1136.000  3.048882e-01 
 1137.000  7.589301e-01 
 1138.000  7.589301e-01 
 1139.000  7.036315e-01 
 1140.000  7.036315e-01 
 1141.000  6.888215e-01 
 1142.000  6.888215e-01 
 1143.000  7.292503e-01 
 1144.000  7.292503e-01 
 1145.000  5.404367e-01 
 1146.000  5.404367e-01 
 1147.000  5.232138e-01 
 1148.000  5.232138e-01 
 1149.000  6.287535e-01 
 1150.000  6.287535e-01 
 1151.000  7.200150e-01 
 1152.000  7.200150e-01 
 1153.000  6.706668e-01 
 1154.000  6.706668e-01 
 1155.000  7.164246e-01 
 1156.000  7.164246e-01 
 1157.000  7.845730e-01 
 1158.000  7.845730e-01 
 1159.000  8.715213e-01 
 1160.000  8.715213e-01 
 1161.000  8.549365e-01 
 1162.000  8.549365e-01 
 1163.000  9.037979e-01 
 1164.000  9.037979e-01 
 1165.000  8.868490e-01 
 1166.000  8.868490e-01 
 1167.000  9.243385e-01 
 1168.000  9.243385e-01 
 1169.000  9.356759e-01 
 1170.000  9.356759e-01 
 1171.000  9.426172e-01 
 1172.000  9.426172e-01 
 1173.000  8.858780e-01 
 1174.000  8.858780e-01 
 1175.000  9.743151e-01 
 1176.000  9.743151e-01 
 1177.000  9.203023e-01 
 1178.000  9.203023e-01 
 1179.000  9.595952e-01 
 1180.000  9.595952e-01 
 1181.000  8.783464e-01 
 1182.000  8.783464e-01 
 1183.000  9.395304e-01 
 1184.000  9.395304e-01 
 1185.000  9.587215e-01 
 1186.000  9.587215e-01 
 1187.000  8.894209e-01 
 1188.000  8.894209e-01 
 1189.000  8.894209e-01 
 1190.000  9.389209e-01 
 1191.000  9.389209e-01 
 1192.000  9.767126e-01 
 1193.000  9.767126e-01 
 1194.000  9.497173e-01 
 1195.000  9.497173e-01 
 1196.000  9.624696e-01 
 1197.000  9.624696e-01 
 1198.000  9.370297e-01 
 1199.000  9.370297e-01 
 1200.000  9.329371e-01 
