  250.000  9.996641e-01 
  251.000  9.997516e-01 
  252.000  9.997641e-01 
  253.000  9.997528e-01 
  254.000  9.997398e-01 
  255.000  9.997385e-01 
  256.000  9.997252e-01 
  257.000  9.997276e-01 
  258.000  9.997045e-01 
  259.000  9.996881e-01 
  260.000  9.996868e-01 
  261.000  9.996799e-01 
  262.000  9.996746e-01 
  263.000  9.996337e-01 
  264.000  9.996286e-01 
  265.000  9.996099e-01 
  266.000  9.996128e-01 
  267.000  9.995934e-01 
  268.000  9.995804e-01 
  269.000  9.995142e-01 
  270.000  9.995236e-01 
  271.000  9.995241e-01 
  272.000  9.995189e-01 
  273.000  9.994420e-01 
  274.000  9.994205e-01 
  275.000  9.994020e-01 
  276.000  9.994162e-01 
  277.000  9.993716e-01 
  278.000  9.993473e-01 
  279.000  9.992830e-01 
  280.000  9.992437e-01 
  281.000  9.992247e-01 
  282.000  9.992341e-01 
  283.000  9.992339e-01 
  284.000  9.991046e-01 
  285.000  9.990579e-01 
  286.000  9.989951e-01 
  287.000  9.990301e-01 
  288.000  9.990248e-01 
  289.000  9.989622e-01 
  290.000  9.988660e-01 
  291.000  9.988282e-01 
  292.000  9.987202e-01 
  293.000  9.987323e-01 
  294.000  9.987783e-01 
  295.000  9.986174e-01 
  296.000  9.986915e-01 
  297.000  9.984093e-01 
  298.000  9.983854e-01 
  299.000  9.984106e-01 
  300.000  9.983744e-01 
  301.000  9.984081e-01 
  302.000  9.981694e-01 
  303.000  9.980106e-01 
  304.000  9.980163e-01 
  305.000  9.979220e-01 
  306.000  9.980143e-01 
  307.000  9.978007e-01 
  308.000  9.978945e-01 
  309.000  9.975755e-01 
  310.000  9.976525e-01 
  311.000  9.975094e-01 
  312.000  9.974590e-01 
  313.000  9.972983e-01 
  314.000  9.973974e-01 
  315.000  9.970546e-01 
  316.000  9.971991e-01 
  317.000  9.970296e-01 
  318.000  9.967356e-01 
  319.000  9.969136e-01 
  320.000  9.965921e-01 
  321.000  9.967161e-01 
  322.000  9.965943e-01 
  323.000  9.963963e-01 
  324.000  9.965061e-01 
  325.000  9.962041e-01 
  326.000  9.961433e-01 
  327.000  9.961405e-01 
  328.000  9.959581e-01 
  329.000  9.959817e-01 
  330.000  9.957082e-01 
  331.000  9.958606e-01 
  332.000  9.958272e-01 
  333.000  9.948817e-01 
  334.000  9.956763e-01 
  335.000  9.951531e-01 
  336.000  9.953995e-01 
  337.000  9.952498e-01 
  338.000  9.954249e-01 
  339.000  9.943959e-01 
  340.000  9.945744e-01 
  341.000  9.935938e-01 
  342.000  9.931291e-01 
  343.000  9.931654e-01 
  344.000  9.927052e-01 
  345.000  9.931628e-01 
  346.000  9.935645e-01 
  347.000  9.938406e-01 
  348.000  9.939492e-01 
  349.000  9.937572e-01 
  350.000  9.946306e-01 
  351.000  9.938833e-01 
  352.000  9.942827e-01 
  353.000  9.946935e-01 
  354.000  9.933060e-01 
  355.000  9.929255e-01 
  356.000  9.932441e-01 
  357.000  9.909213e-01 
  358.000  9.897569e-01 
  359.000  9.884760e-01 
  360.000  9.869712e-01 
  361.000  9.859043e-01 
  362.000  9.879929e-01 
  363.000  9.899472e-01 
  364.000  9.918278e-01 
  365.000  9.916221e-01 
  366.000  9.926310e-01 
  367.000  9.929449e-01 
  368.000  9.927632e-01 
  369.000  9.930608e-01 
  370.000  9.929153e-01 
  371.000  9.933652e-01 
  372.000  9.919535e-01 
  373.000  9.925950e-01 
  374.000  9.927368e-01 
  375.000  9.929698e-01 
  376.000  9.915376e-01 
  377.000  9.913664e-01 
  378.000  9.910250e-01 
  379.000  9.893979e-01 
  380.000  9.874716e-01 
  381.000  9.881576e-01 
  382.000  9.896912e-01 
  383.000  9.914373e-01 
  384.000  9.915324e-01 
  385.000  9.919377e-01 
  386.000  9.922805e-01 
  387.000  9.921768e-01 
  388.000  9.919923e-01 
  389.000  9.919493e-01 
  390.000  9.919274e-01 
  391.000  9.921157e-01 
  392.000  9.911516e-01 
  393.000  9.925472e-01 
  394.000  9.925587e-01 
  395.000  9.923764e-01 
  396.000  9.919148e-01 
  397.000  9.926217e-01 
  398.000  9.912589e-01 
  399.000  9.922749e-01 
  400.000  9.910364e-01 
  401.000  9.913168e-01 
  402.000  9.923348e-01 
  403.000  9.929307e-01 
  404.000  9.917846e-01 
  405.000  9.914315e-01 
  406.000  9.925788e-01 
  407.000  9.935616e-01 
  408.000  9.922212e-01 
  409.000  9.915617e-01 
  410.000  9.920967e-01 
  411.000  9.919246e-01 
  412.000  9.930043e-01 
  413.000  9.915734e-01 
  414.000  9.921712e-01 
  415.000  9.923001e-01 
  416.000  9.935822e-01 
  417.000  9.934410e-01 
  418.000  9.927599e-01 
  419.000  9.929592e-01 
  420.000  9.922707e-01 
  421.000  9.921779e-01 
  422.000  9.919744e-01 
  423.000  9.925497e-01 
  424.000  9.918224e-01 
  425.000  9.928906e-01 
  426.000  9.940126e-01 
  427.000  9.930018e-01 
  428.000  9.920447e-01 
  429.000  9.936378e-01 
  430.000  9.936423e-01 
  431.000  9.919733e-01 
  432.000  9.936559e-01 
  433.000  9.934000e-01 
  434.000  9.925171e-01 
  435.000  9.906870e-01 
  436.000  9.925037e-01 
  437.000  9.945251e-01 
  438.000  9.950063e-01 
  439.000  9.911045e-01 
  440.000  9.926153e-01 
  441.000  9.944050e-01 
  442.000  9.950694e-01 
  443.000  9.940246e-01 
  444.000  9.927974e-01 
  445.000  9.909996e-01 
  446.000  9.924582e-01 
  447.000  9.935226e-01 
  448.000  9.896693e-01 
  449.000  9.930019e-01 
  450.000  9.942137e-01 
  451.000  9.941961e-01 
  452.000  9.941209e-01 
  453.000  9.943097e-01 
  454.000  9.952143e-01 
  455.000  9.943068e-01 
  456.000  9.946017e-01 
  457.000  9.955013e-01 
  458.000  9.938533e-01 
  459.000  9.950581e-01 
  460.000  9.942380e-01 
  461.000  9.943582e-01 
  462.000  9.953096e-01 
  463.000  9.930072e-01 
  464.000  9.942218e-01 
  465.000  9.948519e-01 
  466.000  9.959725e-01 
  467.000  9.946123e-01 
  468.000  9.951276e-01 
  469.000  9.954565e-01 
  470.000  9.952279e-01 
  471.000  9.953928e-01 
  472.000  9.940665e-01 
  473.000  9.924045e-01 
  474.000  9.885041e-01 
  475.000  9.863594e-01 
  476.000  9.853630e-01 
  477.000  9.849209e-01 
  478.000  9.851165e-01 
  479.000  9.863551e-01 
  480.000  9.878985e-01 
  481.000  9.914680e-01 
  482.000  9.941015e-01 
  483.000  9.961662e-01 
  484.000  9.964890e-01 
  485.000  9.962903e-01 
  486.000  9.962811e-01 
  487.000  9.968531e-01 
  488.000  9.959368e-01 
  489.000  9.947296e-01 
  490.000  9.960163e-01 
  491.000  9.969146e-01 
  492.000  9.967870e-01 
  493.000  9.966391e-01 
  494.000  9.959605e-01 
  495.000  9.959373e-01 
  496.000  9.959680e-01 
  497.000  9.966835e-01 
  498.000  9.973654e-01 
  499.000  9.979035e-01 
  500.000  9.980950e-01 
  501.000  9.976594e-01 
  502.000  9.962598e-01 
  503.000  9.947740e-01 
  504.000  9.934959e-01 
  505.000  9.949033e-01 
  506.000  9.949648e-01 
  507.000  9.947223e-01 
  508.000  9.958650e-01 
  509.000  9.959831e-01 
  510.000  9.964961e-01 
  511.000  9.966069e-01 
  512.000  9.969145e-01 
  513.000  9.975504e-01 
  514.000  9.978383e-01 
  515.000  9.981582e-01 
  516.000  9.982175e-01 
  517.000  9.983718e-01 
  518.000  9.981697e-01 
  519.000  9.976849e-01 
  520.000  9.976184e-01 
  521.000  9.981631e-01 
  522.000  9.981415e-01 
  523.000  9.979108e-01 
  524.000  9.977268e-01 
  525.000  9.966615e-01 
  526.000  9.966927e-01 
  527.000  9.968808e-01 
  528.000  9.966249e-01 
  529.000  9.965931e-01 
  530.000  9.965754e-01 
  531.000  9.964165e-01 
  532.000  9.962841e-01 
  533.000  9.963891e-01 
  534.000  9.968331e-01 
  535.000  9.972064e-01 
  536.000  9.977235e-01 
  537.000  9.980443e-01 
  538.000  9.979015e-01 
  539.000  9.976897e-01 
  540.000  9.981824e-01 
  541.000  9.968218e-01 
  542.000  9.969875e-01 
  543.000  9.976084e-01 
  544.000  9.980020e-01 
  545.000  9.969038e-01 
  546.000  9.964249e-01 
  547.000  9.975432e-01 
  548.000  9.980570e-01 
  549.000  9.980490e-01 
  550.000  9.980475e-01 
  551.000  9.987791e-01 
  552.000  9.987974e-01 
  553.000  9.985069e-01 
  554.000  9.988180e-01 
  555.000  9.991347e-01 
  556.000  9.992823e-01 
  557.000  9.992231e-01 
  558.000  9.991779e-01 
  559.000  9.993637e-01 
  560.000  9.992345e-01 
  561.000  9.990630e-01 
  562.000  9.989595e-01 
  563.000  9.985854e-01 
  564.000  9.980673e-01 
  565.000  9.977791e-01 
  566.000  9.977419e-01 
  567.000  9.969217e-01 
  568.000  9.957712e-01 
  569.000  9.908410e-01 
  570.000  9.881294e-01 
  571.000  9.882416e-01 
  572.000  9.846337e-01 
  573.000  9.843063e-01 
  574.000  9.814954e-01 
  575.000  9.809729e-01 
  576.000  9.791419e-01 
  577.000  9.786000e-01 
  578.000  9.801436e-01 
  579.000  9.812492e-01 
  580.000  9.826683e-01 
  581.000  9.851416e-01 
  582.000  9.873925e-01 
  583.000  9.894655e-01 
  584.000  9.921288e-01 
  585.000  9.927915e-01 
  586.000  9.945447e-01 
  587.000  9.948120e-01 
  588.000  9.942472e-01 
  589.000  9.803238e-01 
  590.000  9.803315e-01 
  591.000  9.856442e-01 
  592.000  9.749701e-01 
  593.000  9.922972e-01 
  594.000  9.841135e-01 
  595.000  9.897994e-01 
  596.000  9.924749e-01 
  597.000  9.924099e-01 
  598.000  9.930077e-01 
  599.000  9.960787e-01 
  600.000  9.966366e-01 
  601.000  9.984596e-01 
  602.000  9.990036e-01 
  603.000  9.991884e-01 
  604.000  9.996932e-01 
  605.000  9.996629e-01 
  606.000  9.997094e-01 
  607.000  9.997845e-01 
  608.000  9.997546e-01 
  609.000  9.997568e-01 
  610.000  9.997340e-01 
  611.000  9.996803e-01 
  612.000  9.992841e-01 
  613.000  9.993550e-01 
  614.000  9.992847e-01 
  615.000  9.992278e-01 
  616.000  9.987873e-01 
  617.000  9.984052e-01 
  618.000  9.981027e-01 
  619.000  9.976050e-01 
  620.000  9.965669e-01 
  621.000  9.955199e-01 
  622.000  9.950469e-01 
  623.000  9.931841e-01 
  624.000  9.922403e-01 
  625.000  9.912192e-01 
  626.000  9.894474e-01 
  627.000  9.876974e-01 
  628.000  9.537640e-01 
  629.000  9.686141e-01 
  630.000  9.749855e-01 
  631.000  9.837081e-01 
  632.000  9.860393e-01 
  633.000  9.876855e-01 
  634.000  9.893921e-01 
  635.000  9.901249e-01 
  636.000  9.912821e-01 
  637.000  9.928315e-01 
  638.000  9.945040e-01 
  639.000  9.952642e-01 
  640.000  9.958693e-01 
  641.000  9.965628e-01 
  642.000  9.978181e-01 
  643.000  9.976067e-01 
  644.000  9.984986e-01 
  645.000  9.982992e-01 
  646.000  9.945858e-01 
  647.000  9.887072e-01 
  648.000  9.832087e-01 
  649.000  9.873412e-01 
  650.000  9.968516e-01 
  651.000  9.979063e-01 
  652.000  9.945748e-01 
  653.000  9.976007e-01 
  654.000  9.968528e-01 
  655.000  9.856536e-01 
  656.000  9.929264e-01 
  657.000  9.946504e-01 
  658.000  9.979243e-01 
  659.000  9.995739e-01 
  660.000  9.991101e-01 
  661.000  9.997752e-01 
  662.000  9.997025e-01 
  663.000  9.990472e-01 
  664.000  9.995847e-01 
  665.000  9.996264e-01 
  666.000  9.997175e-01 
  667.000  9.998342e-01 
  668.000  9.997985e-01 
  669.000  9.998053e-01 
  670.000  9.998587e-01 
  671.000  9.998953e-01 
  672.000  9.998894e-01 
  673.000  9.998335e-01 
  674.000  9.998691e-01 
  675.000  9.998733e-01 
  676.000  9.998633e-01 
  677.000  9.998736e-01 
  678.000  9.999200e-01 
  679.000  9.999146e-01 
  680.000  9.998681e-01 
  681.000  9.997203e-01 
  682.000  9.998443e-01 
  683.000  9.992154e-01 
  684.000  9.992305e-01 
  685.000  9.997696e-01 
  686.000  9.994506e-01 
  687.000  6.364598e-01 
  688.000  8.238065e-01 
  689.000  8.711774e-01 
  690.000  9.082655e-01 
  691.000  9.323058e-01 
  692.000  9.746780e-01 
  693.000  9.650615e-01 
  694.000  9.504109e-01 
  695.000  9.740236e-01 
  696.000  9.671819e-01 
  697.000  9.959900e-01 
  698.000  9.948263e-01 
  699.000  9.822076e-01 
  700.000  9.829245e-01 
  701.000  9.728587e-01 
  702.000  9.774431e-01 
  703.000  9.810498e-01 
  704.000  9.838041e-01 
  705.000  9.843495e-01 
  706.000  9.887636e-01 
  707.000  9.923383e-01 
  708.000  9.947487e-01 
  709.000  9.946370e-01 
  710.000  9.932411e-01 
  711.000  9.960487e-01 
  712.000  9.938636e-01 
  713.000  9.963905e-01 
  714.000  9.939955e-01 
  715.000  9.873596e-01 
  716.000  9.881189e-01 
  717.000  9.615454e-01 
  718.000  8.917222e-01 
  719.000  8.369361e-01 
  720.000  9.006407e-01 
  721.000  9.754252e-01 
  722.000  9.733646e-01 
  723.000  9.692771e-01 
  724.000  8.807297e-01 
  725.000  9.058017e-01 
  726.000  9.462842e-01 
  727.000  9.282305e-01 
  728.000  8.960685e-01 
  729.000  9.137090e-01 
  730.000  9.507717e-01 
  731.000  9.299750e-01 
  732.000  9.415048e-01 
  733.000  9.720771e-01 
  734.000  9.879560e-01 
  735.000  9.765720e-01 
  736.000  9.842289e-01 
  737.000  9.839479e-01 
  738.000  9.884787e-01 
  739.000  9.897419e-01 
  740.000  9.955891e-01 
  741.000  9.986368e-01 
  742.000  9.986073e-01 
  743.000  9.983042e-01 
  744.000  9.991267e-01 
  745.000  9.995452e-01 
  746.000  9.998671e-01 
  747.000  9.997111e-01 
  748.000  9.998431e-01 
  749.000  9.997913e-01 
  750.000  9.998220e-01 
  751.000  9.997255e-01 
  752.000  9.999222e-01 
  753.000  9.999467e-01 
  754.000  9.998799e-01 
  755.000  9.998059e-01 
  756.000  9.997409e-01 
  757.000  9.999791e-01 
  758.000  9.999754e-01 
  759.000  9.851601e-01 
  760.000  2.761639e-01 
  761.000  1.631209e-01 
  762.000  5.887252e-01 
  763.000  4.669118e-01 
  764.000  5.470341e-01 
  765.000  7.004916e-01 
  766.000  8.455346e-01 
  767.000  9.017231e-01 
  768.000  9.712343e-01 
  769.000  9.895456e-01 
  770.000  9.891028e-01 
  771.000  9.974660e-01 
  772.000  9.998512e-01 
  773.000  9.998450e-01 
  774.000  9.998069e-01 
  775.000  9.998621e-01 
  776.000  9.999012e-01 
  777.000  9.999654e-01 
  778.000  9.999927e-01 
  779.000  9.999915e-01 
  780.000  9.999916e-01 
  781.000  9.999917e-01 
  782.000  9.998796e-01 
  783.000  9.999545e-01 
  784.000  9.995252e-01 
  785.000  9.990640e-01 
  786.000  9.968632e-01 
  787.000  9.965201e-01 
  788.000  9.920939e-01 
  789.000  9.918160e-01 
  790.000  9.841238e-01 
  791.000  9.847023e-01 
  792.000  9.878250e-01 
  793.000  9.899119e-01 
  794.000  9.989327e-01 
  795.000  9.955095e-01 
  796.000  9.744850e-01 
  797.000  9.895220e-01 
  798.000  9.909019e-01 
  799.000  9.940774e-01 
  800.000  9.851375e-01 
  801.000  9.807754e-01 
  802.000  9.866435e-01 
  803.000  9.854150e-01 
  804.000  9.848893e-01 
  805.000  9.887548e-01 
  806.000  9.964995e-01 
  807.000  9.917221e-01 
  808.000  9.964988e-01 
  809.000  9.890736e-01 
  810.000  9.851890e-01 
  811.000  9.865406e-01 
  812.000  9.782549e-01 
  813.000  9.625265e-01 
  814.000  9.351937e-01 
  815.000  9.036281e-01 
  816.000  9.277958e-01 
  817.000  8.204241e-01 
  818.000  8.963104e-01 
  819.000  9.270716e-01 
  820.000  8.871305e-01 
  821.000  9.825932e-01 
  822.000  9.694203e-01 
  823.000  7.879913e-01 
  824.000  9.514377e-01 
  825.000  9.752142e-01 
  826.000  9.501579e-01 
  827.000  9.737051e-01 
  828.000  9.102818e-01 
  829.000  9.590769e-01 
  830.000  9.473755e-01 
  831.000  9.529105e-01 
  832.000  9.521629e-01 
  833.000  9.707611e-01 
  834.000  9.706416e-01 
  835.000  9.809943e-01 
  836.000  9.822143e-01 
  837.000  9.815189e-01 
  838.000  9.885598e-01 
  839.000  9.921124e-01 
  840.000  9.929546e-01 
  841.000  9.929546e-01 
  842.000  9.865544e-01 
  843.000  9.984397e-01 
  844.000  9.912111e-01 
  845.000  9.969429e-01 
  846.000  9.983846e-01 
  847.000  9.994671e-01 
  848.000  9.978486e-01 
  849.000  9.984887e-01 
  850.000  9.976574e-01 
  851.000  9.954970e-01 
  852.000  9.981095e-01 
  853.000  9.985760e-01 
  854.000  9.979632e-01 
  855.000  9.979632e-01 
  856.000  9.984826e-01 
  857.000  9.996670e-01 
  858.000  9.984413e-01 
  859.000  9.991500e-01 
  860.000  9.999106e-01 
  861.000  9.995492e-01 
  862.000  9.998550e-01 
  863.000  9.995261e-01 
  864.000  9.999558e-01 
  865.000  9.999558e-01 
  866.000  9.998774e-01 
  867.000  9.999825e-01 
  868.000  9.998766e-01 
  869.000  9.997435e-01 
  870.000  9.998729e-01 
  871.000  9.998768e-01 
  872.000  9.999651e-01 
  873.000  9.998434e-01 
  874.000  9.998434e-01 
  875.000  9.999874e-01 
  876.000  9.999918e-01 
  877.000  9.998714e-01 
  878.000  9.997548e-01 
  879.000  9.997174e-01 
  880.000  9.998921e-01 
  881.000  9.998921e-01 
  882.000  9.991360e-01 
  883.000  9.993401e-01 
  884.000  9.993652e-01 
  885.000  9.994655e-01 
  886.000  9.952283e-01 
  887.000  9.990391e-01 
  888.000  9.990391e-01 
  889.000  9.980773e-01 
  890.000  9.956703e-01 
  891.000  9.989104e-01 
  892.000  9.950460e-01 
  893.000  9.849823e-01 
  894.000  9.849823e-01 
  895.000  9.622609e-01 
  896.000  9.410599e-01 
  897.000  8.524470e-01 
  898.000  9.359379e-01 
  899.000  7.815285e-01 
  900.000  7.815285e-01 
  901.000  8.175662e-01 
  902.000  8.486688e-01 
  903.000  8.855411e-01 
  904.000  9.692230e-01 
  905.000  9.568425e-01 
  906.000  9.568425e-01 
  907.000  8.624344e-01 
  908.000  8.420035e-01 
  909.000  8.514748e-01 
  910.000  8.305424e-01 
  911.000  8.305424e-01 
  912.000  9.225052e-01 
  913.000  8.756871e-01 
  914.000  8.458977e-01 
  915.000  8.025362e-01 
  916.000  8.025362e-01 
  917.000  9.175843e-01 
  918.000  8.227321e-01 
  919.000  8.983636e-01 
  920.000  9.655160e-01 
  921.000  9.655160e-01 
  922.000  9.466451e-01 
  923.000  9.451686e-01 
  924.000  9.263465e-01 
  925.000  9.263465e-01 
  926.000  9.355617e-01 
  927.000  9.428524e-01 
  928.000  8.399292e-01 
  929.000  8.188791e-01 
  930.000  8.188791e-01 
  931.000  6.868337e-01 
  932.000  5.102680e-01 
  933.000  5.308650e-01 
  934.000  5.308650e-01 
  935.000  4.883666e-01 
  936.000  4.584216e-01 
  937.000  4.383470e-01 
  938.000  4.383470e-01 
  939.000  5.863161e-01 
  940.000  7.203676e-01 
  941.000  6.690691e-01 
  942.000  6.690691e-01 
  943.000  5.714359e-01 
  944.000  5.819519e-01 
  945.000  6.568575e-01 
  946.000  6.568575e-01 
  947.000  5.816144e-01 
  948.000  6.008850e-01 
  949.000  6.685117e-01 
  950.000  6.685117e-01 
  951.000  6.840295e-01 
  952.000  5.736079e-01 
  953.000  7.132912e-01 
  954.000  7.132912e-01 
  955.000  7.105696e-01 
  956.000  6.018448e-01 
  957.000  7.617961e-01 
  958.000  7.617961e-01 
  959.000  6.548341e-01 
  960.000  7.364221e-01 
  961.000  7.364221e-01 
  962.000  7.729970e-01 
  963.000  8.306494e-01 
  964.000  7.326156e-01 
  965.000  7.326156e-01 
  966.000  8.034534e-01 
  967.000  8.871623e-01 
  968.000  8.871623e-01 
  969.000  9.065130e-01 
  970.000  9.431962e-01 
  971.000  9.563589e-01 
  972.000  9.563589e-01 
  973.000  9.400066e-01 
  974.000  8.650160e-01 
  975.000  8.650160e-01 
  976.000  8.482209e-01 
  977.000  9.221121e-01 
  978.000  9.112760e-01 
  979.000  9.112760e-01 
  980.000  9.119483e-01 
  981.000  9.733235e-01 
  982.000  9.733235e-01 
  983.000  9.544733e-01 
  984.000  9.709709e-01 
  985.000  9.709709e-01 
  986.000  9.921306e-01 
  987.000  9.840435e-01 
  988.000  9.840435e-01 
  989.000  9.962813e-01 
  990.000  9.911978e-01 
  991.000  9.911978e-01 
  992.000  9.945842e-01 
  993.000  9.938713e-01 
  994.000  9.938713e-01 
  995.000  9.989333e-01 
  996.000  9.990309e-01 
  997.000  9.990309e-01 
  998.000  9.990045e-01 
  999.000  9.985547e-01 
 1000.000  9.985547e-01 
 1001.000  9.987494e-01 
 1002.000  9.917483e-01 
 1003.000  9.917483e-01 
 1004.000  9.987158e-01 
 1005.000  9.990061e-01 
 1006.000  9.990061e-01 
 1007.000  9.991989e-01 
 1008.000  9.978420e-01 
 1009.000  9.978420e-01 
 1010.000  9.926218e-01 
 1011.000  9.990844e-01 
 1012.000  9.990844e-01 
 1013.000  9.992979e-01 
 1014.000  9.990673e-01 
 1015.000  9.990673e-01 
 1016.000  9.993979e-01 
 1017.000  9.989747e-01 
 1018.000  9.989747e-01 
 1019.000  9.984865e-01 
 1020.000  9.994113e-01 
 1021.000  9.994113e-01 
 1022.000  9.985157e-01 
 1023.000  9.985157e-01 
 1024.000  9.982851e-01 
 1025.000  9.993309e-01 
 1026.000  9.993309e-01 
 1027.000  9.987820e-01 
 1028.000  9.993258e-01 
 1029.000  9.993258e-01 
 1030.000  9.994826e-01 
 1031.000  9.993452e-01 
 1032.000  9.993452e-01 
 1033.000  9.993062e-01 
 1034.000  9.993062e-01 
 1035.000  9.993048e-01 
 1036.000  9.986199e-01 
 1037.000  9.986199e-01 
 1038.000  9.985270e-01 
 1039.000  9.977704e-01 
 1040.000  9.977704e-01 
 1041.000  9.972537e-01 
 1042.000  9.972537e-01 
 1043.000  9.966027e-01 
 1044.000  9.956312e-01 
 1045.000  9.956312e-01 
 1046.000  9.942997e-01 
 1047.000  9.942997e-01 
 1048.000  9.929744e-01 
 1049.000  9.903400e-01 
 1050.000  9.903400e-01 
 1051.000  9.891537e-01 
 1052.000  9.891537e-01 
 1053.000  9.873546e-01 
 1054.000  9.858241e-01 
 1055.000  9.858241e-01 
 1056.000  9.840419e-01 
 1057.000  9.840419e-01 
 1058.000  9.824407e-01 
 1059.000  9.808481e-01 
 1060.000  9.808481e-01 
 1061.000  9.798306e-01 
 1062.000  9.798306e-01 
 1063.000  9.780421e-01 
 1064.000  9.769698e-01 
 1065.000  9.769698e-01 
 1066.000  9.785740e-01 
 1067.000  9.785740e-01 
 1068.000  9.773331e-01 
 1069.000  9.789204e-01 
 1070.000  9.789204e-01 
 1071.000  9.810513e-01 
 1072.000  9.810513e-01 
 1073.000  9.826310e-01 
 1074.000  9.826310e-01 
 1075.000  9.797588e-01 
 1076.000  9.801194e-01 
 1077.000  9.801194e-01 
 1078.000  9.856295e-01 
 1079.000  9.856295e-01 
 1080.000  9.822094e-01 
 1081.000  9.822094e-01 
 1082.000  9.857898e-01 
 1083.000  9.828302e-01 
 1084.000  9.828302e-01 
 1085.000  9.763437e-01 
 1086.000  9.763437e-01 
 1087.000  9.872292e-01 
 1088.000  9.872292e-01 
 1089.000  9.827533e-01 
 1090.000  9.803923e-01 
 1091.000  9.803923e-01 
 1092.000  9.727960e-01 
 1093.000  9.727960e-01 
 1094.000  9.726351e-01 
 1095.000  9.726351e-01 
 1096.000  9.680282e-01 
 1097.000  9.680282e-01 
 1098.000  9.574170e-01 
 1099.000  9.207890e-01 
 1100.000  9.207890e-01 
 1101.000  9.218702e-01 
 1102.000  9.218702e-01 
 1103.000  9.073930e-01 
 1104.000  9.073930e-01 
 1105.000  8.959950e-01 
 1106.000  8.959950e-01 
 1107.000  8.944180e-01 
 1108.000  8.944180e-01 
 1109.000  8.664312e-01 
 1110.000  8.268305e-01 
 1111.000  8.268305e-01 
 1112.000  7.978218e-01 
 1113.000  7.978218e-01 
 1114.000  7.140136e-01 
 1115.000  7.140136e-01 
 1116.000  4.933698e-01 
 1117.000  4.933698e-01 
 1118.000  6.025285e-01 
 1119.000  6.025285e-01 
 1120.000  5.282378e-01 
 1121.000  5.282378e-01 
 1122.000  3.400740e-01 
 1123.000  5.625489e-01 
 1124.000  5.625489e-01 
 1125.000  3.830745e-01 
 1126.000  3.830745e-01 
 1127.000  4.469976e-01 
 1128.000  4.469976e-01 
 1129.000  4.458706e-01 
 1130.000  4.458706e-01 
 1131.000  7.158878e-01 
 1132.000  7.158878e-01 
 1133.000  4.470615e-01 
 1134.000  4.470615e-01 
 1135.000  2.677785e-01 
 1136.000  2.677785e-01 
 1137.000  7.196389e-01 
 1138.000  7.196389e-01 
 1139.000  6.685756e-01 
 1140.000  6.685756e-01 
 1141.000  6.534659e-01 
 1142.000  6.534659e-01 
 1143.000  6.886221e-01 
 1144.000  6.886221e-01 
 1145.000  4.923283e-01 
 1146.000  4.923283e-01 
 1147.000  4.742779e-01 
 1148.000  4.742779e-01 
 1149.000  5.872074e-01 
 1150.000  5.872074e-01 
 1151.000  6.830115e-01 
 1152.000  6.830115e-01 
 1153.000  6.341663e-01 
 1154.000  6.341663e-01 
 1155.000  6.813876e-01 
 1156.000  6.813876e-01 
 1157.000  7.549939e-01 
 1158.000  7.549939e-01 
 1159.000  8.455610e-01 
 1160.000  8.455610e-01 
 1161.000  8.263311e-01 
 1162.000  8.263311e-01 
 1163.000  8.850045e-01 
 1164.000  8.850045e-01 
 1165.000  8.644747e-01 
 1166.000  8.644747e-01 
 1167.000  9.084958e-01 
 1168.000  9.084958e-01 
 1169.000  9.215152e-01 
 1170.000  9.215152e-01 
 1171.000  9.302704e-01 
 1172.000  9.302704e-01 
 1173.000  8.629114e-01 
 1174.000  8.629114e-01 
 1175.000  9.681175e-01 
 1176.000  9.681175e-01 
 1177.000  9.039182e-01 
 1178.000  9.039182e-01 
 1179.000  9.508477e-01 
 1180.000  9.508477e-01 
 1181.000  8.561081e-01 
 1182.000  8.561081e-01 
 1183.000  9.269608e-01 
 1184.000  9.269608e-01 
 1185.000  9.490377e-01 
 1186.000  9.490377e-01 
 1187.000  8.716493e-01 
 1188.000  8.716493e-01 
 1189.000  8.716493e-01 
 1190.000  9.266654e-01 
 1191.000  9.266654e-01 
 1192.000  9.710916e-01 
 1193.000  9.710916e-01 
 1194.000  9.392755e-01 
 1195.000  9.392755e-01 
 1196.000  9.535607e-01 
 1197.000  9.535607e-01 
 1198.000  9.235429e-01 
 1199.000  9.235429e-01 
 1200.000  9.194526e-01 
