  250.000  9.997985e-01 
  251.000  9.998509e-01 
  252.000  9.998585e-01 
  253.000  9.998517e-01 
  254.000  9.998440e-01 
  255.000  9.998431e-01 
  256.000  9.998351e-01 
  257.000  9.998366e-01 
  258.000  9.998227e-01 
  259.000  9.998129e-01 
  260.000  9.998122e-01 
  261.000  9.998079e-01 
  262.000  9.998048e-01 
  263.000  9.997803e-01 
  264.000  9.997771e-01 
  265.000  9.997660e-01 
  266.000  9.997676e-01 
  267.000  9.997560e-01 
  268.000  9.997483e-01 
  269.000  9.997084e-01 
  270.000  9.997141e-01 
  271.000  9.997144e-01 
  272.000  9.997113e-01 
  273.000  9.996652e-01 
  274.000  9.996523e-01 
  275.000  9.996412e-01 
  276.000  9.996498e-01 
  277.000  9.996230e-01 
  278.000  9.996083e-01 
  279.000  9.995697e-01 
  280.000  9.995462e-01 
  281.000  9.995347e-01 
  282.000  9.995404e-01 
  283.000  9.995403e-01 
  284.000  9.994627e-01 
  285.000  9.994347e-01 
  286.000  9.993971e-01 
  287.000  9.994179e-01 
  288.000  9.994149e-01 
  289.000  9.993773e-01 
  290.000  9.993195e-01 
  291.000  9.992968e-01 
  292.000  9.992319e-01 
  293.000  9.992393e-01 
  294.000  9.992668e-01 
  295.000  9.991702e-01 
  296.000  9.992148e-01 
  297.000  9.990453e-01 
  298.000  9.990309e-01 
  299.000  9.990461e-01 
  300.000  9.990243e-01 
  301.000  9.990447e-01 
  302.000  9.989012e-01 
  303.000  9.988059e-01 
  304.000  9.988093e-01 
  305.000  9.987528e-01 
  306.000  9.988081e-01 
  307.000  9.986799e-01 
  308.000  9.987361e-01 
  309.000  9.985446e-01 
  310.000  9.985908e-01 
  311.000  9.985049e-01 
  312.000  9.984747e-01 
  313.000  9.983781e-01 
  314.000  9.984376e-01 
  315.000  9.982318e-01 
  316.000  9.983186e-01 
  317.000  9.982167e-01 
  318.000  9.980401e-01 
  319.000  9.981470e-01 
  320.000  9.979539e-01 
  321.000  9.980283e-01 
  322.000  9.979550e-01 
  323.000  9.978363e-01 
  324.000  9.979022e-01 
  325.000  9.977207e-01 
  326.000  9.976842e-01 
  327.000  9.976825e-01 
  328.000  9.975729e-01 
  329.000  9.975871e-01 
  330.000  9.974227e-01 
  331.000  9.975142e-01 
  332.000  9.974942e-01 
  333.000  9.969261e-01 
  334.000  9.974036e-01 
  335.000  9.970890e-01 
  336.000  9.972372e-01 
  337.000  9.971473e-01 
  338.000  9.972525e-01 
  339.000  9.966338e-01 
  340.000  9.967412e-01 
  341.000  9.961514e-01 
  342.000  9.958718e-01 
  343.000  9.958937e-01 
  344.000  9.956167e-01 
  345.000  9.958920e-01 
  346.000  9.961337e-01 
  347.000  9.962999e-01 
  348.000  9.963652e-01 
  349.000  9.962497e-01 
  350.000  9.967750e-01 
  351.000  9.963255e-01 
  352.000  9.965658e-01 
  353.000  9.968128e-01 
  354.000  9.959782e-01 
  355.000  9.957493e-01 
  356.000  9.959410e-01 
  357.000  9.945428e-01 
  358.000  9.938414e-01 
  359.000  9.930695e-01 
  360.000  9.921622e-01 
  361.000  9.915186e-01 
  362.000  9.927785e-01 
  363.000  9.939561e-01 
  364.000  9.950886e-01 
  365.000  9.949648e-01 
  366.000  9.955720e-01 
  367.000  9.957610e-01 
  368.000  9.956517e-01 
  369.000  9.958307e-01 
  370.000  9.957432e-01 
  371.000  9.960138e-01 
  372.000  9.951642e-01 
  373.000  9.955505e-01 
  374.000  9.956357e-01 
  375.000  9.957759e-01 
  376.000  9.949139e-01 
  377.000  9.948109e-01 
  378.000  9.946054e-01 
  379.000  9.936252e-01 
  380.000  9.924639e-01 
  381.000  9.928776e-01 
  382.000  9.938019e-01 
  383.000  9.948536e-01 
  384.000  9.949109e-01 
  385.000  9.951547e-01 
  386.000  9.953611e-01 
  387.000  9.952987e-01 
  388.000  9.951877e-01 
  389.000  9.951618e-01 
  390.000  9.951487e-01 
  391.000  9.952619e-01 
  392.000  9.946815e-01 
  393.000  9.955217e-01 
  394.000  9.955286e-01 
  395.000  9.954188e-01 
  396.000  9.951410e-01 
  397.000  9.955664e-01 
  398.000  9.947461e-01 
  399.000  9.953579e-01 
  400.000  9.946122e-01 
  401.000  9.947810e-01 
  402.000  9.953939e-01 
  403.000  9.957524e-01 
  404.000  9.950627e-01 
  405.000  9.948501e-01 
  406.000  9.955407e-01 
  407.000  9.961320e-01 
  408.000  9.953256e-01 
  409.000  9.949284e-01 
  410.000  9.952506e-01 
  411.000  9.951469e-01 
  412.000  9.957967e-01 
  413.000  9.949355e-01 
  414.000  9.952955e-01 
  415.000  9.953730e-01 
  416.000  9.961444e-01 
  417.000  9.960594e-01 
  418.000  9.956497e-01 
  419.000  9.957696e-01 
  420.000  9.953552e-01 
  421.000  9.952994e-01 
  422.000  9.951769e-01 
  423.000  9.955232e-01 
  424.000  9.950854e-01 
  425.000  9.957283e-01 
  426.000  9.964033e-01 
  427.000  9.957952e-01 
  428.000  9.952193e-01 
  429.000  9.961779e-01 
  430.000  9.961806e-01 
  431.000  9.951763e-01 
  432.000  9.961887e-01 
  433.000  9.960347e-01 
  434.000  9.955035e-01 
  435.000  9.944018e-01 
  436.000  9.954954e-01 
  437.000  9.967115e-01 
  438.000  9.970008e-01 
  439.000  9.946532e-01 
  440.000  9.955627e-01 
  441.000  9.966393e-01 
  442.000  9.970388e-01 
  443.000  9.964105e-01 
  444.000  9.956722e-01 
  445.000  9.945900e-01 
  446.000  9.954682e-01 
  447.000  9.961086e-01 
  448.000  9.937888e-01 
  449.000  9.957953e-01 
  450.000  9.965242e-01 
  451.000  9.965136e-01 
  452.000  9.964684e-01 
  453.000  9.965820e-01 
  454.000  9.971259e-01 
  455.000  9.965802e-01 
  456.000  9.967575e-01 
  457.000  9.972984e-01 
  458.000  9.963074e-01 
  459.000  9.970319e-01 
  460.000  9.965388e-01 
  461.000  9.966112e-01 
  462.000  9.971831e-01 
  463.000  9.957985e-01 
  464.000  9.965291e-01 
  465.000  9.969082e-01 
  466.000  9.975816e-01 
  467.000  9.967639e-01 
  468.000  9.970738e-01 
  469.000  9.972714e-01 
  470.000  9.971340e-01 
  471.000  9.972332e-01 
  472.000  9.964358e-01 
  473.000  9.954357e-01 
  474.000  9.930866e-01 
  475.000  9.917932e-01 
  476.000  9.911919e-01 
  477.000  9.909251e-01 
  478.000  9.910432e-01 
  479.000  9.917906e-01 
  480.000  9.927214e-01 
  481.000  9.948720e-01 
  482.000  9.964567e-01 
  483.000  9.976980e-01 
  484.000  9.978919e-01 
  485.000  9.977726e-01 
  486.000  9.977671e-01 
  487.000  9.981107e-01 
  488.000  9.975601e-01 
  489.000  9.968345e-01 
  490.000  9.976079e-01 
  491.000  9.981476e-01 
  492.000  9.980708e-01 
  493.000  9.979822e-01 
  494.000  9.975743e-01 
  495.000  9.975604e-01 
  496.000  9.975789e-01 
  497.000  9.980087e-01 
  498.000  9.984183e-01 
  499.000  9.987416e-01 
  500.000  9.988566e-01 
  501.000  9.985950e-01 
  502.000  9.977542e-01 
  503.000  9.968612e-01 
  504.000  9.960924e-01 
  505.000  9.969389e-01 
  506.000  9.969758e-01 
  507.000  9.968301e-01 
  508.000  9.975169e-01 
  509.000  9.975879e-01 
  510.000  9.978961e-01 
  511.000  9.979628e-01 
  512.000  9.981476e-01 
  513.000  9.985295e-01 
  514.000  9.987025e-01 
  515.000  9.988945e-01 
  516.000  9.989302e-01 
  517.000  9.990227e-01 
  518.000  9.989013e-01 
  519.000  9.986103e-01 
  520.000  9.985705e-01 
  521.000  9.988975e-01 
  522.000  9.988845e-01 
  523.000  9.987459e-01 
  524.000  9.986354e-01 
  525.000  9.979956e-01 
  526.000  9.980143e-01 
  527.000  9.981273e-01 
  528.000  9.979736e-01 
  529.000  9.979545e-01 
  530.000  9.979439e-01 
  531.000  9.978484e-01 
  532.000  9.977688e-01 
  533.000  9.978318e-01 
  534.000  9.980987e-01 
  535.000  9.983230e-01 
  536.000  9.986336e-01 
  537.000  9.988262e-01 
  538.000  9.987404e-01 
  539.000  9.986132e-01 
  540.000  9.989089e-01 
  541.000  9.980919e-01 
  542.000  9.981914e-01 
  543.000  9.985644e-01 
  544.000  9.988008e-01 
  545.000  9.981411e-01 
  546.000  9.978535e-01 
  547.000  9.985252e-01 
  548.000  9.988338e-01 
  549.000  9.988290e-01 
  550.000  9.988280e-01 
  551.000  9.992673e-01 
  552.000  9.992784e-01 
  553.000  9.991039e-01 
  554.000  9.992907e-01 
  555.000  9.994808e-01 
  556.000  9.995694e-01 
  557.000  9.995338e-01 
  558.000  9.995067e-01 
  559.000  9.996182e-01 
  560.000  9.995407e-01 
  561.000  9.994377e-01 
  562.000  9.993756e-01 
  563.000  9.991511e-01 
  564.000  9.988399e-01 
  565.000  9.986669e-01 
  566.000  9.986446e-01 
  567.000  9.981519e-01 
  568.000  9.974605e-01 
  569.000  9.944946e-01 
  570.000  9.928606e-01 
  571.000  9.929283e-01 
  572.000  9.907517e-01 
  573.000  9.905541e-01 
  574.000  9.888559e-01 
  575.000  9.885399e-01 
  576.000  9.874325e-01 
  577.000  9.871046e-01 
  578.000  9.880385e-01 
  579.000  9.887069e-01 
  580.000  9.895647e-01 
  581.000  9.910583e-01 
  582.000  9.924164e-01 
  583.000  9.936659e-01 
  584.000  9.952698e-01 
  585.000  9.956687e-01 
  586.000  9.967233e-01 
  587.000  9.968839e-01 
  588.000  9.965444e-01 
  589.000  9.880240e-01 
  590.000  9.881084e-01 
  591.000  9.913279e-01 
  592.000  9.847412e-01 
  593.000  9.953579e-01 
  594.000  9.903412e-01 
  595.000  9.938672e-01 
  596.000  9.954781e-01 
  597.000  9.954391e-01 
  598.000  9.957988e-01 
  599.000  9.976454e-01 
  600.000  9.979806e-01 
  601.000  9.990756e-01 
  602.000  9.994021e-01 
  603.000  9.995130e-01 
  604.000  9.998159e-01 
  605.000  9.997978e-01 
  606.000  9.998257e-01 
  607.000  9.998707e-01 
  608.000  9.998528e-01 
  609.000  9.998541e-01 
  610.000  9.998404e-01 
  611.000  9.998083e-01 
  612.000  9.995704e-01 
  613.000  9.996129e-01 
  614.000  9.995708e-01 
  615.000  9.995368e-01 
  616.000  9.992723e-01 
  617.000  9.990429e-01 
  618.000  9.988613e-01 
  619.000  9.985623e-01 
  620.000  9.979387e-01 
  621.000  9.973095e-01 
  622.000  9.970252e-01 
  623.000  9.959050e-01 
  624.000  9.953369e-01 
  625.000  9.947222e-01 
  626.000  9.936549e-01 
  627.000  9.926002e-01 
  628.000  9.717386e-01 
  629.000  9.798915e-01 
  630.000  9.849153e-01 
  631.000  9.901929e-01 
  632.000  9.916001e-01 
  633.000  9.925929e-01 
  634.000  9.936216e-01 
  635.000  9.940631e-01 
  636.000  9.947603e-01 
  637.000  9.956928e-01 
  638.000  9.966989e-01 
  639.000  9.971557e-01 
  640.000  9.975196e-01 
  641.000  9.979362e-01 
  642.000  9.986903e-01 
  643.000  9.985633e-01 
  644.000  9.990991e-01 
  645.000  9.989792e-01 
  646.000  9.967480e-01 
  647.000  9.931825e-01 
  648.000  9.898027e-01 
  649.000  9.923356e-01 
  650.000  9.981098e-01 
  651.000  9.987432e-01 
  652.000  9.967414e-01 
  653.000  9.985598e-01 
  654.000  9.981105e-01 
  655.000  9.912288e-01 
  656.000  9.957272e-01 
  657.000  9.967742e-01 
  658.000  9.987543e-01 
  659.000  9.997444e-01 
  660.000  9.994661e-01 
  661.000  9.998651e-01 
  662.000  9.998217e-01 
  663.000  9.994282e-01 
  664.000  9.997508e-01 
  665.000  9.997758e-01 
  666.000  9.998304e-01 
  667.000  9.999005e-01 
  668.000  9.998792e-01 
  669.000  9.998832e-01 
  670.000  9.999153e-01 
  671.000  9.999372e-01 
  672.000  9.999337e-01 
  673.000  9.999002e-01 
  674.000  9.999214e-01 
  675.000  9.999239e-01 
  676.000  9.999180e-01 
  677.000  9.999242e-01 
  678.000  9.999520e-01 
  679.000  9.999488e-01 
  680.000  9.999209e-01 
  681.000  9.998322e-01 
  682.000  9.999067e-01 
  683.000  9.995291e-01 
  684.000  9.995382e-01 
  685.000  9.998617e-01 
  686.000  9.996703e-01 
  687.000  7.109267e-01 
  688.000  8.843586e-01 
  689.000  9.156924e-01 
  690.000  9.424645e-01 
  691.000  9.566439e-01 
  692.000  9.844676e-01 
  693.000  9.784312e-01 
  694.000  9.692758e-01 
  695.000  9.839882e-01 
  696.000  9.795571e-01 
  697.000  9.975922e-01 
  698.000  9.968926e-01 
  699.000  9.891671e-01 
  700.000  9.896096e-01 
  701.000  9.834998e-01 
  702.000  9.862960e-01 
  703.000  9.884343e-01 
  704.000  9.901253e-01 
  705.000  9.905042e-01 
  706.000  9.932088e-01 
  707.000  9.953960e-01 
  708.000  9.968458e-01 
  709.000  9.967788e-01 
  710.000  9.959392e-01 
  711.000  9.976274e-01 
  712.000  9.962966e-01 
  713.000  9.978327e-01 
  714.000  9.963930e-01 
  715.000  9.923683e-01 
  716.000  9.928190e-01 
  717.000  9.765744e-01 
  718.000  9.298475e-01 
  719.000  8.827843e-01 
  720.000  9.376060e-01 
  721.000  9.850566e-01 
  722.000  9.837217e-01 
  723.000  9.812191e-01 
  724.000  9.193016e-01 
  725.000  9.408004e-01 
  726.000  9.669231e-01 
  727.000  9.553824e-01 
  728.000  9.343822e-01 
  729.000  9.463741e-01 
  730.000  9.696788e-01 
  731.000  9.566226e-01 
  732.000  9.639816e-01 
  733.000  9.829512e-01 
  734.000  9.927015e-01 
  735.000  9.857210e-01 
  736.000  9.904323e-01 
  737.000  9.902642e-01 
  738.000  9.930412e-01 
  739.000  9.937955e-01 
  740.000  9.973512e-01 
  741.000  9.991819e-01 
  742.000  9.991643e-01 
  743.000  9.989823e-01 
  744.000  9.994760e-01 
  745.000  9.997272e-01 
  746.000  9.999203e-01 
  747.000  9.998267e-01 
  748.000  9.999059e-01 
  749.000  9.998748e-01 
  750.000  9.998932e-01 
  751.000  9.998354e-01 
  752.000  9.999534e-01 
  753.000  9.999681e-01 
  754.000  9.999280e-01 
  755.000  9.998835e-01 
  756.000  9.998446e-01 
  757.000  9.999874e-01 
  758.000  9.999853e-01 
  759.000  9.908067e-01 
  760.000  3.907874e-01 
  761.000  2.903814e-01 
  762.000  6.820817e-01 
  763.000  5.796794e-01 
  764.000  6.400948e-01 
  765.000  7.676210e-01 
  766.000  8.939019e-01 
  767.000  9.369357e-01 
  768.000  9.818680e-01 
  769.000  9.937142e-01 
  770.000  9.933296e-01 
  771.000  9.984789e-01 
  772.000  9.999108e-01 
  773.000  9.999071e-01 
  774.000  9.998842e-01 
  775.000  9.999173e-01 
  776.000  9.999408e-01 
  777.000  9.999793e-01 
  778.000  9.999956e-01 
  779.000  9.999949e-01 
  780.000  9.999951e-01 
  781.000  9.999951e-01 
  782.000  9.999278e-01 
  783.000  9.999728e-01 
  784.000  9.997151e-01 
  785.000  9.994383e-01 
  786.000  9.981168e-01 
  787.000  9.979106e-01 
  788.000  9.952199e-01 
  789.000  9.950532e-01 
  790.000  9.903420e-01 
  791.000  9.906920e-01 
  792.000  9.926097e-01 
  793.000  9.938383e-01 
  794.000  9.993595e-01 
  795.000  9.973032e-01 
  796.000  9.844269e-01 
  797.000  9.936622e-01 
  798.000  9.944978e-01 
  799.000  9.964423e-01 
  800.000  9.909745e-01 
  801.000  9.883092e-01 
  802.000  9.919217e-01 
  803.000  9.911713e-01 
  804.000  9.908495e-01 
  805.000  9.932004e-01 
  806.000  9.978983e-01 
  807.000  9.950003e-01 
  808.000  9.978979e-01 
  809.000  9.933907e-01 
  810.000  9.910470e-01 
  811.000  9.918761e-01 
  812.000  9.868140e-01 
  813.000  9.769923e-01 
  814.000  9.597974e-01 
  815.000  9.378831e-01 
  816.000  9.545282e-01 
  817.000  8.758889e-01 
  818.000  9.307429e-01 
  819.000  9.542544e-01 
  820.000  9.232178e-01 
  821.000  9.894357e-01 
  822.000  9.813591e-01 
  823.000  8.520588e-01 
  824.000  9.701954e-01 
  825.000  9.848097e-01 
  826.000  9.690732e-01 
  827.000  9.839034e-01 
  828.000  9.430853e-01 
  829.000  9.746826e-01 
  830.000  9.671822e-01 
  831.000  9.707737e-01 
  832.000  9.703833e-01 
  833.000  9.822148e-01 
  834.000  9.819405e-01 
  835.000  9.884553e-01 
  836.000  9.891477e-01 
  837.000  9.887637e-01 
  838.000  9.930959e-01 
  839.000  9.952382e-01 
  840.000  9.957454e-01 
  841.000  9.957454e-01 
  842.000  9.918541e-01 
  843.000  9.990636e-01 
  844.000  9.946840e-01 
  845.000  9.981646e-01 
  846.000  9.990304e-01 
  847.000  9.996803e-01 
  848.000  9.987087e-01 
  849.000  9.990931e-01 
  850.000  9.985916e-01 
  851.000  9.972843e-01 
  852.000  9.988653e-01 
  853.000  9.991454e-01 
  854.000  9.987751e-01 
  855.000  9.987751e-01 
  856.000  9.990892e-01 
  857.000  9.998002e-01 
  858.000  9.990645e-01 
  859.000  9.994900e-01 
  860.000  9.999464e-01 
  861.000  9.997295e-01 
  862.000  9.999130e-01 
  863.000  9.997156e-01 
  864.000  9.999736e-01 
  865.000  9.999736e-01 
  866.000  9.999264e-01 
  867.000  9.999895e-01 
  868.000  9.999260e-01 
  869.000  9.998461e-01 
  870.000  9.999237e-01 
  871.000  9.999261e-01 
  872.000  9.999791e-01 
  873.000  9.999061e-01 
  874.000  9.999061e-01 
  875.000  9.999924e-01 
  876.000  9.999951e-01 
  877.000  9.999229e-01 
  878.000  9.998529e-01 
  879.000  9.998304e-01 
  880.000  9.999352e-01 
  881.000  9.999352e-01 
  882.000  9.994816e-01 
  883.000  9.996040e-01 
  884.000  9.996190e-01 
  885.000  9.996791e-01 
  886.000  9.971237e-01 
  887.000  9.994234e-01 
  888.000  9.994234e-01 
  889.000  9.988462e-01 
  890.000  9.973887e-01 
  891.000  9.993461e-01 
  892.000  9.970220e-01 
  893.000  9.909241e-01 
  894.000  9.909241e-01 
  895.000  9.763674e-01 
  896.000  9.630514e-01 
  897.000  8.994402e-01 
  898.000  9.599917e-01 
  899.000  8.397743e-01 
  900.000  8.397743e-01 
  901.000  8.665705e-01 
  902.000  8.925279e-01 
  903.000  9.198201e-01 
  904.000  9.811212e-01 
  905.000  9.730000e-01 
  906.000  9.730000e-01 
  907.000  9.078744e-01 
  908.000  8.877448e-01 
  909.000  8.988763e-01 
  910.000  8.850533e-01 
  911.000  8.850533e-01 
  912.000  9.515634e-01 
  913.000  9.186759e-01 
  914.000  8.957229e-01 
  915.000  8.605025e-01 
  916.000  8.605025e-01 
  917.000  9.488686e-01 
  918.000  8.770691e-01 
  919.000  9.322560e-01 
  920.000  9.789321e-01 
  921.000  9.789321e-01 
  922.000  9.670337e-01 
  923.000  9.660839e-01 
  924.000  9.544552e-01 
  925.000  9.544552e-01 
  926.000  9.602222e-01 
  927.000  9.648517e-01 
  928.000  8.954817e-01 
  929.000  8.812032e-01 
  930.000  8.812032e-01 
  931.000  7.679140e-01 
  932.000  6.025747e-01 
  933.000  6.362613e-01 
  934.000  6.362613e-01 
  935.000  5.829562e-01 
  936.000  5.531506e-01 
  937.000  5.512040e-01 
  938.000  5.512040e-01 
  939.000  6.765789e-01 
  940.000  7.976100e-01 
  941.000  7.528202e-01 
  942.000  7.528202e-01 
  943.000  6.544923e-01 
  944.000  6.613548e-01 
  945.000  7.510890e-01 
  946.000  7.510890e-01 
  947.000  6.700871e-01 
  948.000  6.924765e-01 
  949.000  7.475955e-01 
  950.000  7.475955e-01 
  951.000  7.571067e-01 
  952.000  6.677505e-01 
  953.000  7.939319e-01 
  954.000  7.939319e-01 
  955.000  7.882237e-01 
  956.000  6.888137e-01 
  957.000  8.301425e-01 
  958.000  8.301425e-01 
  959.000  7.510347e-01 
  960.000  8.186965e-01 
  961.000  8.186965e-01 
  962.000  8.368857e-01 
  963.000  8.881454e-01 
  964.000  8.094388e-01 
  965.000  8.094388e-01 
  966.000  8.625622e-01 
  967.000  9.258314e-01 
  968.000  9.258314e-01 
  969.000  9.393860e-01 
  970.000  9.649221e-01 
  971.000  9.731433e-01 
  972.000  9.731433e-01 
  973.000  9.630187e-01 
  974.000  9.109573e-01 
  975.000  9.109573e-01 
  976.000  8.960779e-01 
  977.000  9.495263e-01 
  978.000  9.420152e-01 
  979.000  9.420152e-01 
  980.000  9.427244e-01 
  981.000  9.837836e-01 
  982.000  9.837836e-01 
  983.000  9.713247e-01 
  984.000  9.822839e-01 
  985.000  9.822839e-01 
  986.000  9.952570e-01 
  987.000  9.903350e-01 
  988.000  9.903350e-01 
  989.000  9.977638e-01 
  990.000  9.946899e-01 
  991.000  9.946899e-01 
  992.000  9.967363e-01 
  993.000  9.963068e-01 
  994.000  9.963068e-01 
  995.000  9.993598e-01 
  996.000  9.994184e-01 
  997.000  9.994184e-01 
  998.000  9.994025e-01 
  999.000  9.991325e-01 
 1000.000  9.991325e-01 
 1001.000  9.992495e-01 
 1002.000  9.950069e-01 
 1003.000  9.950069e-01 
 1004.000  9.992294e-01 
 1005.000  9.994035e-01 
 1006.000  9.994035e-01 
 1007.000  9.995193e-01 
 1008.000  9.987046e-01 
 1009.000  9.987046e-01 
 1010.000  9.955390e-01 
 1011.000  9.994506e-01 
 1012.000  9.994506e-01 
 1013.000  9.995786e-01 
 1014.000  9.994404e-01 
 1015.000  9.994404e-01 
 1016.000  9.996387e-01 
 1017.000  9.993848e-01 
 1018.000  9.993848e-01 
 1019.000  9.990915e-01 
 1020.000  9.996467e-01 
 1021.000  9.996467e-01 
 1022.000  9.991092e-01 
 1023.000  9.991092e-01 
 1024.000  9.989707e-01 
 1025.000  9.995984e-01 
 1026.000  9.995984e-01 
 1027.000  9.992691e-01 
 1028.000  9.995954e-01 
 1029.000  9.995954e-01 
 1030.000  9.996896e-01 
 1031.000  9.996070e-01 
 1032.000  9.996070e-01 
 1033.000  9.995837e-01 
 1034.000  9.995837e-01 
 1035.000  9.995829e-01 
 1036.000  9.991718e-01 
 1037.000  9.991718e-01 
 1038.000  9.991159e-01 
 1039.000  9.986616e-01 
 1040.000  9.986616e-01 
 1041.000  9.983513e-01 
 1042.000  9.983513e-01 
 1043.000  9.979602e-01 
 1044.000  9.973764e-01 
 1045.000  9.973764e-01 
 1046.000  9.965758e-01 
 1047.000  9.965758e-01 
 1048.000  9.957788e-01 
 1049.000  9.941928e-01 
 1050.000  9.941928e-01 
 1051.000  9.934781e-01 
 1052.000  9.934781e-01 
 1053.000  9.923936e-01 
 1054.000  9.914702e-01 
 1055.000  9.914702e-01 
 1056.000  9.903944e-01 
 1057.000  9.903944e-01 
 1058.000  9.894271e-01 
 1059.000  9.884645e-01 
 1060.000  9.884645e-01 
 1061.000  9.878491e-01 
 1062.000  9.878491e-01 
 1063.000  9.867668e-01 
 1064.000  9.861175e-01 
 1065.000  9.861175e-01 
 1066.000  9.870888e-01 
 1067.000  9.870888e-01 
 1068.000  9.863376e-01 
 1069.000  9.872984e-01 
 1070.000  9.872984e-01 
 1071.000  9.885873e-01 
 1072.000  9.885873e-01 
 1073.000  9.895421e-01 
 1074.000  9.895421e-01 
 1075.000  9.877772e-01 
 1076.000  9.879885e-01 
 1077.000  9.879885e-01 
 1078.000  9.913426e-01 
 1079.000  9.913426e-01 
 1080.000  9.892494e-01 
 1081.000  9.892494e-01 
 1082.000  9.914287e-01 
 1083.000  9.896114e-01 
 1084.000  9.896114e-01 
 1085.000  9.856586e-01 
 1086.000  9.856586e-01 
 1087.000  9.922792e-01 
 1088.000  9.922792e-01 
 1089.000  9.895324e-01 
 1090.000  9.880556e-01 
 1091.000  9.880556e-01 
 1092.000  9.834138e-01 
 1093.000  9.834138e-01 
 1094.000  9.833387e-01 
 1095.000  9.833387e-01 
 1096.000  9.804909e-01 
 1097.000  9.804909e-01 
 1098.000  9.739373e-01 
 1099.000  9.498859e-01 
 1100.000  9.498859e-01 
 1101.000  9.504712e-01 
 1102.000  9.504712e-01 
 1103.000  9.410278e-01 
 1104.000  9.410278e-01 
 1105.000  9.335802e-01 
 1106.000  9.335802e-01 
 1107.000  9.322656e-01 
 1108.000  9.322656e-01 
 1109.000  9.136469e-01 
 1110.000  8.796755e-01 
 1111.000  8.796755e-01 
 1112.000  8.625899e-01 
 1113.000  8.625899e-01 
 1114.000  7.768791e-01 
 1115.000  7.768791e-01 
 1116.000  5.888534e-01 
 1117.000  5.888534e-01 
 1118.000  6.863716e-01 
 1119.000  6.863716e-01 
 1120.000  6.282991e-01 
 1121.000  6.282991e-01 
 1122.000  4.467472e-01 
 1123.000  6.498492e-01 
 1124.000  6.498492e-01 
 1125.000  4.937442e-01 
 1126.000  4.937442e-01 
 1127.000  5.600845e-01 
 1128.000  5.600845e-01 
 1129.000  5.632018e-01 
 1130.000  5.632018e-01 
 1131.000  7.956173e-01 
 1132.000  7.956173e-01 
 1133.000  5.649338e-01 
 1134.000  5.649338e-01 
 1135.000  3.539730e-01 
 1136.000  3.539730e-01 
 1137.000  8.038934e-01 
 1138.000  8.038934e-01 
 1139.000  7.437931e-01 
 1140.000  7.437931e-01 
 1141.000  7.309672e-01 
 1142.000  7.309672e-01 
 1143.000  7.776169e-01 
 1144.000  7.776169e-01 
 1145.000  5.958354e-01 
 1146.000  5.958354e-01 
 1147.000  5.829995e-01 
 1148.000  5.829995e-01 
 1149.000  6.787833e-01 
 1150.000  6.787833e-01 
 1151.000  7.607786e-01 
 1152.000  7.607786e-01 
 1153.000  7.120544e-01 
 1154.000  7.120544e-01 
 1155.000  7.563756e-01 
 1156.000  7.563756e-01 
 1157.000  8.203045e-01 
 1158.000  8.203045e-01 
 1159.000  8.996613e-01 
 1160.000  8.996613e-01 
 1161.000  8.862350e-01 
 1162.000  8.862350e-01 
 1163.000  9.243905e-01 
 1164.000  9.243905e-01 
 1165.000  9.112899e-01 
 1166.000  9.112899e-01 
 1167.000  9.412695e-01 
 1168.000  9.412695e-01 
 1169.000  9.505462e-01 
 1170.000  9.505462e-01 
 1171.000  9.556812e-01 
 1172.000  9.556812e-01 
 1173.000  9.108261e-01 
 1174.000  9.108261e-01 
 1175.000  9.805964e-01 
 1176.000  9.805964e-01 
 1177.000  9.379510e-01 
 1178.000  9.379510e-01 
 1179.000  9.688335e-01 
 1180.000  9.688335e-01 
 1181.000  9.033144e-01 
 1182.000  9.033144e-01 
 1183.000  9.530035e-01 
 1184.000  9.530035e-01 
 1185.000  9.686455e-01 
 1186.000  9.686455e-01 
 1187.000  9.099784e-01 
 1188.000  9.099784e-01 
 1189.000  9.099784e-01 
 1190.000  9.522215e-01 
 1191.000  9.522215e-01 
 1192.000  9.824087e-01 
 1193.000  9.824087e-01 
 1194.000  9.609193e-01 
 1195.000  9.609193e-01 
 1196.000  9.715576e-01 
 1197.000  9.715576e-01 
 1198.000  9.513404e-01 
 1199.000  9.513404e-01 
 1200.000  9.475751e-01 
