  250.000  9.998388e-01 
  251.000  9.998807e-01 
  252.000  9.998868e-01 
  253.000  9.998814e-01 
  254.000  9.998751e-01 
  255.000  9.998745e-01 
  256.000  9.998680e-01 
  257.000  9.998693e-01 
  258.000  9.998583e-01 
  259.000  9.998503e-01 
  260.000  9.998497e-01 
  261.000  9.998463e-01 
  262.000  9.998438e-01 
  263.000  9.998242e-01 
  264.000  9.998217e-01 
  265.000  9.998128e-01 
  266.000  9.998142e-01 
  267.000  9.998049e-01 
  268.000  9.997986e-01 
  269.000  9.997668e-01 
  270.000  9.997713e-01 
  271.000  9.997716e-01 
  272.000  9.997691e-01 
  273.000  9.997321e-01 
  274.000  9.997218e-01 
  275.000  9.997129e-01 
  276.000  9.997196e-01 
  277.000  9.996984e-01 
  278.000  9.996867e-01 
  279.000  9.996558e-01 
  280.000  9.996369e-01 
  281.000  9.996277e-01 
  282.000  9.996323e-01 
  283.000  9.996322e-01 
  284.000  9.995701e-01 
  285.000  9.995476e-01 
  286.000  9.995175e-01 
  287.000  9.995343e-01 
  288.000  9.995318e-01 
  289.000  9.995018e-01 
  290.000  9.994555e-01 
  291.000  9.994373e-01 
  292.000  9.993855e-01 
  293.000  9.993913e-01 
  294.000  9.994134e-01 
  295.000  9.993361e-01 
  296.000  9.993718e-01 
  297.000  9.992361e-01 
  298.000  9.992247e-01 
  299.000  9.992367e-01 
  300.000  9.992194e-01 
  301.000  9.992356e-01 
  302.000  9.991209e-01 
  303.000  9.990446e-01 
  304.000  9.990474e-01 
  305.000  9.990020e-01 
  306.000  9.990464e-01 
  307.000  9.989437e-01 
  308.000  9.989888e-01 
  309.000  9.988355e-01 
  310.000  9.988726e-01 
  311.000  9.988037e-01 
  312.000  9.987795e-01 
  313.000  9.987023e-01 
  314.000  9.987499e-01 
  315.000  9.985851e-01 
  316.000  9.986545e-01 
  317.000  9.985731e-01 
  318.000  9.984317e-01 
  319.000  9.985174e-01 
  320.000  9.983628e-01 
  321.000  9.984224e-01 
  322.000  9.983638e-01 
  323.000  9.982687e-01 
  324.000  9.983213e-01 
  325.000  9.981762e-01 
  326.000  9.981470e-01 
  327.000  9.981456e-01 
  328.000  9.980578e-01 
  329.000  9.980692e-01 
  330.000  9.979377e-01 
  331.000  9.980109e-01 
  332.000  9.979949e-01 
  333.000  9.975400e-01 
  334.000  9.979223e-01 
  335.000  9.976706e-01 
  336.000  9.977891e-01 
  337.000  9.977171e-01 
  338.000  9.978014e-01 
  339.000  9.973061e-01 
  340.000  9.973921e-01 
  341.000  9.969199e-01 
  342.000  9.966961e-01 
  343.000  9.967136e-01 
  344.000  9.964918e-01 
  345.000  9.967123e-01 
  346.000  9.969057e-01 
  347.000  9.970388e-01 
  348.000  9.970911e-01 
  349.000  9.969986e-01 
  350.000  9.974191e-01 
  351.000  9.970593e-01 
  352.000  9.972516e-01 
  353.000  9.974493e-01 
  354.000  9.967812e-01 
  355.000  9.965980e-01 
  356.000  9.967515e-01 
  357.000  9.956319e-01 
  358.000  9.950701e-01 
  359.000  9.944518e-01 
  360.000  9.937248e-01 
  361.000  9.932091e-01 
  362.000  9.942185e-01 
  363.000  9.951620e-01 
  364.000  9.960691e-01 
  365.000  9.959698e-01 
  366.000  9.964560e-01 
  367.000  9.966074e-01 
  368.000  9.965199e-01 
  369.000  9.966632e-01 
  370.000  9.965931e-01 
  371.000  9.968098e-01 
  372.000  9.961296e-01 
  373.000  9.964387e-01 
  374.000  9.965070e-01 
  375.000  9.966193e-01 
  376.000  9.959291e-01 
  377.000  9.958465e-01 
  378.000  9.956819e-01 
  379.000  9.948969e-01 
  380.000  9.939666e-01 
  381.000  9.942980e-01 
  382.000  9.950384e-01 
  383.000  9.958808e-01 
  384.000  9.959266e-01 
  385.000  9.961221e-01 
  386.000  9.962871e-01 
  387.000  9.962372e-01 
  388.000  9.961483e-01 
  389.000  9.961276e-01 
  390.000  9.961171e-01 
  391.000  9.962078e-01 
  392.000  9.957430e-01 
  393.000  9.964157e-01 
  394.000  9.964212e-01 
  395.000  9.963334e-01 
  396.000  9.961110e-01 
  397.000  9.964516e-01 
  398.000  9.957947e-01 
  399.000  9.962845e-01 
  400.000  9.956875e-01 
  401.000  9.958227e-01 
  402.000  9.963134e-01 
  403.000  9.966005e-01 
  404.000  9.960482e-01 
  405.000  9.958779e-01 
  406.000  9.964309e-01 
  407.000  9.969044e-01 
  408.000  9.962587e-01 
  409.000  9.959407e-01 
  410.000  9.961987e-01 
  411.000  9.961157e-01 
  412.000  9.966359e-01 
  413.000  9.959464e-01 
  414.000  9.962345e-01 
  415.000  9.962966e-01 
  416.000  9.969143e-01 
  417.000  9.968463e-01 
  418.000  9.965181e-01 
  419.000  9.966142e-01 
  420.000  9.962825e-01 
  421.000  9.962377e-01 
  422.000  9.961396e-01 
  423.000  9.964168e-01 
  424.000  9.960663e-01 
  425.000  9.965812e-01 
  426.000  9.971216e-01 
  427.000  9.966347e-01 
  428.000  9.961736e-01 
  429.000  9.969411e-01 
  430.000  9.969432e-01 
  431.000  9.961392e-01 
  432.000  9.969498e-01 
  433.000  9.968266e-01 
  434.000  9.964011e-01 
  435.000  9.955189e-01 
  436.000  9.963947e-01 
  437.000  9.973682e-01 
  438.000  9.975999e-01 
  439.000  9.957203e-01 
  440.000  9.964485e-01 
  441.000  9.973105e-01 
  442.000  9.976303e-01 
  443.000  9.971273e-01 
  444.000  9.965363e-01 
  445.000  9.956697e-01 
  446.000  9.963729e-01 
  447.000  9.968857e-01 
  448.000  9.950279e-01 
  449.000  9.966348e-01 
  450.000  9.972184e-01 
  451.000  9.972099e-01 
  452.000  9.971737e-01 
  453.000  9.972647e-01 
  454.000  9.977000e-01 
  455.000  9.972633e-01 
  456.000  9.974052e-01 
  457.000  9.978381e-01 
  458.000  9.970449e-01 
  459.000  9.976248e-01 
  460.000  9.972301e-01 
  461.000  9.972880e-01 
  462.000  9.977458e-01 
  463.000  9.966373e-01 
  464.000  9.972223e-01 
  465.000  9.975257e-01 
  466.000  9.980648e-01 
  467.000  9.974102e-01 
  468.000  9.976583e-01 
  469.000  9.978166e-01 
  470.000  9.977065e-01 
  471.000  9.977859e-01 
  472.000  9.971475e-01 
  473.000  9.963470e-01 
  474.000  9.944654e-01 
  475.000  9.934291e-01 
  476.000  9.929473e-01 
  477.000  9.927335e-01 
  478.000  9.928281e-01 
  479.000  9.934270e-01 
  480.000  9.941729e-01 
  481.000  9.958955e-01 
  482.000  9.971644e-01 
  483.000  9.981580e-01 
  484.000  9.983132e-01 
  485.000  9.982176e-01 
  486.000  9.982132e-01 
  487.000  9.984882e-01 
  488.000  9.980476e-01 
  489.000  9.974667e-01 
  490.000  9.980859e-01 
  491.000  9.985178e-01 
  492.000  9.984564e-01 
  493.000  9.983854e-01 
  494.000  9.980590e-01 
  495.000  9.980479e-01 
  496.000  9.980626e-01 
  497.000  9.984067e-01 
  498.000  9.987345e-01 
  499.000  9.989932e-01 
  500.000  9.990851e-01 
  501.000  9.988759e-01 
  502.000  9.982029e-01 
  503.000  9.974881e-01 
  504.000  9.968728e-01 
  505.000  9.975504e-01 
  506.000  9.975799e-01 
  507.000  9.974632e-01 
  508.000  9.980131e-01 
  509.000  9.980699e-01 
  510.000  9.983166e-01 
  511.000  9.983699e-01 
  512.000  9.985178e-01 
  513.000  9.988234e-01 
  514.000  9.989617e-01 
  515.000  9.991155e-01 
  516.000  9.991440e-01 
  517.000  9.992181e-01 
  518.000  9.991211e-01 
  519.000  9.988881e-01 
  520.000  9.988562e-01 
  521.000  9.991179e-01 
  522.000  9.991075e-01 
  523.000  9.989967e-01 
  524.000  9.989082e-01 
  525.000  9.983962e-01 
  526.000  9.984111e-01 
  527.000  9.985017e-01 
  528.000  9.983785e-01 
  529.000  9.983633e-01 
  530.000  9.983548e-01 
  531.000  9.982783e-01 
  532.000  9.982147e-01 
  533.000  9.982651e-01 
  534.000  9.984786e-01 
  535.000  9.986581e-01 
  536.000  9.989067e-01 
  537.000  9.990608e-01 
  538.000  9.989921e-01 
  539.000  9.988904e-01 
  540.000  9.991271e-01 
  541.000  9.984732e-01 
  542.000  9.985529e-01 
  543.000  9.988513e-01 
  544.000  9.990405e-01 
  545.000  9.985126e-01 
  546.000  9.982824e-01 
  547.000  9.988200e-01 
  548.000  9.990669e-01 
  549.000  9.990630e-01 
  550.000  9.990623e-01 
  551.000  9.994138e-01 
  552.000  9.994226e-01 
  553.000  9.992831e-01 
  554.000  9.994324e-01 
  555.000  9.995846e-01 
  556.000  9.996554e-01 
  557.000  9.996270e-01 
  558.000  9.996053e-01 
  559.000  9.996945e-01 
  560.000  9.996325e-01 
  561.000  9.995501e-01 
  562.000  9.995004e-01 
  563.000  9.993207e-01 
  564.000  9.990718e-01 
  565.000  9.989334e-01 
  566.000  9.989154e-01 
  567.000  9.985213e-01 
  568.000  9.979679e-01 
  569.000  9.955932e-01 
  570.000  9.942844e-01 
  571.000  9.943386e-01 
  572.000  9.925945e-01 
  573.000  9.924361e-01 
  574.000  9.910747e-01 
  575.000  9.908215e-01 
  576.000  9.899333e-01 
  577.000  9.896702e-01 
  578.000  9.904193e-01 
  579.000  9.909554e-01 
  580.000  9.916430e-01 
  581.000  9.928402e-01 
  582.000  9.939284e-01 
  583.000  9.949295e-01 
  584.000  9.962140e-01 
  585.000  9.965335e-01 
  586.000  9.973778e-01 
  587.000  9.975064e-01 
  588.000  9.972346e-01 
  589.000  9.903777e-01 
  590.000  9.904646e-01 
  591.000  9.930482e-01 
  592.000  9.877340e-01 
  593.000  9.962813e-01 
  594.000  9.922421e-01 
  595.000  9.950907e-01 
  596.000  9.963809e-01 
  597.000  9.963496e-01 
  598.000  9.966376e-01 
  599.000  9.981159e-01 
  600.000  9.983841e-01 
  601.000  9.992603e-01 
  602.000  9.995216e-01 
  603.000  9.996104e-01 
  604.000  9.998528e-01 
  605.000  9.998382e-01 
  606.000  9.998605e-01 
  607.000  9.998965e-01 
  608.000  9.998822e-01 
  609.000  9.998832e-01 
  610.000  9.998723e-01 
  611.000  9.998466e-01 
  612.000  9.996563e-01 
  613.000  9.996903e-01 
  614.000  9.996566e-01 
  615.000  9.996293e-01 
  616.000  9.994177e-01 
  617.000  9.992341e-01 
  618.000  9.990889e-01 
  619.000  9.988496e-01 
  620.000  9.983506e-01 
  621.000  9.978470e-01 
  622.000  9.976195e-01 
  623.000  9.967226e-01 
  624.000  9.962678e-01 
  625.000  9.957756e-01 
  626.000  9.949208e-01 
  627.000  9.940758e-01 
  628.000  9.772636e-01 
  629.000  9.835619e-01 
  630.000  9.879140e-01 
  631.000  9.921465e-01 
  632.000  9.932745e-01 
  633.000  9.940700e-01 
  634.000  9.948940e-01 
  635.000  9.952478e-01 
  636.000  9.958059e-01 
  637.000  9.965528e-01 
  638.000  9.973581e-01 
  639.000  9.977241e-01 
  640.000  9.980151e-01 
  641.000  9.983487e-01 
  642.000  9.989521e-01 
  643.000  9.988504e-01 
  644.000  9.992791e-01 
  645.000  9.991833e-01 
  646.000  9.973975e-01 
  647.000  9.945360e-01 
  648.000  9.918124e-01 
  649.000  9.938518e-01 
  650.000  9.984875e-01 
  651.000  9.989945e-01 
  652.000  9.973922e-01 
  653.000  9.988477e-01 
  654.000  9.984881e-01 
  655.000  9.929430e-01 
  656.000  9.965749e-01 
  657.000  9.974155e-01 
  658.000  9.990032e-01 
  659.000  9.997954e-01 
  660.000  9.995726e-01 
  661.000  9.998921e-01 
  662.000  9.998573e-01 
  663.000  9.995425e-01 
  664.000  9.998007e-01 
  665.000  9.998206e-01 
  666.000  9.998644e-01 
  667.000  9.999204e-01 
  668.000  9.999033e-01 
  669.000  9.999065e-01 
  670.000  9.999322e-01 
  671.000  9.999497e-01 
  672.000  9.999469e-01 
  673.000  9.999201e-01 
  674.000  9.999372e-01 
  675.000  9.999391e-01 
  676.000  9.999344e-01 
  677.000  9.999394e-01 
  678.000  9.999616e-01 
  679.000  9.999591e-01 
  680.000  9.999367e-01 
  681.000  9.998658e-01 
  682.000  9.999253e-01 
  683.000  9.996232e-01 
  684.000  9.996305e-01 
  685.000  9.998894e-01 
  686.000  9.997363e-01 
  687.000  7.380797e-01 
  688.000  9.048572e-01 
  689.000  9.306997e-01 
  690.000  9.533470e-01 
  691.000  9.646096e-01 
  692.000  9.874908e-01 
  693.000  9.825955e-01 
  694.000  9.751800e-01 
  695.000  9.870853e-01 
  696.000  9.834580e-01 
  697.000  9.980732e-01 
  698.000  9.975133e-01 
  699.000  9.912952e-01 
  700.000  9.916524e-01 
  701.000  9.867476e-01 
  702.000  9.889954e-01 
  703.000  9.906995e-01 
  704.000  9.920620e-01 
  705.000  9.923777e-01 
  706.000  9.945550e-01 
  707.000  9.963151e-01 
  708.000  9.974759e-01 
  709.000  9.974221e-01 
  710.000  9.967501e-01 
  711.000  9.981015e-01 
  712.000  9.970322e-01 
  713.000  9.982658e-01 
  714.000  9.971133e-01 
  715.000  9.938830e-01 
  716.000  9.942425e-01 
  717.000  9.811735e-01 
  718.000  9.425325e-01 
  719.000  9.003449e-01 
  720.000  9.493854e-01 
  721.000  9.879966e-01 
  722.000  9.869047e-01 
  723.000  9.848902e-01 
  724.000  9.329010e-01 
  725.000  9.519671e-01 
  726.000  9.733295e-01 
  727.000  9.639191e-01 
  728.000  9.466829e-01 
  729.000  9.566392e-01 
  730.000  9.755498e-01 
  731.000  9.649606e-01 
  732.000  9.709584e-01 
  733.000  9.862888e-01 
  734.000  9.941437e-01 
  735.000  9.885226e-01 
  736.000  9.923202e-01 
  737.000  9.921860e-01 
  738.000  9.944217e-01 
  739.000  9.950242e-01 
  740.000  9.978803e-01 
  741.000  9.993454e-01 
  742.000  9.993314e-01 
  743.000  9.991856e-01 
  744.000  9.995807e-01 
  745.000  9.997817e-01 
  746.000  9.999362e-01 
  747.000  9.998614e-01 
  748.000  9.999247e-01 
  749.000  9.998998e-01 
  750.000  9.999146e-01 
  751.000  9.998682e-01 
  752.000  9.999627e-01 
  753.000  9.999744e-01 
  754.000  9.999424e-01 
  755.000  9.999068e-01 
  756.000  9.998757e-01 
  757.000  9.999900e-01 
  758.000  9.999883e-01 
  759.000  9.925728e-01 
  760.000  4.413740e-01 
  761.000  3.504955e-01 
  762.000  7.217243e-01 
  763.000  6.275018e-01 
  764.000  6.744570e-01 
  765.000  7.905198e-01 
  766.000  9.113649e-01 
  767.000  9.484903e-01 
  768.000  9.852730e-01 
  769.000  9.949682e-01 
  770.000  9.946313e-01 
  771.000  9.987829e-01 
  772.000  9.999287e-01 
  773.000  9.999256e-01 
  774.000  9.999073e-01 
  775.000  9.999338e-01 
  776.000  9.999526e-01 
  777.000  9.999834e-01 
  778.000  9.999965e-01 
  779.000  9.999959e-01 
  780.000  9.999960e-01 
  781.000  9.999960e-01 
  782.000  9.999422e-01 
  783.000  9.999782e-01 
  784.000  9.997721e-01 
  785.000  9.995506e-01 
  786.000  9.984931e-01 
  787.000  9.983281e-01 
  788.000  9.961671e-01 
  789.000  9.960337e-01 
  790.000  9.922414e-01 
  791.000  9.925220e-01 
  792.000  9.940670e-01 
  793.000  9.950440e-01 
  794.000  9.994875e-01 
  795.000  9.978420e-01 
  796.000  9.874771e-01 
  797.000  9.949172e-01 
  798.000  9.955878e-01 
  799.000  9.971528e-01 
  800.000  9.927534e-01 
  801.000  9.906095e-01 
  802.000  9.935218e-01 
  803.000  9.929182e-01 
  804.000  9.926592e-01 
  805.000  9.945476e-01 
  806.000  9.983183e-01 
  807.000  9.959922e-01 
  808.000  9.983180e-01 
  809.000  9.946996e-01 
  810.000  9.928216e-01 
  811.000  9.934893e-01 
  812.000  9.894176e-01 
  813.000  9.814653e-01 
  814.000  9.675110e-01 
  815.000  9.491887e-01 
  816.000  9.630792e-01 
  817.000  8.960574e-01 
  818.000  9.426678e-01 
  819.000  9.629030e-01 
  820.000  9.360266e-01 
  821.000  9.915193e-01 
  822.000  9.850156e-01 
  823.000  8.757412e-01 
  824.000  9.759924e-01 
  825.000  9.877693e-01 
  826.000  9.750041e-01 
  827.000  9.870442e-01 
  828.000  9.536833e-01 
  829.000  9.795565e-01 
  830.000  9.734353e-01 
  831.000  9.763773e-01 
  832.000  9.760801e-01 
  833.000  9.857131e-01 
  834.000  9.854429e-01 
  835.000  9.907299e-01 
  836.000  9.912740e-01 
  837.000  9.909750e-01 
  838.000  9.944671e-01 
  839.000  9.961833e-01 
  840.000  9.965898e-01 
  841.000  9.965898e-01 
  842.000  9.934642e-01 
  843.000  9.992508e-01 
  844.000  9.957369e-01 
  845.000  9.985314e-01 
  846.000  9.992242e-01 
  847.000  9.997442e-01 
  848.000  9.989668e-01 
  849.000  9.992743e-01 
  850.000  9.988726e-01 
  851.000  9.978240e-01 
  852.000  9.990922e-01 
  853.000  9.993162e-01 
  854.000  9.990194e-01 
  855.000  9.990194e-01 
  856.000  9.992714e-01 
  857.000  9.998401e-01 
  858.000  9.992515e-01 
  859.000  9.995919e-01 
  860.000  9.999571e-01 
  861.000  9.997836e-01 
  862.000  9.999304e-01 
  863.000  9.997725e-01 
  864.000  9.999788e-01 
  865.000  9.999788e-01 
  866.000  9.999412e-01 
  867.000  9.999916e-01 
  868.000  9.999408e-01 
  869.000  9.998769e-01 
  870.000  9.999390e-01 
  871.000  9.999409e-01 
  872.000  9.999833e-01 
  873.000  9.999248e-01 
  874.000  9.999248e-01 
  875.000  9.999939e-01 
  876.000  9.999961e-01 
  877.000  9.999383e-01 
  878.000  9.998823e-01 
  879.000  9.998643e-01 
  880.000  9.999481e-01 
  881.000  9.999481e-01 
  882.000  9.995853e-01 
  883.000  9.996833e-01 
  884.000  9.996952e-01 
  885.000  9.997434e-01 
  886.000  9.976958e-01 
  887.000  9.995387e-01 
  888.000  9.995387e-01 
  889.000  9.990767e-01 
  890.000  9.979077e-01 
  891.000  9.994769e-01 
  892.000  9.976163e-01 
  893.000  9.927235e-01 
  894.000  9.927235e-01 
  895.000  9.808450e-01 
  896.000  9.700423e-01 
  897.000  9.162197e-01 
  898.000  9.676001e-01 
  899.000  8.628134e-01 
  900.000  8.628134e-01 
  901.000  8.856329e-01 
  902.000  9.091297e-01 
  903.000  9.324486e-01 
  904.000  9.847956e-01 
  905.000  9.781215e-01 
  906.000  9.781215e-01 
  907.000  9.236843e-01 
  908.000  9.049885e-01 
  909.000  9.157390e-01 
  910.000  9.043669e-01 
  911.000  9.043669e-01 
  912.000  9.607654e-01 
  913.000  9.331432e-01 
  914.000  9.132929e-01 
  915.000  8.822375e-01 
  916.000  8.822375e-01 
  917.000  9.586777e-01 
  918.000  8.968472e-01 
  919.000  9.439706e-01 
  920.000  9.830533e-01 
  921.000  9.830533e-01 
  922.000  9.733912e-01 
  923.000  9.726156e-01 
  924.000  9.632298e-01 
  925.000  9.632298e-01 
  926.000  9.679024e-01 
  927.000  9.716699e-01 
  928.000  9.141393e-01 
  929.000  9.022745e-01 
  930.000  9.022745e-01 
  931.000  8.003972e-01 
  932.000  6.395682e-01 
  933.000  6.766659e-01 
  934.000  6.766659e-01 
  935.000  6.208861e-01 
  936.000  5.926949e-01 
  937.000  5.957962e-01 
  938.000  5.957962e-01 
  939.000  7.101725e-01 
  940.000  8.267000e-01 
  941.000  7.860832e-01 
  942.000  7.860832e-01 
  943.000  6.880459e-01 
  944.000  6.923544e-01 
  945.000  7.877491e-01 
  946.000  7.877491e-01 
  947.000  7.064407e-01 
  948.000  7.313927e-01 
  949.000  7.793843e-01 
  950.000  7.793843e-01 
  951.000  7.876692e-01 
  952.000  7.029631e-01 
  953.000  8.248646e-01 
  954.000  8.248646e-01 
  955.000  8.186331e-01 
  956.000  7.218459e-01 
  957.000  8.561214e-01 
  958.000  8.561214e-01 
  959.000  7.883911e-01 
  960.000  8.484564e-01 
  961.000  8.484564e-01 
  962.000  8.613211e-01 
  963.000  9.077725e-01 
  964.000  8.387205e-01 
  965.000  8.387205e-01 
  966.000  8.841980e-01 
  967.000  9.389324e-01 
  968.000  9.389324e-01 
  969.000  9.503196e-01 
  970.000  9.716918e-01 
  971.000  9.783487e-01 
  972.000  9.783487e-01 
  973.000  9.701717e-01 
  974.000  9.266062e-01 
  975.000  9.266062e-01 
  976.000  9.132198e-01 
  977.000  9.586372e-01 
  978.000  9.523399e-01 
  979.000  9.523399e-01 
  980.000  9.530066e-01 
  981.000  9.869757e-01 
  982.000  9.869757e-01 
  983.000  9.767142e-01 
  984.000  9.857541e-01 
  985.000  9.857541e-01 
  986.000  9.962005e-01 
  987.000  9.922460e-01 
  988.000  9.922460e-01 
  989.000  9.982099e-01 
  990.000  9.957451e-01 
  991.000  9.957451e-01 
  992.000  9.973856e-01 
  993.000  9.970416e-01 
  994.000  9.970416e-01 
  995.000  9.994878e-01 
  996.000  9.995347e-01 
  997.000  9.995347e-01 
  998.000  9.995221e-01 
  999.000  9.993060e-01 
 1000.000  9.993060e-01 
 1001.000  9.993997e-01 
 1002.000  9.959952e-01 
 1003.000  9.959952e-01 
 1004.000  9.993834e-01 
 1005.000  9.995228e-01 
 1006.000  9.995228e-01 
 1007.000  9.996154e-01 
 1008.000  9.989636e-01 
 1009.000  9.989636e-01 
 1010.000  9.964230e-01 
 1011.000  9.995605e-01 
 1012.000  9.995605e-01 
 1013.000  9.996629e-01 
 1014.000  9.995522e-01 
 1015.000  9.995522e-01 
 1016.000  9.997109e-01 
 1017.000  9.995078e-01 
 1018.000  9.995078e-01 
 1019.000  9.992732e-01 
 1020.000  9.997174e-01 
 1021.000  9.997174e-01 
 1022.000  9.992872e-01 
 1023.000  9.992872e-01 
 1024.000  9.991765e-01 
 1025.000  9.996788e-01 
 1026.000  9.996788e-01 
 1027.000  9.994152e-01 
 1028.000  9.996763e-01 
 1029.000  9.996763e-01 
 1030.000  9.997517e-01 
 1031.000  9.996856e-01 
 1032.000  9.996856e-01 
 1033.000  9.996669e-01 
 1034.000  9.996669e-01 
 1035.000  9.996663e-01 
 1036.000  9.993373e-01 
 1037.000  9.993373e-01 
 1038.000  9.992927e-01 
 1039.000  9.989291e-01 
 1040.000  9.989291e-01 
 1041.000  9.986808e-01 
 1042.000  9.986808e-01 
 1043.000  9.983678e-01 
 1044.000  9.979006e-01 
 1045.000  9.979006e-01 
 1046.000  9.972597e-01 
 1047.000  9.972597e-01 
 1048.000  9.966216e-01 
 1049.000  9.953515e-01 
 1050.000  9.953515e-01 
 1051.000  9.947790e-01 
 1052.000  9.947790e-01 
 1053.000  9.939102e-01 
 1054.000  9.931703e-01 
 1055.000  9.931703e-01 
 1056.000  9.923081e-01 
 1057.000  9.923081e-01 
 1058.000  9.915327e-01 
 1059.000  9.907609e-01 
 1060.000  9.907609e-01 
 1061.000  9.902674e-01 
 1062.000  9.902674e-01 
 1063.000  9.893994e-01 
 1064.000  9.888785e-01 
 1065.000  9.888785e-01 
 1066.000  9.896576e-01 
 1067.000  9.896576e-01 
 1068.000  9.890550e-01 
 1069.000  9.898257e-01 
 1070.000  9.898257e-01 
 1071.000  9.908594e-01 
 1072.000  9.908594e-01 
 1073.000  9.916249e-01 
 1074.000  9.916249e-01 
 1075.000  9.902028e-01 
 1076.000  9.903705e-01 
 1077.000  9.903705e-01 
 1078.000  9.930655e-01 
 1079.000  9.930655e-01 
 1080.000  9.913811e-01 
 1081.000  9.913811e-01 
 1082.000  9.931322e-01 
 1083.000  9.916680e-01 
 1084.000  9.916680e-01 
 1085.000  9.884911e-01 
 1086.000  9.884911e-01 
 1087.000  9.938093e-01 
 1088.000  9.938093e-01 
 1089.000  9.915968e-01 
 1090.000  9.904006e-01 
 1091.000  9.904006e-01 
 1092.000  9.866667e-01 
 1093.000  9.866667e-01 
 1094.000  9.866119e-01 
 1095.000  9.866119e-01 
 1096.000  9.843130e-01 
 1097.000  9.843130e-01 
 1098.000  9.790243e-01 
 1099.000  9.592463e-01 
 1100.000  9.592463e-01 
 1101.000  9.596991e-01 
 1102.000  9.596991e-01 
 1103.000  9.519439e-01 
 1104.000  9.519439e-01 
 1105.000  9.458292e-01 
 1106.000  9.458292e-01 
 1107.000  9.446794e-01 
 1108.000  9.446794e-01 
 1109.000  9.293006e-01 
 1110.000  8.990580e-01 
 1111.000  8.990580e-01 
 1112.000  8.856496e-01 
 1113.000  8.856496e-01 
 1114.000  8.010609e-01 
 1115.000  8.010609e-01 
 1116.000  6.301922e-01 
 1117.000  6.301922e-01 
 1118.000  7.177038e-01 
 1119.000  7.177038e-01 
 1120.000  6.668226e-01 
 1121.000  6.668226e-01 
 1122.000  4.936610e-01 
 1123.000  6.866693e-01 
 1124.000  6.866693e-01 
 1125.000  5.386576e-01 
 1126.000  5.386576e-01 
 1127.000  6.051900e-01 
 1128.000  6.051900e-01 
 1129.000  6.081359e-01 
 1130.000  6.081359e-01 
 1131.000  8.255910e-01 
 1132.000  8.255910e-01 
 1133.000  6.113449e-01 
 1134.000  6.113449e-01 
 1135.000  3.924685e-01 
 1136.000  3.924685e-01 
 1137.000  8.344718e-01 
 1138.000  8.344718e-01 
 1139.000  7.719657e-01 
 1140.000  7.719657e-01 
 1141.000  7.617826e-01 
 1142.000  7.617826e-01 
 1143.000  8.114122e-01 
 1144.000  8.114122e-01 
 1145.000  6.340184e-01 
 1146.000  6.340184e-01 
 1147.000  6.260987e-01 
 1148.000  6.260987e-01 
 1149.000  7.140657e-01 
 1150.000  7.140657e-01 
 1151.000  7.877841e-01 
 1152.000  7.877841e-01 
 1153.000  7.410204e-01 
 1154.000  7.410204e-01 
 1155.000  7.842914e-01 
 1156.000  7.842914e-01 
 1157.000  8.458268e-01 
 1158.000  8.458268e-01 
 1159.000  9.177132e-01 
 1160.000  9.177132e-01 
 1161.000  9.064630e-01 
 1162.000  9.064630e-01 
 1163.000  9.377335e-01 
 1164.000  9.377335e-01 
 1165.000  9.270714e-01 
 1166.000  9.270714e-01 
 1167.000  9.520122e-01 
 1168.000  9.520122e-01 
 1169.000  9.598386e-01 
 1170.000  9.598386e-01 
 1171.000  9.639015e-01 
 1172.000  9.639015e-01 
 1173.000  9.268513e-01 
 1174.000  9.268513e-01 
 1175.000  9.844103e-01 
 1176.000  9.844103e-01 
 1177.000  9.492137e-01 
 1178.000  9.492137e-01 
 1179.000  9.746358e-01 
 1180.000  9.746358e-01 
 1181.000  9.198179e-01 
 1182.000  9.198179e-01 
 1183.000  9.615715e-01 
 1184.000  9.615715e-01 
 1185.000  9.747250e-01 
 1186.000  9.747250e-01 
 1187.000  9.240489e-01 
 1188.000  9.240489e-01 
 1189.000  9.240489e-01 
 1190.000  9.607703e-01 
 1191.000  9.607703e-01 
 1192.000  9.858670e-01 
 1193.000  9.858670e-01 
 1194.000  9.680457e-01 
 1195.000  9.680457e-01 
 1196.000  9.771042e-01 
 1197.000  9.771042e-01 
 1198.000  9.603593e-01 
 1199.000  9.603593e-01 
 1200.000  9.569789e-01 
