  250.000  9.997715e-01 
  251.000  9.998310e-01 
  252.000  9.998395e-01 
  253.000  9.998319e-01 
  254.000  9.998230e-01 
  255.000  9.998222e-01 
  256.000  9.998131e-01 
  257.000  9.998149e-01 
  258.000  9.997991e-01 
  259.000  9.997879e-01 
  260.000  9.997872e-01 
  261.000  9.997823e-01 
  262.000  9.997787e-01 
  263.000  9.997510e-01 
  264.000  9.997474e-01 
  265.000  9.997348e-01 
  266.000  9.997367e-01 
  267.000  9.997235e-01 
  268.000  9.997147e-01 
  269.000  9.996696e-01 
  270.000  9.996759e-01 
  271.000  9.996765e-01 
  272.000  9.996728e-01 
  273.000  9.996206e-01 
  274.000  9.996059e-01 
  275.000  9.995933e-01 
  276.000  9.996030e-01 
  277.000  9.995728e-01 
  278.000  9.995561e-01 
  279.000  9.995124e-01 
  280.000  9.994857e-01 
  281.000  9.994727e-01 
  282.000  9.994791e-01 
  283.000  9.994790e-01 
  284.000  9.993910e-01 
  285.000  9.993593e-01 
  286.000  9.993166e-01 
  287.000  9.993403e-01 
  288.000  9.993368e-01 
  289.000  9.992943e-01 
  290.000  9.992287e-01 
  291.000  9.992030e-01 
  292.000  9.991297e-01 
  293.000  9.991379e-01 
  294.000  9.991691e-01 
  295.000  9.990596e-01 
  296.000  9.991100e-01 
  297.000  9.989181e-01 
  298.000  9.989018e-01 
  299.000  9.989190e-01 
  300.000  9.988943e-01 
  301.000  9.989172e-01 
  302.000  9.987548e-01 
  303.000  9.986468e-01 
  304.000  9.986507e-01 
  305.000  9.985865e-01 
  306.000  9.986494e-01 
  307.000  9.985039e-01 
  308.000  9.985678e-01 
  309.000  9.983507e-01 
  310.000  9.984031e-01 
  311.000  9.983057e-01 
  312.000  9.982715e-01 
  313.000  9.981620e-01 
  314.000  9.982295e-01 
  315.000  9.979962e-01 
  316.000  9.980946e-01 
  317.000  9.979792e-01 
  318.000  9.977791e-01 
  319.000  9.979002e-01 
  320.000  9.976814e-01 
  321.000  9.977658e-01 
  322.000  9.976829e-01 
  323.000  9.975481e-01 
  324.000  9.976228e-01 
  325.000  9.974173e-01 
  326.000  9.973758e-01 
  327.000  9.973739e-01 
  328.000  9.972497e-01 
  329.000  9.972658e-01 
  330.000  9.970796e-01 
  331.000  9.971833e-01 
  332.000  9.971606e-01 
  333.000  9.965168e-01 
  334.000  9.970579e-01 
  335.000  9.967016e-01 
  336.000  9.968693e-01 
  337.000  9.967675e-01 
  338.000  9.968867e-01 
  339.000  9.961857e-01 
  340.000  9.963074e-01 
  341.000  9.956394e-01 
  342.000  9.953226e-01 
  343.000  9.953474e-01 
  344.000  9.950337e-01 
  345.000  9.953455e-01 
  346.000  9.956193e-01 
  347.000  9.958075e-01 
  348.000  9.958814e-01 
  349.000  9.957507e-01 
  350.000  9.963456e-01 
  351.000  9.958366e-01 
  352.000  9.961087e-01 
  353.000  9.963885e-01 
  354.000  9.954431e-01 
  355.000  9.951839e-01 
  356.000  9.954011e-01 
  357.000  9.938174e-01 
  358.000  9.930232e-01 
  359.000  9.921492e-01 
  360.000  9.911217e-01 
  361.000  9.903932e-01 
  362.000  9.918194e-01 
  363.000  9.931531e-01 
  364.000  9.944358e-01 
  365.000  9.942953e-01 
  366.000  9.949830e-01 
  367.000  9.951972e-01 
  368.000  9.950733e-01 
  369.000  9.952760e-01 
  370.000  9.951769e-01 
  371.000  9.954836e-01 
  372.000  9.945213e-01 
  373.000  9.949586e-01 
  374.000  9.950553e-01 
  375.000  9.952140e-01 
  376.000  9.942377e-01 
  377.000  9.941211e-01 
  378.000  9.938883e-01 
  379.000  9.927783e-01 
  380.000  9.914634e-01 
  381.000  9.919318e-01 
  382.000  9.929784e-01 
  383.000  9.941694e-01 
  384.000  9.942343e-01 
  385.000  9.945105e-01 
  386.000  9.947442e-01 
  387.000  9.946734e-01 
  388.000  9.945478e-01 
  389.000  9.945184e-01 
  390.000  9.945036e-01 
  391.000  9.946319e-01 
  392.000  9.939747e-01 
  393.000  9.949260e-01 
  394.000  9.949340e-01 
  395.000  9.948096e-01 
  396.000  9.944949e-01 
  397.000  9.949767e-01 
  398.000  9.940477e-01 
  399.000  9.947405e-01 
  400.000  9.938959e-01 
  401.000  9.940872e-01 
  402.000  9.947813e-01 
  403.000  9.951875e-01 
  404.000  9.944062e-01 
  405.000  9.941655e-01 
  406.000  9.949475e-01 
  407.000  9.956174e-01 
  408.000  9.947038e-01 
  409.000  9.942542e-01 
  410.000  9.946190e-01 
  411.000  9.945017e-01 
  412.000  9.952375e-01 
  413.000  9.942622e-01 
  414.000  9.946698e-01 
  415.000  9.947577e-01 
  416.000  9.956314e-01 
  417.000  9.955353e-01 
  418.000  9.950709e-01 
  419.000  9.952069e-01 
  420.000  9.947377e-01 
  421.000  9.946744e-01 
  422.000  9.945356e-01 
  423.000  9.949276e-01 
  424.000  9.944320e-01 
  425.000  9.951601e-01 
  426.000  9.959247e-01 
  427.000  9.952359e-01 
  428.000  9.945835e-01 
  429.000  9.956693e-01 
  430.000  9.956724e-01 
  431.000  9.945349e-01 
  432.000  9.956816e-01 
  433.000  9.955072e-01 
  434.000  9.949055e-01 
  435.000  9.936577e-01 
  436.000  9.948964e-01 
  437.000  9.962737e-01 
  438.000  9.966016e-01 
  439.000  9.939424e-01 
  440.000  9.949725e-01 
  441.000  9.961920e-01 
  442.000  9.966446e-01 
  443.000  9.959328e-01 
  444.000  9.950966e-01 
  445.000  9.938709e-01 
  446.000  9.948654e-01 
  447.000  9.955909e-01 
  448.000  9.929635e-01 
  449.000  9.952360e-01 
  450.000  9.960617e-01 
  451.000  9.960496e-01 
  452.000  9.959985e-01 
  453.000  9.961271e-01 
  454.000  9.967433e-01 
  455.000  9.961252e-01 
  456.000  9.963260e-01 
  457.000  9.969387e-01 
  458.000  9.958161e-01 
  459.000  9.966367e-01 
  460.000  9.960783e-01 
  461.000  9.961601e-01 
  462.000  9.968081e-01 
  463.000  9.952396e-01 
  464.000  9.960672e-01 
  465.000  9.964965e-01 
  466.000  9.972596e-01 
  467.000  9.963332e-01 
  468.000  9.966842e-01 
  469.000  9.969082e-01 
  470.000  9.967526e-01 
  471.000  9.968649e-01 
  472.000  9.959614e-01 
  473.000  9.948288e-01 
  474.000  9.921683e-01 
  475.000  9.907040e-01 
  476.000  9.900234e-01 
  477.000  9.897214e-01 
  478.000  9.898550e-01 
  479.000  9.907011e-01 
  480.000  9.917550e-01 
  481.000  9.941903e-01 
  482.000  9.959852e-01 
  483.000  9.973915e-01 
  484.000  9.976112e-01 
  485.000  9.974760e-01 
  486.000  9.974697e-01 
  487.000  9.978591e-01 
  488.000  9.972352e-01 
  489.000  9.964131e-01 
  490.000  9.972893e-01 
  491.000  9.979009e-01 
  492.000  9.978140e-01 
  493.000  9.977134e-01 
  494.000  9.972513e-01 
  495.000  9.972356e-01 
  496.000  9.972566e-01 
  497.000  9.977435e-01 
  498.000  9.982078e-01 
  499.000  9.985740e-01 
  500.000  9.987043e-01 
  501.000  9.984078e-01 
  502.000  9.974552e-01 
  503.000  9.964435e-01 
  504.000  9.955726e-01 
  505.000  9.965315e-01 
  506.000  9.965733e-01 
  507.000  9.964082e-01 
  508.000  9.971864e-01 
  509.000  9.972668e-01 
  510.000  9.976160e-01 
  511.000  9.976915e-01 
  512.000  9.979008e-01 
  513.000  9.983336e-01 
  514.000  9.985294e-01 
  515.000  9.987472e-01 
  516.000  9.987875e-01 
  517.000  9.988925e-01 
  518.000  9.987550e-01 
  519.000  9.984252e-01 
  520.000  9.983798e-01 
  521.000  9.987506e-01 
  522.000  9.987358e-01 
  523.000  9.985789e-01 
  524.000  9.984537e-01 
  525.000  9.977286e-01 
  526.000  9.977499e-01 
  527.000  9.978778e-01 
  528.000  9.977037e-01 
  529.000  9.976820e-01 
  530.000  9.976700e-01 
  531.000  9.975619e-01 
  532.000  9.974717e-01 
  533.000  9.975432e-01 
  534.000  9.978455e-01 
  535.000  9.980995e-01 
  536.000  9.984514e-01 
  537.000  9.986698e-01 
  538.000  9.985725e-01 
  539.000  9.984285e-01 
  540.000  9.987636e-01 
  541.000  9.978377e-01 
  542.000  9.979505e-01 
  543.000  9.983731e-01 
  544.000  9.986409e-01 
  545.000  9.978935e-01 
  546.000  9.975675e-01 
  547.000  9.983287e-01 
  548.000  9.986784e-01 
  549.000  9.986730e-01 
  550.000  9.986718e-01 
  551.000  9.991696e-01 
  552.000  9.991822e-01 
  553.000  9.989844e-01 
  554.000  9.991961e-01 
  555.000  9.994115e-01 
  556.000  9.995120e-01 
  557.000  9.994717e-01 
  558.000  9.994408e-01 
  559.000  9.995673e-01 
  560.000  9.994793e-01 
  561.000  9.993628e-01 
  562.000  9.992924e-01 
  563.000  9.990378e-01 
  564.000  9.986854e-01 
  565.000  9.984893e-01 
  566.000  9.984639e-01 
  567.000  9.979058e-01 
  568.000  9.971224e-01 
  569.000  9.937627e-01 
  570.000  9.919125e-01 
  571.000  9.919893e-01 
  572.000  9.895251e-01 
  573.000  9.893013e-01 
  574.000  9.873793e-01 
  575.000  9.870220e-01 
  576.000  9.857686e-01 
  577.000  9.853977e-01 
  578.000  9.864544e-01 
  579.000  9.872108e-01 
  580.000  9.881815e-01 
  581.000  9.898721e-01 
  582.000  9.914095e-01 
  583.000  9.928244e-01 
  584.000  9.946408e-01 
  585.000  9.950926e-01 
  586.000  9.962871e-01 
  587.000  9.964691e-01 
  588.000  9.960845e-01 
  589.000  9.864663e-01 
  590.000  9.865433e-01 
  591.000  9.901851e-01 
  592.000  9.827618e-01 
  593.000  9.947436e-01 
  594.000  9.890825e-01 
  595.000  9.930523e-01 
  596.000  9.948768e-01 
  597.000  9.948324e-01 
  598.000  9.952400e-01 
  599.000  9.973320e-01 
  600.000  9.977117e-01 
  601.000  9.989523e-01 
  602.000  9.993224e-01 
  603.000  9.994481e-01 
  604.000  9.997914e-01 
  605.000  9.997708e-01 
  606.000  9.998025e-01 
  607.000  9.998534e-01 
  608.000  9.998332e-01 
  609.000  9.998345e-01 
  610.000  9.998192e-01 
  611.000  9.997826e-01 
  612.000  9.995131e-01 
  613.000  9.995614e-01 
  614.000  9.995136e-01 
  615.000  9.994749e-01 
  616.000  9.991751e-01 
  617.000  9.989153e-01 
  618.000  9.987095e-01 
  619.000  9.983707e-01 
  620.000  9.976642e-01 
  621.000  9.969514e-01 
  622.000  9.966294e-01 
  623.000  9.953603e-01 
  624.000  9.947168e-01 
  625.000  9.940207e-01 
  626.000  9.928120e-01 
  627.000  9.916177e-01 
  628.000  9.680895e-01 
  629.000  9.775248e-01 
  630.000  9.829212e-01 
  631.000  9.888924e-01 
  632.000  9.904854e-01 
  633.000  9.916095e-01 
  634.000  9.927744e-01 
  635.000  9.932743e-01 
  636.000  9.940636e-01 
  637.000  9.951199e-01 
  638.000  9.962594e-01 
  639.000  9.967772e-01 
  640.000  9.971893e-01 
  641.000  9.976615e-01 
  642.000  9.985158e-01 
  643.000  9.983719e-01 
  644.000  9.989789e-01 
  645.000  9.988432e-01 
  646.000  9.963151e-01 
  647.000  9.922830e-01 
  648.000  9.884710e-01 
  649.000  9.913294e-01 
  650.000  9.978580e-01 
  651.000  9.985757e-01 
  652.000  9.963077e-01 
  653.000  9.983680e-01 
  654.000  9.978589e-01 
  655.000  9.900967e-01 
  656.000  9.951640e-01 
  657.000  9.963478e-01 
  658.000  9.985881e-01 
  659.000  9.997103e-01 
  660.000  9.993948e-01 
  661.000  9.998471e-01 
  662.000  9.997978e-01 
  663.000  9.993519e-01 
  664.000  9.997175e-01 
  665.000  9.997459e-01 
  666.000  9.998079e-01 
  667.000  9.998872e-01 
  668.000  9.998630e-01 
  669.000  9.998676e-01 
  670.000  9.999040e-01 
  671.000  9.999288e-01 
  672.000  9.999248e-01 
  673.000  9.998869e-01 
  674.000  9.999110e-01 
  675.000  9.999138e-01 
  676.000  9.999070e-01 
  677.000  9.999141e-01 
  678.000  9.999456e-01 
  679.000  9.999419e-01 
  680.000  9.999103e-01 
  681.000  9.998097e-01 
  682.000  9.998941e-01 
  683.000  9.994664e-01 
  684.000  9.994767e-01 
  685.000  9.998432e-01 
  686.000  9.996263e-01 
  687.000  6.943623e-01 
  688.000  8.713291e-01 
  689.000  9.061376e-01 
  690.000  9.353735e-01 
  691.000  9.515114e-01 
  692.000  9.824744e-01 
  693.000  9.756951e-01 
  694.000  9.654037e-01 
  695.000  9.819515e-01 
  696.000  9.770060e-01 
  697.000  9.972715e-01 
  698.000  9.964790e-01 
  699.000  9.877588e-01 
  700.000  9.882575e-01 
  701.000  9.813491e-01 
  702.000  9.845075e-01 
  703.000  9.869369e-01 
  704.000  9.888446e-01 
  705.000  9.892623e-01 
  706.000  9.923147e-01 
  707.000  9.947837e-01 
  708.000  9.964261e-01 
  709.000  9.963500e-01 
  710.000  9.953991e-01 
  711.000  9.973114e-01 
  712.000  9.958077e-01 
  713.000  9.975442e-01 
  714.000  9.959130e-01 
  715.000  9.913616e-01 
  716.000  9.918735e-01 
  717.000  9.735316e-01 
  718.000  9.217268e-01 
  719.000  8.722106e-01 
  720.000  9.299352e-01 
  721.000  9.831096e-01 
  722.000  9.816197e-01 
  723.000  9.787948e-01 
  724.000  9.108053e-01 
  725.000  9.335318e-01 
  726.000  9.627081e-01 
  727.000  9.497937e-01 
  728.000  9.263952e-01 
  729.000  9.396528e-01 
  730.000  9.658166e-01 
  731.000  9.511539e-01 
  732.000  9.593915e-01 
  733.000  9.807456e-01 
  734.000  9.917446e-01 
  735.000  9.838679e-01 
  736.000  9.891804e-01 
  737.000  9.889901e-01 
  738.000  9.921237e-01 
  739.000  9.929794e-01 
  740.000  9.969984e-01 
  741.000  9.990727e-01 
  742.000  9.990528e-01 
  743.000  9.988465e-01 
  744.000  9.994060e-01 
  745.000  9.996908e-01 
  746.000  9.999096e-01 
  747.000  9.998035e-01 
  748.000  9.998933e-01 
  749.000  9.998581e-01 
  750.000  9.998791e-01 
  751.000  9.998135e-01 
  752.000  9.999471e-01 
  753.000  9.999638e-01 
  754.000  9.999183e-01 
  755.000  9.998681e-01 
  756.000  9.998238e-01 
  757.000  9.999858e-01 
  758.000  9.999833e-01 
  759.000  9.896483e-01 
  760.000  3.622081e-01 
  761.000  2.574419e-01 
  762.000  6.593497e-01 
  763.000  5.523959e-01 
  764.000  6.191906e-01 
  765.000  7.531136e-01 
  766.000  8.830941e-01 
  767.000  9.294984e-01 
  768.000  9.796552e-01 
  769.000  9.928791e-01 
  770.000  9.924704e-01 
  771.000  9.982762e-01 
  772.000  9.998989e-01 
  773.000  9.998947e-01 
  774.000  9.998687e-01 
  775.000  9.999062e-01 
  776.000  9.999328e-01 
  777.000  9.999765e-01 
  778.000  9.999951e-01 
  779.000  9.999943e-01 
  780.000  9.999943e-01 
  781.000  9.999943e-01 
  782.000  9.999182e-01 
  783.000  9.999691e-01 
  784.000  9.996771e-01 
  785.000  9.993635e-01 
  786.000  9.978660e-01 
  787.000  9.976324e-01 
  788.000  9.945909e-01 
  789.000  9.944018e-01 
  790.000  9.890845e-01 
  791.000  9.894804e-01 
  792.000  9.916437e-01 
  793.000  9.930416e-01 
  794.000  9.992741e-01 
  795.000  9.969443e-01 
  796.000  9.824109e-01 
  797.000  9.928287e-01 
  798.000  9.937741e-01 
  799.000  9.959688e-01 
  800.000  9.897958e-01 
  801.000  9.867862e-01 
  802.000  9.908593e-01 
  803.000  9.900118e-01 
  804.000  9.896484e-01 
  805.000  9.923057e-01 
  806.000  9.976183e-01 
  807.000  9.943413e-01 
  808.000  9.976179e-01 
  809.000  9.925216e-01 
  810.000  9.898683e-01 
  811.000  9.908039e-01 
  812.000  9.850876e-01 
  813.000  9.740449e-01 
  814.000  9.547420e-01 
  815.000  9.306237e-01 
  816.000  9.489679e-01 
  817.000  8.634499e-01 
  818.000  9.232368e-01 
  819.000  9.486191e-01 
  820.000  9.152400e-01 
  821.000  9.880547e-01 
  822.000  9.789407e-01 
  823.000  8.375449e-01 
  824.000  9.663749e-01 
  825.000  9.828577e-01 
  826.000  9.651867e-01 
  827.000  9.818308e-01 
  828.000  9.362212e-01 
  829.000  9.714836e-01 
  830.000  9.630954e-01 
  831.000  9.671022e-01 
  832.000  9.666458e-01 
  833.000  9.798989e-01 
  834.000  9.796348e-01 
  835.000  9.869483e-01 
  836.000  9.877422e-01 
  837.000  9.872992e-01 
  838.000  9.921845e-01 
  839.000  9.946098e-01 
  840.000  9.951842e-01 
  841.000  9.951842e-01 
  842.000  9.907860e-01 
  843.000  9.989387e-01 
  844.000  9.939849e-01 
  845.000  9.979202e-01 
  846.000  9.989012e-01 
  847.000  9.996377e-01 
  848.000  9.985365e-01 
  849.000  9.989721e-01 
  850.000  9.984045e-01 
  851.000  9.969254e-01 
  852.000  9.987141e-01 
  853.000  9.990315e-01 
  854.000  9.986125e-01 
  855.000  9.986125e-01 
  856.000  9.989679e-01 
  857.000  9.997736e-01 
  858.000  9.989398e-01 
  859.000  9.994220e-01 
  860.000  9.999393e-01 
  861.000  9.996934e-01 
  862.000  9.999014e-01 
  863.000  9.996777e-01 
  864.000  9.999700e-01 
  865.000  9.999700e-01 
  866.000  9.999166e-01 
  867.000  9.999881e-01 
  868.000  9.999161e-01 
  869.000  9.998255e-01 
  870.000  9.999135e-01 
  871.000  9.999163e-01 
  872.000  9.999763e-01 
  873.000  9.998935e-01 
  874.000  9.998935e-01 
  875.000  9.999914e-01 
  876.000  9.999946e-01 
  877.000  9.999126e-01 
  878.000  9.998333e-01 
  879.000  9.998078e-01 
  880.000  9.999266e-01 
  881.000  9.999266e-01 
  882.000  9.994124e-01 
  883.000  9.995514e-01 
  884.000  9.995684e-01 
  885.000  9.996365e-01 
  886.000  9.967434e-01 
  887.000  9.993465e-01 
  888.000  9.993465e-01 
  889.000  9.986923e-01 
  890.000  9.970436e-01 
  891.000  9.992591e-01 
  892.000  9.966262e-01 
  893.000  9.897288e-01 
  894.000  9.897288e-01 
  895.000  9.734470e-01 
  896.000  9.584945e-01 
  897.000  8.890064e-01 
  898.000  9.550226e-01 
  899.000  8.260902e-01 
  900.000  8.260902e-01 
  901.000  8.551986e-01 
  902.000  8.824632e-01 
  903.000  9.120879e-01 
  904.000  9.786988e-01 
  905.000  9.696581e-01 
  906.000  9.696581e-01 
  907.000  8.979396e-01 
  908.000  8.772852e-01 
  909.000  8.883809e-01 
  910.000  8.730079e-01 
  911.000  8.730079e-01 
  912.000  9.455562e-01 
  913.000  9.094612e-01 
  914.000  8.847466e-01 
  915.000  8.472772e-01 
  916.000  8.472772e-01 
  917.000  9.424400e-01 
  918.000  8.648881e-01 
  919.000  9.248746e-01 
  920.000  9.762096e-01 
  921.000  9.762096e-01 
  922.000  9.628582e-01 
  923.000  9.617967e-01 
  924.000  9.486949e-01 
  925.000  9.486949e-01 
  926.000  9.551755e-01 
  927.000  9.603633e-01 
  928.000  8.835865e-01 
  929.000  8.678040e-01 
  930.000  8.678040e-01 
  931.000  7.487487e-01 
  932.000  5.807731e-01 
  933.000  6.121403e-01 
  934.000  6.121403e-01 
  935.000  5.605872e-01 
  936.000  5.303031e-01 
  937.000  5.247341e-01 
  938.000  5.247341e-01 
  939.000  6.562133e-01 
  940.000  7.800593e-01 
  941.000  7.332118e-01 
  942.000  7.332118e-01 
  943.000  6.351776e-01 
  944.000  6.432620e-01 
  945.000  7.291521e-01 
  946.000  7.291521e-01 
  947.000  6.491863e-01 
  948.000  6.701460e-01 
  949.000  7.290283e-01 
  950.000  7.290283e-01 
  951.000  7.394968e-01 
  952.000  6.465464e-01 
  953.000  7.753087e-01 
  954.000  7.753087e-01 
  955.000  7.701120e-01 
  956.000  6.689855e-01 
  957.000  8.144290e-01 
  958.000  8.144290e-01 
  959.000  7.286238e-01 
  960.000  8.002931e-01 
  961.000  8.002931e-01 
  962.000  8.221655e-01 
  963.000  8.757136e-01 
  964.000  7.917315e-01 
  965.000  7.917315e-01 
  966.000  8.492891e-01 
  967.000  9.175095e-01 
  968.000  9.175095e-01 
  969.000  9.323879e-01 
  970.000  9.604750e-01 
  971.000  9.697174e-01 
  972.000  9.697174e-01 
  973.000  9.583150e-01 
  974.000  9.010379e-01 
  975.000  9.010379e-01 
  976.000  8.854424e-01 
  977.000  9.436928e-01 
  978.000  9.354349e-01 
  979.000  9.354349e-01 
  980.000  9.361550e-01 
  981.000  9.816694e-01 
  982.000  9.816694e-01 
  983.000  9.678207e-01 
  984.000  9.799903e-01 
  985.000  9.799903e-01 
  986.000  9.946296e-01 
  987.000  9.890671e-01 
  988.000  9.890671e-01 
  989.000  9.974667e-01 
  990.000  9.939886e-01 
  991.000  9.939886e-01 
  992.000  9.963044e-01 
  993.000  9.958180e-01 
  994.000  9.958180e-01 
  995.000  9.992746e-01 
  996.000  9.993409e-01 
  997.000  9.993409e-01 
  998.000  9.993230e-01 
  999.000  9.990169e-01 
 1000.000  9.990169e-01 
 1001.000  9.991495e-01 
 1002.000  9.943506e-01 
 1003.000  9.943506e-01 
 1004.000  9.991267e-01 
 1005.000  9.993241e-01 
 1006.000  9.993241e-01 
 1007.000  9.994551e-01 
 1008.000  9.985321e-01 
 1009.000  9.985321e-01 
 1010.000  9.949521e-01 
 1011.000  9.993773e-01 
 1012.000  9.993773e-01 
 1013.000  9.995224e-01 
 1014.000  9.993657e-01 
 1015.000  9.993657e-01 
 1016.000  9.995904e-01 
 1017.000  9.993027e-01 
 1018.000  9.993027e-01 
 1019.000  9.989706e-01 
 1020.000  9.995996e-01 
 1021.000  9.995996e-01 
 1022.000  9.989905e-01 
 1023.000  9.989905e-01 
 1024.000  9.988335e-01 
 1025.000  9.995450e-01 
 1026.000  9.995450e-01 
 1027.000  9.991716e-01 
 1028.000  9.995415e-01 
 1029.000  9.995415e-01 
 1030.000  9.996482e-01 
 1031.000  9.995547e-01 
 1032.000  9.995547e-01 
 1033.000  9.995282e-01 
 1034.000  9.995282e-01 
 1035.000  9.995272e-01 
 1036.000  9.990613e-01 
 1037.000  9.990613e-01 
 1038.000  9.989980e-01 
 1039.000  9.984834e-01 
 1040.000  9.984834e-01 
 1041.000  9.981316e-01 
 1042.000  9.981316e-01 
 1043.000  9.976887e-01 
 1044.000  9.970273e-01 
 1045.000  9.970273e-01 
 1046.000  9.961203e-01 
 1047.000  9.961203e-01 
 1048.000  9.952171e-01 
 1049.000  9.934210e-01 
 1050.000  9.934210e-01 
 1051.000  9.926117e-01 
 1052.000  9.926117e-01 
 1053.000  9.913837e-01 
 1054.000  9.903383e-01 
 1055.000  9.903383e-01 
 1056.000  9.891205e-01 
 1057.000  9.891205e-01 
 1058.000  9.880258e-01 
 1059.000  9.869365e-01 
 1060.000  9.869365e-01 
 1061.000  9.862402e-01 
 1062.000  9.862402e-01 
 1063.000  9.850157e-01 
 1064.000  9.842811e-01 
 1065.000  9.842811e-01 
 1066.000  9.853799e-01 
 1067.000  9.853799e-01 
 1068.000  9.845300e-01 
 1069.000  9.856170e-01 
 1070.000  9.856170e-01 
 1071.000  9.870756e-01 
 1072.000  9.870756e-01 
 1073.000  9.881561e-01 
 1074.000  9.881561e-01 
 1075.000  9.861652e-01 
 1076.000  9.864059e-01 
 1077.000  9.864059e-01 
 1078.000  9.901962e-01 
 1079.000  9.901962e-01 
 1080.000  9.878335e-01 
 1081.000  9.878335e-01 
 1082.000  9.902962e-01 
 1083.000  9.882459e-01 
 1084.000  9.882459e-01 
 1085.000  9.837801e-01 
 1086.000  9.837801e-01 
 1087.000  9.912630e-01 
 1088.000  9.912630e-01 
 1089.000  9.881640e-01 
 1090.000  9.865041e-01 
 1091.000  9.865041e-01 
 1092.000  9.812627e-01 
 1093.000  9.812627e-01 
 1094.000  9.811726e-01 
 1095.000  9.811726e-01 
 1096.000  9.779642e-01 
 1097.000  9.779642e-01 
 1098.000  9.705798e-01 
 1099.000  9.438142e-01 
 1100.000  9.438142e-01 
 1101.000  9.444920e-01 
 1102.000  9.444920e-01 
 1103.000  9.339716e-01 
 1104.000  9.339716e-01 
 1105.000  9.256748e-01 
 1106.000  9.256748e-01 
 1107.000  9.242741e-01 
 1108.000  9.242741e-01 
 1109.000  9.036126e-01 
 1110.000  8.677624e-01 
 1111.000  8.677624e-01 
 1112.000  8.482292e-01 
 1113.000  8.482292e-01 
 1114.000  7.626050e-01 
 1115.000  7.626050e-01 
 1116.000  5.656323e-01 
 1117.000  5.656323e-01 
 1118.000  6.675729e-01 
 1119.000  6.675729e-01 
 1120.000  6.052152e-01 
 1121.000  6.052152e-01 
 1122.000  4.202189e-01 
 1123.000  6.289617e-01 
 1124.000  6.289617e-01 
 1125.000  4.674218e-01 
 1126.000  4.674218e-01 
 1127.000  5.334131e-01 
 1128.000  5.334131e-01 
 1129.000  5.361614e-01 
 1130.000  5.361614e-01 
 1131.000  7.774984e-01 
 1132.000  7.774984e-01 
 1133.000  5.373530e-01 
 1134.000  5.373530e-01 
 1135.000  3.324952e-01 
 1136.000  3.324952e-01 
 1137.000  7.850980e-01 
 1138.000  7.850980e-01 
 1139.000  7.269232e-01 
 1140.000  7.269232e-01 
 1141.000  7.130049e-01 
 1142.000  7.130049e-01 
 1143.000  7.571830e-01 
 1144.000  7.571830e-01 
 1145.000  5.726358e-01 
 1146.000  5.726358e-01 
 1147.000  5.575178e-01 
 1148.000  5.575178e-01 
 1149.000  6.575767e-01 
 1150.000  6.575767e-01 
 1151.000  7.439360e-01 
 1152.000  7.439360e-01 
 1153.000  6.947095e-01 
 1154.000  6.947095e-01 
 1155.000  7.396144e-01 
 1156.000  7.396144e-01 
 1157.000  8.051111e-01 
 1158.000  8.051111e-01 
 1159.000  8.881207e-01 
 1160.000  8.881207e-01 
 1161.000  8.733637e-01 
 1162.000  8.733637e-01 
 1163.000  9.159157e-01 
 1164.000  9.159157e-01 
 1165.000  9.012429e-01 
 1166.000  9.012429e-01 
 1167.000  9.343544e-01 
 1168.000  9.343544e-01 
 1169.000  9.445059e-01 
 1170.000  9.445059e-01 
 1171.000  9.503617e-01 
 1172.000  9.503617e-01 
 1173.000  9.005890e-01 
 1174.000  9.005890e-01 
 1175.000  9.780720e-01 
 1176.000  9.780720e-01 
 1177.000  9.307268e-01 
 1178.000  9.307268e-01 
 1179.000  9.650740e-01 
 1180.000  9.650740e-01 
 1181.000  8.929639e-01 
 1182.000  8.929639e-01 
 1183.000  9.474959e-01 
 1184.000  9.474959e-01 
 1185.000  9.646438e-01 
 1186.000  9.646438e-01 
 1187.000  9.013610e-01 
 1188.000  9.013610e-01 
 1189.000  9.013610e-01 
 1190.000  9.467635e-01 
 1191.000  9.467635e-01 
 1192.000  9.801194e-01 
 1193.000  9.801194e-01 
 1194.000  9.563394e-01 
 1195.000  9.563394e-01 
 1196.000  9.678980e-01 
 1197.000  9.678980e-01 
 1198.000  9.455093e-01 
 1199.000  9.455093e-01 
 1200.000  9.415688e-01 
