  250.000  9.997447e-01 
  251.000  9.998112e-01 
  252.000  9.998207e-01 
  253.000  9.998122e-01 
  254.000  9.998021e-01 
  255.000  9.998012e-01 
  256.000  9.997910e-01 
  257.000  9.997929e-01 
  258.000  9.997754e-01 
  259.000  9.997630e-01 
  260.000  9.997618e-01 
  261.000  9.997565e-01 
  262.000  9.997526e-01 
  263.000  9.997217e-01 
  264.000  9.997177e-01 
  265.000  9.997035e-01 
  266.000  9.997055e-01 
  267.000  9.996908e-01 
  268.000  9.996812e-01 
  269.000  9.996307e-01 
  270.000  9.996378e-01 
  271.000  9.996383e-01 
  272.000  9.996343e-01 
  273.000  9.995757e-01 
  274.000  9.995594e-01 
  275.000  9.995453e-01 
  276.000  9.995562e-01 
  277.000  9.995224e-01 
  278.000  9.995037e-01 
  279.000  9.994550e-01 
  280.000  9.994251e-01 
  281.000  9.994106e-01 
  282.000  9.994180e-01 
  283.000  9.994177e-01 
  284.000  9.993193e-01 
  285.000  9.992839e-01 
  286.000  9.992361e-01 
  287.000  9.992626e-01 
  288.000  9.992586e-01 
  289.000  9.992112e-01 
  290.000  9.991379e-01 
  291.000  9.991093e-01 
  292.000  9.990271e-01 
  293.000  9.990363e-01 
  294.000  9.990713e-01 
  295.000  9.989491e-01 
  296.000  9.990052e-01 
  297.000  9.987907e-01 
  298.000  9.987726e-01 
  299.000  9.987917e-01 
  300.000  9.987642e-01 
  301.000  9.987899e-01 
  302.000  9.986084e-01 
  303.000  9.984877e-01 
  304.000  9.984919e-01 
  305.000  9.984202e-01 
  306.000  9.984903e-01 
  307.000  9.983281e-01 
  308.000  9.983994e-01 
  309.000  9.981567e-01 
  310.000  9.982153e-01 
  311.000  9.981065e-01 
  312.000  9.980680e-01 
  313.000  9.979460e-01 
  314.000  9.980214e-01 
  315.000  9.977607e-01 
  316.000  9.978706e-01 
  317.000  9.977418e-01 
  318.000  9.975180e-01 
  319.000  9.976534e-01 
  320.000  9.974089e-01 
  321.000  9.975032e-01 
  322.000  9.974105e-01 
  323.000  9.972600e-01 
  324.000  9.973435e-01 
  325.000  9.971138e-01 
  326.000  9.970676e-01 
  327.000  9.970654e-01 
  328.000  9.969265e-01 
  329.000  9.969446e-01 
  330.000  9.967365e-01 
  331.000  9.968523e-01 
  332.000  9.968271e-01 
  333.000  9.961077e-01 
  334.000  9.967122e-01 
  335.000  9.963142e-01 
  336.000  9.965016e-01 
  337.000  9.963878e-01 
  338.000  9.965208e-01 
  339.000  9.957380e-01 
  340.000  9.958739e-01 
  341.000  9.951276e-01 
  342.000  9.947737e-01 
  343.000  9.948014e-01 
  344.000  9.944510e-01 
  345.000  9.947993e-01 
  346.000  9.951051e-01 
  347.000  9.953153e-01 
  348.000  9.953980e-01 
  349.000  9.952520e-01 
  350.000  9.959165e-01 
  351.000  9.953480e-01 
  352.000  9.956518e-01 
  353.000  9.959645e-01 
  354.000  9.949083e-01 
  355.000  9.946187e-01 
  356.000  9.948613e-01 
  357.000  9.930926e-01 
  358.000  9.922055e-01 
  359.000  9.912295e-01 
  360.000  9.900825e-01 
  361.000  9.892690e-01 
  362.000  9.908612e-01 
  363.000  9.923506e-01 
  364.000  9.937829e-01 
  365.000  9.936262e-01 
  366.000  9.943945e-01 
  367.000  9.946336e-01 
  368.000  9.944952e-01 
  369.000  9.947218e-01 
  370.000  9.946110e-01 
  371.000  9.949535e-01 
  372.000  9.938785e-01 
  373.000  9.943669e-01 
  374.000  9.944750e-01 
  375.000  9.946526e-01 
  376.000  9.935620e-01 
  377.000  9.934316e-01 
  378.000  9.931716e-01 
  379.000  9.919321e-01 
  380.000  9.904639e-01 
  381.000  9.909868e-01 
  382.000  9.921554e-01 
  383.000  9.934856e-01 
  384.000  9.935580e-01 
  385.000  9.938667e-01 
  386.000  9.941277e-01 
  387.000  9.940488e-01 
  388.000  9.939082e-01 
  389.000  9.938753e-01 
  390.000  9.938587e-01 
  391.000  9.940022e-01 
  392.000  9.932680e-01 
  393.000  9.943307e-01 
  394.000  9.943395e-01 
  395.000  9.942007e-01 
  396.000  9.938492e-01 
  397.000  9.943874e-01 
  398.000  9.933497e-01 
  399.000  9.941235e-01 
  400.000  9.931801e-01 
  401.000  9.933938e-01 
  402.000  9.941691e-01 
  403.000  9.946226e-01 
  404.000  9.937501e-01 
  405.000  9.934812e-01 
  406.000  9.943547e-01 
  407.000  9.951031e-01 
  408.000  9.940826e-01 
  409.000  9.935803e-01 
  410.000  9.939878e-01 
  411.000  9.938567e-01 
  412.000  9.946786e-01 
  413.000  9.935893e-01 
  414.000  9.940445e-01 
  415.000  9.941426e-01 
  416.000  9.951186e-01 
  417.000  9.950111e-01 
  418.000  9.944927e-01 
  419.000  9.946444e-01 
  420.000  9.941202e-01 
  421.000  9.940495e-01 
  422.000  9.938946e-01 
  423.000  9.943326e-01 
  424.000  9.937789e-01 
  425.000  9.945921e-01 
  426.000  9.954462e-01 
  427.000  9.946768e-01 
  428.000  9.939482e-01 
  429.000  9.951611e-01 
  430.000  9.951645e-01 
  431.000  9.938938e-01 
  432.000  9.951748e-01 
  433.000  9.949799e-01 
  434.000  9.943078e-01 
  435.000  9.929142e-01 
  436.000  9.942976e-01 
  437.000  9.958363e-01 
  438.000  9.962024e-01 
  439.000  9.932321e-01 
  440.000  9.943826e-01 
  441.000  9.957449e-01 
  442.000  9.962505e-01 
  443.000  9.954554e-01 
  444.000  9.945212e-01 
  445.000  9.931523e-01 
  446.000  9.942630e-01 
  447.000  9.950733e-01 
  448.000  9.921389e-01 
  449.000  9.946769e-01 
  450.000  9.955993e-01 
  451.000  9.955859e-01 
  452.000  9.955286e-01 
  453.000  9.956724e-01 
  454.000  9.963608e-01 
  455.000  9.956702e-01 
  456.000  9.958946e-01 
  457.000  9.965791e-01 
  458.000  9.953249e-01 
  459.000  9.962418e-01 
  460.000  9.956178e-01 
  461.000  9.957093e-01 
  462.000  9.964332e-01 
  463.000  9.946809e-01 
  464.000  9.956055e-01 
  465.000  9.960850e-01 
  466.000  9.969376e-01 
  467.000  9.959026e-01 
  468.000  9.962948e-01 
  469.000  9.965450e-01 
  470.000  9.963712e-01 
  471.000  9.964965e-01 
  472.000  9.954873e-01 
  473.000  9.942221e-01 
  474.000  9.912509e-01 
  475.000  9.896160e-01 
  476.000  9.888561e-01 
  477.000  9.885190e-01 
  478.000  9.886681e-01 
  479.000  9.896128e-01 
  480.000  9.907894e-01 
  481.000  9.935089e-01 
  482.000  9.955139e-01 
  483.000  9.970849e-01 
  484.000  9.973304e-01 
  485.000  9.971793e-01 
  486.000  9.971724e-01 
  487.000  9.976075e-01 
  488.000  9.969104e-01 
  489.000  9.959919e-01 
  490.000  9.969709e-01 
  491.000  9.976541e-01 
  492.000  9.975570e-01 
  493.000  9.974447e-01 
  494.000  9.969284e-01 
  495.000  9.969108e-01 
  496.000  9.969342e-01 
  497.000  9.974784e-01 
  498.000  9.979969e-01 
  499.000  9.984062e-01 
  500.000  9.985518e-01 
  501.000  9.982206e-01 
  502.000  9.971561e-01 
  503.000  9.960257e-01 
  504.000  9.950530e-01 
  505.000  9.961241e-01 
  506.000  9.961709e-01 
  507.000  9.959864e-01 
  508.000  9.968559e-01 
  509.000  9.969456e-01 
  510.000  9.973360e-01 
  511.000  9.974201e-01 
  512.000  9.976541e-01 
  513.000  9.981377e-01 
  514.000  9.983565e-01 
  515.000  9.985999e-01 
  516.000  9.986449e-01 
  517.000  9.987624e-01 
  518.000  9.986086e-01 
  519.000  9.982399e-01 
  520.000  9.981894e-01 
  521.000  9.986036e-01 
  522.000  9.985872e-01 
  523.000  9.984118e-01 
  524.000  9.982718e-01 
  525.000  9.974616e-01 
  526.000  9.974853e-01 
  527.000  9.976284e-01 
  528.000  9.974338e-01 
  529.000  9.974096e-01 
  530.000  9.973962e-01 
  531.000  9.972753e-01 
  532.000  9.971746e-01 
  533.000  9.972544e-01 
  534.000  9.975923e-01 
  535.000  9.978760e-01 
  536.000  9.982693e-01 
  537.000  9.985133e-01 
  538.000  9.984046e-01 
  539.000  9.982436e-01 
  540.000  9.986182e-01 
  541.000  9.975836e-01 
  542.000  9.977095e-01 
  543.000  9.981818e-01 
  544.000  9.984812e-01 
  545.000  9.976460e-01 
  546.000  9.972817e-01 
  547.000  9.981322e-01 
  548.000  9.985229e-01 
  549.000  9.985169e-01 
  550.000  9.985157e-01 
  551.000  9.990719e-01 
  552.000  9.990858e-01 
  553.000  9.988649e-01 
  554.000  9.991015e-01 
  555.000  9.993422e-01 
  556.000  9.994544e-01 
  557.000  9.994095e-01 
  558.000  9.993750e-01 
  559.000  9.995162e-01 
  560.000  9.994181e-01 
  561.000  9.992877e-01 
  562.000  9.992090e-01 
  563.000  9.989247e-01 
  564.000  9.985308e-01 
  565.000  9.983116e-01 
  566.000  9.982833e-01 
  567.000  9.976596e-01 
  568.000  9.967844e-01 
  569.000  9.930314e-01 
  570.000  9.909653e-01 
  571.000  9.910509e-01 
  572.000  9.882999e-01 
  573.000  9.880502e-01 
  574.000  9.859050e-01 
  575.000  9.855061e-01 
  576.000  9.841077e-01 
  577.000  9.836937e-01 
  578.000  9.848729e-01 
  579.000  9.857170e-01 
  580.000  9.868004e-01 
  581.000  9.886872e-01 
  582.000  9.904037e-01 
  583.000  9.919835e-01 
  584.000  9.940122e-01 
  585.000  9.945168e-01 
  586.000  9.958512e-01 
  587.000  9.960546e-01 
  588.000  9.956248e-01 
  589.000  9.849172e-01 
  590.000  9.849830e-01 
  591.000  9.890451e-01 
  592.000  9.807951e-01 
  593.000  9.941303e-01 
  594.000  9.878303e-01 
  595.000  9.922380e-01 
  596.000  9.942757e-01 
  597.000  9.942262e-01 
  598.000  9.946814e-01 
  599.000  9.970183e-01 
  600.000  9.974427e-01 
  601.000  9.988291e-01 
  602.000  9.992425e-01 
  603.000  9.993831e-01 
  604.000  9.997668e-01 
  605.000  9.997438e-01 
  606.000  9.997791e-01 
  607.000  9.998361e-01 
  608.000  9.998134e-01 
  609.000  9.998150e-01 
  610.000  9.997978e-01 
  611.000  9.997571e-01 
  612.000  9.994558e-01 
  613.000  9.995097e-01 
  614.000  9.994562e-01 
  615.000  9.994131e-01 
  616.000  9.990781e-01 
  617.000  9.987876e-01 
  618.000  9.985577e-01 
  619.000  9.981793e-01 
  620.000  9.973897e-01 
  621.000  9.965932e-01 
  622.000  9.962333e-01 
  623.000  9.948158e-01 
  624.000  9.940970e-01 
  625.000  9.933194e-01 
  626.000  9.919698e-01 
  627.000  9.906361e-01 
  628.000  9.644678e-01 
  629.000  9.752173e-01 
  630.000  9.809312e-01 
  631.000  9.875938e-01 
  632.000  9.893720e-01 
  633.000  9.906269e-01 
  634.000  9.919277e-01 
  635.000  9.924859e-01 
  636.000  9.933674e-01 
  637.000  9.945471e-01 
  638.000  9.958202e-01 
  639.000  9.963985e-01 
  640.000  9.968590e-01 
  641.000  9.973866e-01 
  642.000  9.983412e-01 
  643.000  9.981805e-01 
  644.000  9.988589e-01 
  645.000  9.987071e-01 
  646.000  9.958825e-01 
  647.000  9.913858e-01 
  648.000  9.871460e-01 
  649.000  9.903268e-01 
  650.000  9.976062e-01 
  651.000  9.984084e-01 
  652.000  9.958740e-01 
  653.000  9.981760e-01 
  654.000  9.976072e-01 
  655.000  9.889733e-01 
  656.000  9.946022e-01 
  657.000  9.959222e-01 
  658.000  9.984220e-01 
  659.000  9.996760e-01 
  660.000  9.993235e-01 
  661.000  9.998292e-01 
  662.000  9.997739e-01 
  663.000  9.992757e-01 
  664.000  9.996842e-01 
  665.000  9.997159e-01 
  666.000  9.997854e-01 
  667.000  9.998739e-01 
  668.000  9.998468e-01 
  669.000  9.998519e-01 
  670.000  9.998926e-01 
  671.000  9.999204e-01 
  672.000  9.999159e-01 
  673.000  9.998735e-01 
  674.000  9.999004e-01 
  675.000  9.999036e-01 
  676.000  9.998960e-01 
  677.000  9.999042e-01 
  678.000  9.999391e-01 
  679.000  9.999351e-01 
  680.000  9.998997e-01 
  681.000  9.997874e-01 
  682.000  9.998816e-01 
  683.000  9.994036e-01 
  684.000  9.994152e-01 
  685.000  9.998248e-01 
  686.000  9.995824e-01 
  687.000  6.787427e-01 
  688.000  8.587809e-01 
  689.000  8.969238e-01 
  690.000  9.284104e-01 
  691.000  9.465156e-01 
  692.000  9.804992e-01 
  693.000  9.729905e-01 
  694.000  9.615819e-01 
  695.000  9.799368e-01 
  696.000  9.744937e-01 
  697.000  9.969510e-01 
  698.000  9.960656e-01 
  699.000  9.863585e-01 
  700.000  9.869128e-01 
  701.000  9.792094e-01 
  702.000  9.827279e-01 
  703.000  9.854496e-01 
  704.000  9.875721e-01 
  705.000  9.880258e-01 
  706.000  9.914231e-01 
  707.000  9.941717e-01 
  708.000  9.960064e-01 
  709.000  9.959213e-01 
  710.000  9.948590e-01 
  711.000  9.969954e-01 
  712.000  9.953201e-01 
  713.000  9.972555e-01 
  714.000  9.954332e-01 
  715.000  9.903574e-01 
  716.000  9.909307e-01 
  717.000  9.705076e-01 
  718.000  9.138627e-01 
  719.000  8.624231e-01 
  720.000  9.224061e-01 
  721.000  9.811729e-01 
  722.000  9.795327e-01 
  723.000  9.763885e-01 
  724.000  9.027284e-01 
  725.000  9.264003e-01 
  726.000  9.585373e-01 
  727.000  9.442853e-01 
  728.000  9.185743e-01 
  729.000  9.330271e-01 
  730.000  9.619954e-01 
  731.000  9.457557e-01 
  732.000  9.548491e-01 
  733.000  9.785557e-01 
  734.000  9.907920e-01 
  735.000  9.820263e-01 
  736.000  9.879343e-01 
  737.000  9.877212e-01 
  738.000  9.912088e-01 
  739.000  9.921657e-01 
  740.000  9.966459e-01 
  741.000  9.989636e-01 
  742.000  9.989413e-01 
  743.000  9.987109e-01 
  744.000  9.993362e-01 
  745.000  9.996543e-01 
  746.000  9.998990e-01 
  747.000  9.997804e-01 
  748.000  9.998808e-01 
  749.000  9.998412e-01 
  750.000  9.998648e-01 
  751.000  9.997914e-01 
  752.000  9.999409e-01 
  753.000  9.999595e-01 
  754.000  9.999087e-01 
  755.000  9.998525e-01 
  756.000  9.998030e-01 
  757.000  9.999840e-01 
  758.000  9.999814e-01 
  759.000  9.885045e-01 
  760.000  3.369459e-01 
  761.000  2.289168e-01 
  762.000  6.390026e-01 
  763.000  5.279469e-01 
  764.000  5.995670e-01 
  765.000  7.391739e-01 
  766.000  8.728964e-01 
  767.000  9.222655e-01 
  768.000  9.774862e-01 
  769.000  9.920446e-01 
  770.000  9.916182e-01 
  771.000  9.980734e-01 
  772.000  9.998869e-01 
  773.000  9.998822e-01 
  774.000  9.998532e-01 
  775.000  9.998951e-01 
  776.000  9.999249e-01 
  777.000  9.999737e-01 
  778.000  9.999944e-01 
  779.000  9.999935e-01 
  780.000  9.999936e-01 
  781.000  9.999935e-01 
  782.000  9.999083e-01 
  783.000  9.999654e-01 
  784.000  9.996389e-01 
  785.000  9.992885e-01 
  786.000  9.976152e-01 
  787.000  9.973541e-01 
  788.000  9.939635e-01 
  789.000  9.937525e-01 
  790.000  9.878340e-01 
  791.000  9.882756e-01 
  792.000  9.906824e-01 
  793.000  9.922507e-01 
  794.000  9.991887e-01 
  795.000  9.965854e-01 
  796.000  9.804088e-01 
  797.000  9.919980e-01 
  798.000  9.930524e-01 
  799.000  9.954955e-01 
  800.000  9.886227e-01 
  801.000  9.852709e-01 
  802.000  9.898002e-01 
  803.000  9.888565e-01 
  804.000  9.884520e-01 
  805.000  9.914138e-01 
  806.000  9.973385e-01 
  807.000  9.936838e-01 
  808.000  9.973379e-01 
  809.000  9.916552e-01 
  810.000  9.886932e-01 
  811.000  9.897342e-01 
  812.000  9.833682e-01 
  813.000  9.711249e-01 
  814.000  9.497548e-01 
  815.000  9.235762e-01 
  816.000  9.435171e-01 
  817.000  8.517402e-01 
  818.000  9.160600e-01 
  819.000  9.430853e-01 
  820.000  9.076721e-01 
  821.000  9.866799e-01 
  822.000  9.765374e-01 
  823.000  8.239536e-01 
  824.000  9.625892e-01 
  825.000  9.809222e-01 
  826.000  9.613526e-01 
  827.000  9.797747e-01 
  828.000  9.295129e-01 
  829.000  9.683244e-01 
  830.000  9.590723e-01 
  831.000  9.634808e-01 
  832.000  9.629557e-01 
  833.000  9.775953e-01 
  834.000  9.773526e-01 
  835.000  9.854486e-01 
  836.000  9.863461e-01 
  837.000  9.858426e-01 
  838.000  9.912750e-01 
  839.000  9.939831e-01 
  840.000  9.946247e-01 
  841.000  9.946247e-01 
  842.000  9.897218e-01 
  843.000  9.988139e-01 
  844.000  9.932880e-01 
  845.000  9.976757e-01 
  846.000  9.987720e-01 
  847.000  9.995951e-01 
  848.000  9.983644e-01 
  849.000  9.988512e-01 
  850.000  9.982174e-01 
  851.000  9.965671e-01 
  852.000  9.985628e-01 
  853.000  9.989175e-01 
  854.000  9.984498e-01 
  855.000  9.984498e-01 
  856.000  9.988465e-01 
  857.000  9.997469e-01 
  858.000  9.988151e-01 
  859.000  9.993539e-01 
  860.000  9.999320e-01 
  861.000  9.996573e-01 
  862.000  9.998898e-01 
  863.000  9.996397e-01 
  864.000  9.999664e-01 
  865.000  9.999664e-01 
  866.000  9.999068e-01 
  867.000  9.999866e-01 
  868.000  9.999062e-01 
  869.000  9.998049e-01 
  870.000  9.999033e-01 
  871.000  9.999063e-01 
  872.000  9.999735e-01 
  873.000  9.998809e-01 
  874.000  9.998809e-01 
  875.000  9.999903e-01 
  876.000  9.999937e-01 
  877.000  9.999021e-01 
  878.000  9.998136e-01 
  879.000  9.997851e-01 
  880.000  9.999180e-01 
  881.000  9.999180e-01 
  882.000  9.993433e-01 
  883.000  9.994984e-01 
  884.000  9.995175e-01 
  885.000  9.995936e-01 
  886.000  9.963633e-01 
  887.000  9.992695e-01 
  888.000  9.992695e-01 
  889.000  9.985385e-01 
  890.000  9.966991e-01 
  891.000  9.991718e-01 
  892.000  9.962306e-01 
  893.000  9.885369e-01 
  894.000  9.885369e-01 
  895.000  9.705772e-01 
  896.000  9.540188e-01 
  897.000  8.791265e-01 
  898.000  9.501342e-01 
  899.000  8.135550e-01 
  900.000  8.135550e-01 
  901.000  8.447254e-01 
  902.000  8.731105e-01 
  903.000  9.048404e-01 
  904.000  9.762980e-01 
  905.000  9.663727e-01 
  906.000  9.663727e-01 
  907.000  8.884545e-01 
  908.000  8.675535e-01 
  909.000  8.784313e-01 
  910.000  8.615741e-01 
  911.000  8.615741e-01 
  912.000  9.396487e-01 
  913.000  9.005708e-01 
  914.000  8.743123e-01 
  915.000  8.349499e-01 
  916.000  8.349499e-01 
  917.000  9.360986e-01 
  918.000  8.534259e-01 
  919.000  9.178124e-01 
  920.000  9.735070e-01 
  921.000  9.735070e-01 
  922.000  9.587323e-01 
  923.000  9.575623e-01 
  924.000  9.430046e-01 
  925.000  9.430046e-01 
  926.000  9.501870e-01 
  927.000  9.559194e-01 
  928.000  8.721022e-01 
  929.000  8.548943e-01 
  930.000  8.548943e-01 
  931.000  7.312662e-01 
  932.000  5.608654e-01 
  933.000  5.897738e-01 
  934.000  5.897738e-01 
  935.000  5.401751e-01 
  936.000  5.097315e-01 
  937.000  5.004590e-01 
  938.000  5.004590e-01 
  939.000  6.371483e-01 
  940.000  7.637225e-01 
  941.000  7.152731e-01 
  942.000  7.152731e-01 
  943.000  6.175629e-01 
  944.000  6.265608e-01 
  945.000  7.089478e-01 
  946.000  7.089478e-01 
  947.000  6.302569e-01 
  948.000  6.501655e-01 
  949.000  7.121058e-01 
  950.000  7.121058e-01 
  951.000  7.236583e-01 
  952.000  6.267188e-01 
  953.000  7.580776e-01 
  954.000  7.580776e-01 
  955.000  7.534674e-01 
  956.000  6.505427e-01 
  957.000  7.998471e-01 
  958.000  7.998471e-01 
  959.000  7.079687e-01 
  960.000  7.829390e-01 
  961.000  7.829390e-01 
  962.000  8.085335e-01 
  963.000  8.637729e-01 
  964.000  7.753131e-01 
  965.000  7.753131e-01 
  966.000  8.368223e-01 
  967.000  9.094973e-01 
  968.000  9.094973e-01 
  969.000  9.256108e-01 
  970.000  9.560793e-01 
  971.000  9.663263e-01 
  972.000  9.663263e-01 
  973.000  9.536625e-01 
  974.000  8.915036e-01 
  975.000  8.915036e-01 
  976.000  8.753827e-01 
  977.000  9.380424e-01 
  978.000  9.290821e-01 
  979.000  9.290821e-01 
  980.000  9.298023e-01 
  981.000  9.795665e-01 
  982.000  9.795665e-01 
  983.000  9.643850e-01 
  984.000  9.777122e-01 
  985.000  9.777122e-01 
  986.000  9.940031e-01 
  987.000  9.878039e-01 
  988.000  9.878039e-01 
  989.000  9.971700e-01 
  990.000  9.932884e-01 
  991.000  9.932884e-01 
  992.000  9.958730e-01 
  993.000  9.953300e-01 
  994.000  9.953300e-01 
  995.000  9.991891e-01 
  996.000  9.992633e-01 
  997.000  9.992633e-01 
  998.000  9.992434e-01 
  999.000  9.989013e-01 
 1000.000  9.989013e-01 
 1001.000  9.990494e-01 
 1002.000  9.936966e-01 
 1003.000  9.936966e-01 
 1004.000  9.990239e-01 
 1005.000  9.992445e-01 
 1006.000  9.992445e-01 
 1007.000  9.993911e-01 
 1008.000  9.983594e-01 
 1009.000  9.983594e-01 
 1010.000  9.943667e-01 
 1011.000  9.993041e-01 
 1012.000  9.993041e-01 
 1013.000  9.994664e-01 
 1014.000  9.992910e-01 
 1015.000  9.992910e-01 
 1016.000  9.995422e-01 
 1017.000  9.992206e-01 
 1018.000  9.992206e-01 
 1019.000  9.988495e-01 
 1020.000  9.995525e-01 
 1021.000  9.995525e-01 
 1022.000  9.988717e-01 
 1023.000  9.988717e-01 
 1024.000  9.986963e-01 
 1025.000  9.994916e-01 
 1026.000  9.994916e-01 
 1027.000  9.990742e-01 
 1028.000  9.994874e-01 
 1029.000  9.994874e-01 
 1030.000  9.996067e-01 
 1031.000  9.995024e-01 
 1032.000  9.995024e-01 
 1033.000  9.994726e-01 
 1034.000  9.994726e-01 
 1035.000  9.994715e-01 
 1036.000  9.989510e-01 
 1037.000  9.989510e-01 
 1038.000  9.988803e-01 
 1039.000  9.983051e-01 
 1040.000  9.983051e-01 
 1041.000  9.979120e-01 
 1042.000  9.979120e-01 
 1043.000  9.974170e-01 
 1044.000  9.966780e-01 
 1045.000  9.966780e-01 
 1046.000  9.956648e-01 
 1047.000  9.956648e-01 
 1048.000  9.946561e-01 
 1049.000  9.926498e-01 
 1050.000  9.926498e-01 
 1051.000  9.917461e-01 
 1052.000  9.917461e-01 
 1053.000  9.903747e-01 
 1054.000  9.892077e-01 
 1055.000  9.892077e-01 
 1056.000  9.878483e-01 
 1057.000  9.878483e-01 
 1058.000  9.866265e-01 
 1059.000  9.854109e-01 
 1060.000  9.854109e-01 
 1061.000  9.846338e-01 
 1062.000  9.846338e-01 
 1063.000  9.832674e-01 
 1064.000  9.824480e-01 
 1065.000  9.824480e-01 
 1066.000  9.836739e-01 
 1067.000  9.836739e-01 
 1068.000  9.827258e-01 
 1069.000  9.839386e-01 
 1070.000  9.839386e-01 
 1071.000  9.855660e-01 
 1072.000  9.855660e-01 
 1073.000  9.867717e-01 
 1074.000  9.867717e-01 
 1075.000  9.845574e-01 
 1076.000  9.848277e-01 
 1077.000  9.848277e-01 
 1078.000  9.890518e-01 
 1079.000  9.890518e-01 
 1080.000  9.864212e-01 
 1081.000  9.864212e-01 
 1082.000  9.891660e-01 
 1083.000  9.868851e-01 
 1084.000  9.868851e-01 
 1085.000  9.819093e-01 
 1086.000  9.819093e-01 
 1087.000  9.902499e-01 
 1088.000  9.902499e-01 
 1089.000  9.868018e-01 
 1090.000  9.849622e-01 
 1091.000  9.849622e-01 
 1092.000  9.791253e-01 
 1093.000  9.791253e-01 
 1094.000  9.790192e-01 
 1095.000  9.790192e-01 
 1096.000  9.754547e-01 
 1097.000  9.754547e-01 
 1098.000  9.672495e-01 
 1099.000  9.378726e-01 
 1100.000  9.378726e-01 
 1101.000  9.386458e-01 
 1102.000  9.386458e-01 
 1103.000  9.270854e-01 
 1104.000  9.270854e-01 
 1105.000  9.179701e-01 
 1106.000  9.179701e-01 
 1107.000  9.165007e-01 
 1108.000  9.165007e-01 
 1109.000  8.938852e-01 
 1110.000  8.565790e-01 
 1111.000  8.565790e-01 
 1112.000  8.346184e-01 
 1113.000  8.346184e-01 
 1114.000  7.493832e-01 
 1115.000  7.493832e-01 
 1116.000  5.449523e-01 
 1117.000  5.449523e-01 
 1118.000  6.499805e-01 
 1119.000  6.499805e-01 
 1120.000  5.838715e-01 
 1121.000  5.838715e-01 
 1122.000  3.967460e-01 
 1123.000  6.102077e-01 
 1124.000  6.102077e-01 
 1125.000  4.434911e-01 
 1126.000  4.434911e-01 
 1127.000  5.090382e-01 
 1128.000  5.090382e-01 
 1129.000  5.111021e-01 
 1130.000  5.111021e-01 
 1131.000  7.606249e-01 
 1132.000  7.606249e-01 
 1133.000  5.120203e-01 
 1134.000  5.120203e-01 
 1135.000  3.135461e-01 
 1136.000  3.135461e-01 
 1137.000  7.673947e-01 
 1138.000  7.673947e-01 
 1139.000  7.111576e-01 
 1140.000  7.111576e-01 
 1141.000  6.965626e-01 
 1142.000  6.965626e-01 
 1143.000  7.382149e-01 
 1144.000  7.382149e-01 
 1145.000  5.508437e-01 
 1146.000  5.508437e-01 
 1147.000  5.341623e-01 
 1148.000  5.341623e-01 
 1149.000  6.379823e-01 
 1150.000  6.379823e-01 
 1151.000  7.278172e-01 
 1152.000  7.278172e-01 
 1153.000  6.784514e-01 
 1154.000  6.784514e-01 
 1155.000  7.239242e-01 
 1156.000  7.239242e-01 
 1157.000  7.911397e-01 
 1158.000  7.911397e-01 
 1159.000  8.769559e-01 
 1160.000  8.769559e-01 
 1161.000  8.609580e-01 
 1162.000  8.609580e-01 
 1163.000  9.077561e-01 
 1164.000  9.077561e-01 
 1165.000  8.915541e-01 
 1166.000  8.915541e-01 
 1167.000  9.276268e-01 
 1168.000  9.276268e-01 
 1169.000  9.385855e-01 
 1170.000  9.385855e-01 
 1171.000  9.451653e-01 
 1172.000  9.451653e-01 
 1173.000  8.906923e-01 
 1174.000  8.906923e-01 
 1175.000  9.755617e-01 
 1176.000  9.755617e-01 
 1177.000  9.237194e-01 
 1178.000  9.237194e-01 
 1179.000  9.613983e-01 
 1180.000  9.613983e-01 
 1181.000  8.830974e-01 
 1182.000  8.830974e-01 
 1183.000  9.421443e-01 
 1184.000  9.421443e-01 
 1185.000  9.606828e-01 
 1186.000  9.606828e-01 
 1187.000  8.932750e-01 
 1188.000  8.932750e-01 
 1189.000  8.932750e-01 
 1190.000  9.414876e-01 
 1191.000  9.414876e-01 
 1192.000  9.778432e-01 
 1193.000  9.778432e-01 
 1194.000  9.518898e-01 
 1195.000  9.518898e-01 
 1196.000  9.642688e-01 
 1197.000  9.642688e-01 
 1198.000  9.398179e-01 
 1199.000  9.398179e-01 
 1200.000  9.357621e-01 
