  250.000  9.998522e-01 
  251.000  9.998906e-01 
  252.000  9.998962e-01 
  253.000  9.998912e-01 
  254.000  9.998856e-01 
  255.000  9.998849e-01 
  256.000  9.998790e-01 
  257.000  9.998802e-01 
  258.000  9.998699e-01 
  259.000  9.998627e-01 
  260.000  9.998621e-01 
  261.000  9.998590e-01 
  262.000  9.998568e-01 
  263.000  9.998387e-01 
  264.000  9.998365e-01 
  265.000  9.998283e-01 
  266.000  9.998295e-01 
  267.000  9.998211e-01 
  268.000  9.998153e-01 
  269.000  9.997861e-01 
  270.000  9.997903e-01 
  271.000  9.997905e-01 
  272.000  9.997883e-01 
  273.000  9.997544e-01 
  274.000  9.997448e-01 
  275.000  9.997368e-01 
  276.000  9.997429e-01 
  277.000  9.997234e-01 
  278.000  9.997128e-01 
  279.000  9.996844e-01 
  280.000  9.996671e-01 
  281.000  9.996587e-01 
  282.000  9.996629e-01 
  283.000  9.996628e-01 
  284.000  9.996058e-01 
  285.000  9.995854e-01 
  286.000  9.995577e-01 
  287.000  9.995731e-01 
  288.000  9.995708e-01 
  289.000  9.995432e-01 
  290.000  9.995008e-01 
  291.000  9.994842e-01 
  292.000  9.994366e-01 
  293.000  9.994419e-01 
  294.000  9.994622e-01 
  295.000  9.993914e-01 
  296.000  9.994239e-01 
  297.000  9.992997e-01 
  298.000  9.992892e-01 
  299.000  9.993004e-01 
  300.000  9.992844e-01 
  301.000  9.992992e-01 
  302.000  9.991941e-01 
  303.000  9.991242e-01 
  304.000  9.991266e-01 
  305.000  9.990851e-01 
  306.000  9.991258e-01 
  307.000  9.990317e-01 
  308.000  9.990730e-01 
  309.000  9.989324e-01 
  310.000  9.989663e-01 
  311.000  9.989033e-01 
  312.000  9.988810e-01 
  313.000  9.988103e-01 
  314.000  9.988540e-01 
  315.000  9.987029e-01 
  316.000  9.987665e-01 
  317.000  9.986919e-01 
  318.000  9.985623e-01 
  319.000  9.986407e-01 
  320.000  9.984990e-01 
  321.000  9.985538e-01 
  322.000  9.984999e-01 
  323.000  9.984128e-01 
  324.000  9.984611e-01 
  325.000  9.983280e-01 
  326.000  9.983011e-01 
  327.000  9.983000e-01 
  328.000  9.982194e-01 
  329.000  9.982299e-01 
  330.000  9.981093e-01 
  331.000  9.981765e-01 
  332.000  9.981618e-01 
  333.000  9.977447e-01 
  334.000  9.980952e-01 
  335.000  9.978644e-01 
  336.000  9.979731e-01 
  337.000  9.979070e-01 
  338.000  9.979843e-01 
  339.000  9.975302e-01 
  340.000  9.976091e-01 
  341.000  9.971762e-01 
  342.000  9.969710e-01 
  343.000  9.969870e-01 
  344.000  9.967837e-01 
  345.000  9.969858e-01 
  346.000  9.971632e-01 
  347.000  9.972852e-01 
  348.000  9.973331e-01 
  349.000  9.972484e-01 
  350.000  9.976339e-01 
  351.000  9.973040e-01 
  352.000  9.974803e-01 
  353.000  9.976617e-01 
  354.000  9.970490e-01 
  355.000  9.968809e-01 
  356.000  9.970217e-01 
  357.000  9.959951e-01 
  358.000  9.954800e-01 
  359.000  9.949129e-01 
  360.000  9.942462e-01 
  361.000  9.937732e-01 
  362.000  9.946990e-01 
  363.000  9.955642e-01 
  364.000  9.963960e-01 
  365.000  9.963050e-01 
  366.000  9.967509e-01 
  367.000  9.968895e-01 
  368.000  9.968093e-01 
  369.000  9.969408e-01 
  370.000  9.968764e-01 
  371.000  9.970753e-01 
  372.000  9.964515e-01 
  373.000  9.967350e-01 
  374.000  9.967976e-01 
  375.000  9.969004e-01 
  376.000  9.962676e-01 
  377.000  9.961919e-01 
  378.000  9.960410e-01 
  379.000  9.953211e-01 
  380.000  9.944680e-01 
  381.000  9.947719e-01 
  382.000  9.954509e-01 
  383.000  9.962233e-01 
  384.000  9.962654e-01 
  385.000  9.964445e-01 
  386.000  9.965960e-01 
  387.000  9.965502e-01 
  388.000  9.964685e-01 
  389.000  9.964496e-01 
  390.000  9.964399e-01 
  391.000  9.965233e-01 
  392.000  9.960970e-01 
  393.000  9.967138e-01 
  394.000  9.967189e-01 
  395.000  9.966384e-01 
  396.000  9.964344e-01 
  397.000  9.967468e-01 
  398.000  9.961444e-01 
  399.000  9.965935e-01 
  400.000  9.960460e-01 
  401.000  9.961700e-01 
  402.000  9.966200e-01 
  403.000  9.968833e-01 
  404.000  9.963768e-01 
  405.000  9.962207e-01 
  406.000  9.967278e-01 
  407.000  9.971620e-01 
  408.000  9.965699e-01 
  409.000  9.962783e-01 
  410.000  9.965148e-01 
  411.000  9.964387e-01 
  412.000  9.969158e-01 
  413.000  9.962835e-01 
  414.000  9.965477e-01 
  415.000  9.966047e-01 
  416.000  9.971710e-01 
  417.000  9.971087e-01 
  418.000  9.968078e-01 
  419.000  9.968958e-01 
  420.000  9.965917e-01 
  421.000  9.965507e-01 
  422.000  9.964607e-01 
  423.000  9.967149e-01 
  424.000  9.963936e-01 
  425.000  9.968656e-01 
  426.000  9.973611e-01 
  427.000  9.969147e-01 
  428.000  9.964918e-01 
  429.000  9.971955e-01 
  430.000  9.971976e-01 
  431.000  9.964603e-01 
  432.000  9.972036e-01 
  433.000  9.970906e-01 
  434.000  9.967005e-01 
  435.000  9.958916e-01 
  436.000  9.966946e-01 
  437.000  9.975873e-01 
  438.000  9.977997e-01 
  439.000  9.960762e-01 
  440.000  9.967439e-01 
  441.000  9.975343e-01 
  442.000  9.978275e-01 
  443.000  9.973664e-01 
  444.000  9.968244e-01 
  445.000  9.960297e-01 
  446.000  9.966745e-01 
  447.000  9.971448e-01 
  448.000  9.954412e-01 
  449.000  9.969147e-01 
  450.000  9.974498e-01 
  451.000  9.974421e-01 
  452.000  9.974089e-01 
  453.000  9.974923e-01 
  454.000  9.978915e-01 
  455.000  9.974910e-01 
  456.000  9.976211e-01 
  457.000  9.980180e-01 
  458.000  9.972907e-01 
  459.000  9.978225e-01 
  460.000  9.974606e-01 
  461.000  9.975137e-01 
  462.000  9.979334e-01 
  463.000  9.969171e-01 
  464.000  9.974534e-01 
  465.000  9.977316e-01 
  466.000  9.982259e-01 
  467.000  9.976258e-01 
  468.000  9.978532e-01 
  469.000  9.979982e-01 
  470.000  9.978974e-01 
  471.000  9.979702e-01 
  472.000  9.973849e-01 
  473.000  9.966508e-01 
  474.000  9.949254e-01 
  475.000  9.939750e-01 
  476.000  9.935331e-01 
  477.000  9.933369e-01 
  478.000  9.934237e-01 
  479.000  9.939731e-01 
  480.000  9.946572e-01 
  481.000  9.962369e-01 
  482.000  9.974003e-01 
  483.000  9.983113e-01 
  484.000  9.984536e-01 
  485.000  9.983660e-01 
  486.000  9.983619e-01 
  487.000  9.986142e-01 
  488.000  9.982101e-01 
  489.000  9.976776e-01 
  490.000  9.982452e-01 
  491.000  9.986412e-01 
  492.000  9.985849e-01 
  493.000  9.985198e-01 
  494.000  9.982206e-01 
  495.000  9.982103e-01 
  496.000  9.982239e-01 
  497.000  9.985393e-01 
  498.000  9.988399e-01 
  499.000  9.990770e-01 
  500.000  9.991613e-01 
  501.000  9.989694e-01 
  502.000  9.983526e-01 
  503.000  9.976971e-01 
  504.000  9.971330e-01 
  505.000  9.977542e-01 
  506.000  9.977814e-01 
  507.000  9.976743e-01 
  508.000  9.981784e-01 
  509.000  9.982306e-01 
  510.000  9.984567e-01 
  511.000  9.985055e-01 
  512.000  9.986412e-01 
  513.000  9.989213e-01 
  514.000  9.990482e-01 
  515.000  9.991891e-01 
  516.000  9.992153e-01 
  517.000  9.992831e-01 
  518.000  9.991941e-01 
  519.000  9.989806e-01 
  520.000  9.989513e-01 
  521.000  9.991913e-01 
  522.000  9.991818e-01 
  523.000  9.990802e-01 
  524.000  9.989991e-01 
  525.000  9.985296e-01 
  526.000  9.985434e-01 
  527.000  9.986262e-01 
  528.000  9.985135e-01 
  529.000  9.984995e-01 
  530.000  9.984917e-01 
  531.000  9.984216e-01 
  532.000  9.983633e-01 
  533.000  9.984095e-01 
  534.000  9.986053e-01 
  535.000  9.987698e-01 
  536.000  9.989977e-01 
  537.000  9.991390e-01 
  538.000  9.990760e-01 
  539.000  9.989827e-01 
  540.000  9.991998e-01 
  541.000  9.986003e-01 
  542.000  9.986733e-01 
  543.000  9.989469e-01 
  544.000  9.991204e-01 
  545.000  9.986364e-01 
  546.000  9.984254e-01 
  547.000  9.989182e-01 
  548.000  9.991446e-01 
  549.000  9.991410e-01 
  550.000  9.991403e-01 
  551.000  9.994626e-01 
  552.000  9.994707e-01 
  553.000  9.993427e-01 
  554.000  9.994797e-01 
  555.000  9.996192e-01 
  556.000  9.996841e-01 
  557.000  9.996580e-01 
  558.000  9.996381e-01 
  559.000  9.997200e-01 
  560.000  9.996631e-01 
  561.000  9.995875e-01 
  562.000  9.995420e-01 
  563.000  9.993773e-01 
  564.000  9.991491e-01 
  565.000  9.990221e-01 
  566.000  9.990057e-01 
  567.000  9.986444e-01 
  568.000  9.981371e-01 
  569.000  9.959596e-01 
  570.000  9.947594e-01 
  571.000  9.948092e-01 
  572.000  9.932095e-01 
  573.000  9.930642e-01 
  574.000  9.918153e-01 
  575.000  9.915830e-01 
  576.000  9.907682e-01 
  577.000  9.905269e-01 
  578.000  9.912140e-01 
  579.000  9.917058e-01 
  580.000  9.923367e-01 
  581.000  9.934348e-01 
  582.000  9.944330e-01 
  583.000  9.953511e-01 
  584.000  9.965289e-01 
  585.000  9.968218e-01 
  586.000  9.975960e-01 
  587.000  9.977139e-01 
  588.000  9.974647e-01 
  589.000  9.911668e-01 
  590.000  9.912526e-01 
  591.000  9.936230e-01 
  592.000  9.887381e-01 
  593.000  9.965896e-01 
  594.000  9.928790e-01 
  595.000  9.954988e-01 
  596.000  9.966819e-01 
  597.000  9.966532e-01 
  598.000  9.969173e-01 
  599.000  9.982727e-01 
  600.000  9.985186e-01 
  601.000  9.993219e-01 
  602.000  9.995614e-01 
  603.000  9.996428e-01 
  604.000  9.998650e-01 
  605.000  9.998516e-01 
  606.000  9.998721e-01 
  607.000  9.999051e-01 
  608.000  9.998920e-01 
  609.000  9.998929e-01 
  610.000  9.998829e-01 
  611.000  9.998593e-01 
  612.000  9.996849e-01 
  613.000  9.997160e-01 
  614.000  9.996852e-01 
  615.000  9.996601e-01 
  616.000  9.994662e-01 
  617.000  9.992980e-01 
  618.000  9.991648e-01 
  619.000  9.989454e-01 
  620.000  9.984878e-01 
  621.000  9.980262e-01 
  622.000  9.978176e-01 
  623.000  9.969953e-01 
  624.000  9.965782e-01 
  625.000  9.961268e-01 
  626.000  9.953430e-01 
  627.000  9.945680e-01 
  628.000  9.791191e-01 
  629.000  9.848196e-01 
  630.000  9.889154e-01 
  631.000  9.927986e-01 
  632.000  9.938331e-01 
  633.000  9.945627e-01 
  634.000  9.953185e-01 
  635.000  9.956428e-01 
  636.000  9.961547e-01 
  637.000  9.968395e-01 
  638.000  9.975780e-01 
  639.000  9.979134e-01 
  640.000  9.981804e-01 
  641.000  9.984862e-01 
  642.000  9.990394e-01 
  643.000  9.989461e-01 
  644.000  9.993390e-01 
  645.000  9.992513e-01 
  646.000  9.976140e-01 
  647.000  9.949881e-01 
  648.000  9.924856e-01 
  649.000  9.943590e-01 
  650.000  9.986135e-01 
  651.000  9.990782e-01 
  652.000  9.976093e-01 
  653.000  9.989436e-01 
  654.000  9.986139e-01 
  655.000  9.935187e-01 
  656.000  9.968581e-01 
  657.000  9.976295e-01 
  658.000  9.990861e-01 
  659.000  9.998124e-01 
  660.000  9.996083e-01 
  661.000  9.999009e-01 
  662.000  9.998691e-01 
  663.000  9.995806e-01 
  664.000  9.998173e-01 
  665.000  9.998355e-01 
  666.000  9.998757e-01 
  667.000  9.999270e-01 
  668.000  9.999113e-01 
  669.000  9.999143e-01 
  670.000  9.999378e-01 
  671.000  9.999539e-01 
  672.000  9.999512e-01 
  673.000  9.999267e-01 
  674.000  9.999424e-01 
  675.000  9.999442e-01 
  676.000  9.999398e-01 
  677.000  9.999444e-01 
  678.000  9.999648e-01 
  679.000  9.999623e-01 
  680.000  9.999419e-01 
  681.000  9.998770e-01 
  682.000  9.999315e-01 
  683.000  9.996547e-01 
  684.000  9.996613e-01 
  685.000  9.998986e-01 
  686.000  9.997582e-01 
  687.000  7.479689e-01 
  688.000  9.119569e-01 
  689.000  9.358907e-01 
  690.000  9.570413e-01 
  691.000  9.673384e-01 
  692.000  9.885074e-01 
  693.000  9.839996e-01 
  694.000  9.771740e-01 
  695.000  9.881288e-01 
  696.000  9.847782e-01 
  697.000  9.982336e-01 
  698.000  9.977202e-01 
  699.000  9.920088e-01 
  700.000  9.923370e-01 
  701.000  9.878359e-01 
  702.000  9.898998e-01 
  703.000  9.914598e-01 
  704.000  9.927117e-01 
  705.000  9.930050e-01 
  706.000  9.950051e-01 
  707.000  9.966215e-01 
  708.000  9.976859e-01 
  709.000  9.976366e-01 
  710.000  9.970205e-01 
  711.000  9.982594e-01 
  712.000  9.972779e-01 
  713.000  9.984101e-01 
  714.000  9.973535e-01 
  715.000  9.943892e-01 
  716.000  9.947183e-01 
  717.000  9.827157e-01 
  718.000  9.469000e-01 
  719.000  9.067102e-01 
  720.000  9.533865e-01 
  721.000  9.889821e-01 
  722.000  9.879733e-01 
  723.000  9.861230e-01 
  724.000  9.376792e-01 
  725.000  9.557611e-01 
  726.000  9.754875e-01 
  727.000  9.668062e-01 
  728.000  9.508706e-01 
  729.000  9.601104e-01 
  730.000  9.775276e-01 
  731.000  9.677762e-01 
  732.000  9.733083e-01 
  733.000  9.874092e-01 
  734.000  9.946262e-01 
  735.000  9.894624e-01 
  736.000  9.929523e-01 
  737.000  9.928294e-01 
  738.000  9.948831e-01 
  739.000  9.954352e-01 
  740.000  9.980568e-01 
  741.000  9.993999e-01 
  742.000  9.993870e-01 
  743.000  9.992535e-01 
  744.000  9.996156e-01 
  745.000  9.997998e-01 
  746.000  9.999415e-01 
  747.000  9.998729e-01 
  748.000  9.999310e-01 
  749.000  9.999081e-01 
  750.000  9.999216e-01 
  751.000  9.998791e-01 
  752.000  9.999658e-01 
  753.000  9.999765e-01 
  754.000  9.999471e-01 
  755.000  9.999145e-01 
  756.000  9.998860e-01 
  757.000  9.999907e-01 
  758.000  9.999891e-01 
  759.000  9.931693e-01 
  760.000  4.607182e-01 
  761.000  3.742065e-01 
  762.000  7.367175e-01 
  763.000  6.457593e-01 
  764.000  6.869609e-01 
  765.000  7.984813e-01 
  766.000  9.175460e-01 
  767.000  9.524519e-01 
  768.000  9.864314e-01 
  769.000  9.953865e-01 
  770.000  9.950686e-01 
  771.000  9.988842e-01 
  772.000  9.999346e-01 
  773.000  9.999318e-01 
  774.000  9.999149e-01 
  775.000  9.999393e-01 
  776.000  9.999564e-01 
  777.000  9.999847e-01 
  778.000  9.999968e-01 
  779.000  9.999963e-01 
  780.000  9.999962e-01 
  781.000  9.999963e-01 
  782.000  9.999470e-01 
  783.000  9.999800e-01 
  784.000  9.997910e-01 
  785.000  9.995880e-01 
  786.000  9.986186e-01 
  787.000  9.984673e-01 
  788.000  9.964838e-01 
  789.000  9.963615e-01 
  790.000  9.928780e-01 
  791.000  9.931355e-01 
  792.000  9.945551e-01 
  793.000  9.954487e-01 
  794.000  9.995302e-01 
  795.000  9.980217e-01 
  796.000  9.885008e-01 
  797.000  9.953369e-01 
  798.000  9.959521e-01 
  799.000  9.973897e-01 
  800.000  9.933491e-01 
  801.000  9.913804e-01 
  802.000  9.940568e-01 
  803.000  9.935025e-01 
  804.000  9.932647e-01 
  805.000  9.949981e-01 
  806.000  9.984581e-01 
  807.000  9.963238e-01 
  808.000  9.984580e-01 
  809.000  9.951373e-01 
  810.000  9.934149e-01 
  811.000  9.940282e-01 
  812.000  9.902892e-01 
  813.000  9.829704e-01 
  814.000  9.701173e-01 
  815.000  9.530725e-01 
  816.000  9.659873e-01 
  817.000  9.032184e-01 
  818.000  9.468321e-01 
  819.000  9.658390e-01 
  820.000  9.405391e-01 
  821.000  9.922171e-01 
  822.000  9.862422e-01 
  823.000  8.841907e-01 
  824.000  9.779426e-01 
  825.000  9.887645e-01 
  826.000  9.770084e-01 
  827.000  9.880997e-01 
  828.000  9.572987e-01 
  829.000  9.812015e-01 
  830.000  9.755529e-01 
  831.000  9.782710e-01 
  832.000  9.780033e-01 
  833.000  9.868855e-01 
  834.000  9.866222e-01 
  835.000  9.914919e-01 
  836.000  9.919875e-01 
  837.000  9.917160e-01 
  838.000  9.949253e-01 
  839.000  9.964992e-01 
  840.000  9.968718e-01 
  841.000  9.968718e-01 
  842.000  9.940031e-01 
  843.000  9.993131e-01 
  844.000  9.960889e-01 
  845.000  9.986537e-01 
  846.000  9.992889e-01 
  847.000  9.997655e-01 
  848.000  9.990528e-01 
  849.000  9.993347e-01 
  850.000  9.989664e-01 
  851.000  9.980043e-01 
  852.000  9.991677e-01 
  853.000  9.993731e-01 
  854.000  9.991009e-01 
  855.000  9.991009e-01 
  856.000  9.993320e-01 
  857.000  9.998534e-01 
  858.000  9.993138e-01 
  859.000  9.996259e-01 
  860.000  9.999606e-01 
  861.000  9.998016e-01 
  862.000  9.999362e-01 
  863.000  9.997914e-01 
  864.000  9.999806e-01 
  865.000  9.999806e-01 
  866.000  9.999460e-01 
  867.000  9.999922e-01 
  868.000  9.999457e-01 
  869.000  9.998870e-01 
  870.000  9.999440e-01 
  871.000  9.999458e-01 
  872.000  9.999846e-01 
  873.000  9.999310e-01 
  874.000  9.999310e-01 
  875.000  9.999944e-01 
  876.000  9.999964e-01 
  877.000  9.999434e-01 
  878.000  9.998921e-01 
  879.000  9.998756e-01 
  880.000  9.999524e-01 
  881.000  9.999524e-01 
  882.000  9.996197e-01 
  883.000  9.997096e-01 
  884.000  9.997206e-01 
  885.000  9.997648e-01 
  886.000  9.978868e-01 
  887.000  9.995770e-01 
  888.000  9.995770e-01 
  889.000  9.991536e-01 
  890.000  9.980810e-01 
  891.000  9.995204e-01 
  892.000  9.978145e-01 
  893.000  9.933250e-01 
  894.000  9.933250e-01 
  895.000  9.823641e-01 
  896.000  9.724151e-01 
  897.000  9.221358e-01 
  898.000  9.701782e-01 
  899.000  8.712577e-01 
  900.000  8.712577e-01 
  901.000  8.926075e-01 
  902.000  9.151079e-01 
  903.000  9.369642e-01 
  904.000  9.860313e-01 
  905.000  9.798583e-01 
  906.000  9.798583e-01 
  907.000  9.292119e-01 
  908.000  9.111995e-01 
  909.000  9.216818e-01 
  910.000  9.111610e-01 
  911.000  9.111610e-01 
  912.000  9.638847e-01 
  913.000  9.381466e-01 
  914.000  9.194666e-01 
  915.000  8.900424e-01 
  916.000  8.900424e-01 
  917.000  9.619925e-01 
  918.000  9.038819e-01 
  919.000  9.480572e-01 
  920.000  9.844370e-01 
  921.000  9.844370e-01 
  922.000  9.755359e-01 
  923.000  9.748200e-01 
  924.000  9.661908e-01 
  925.000  9.661908e-01 
  926.000  9.704923e-01 
  927.000  9.739655e-01 
  928.000  9.205864e-01 
  929.000  9.095705e-01 
  930.000  9.095705e-01 
  931.000  8.123754e-01 
  932.000  6.532952e-01 
  933.000  6.915900e-01 
  934.000  6.915900e-01 
  935.000  6.349193e-01 
  936.000  6.075862e-01 
  937.000  6.122130e-01 
  938.000  6.122130e-01 
  939.000  7.224176e-01 
  940.000  8.372695e-01 
  941.000  7.983969e-01 
  942.000  7.983969e-01 
  943.000  7.009218e-01 
  944.000  7.041656e-01 
  945.000  8.011024e-01 
  946.000  8.011024e-01 
  947.000  7.202980e-01 
  948.000  7.460898e-01 
  949.000  7.912777e-01 
  950.000  7.912777e-01 
  951.000  7.991929e-01 
  952.000  7.159171e-01 
  953.000  8.360751e-01 
  954.000  8.360751e-01 
  955.000  8.297641e-01 
  956.000  7.339903e-01 
  957.000  8.654965e-01 
  958.000  8.654965e-01 
  959.000  8.019550e-01 
  960.000  8.589972e-01 
  961.000  8.589972e-01 
  962.000  8.701763e-01 
  963.000  9.145902e-01 
  964.000  8.492838e-01 
  965.000  8.492838e-01 
  966.000  8.919259e-01 
  967.000  9.434730e-01 
  968.000  9.434730e-01 
  969.000  9.540856e-01 
  970.000  9.739748e-01 
  971.000  9.801018e-01 
  972.000  9.801018e-01 
  973.000  9.725825e-01 
  974.000  9.320387e-01 
  975.000  9.320387e-01 
  976.000  9.192780e-01 
  977.000  9.617749e-01 
  978.000  9.559091e-01 
  979.000  9.559091e-01 
  980.000  9.565535e-01 
  981.000  9.880452e-01 
  982.000  9.880452e-01 
  983.000  9.785471e-01 
  984.000  9.869188e-01 
  985.000  9.869188e-01 
  986.000  9.965155e-01 
  987.000  9.928852e-01 
  988.000  9.928852e-01 
  989.000  9.983587e-01 
  990.000  9.960974e-01 
  991.000  9.960974e-01 
  992.000  9.976023e-01 
  993.000  9.972867e-01 
  994.000  9.972867e-01 
  995.000  9.995304e-01 
  996.000  9.995734e-01 
  997.000  9.995734e-01 
  998.000  9.995617e-01 
  999.000  9.993639e-01 
 1000.000  9.993639e-01 
 1001.000  9.994496e-01 
 1002.000  9.963258e-01 
 1003.000  9.963258e-01 
 1004.000  9.994348e-01 
 1005.000  9.995626e-01 
 1006.000  9.995626e-01 
 1007.000  9.996473e-01 
 1008.000  9.990499e-01 
 1009.000  9.990499e-01 
 1010.000  9.967186e-01 
 1011.000  9.995971e-01 
 1012.000  9.995971e-01 
 1013.000  9.996909e-01 
 1014.000  9.995894e-01 
 1015.000  9.995894e-01 
 1016.000  9.997349e-01 
 1017.000  9.995487e-01 
 1018.000  9.995487e-01 
 1019.000  9.993337e-01 
 1020.000  9.997408e-01 
 1021.000  9.997408e-01 
 1022.000  9.993466e-01 
 1023.000  9.993466e-01 
 1024.000  9.992450e-01 
 1025.000  9.997056e-01 
 1026.000  9.997056e-01 
 1027.000  9.994639e-01 
 1028.000  9.997032e-01 
 1029.000  9.997032e-01 
 1030.000  9.997724e-01 
 1031.000  9.997118e-01 
 1032.000  9.997118e-01 
 1033.000  9.996946e-01 
 1034.000  9.996946e-01 
 1035.000  9.996940e-01 
 1036.000  9.993925e-01 
 1037.000  9.993925e-01 
 1038.000  9.993515e-01 
 1039.000  9.990183e-01 
 1040.000  9.990183e-01 
 1041.000  9.987906e-01 
 1042.000  9.987906e-01 
 1043.000  9.985037e-01 
 1044.000  9.980752e-01 
 1045.000  9.980752e-01 
 1046.000  9.974878e-01 
 1047.000  9.974878e-01 
 1048.000  9.969025e-01 
 1049.000  9.957380e-01 
 1050.000  9.957380e-01 
 1051.000  9.952130e-01 
 1052.000  9.952130e-01 
 1053.000  9.944162e-01 
 1054.000  9.937375e-01 
 1055.000  9.937375e-01 
 1056.000  9.929467e-01 
 1057.000  9.929467e-01 
 1058.000  9.922355e-01 
 1059.000  9.915274e-01 
 1060.000  9.915274e-01 
 1061.000  9.910748e-01 
 1062.000  9.910748e-01 
 1063.000  9.902784e-01 
 1064.000  9.898005e-01 
 1065.000  9.898005e-01 
 1066.000  9.905153e-01 
 1067.000  9.905153e-01 
 1068.000  9.899625e-01 
 1069.000  9.906696e-01 
 1070.000  9.906696e-01 
 1071.000  9.916179e-01 
 1072.000  9.916179e-01 
 1073.000  9.923201e-01 
 1074.000  9.923201e-01 
 1075.000  9.910133e-01 
 1076.000  9.911669e-01 
 1077.000  9.911669e-01 
 1078.000  9.936407e-01 
 1079.000  9.936407e-01 
 1080.000  9.920936e-01 
 1081.000  9.920936e-01 
 1082.000  9.937012e-01 
 1083.000  9.923559e-01 
 1084.000  9.923559e-01 
 1085.000  9.894392e-01 
 1086.000  9.894392e-01 
 1087.000  9.943210e-01 
 1088.000  9.943210e-01 
 1089.000  9.922881e-01 
 1090.000  9.911871e-01 
 1091.000  9.911871e-01 
 1092.000  9.877580e-01 
 1093.000  9.877580e-01 
 1094.000  9.877093e-01 
 1095.000  9.877093e-01 
 1096.000  9.855958e-01 
 1097.000  9.855958e-01 
 1098.000  9.807336e-01 
 1099.000  9.624360e-01 
 1100.000  9.624360e-01 
 1101.000  9.628462e-01 
 1102.000  9.628462e-01 
 1103.000  9.556741e-01 
 1104.000  9.556741e-01 
 1105.000  9.500201e-01 
 1106.000  9.500201e-01 
 1107.000  9.489350e-01 
 1108.000  9.489350e-01 
 1109.000  9.346855e-01 
 1110.000  9.059587e-01 
 1111.000  9.059587e-01 
 1112.000  8.937689e-01 
 1113.000  8.937689e-01 
 1114.000  8.101272e-01 
 1115.000  8.101272e-01 
 1116.000  6.462599e-01 
 1117.000  6.462599e-01 
 1118.000  7.293119e-01 
 1119.000  7.293119e-01 
 1120.000  6.809008e-01 
 1121.000  6.809008e-01 
 1122.000  5.115917e-01 
 1123.000  7.008688e-01 
 1124.000  7.008688e-01 
 1125.000  5.553803e-01 
 1126.000  5.553803e-01 
 1127.000  6.218175e-01 
 1128.000  6.218175e-01 
 1129.000  6.245126e-01 
 1130.000  6.245126e-01 
 1131.000  8.364525e-01 
 1132.000  8.364525e-01 
 1133.000  6.284394e-01 
 1134.000  6.284394e-01 
 1135.000  4.075173e-01 
 1136.000  4.075173e-01 
 1137.000  8.453903e-01 
 1138.000  8.453903e-01 
 1139.000  7.824000e-01 
 1140.000  7.824000e-01 
 1141.000  7.734038e-01 
 1142.000  7.734038e-01 
 1143.000  8.236178e-01 
 1144.000  8.236178e-01 
 1145.000  6.479549e-01 
 1146.000  6.479549e-01 
 1147.000  6.420693e-01 
 1148.000  6.420693e-01 
 1149.000  7.268714e-01 
 1150.000  7.268714e-01 
 1151.000  7.974092e-01 
 1152.000  7.974092e-01 
 1153.000  7.517951e-01 
 1154.000  7.517951e-01 
 1155.000  7.945973e-01 
 1156.000  7.945973e-01 
 1157.000  8.551812e-01 
 1158.000  8.551812e-01 
 1159.000  9.239367e-01 
 1160.000  9.239367e-01 
 1161.000  9.134628e-01 
 1162.000  9.134628e-01 
 1163.000  9.423590e-01 
 1164.000  9.423590e-01 
 1165.000  9.325306e-01 
 1166.000  9.325306e-01 
 1167.000  9.556960e-01 
 1168.000  9.556960e-01 
 1169.000  9.629993e-01 
 1170.000  9.629993e-01 
 1171.000  9.667082e-01 
 1172.000  9.667082e-01 
 1173.000  9.323790e-01 
 1174.000  9.323790e-01 
 1175.000  9.856889e-01 
 1176.000  9.856889e-01 
 1177.000  9.530861e-01 
 1178.000  9.530861e-01 
 1179.000  9.766150e-01 
 1180.000  9.766150e-01 
 1181.000  9.255971e-01 
 1182.000  9.255971e-01 
 1183.000  9.645126e-01 
 1184.000  9.645126e-01 
 1185.000  9.767723e-01 
 1186.000  9.767723e-01 
 1187.000  9.290829e-01 
 1188.000  9.290829e-01 
 1189.000  9.290829e-01 
 1190.000  9.637215e-01 
 1191.000  9.637215e-01 
 1192.000  9.870262e-01 
 1193.000  9.870262e-01 
 1194.000  9.704921e-01 
 1195.000  9.704921e-01 
 1196.000  9.789686e-01 
 1197.000  9.789686e-01 
 1198.000  9.634403e-01 
 1199.000  9.634403e-01 
 1200.000  9.602236e-01 
