  250.000  9.997582e-01 
  251.000  9.998211e-01 
  252.000  9.998302e-01 
  253.000  9.998220e-01 
  254.000  9.998126e-01 
  255.000  9.998118e-01 
  256.000  9.998020e-01 
  257.000  9.998039e-01 
  258.000  9.997873e-01 
  259.000  9.997755e-01 
  260.000  9.997745e-01 
  261.000  9.997694e-01 
  262.000  9.997657e-01 
  263.000  9.997363e-01 
  264.000  9.997325e-01 
  265.000  9.997191e-01 
  266.000  9.997212e-01 
  267.000  9.997072e-01 
  268.000  9.996979e-01 
  269.000  9.996502e-01 
  270.000  9.996570e-01 
  271.000  9.996573e-01 
  272.000  9.996536e-01 
  273.000  9.995983e-01 
  274.000  9.995827e-01 
  275.000  9.995695e-01 
  276.000  9.995797e-01 
  277.000  9.995475e-01 
  278.000  9.995301e-01 
  279.000  9.994838e-01 
  280.000  9.994555e-01 
  281.000  9.994417e-01 
  282.000  9.994486e-01 
  283.000  9.994485e-01 
  284.000  9.993553e-01 
  285.000  9.993216e-01 
  286.000  9.992764e-01 
  287.000  9.993017e-01 
  288.000  9.992979e-01 
  289.000  9.992528e-01 
  290.000  9.991834e-01 
  291.000  9.991562e-01 
  292.000  9.990785e-01 
  293.000  9.990871e-01 
  294.000  9.991203e-01 
  295.000  9.990042e-01 
  296.000  9.990577e-01 
  297.000  9.988544e-01 
  298.000  9.988372e-01 
  299.000  9.988554e-01 
  300.000  9.988292e-01 
  301.000  9.988537e-01 
  302.000  9.986815e-01 
  303.000  9.985673e-01 
  304.000  9.985714e-01 
  305.000  9.985034e-01 
  306.000  9.985698e-01 
  307.000  9.984160e-01 
  308.000  9.984836e-01 
  309.000  9.982537e-01 
  310.000  9.983093e-01 
  311.000  9.982062e-01 
  312.000  9.981699e-01 
  313.000  9.980541e-01 
  314.000  9.981255e-01 
  315.000  9.978784e-01 
  316.000  9.979826e-01 
  317.000  9.978605e-01 
  318.000  9.976486e-01 
  319.000  9.977769e-01 
  320.000  9.975452e-01 
  321.000  9.976345e-01 
  322.000  9.975467e-01 
  323.000  9.974041e-01 
  324.000  9.974831e-01 
  325.000  9.972656e-01 
  326.000  9.972218e-01 
  327.000  9.972196e-01 
  328.000  9.970882e-01 
  329.000  9.971052e-01 
  330.000  9.969080e-01 
  331.000  9.970179e-01 
  332.000  9.969938e-01 
  333.000  9.963122e-01 
  334.000  9.968850e-01 
  335.000  9.965080e-01 
  336.000  9.966854e-01 
  337.000  9.965776e-01 
  338.000  9.967039e-01 
  339.000  9.959619e-01 
  340.000  9.960907e-01 
  341.000  9.953834e-01 
  342.000  9.950482e-01 
  343.000  9.950743e-01 
  344.000  9.947424e-01 
  345.000  9.950724e-01 
  346.000  9.953623e-01 
  347.000  9.955614e-01 
  348.000  9.956397e-01 
  349.000  9.955013e-01 
  350.000  9.961311e-01 
  351.000  9.955922e-01 
  352.000  9.958802e-01 
  353.000  9.961765e-01 
  354.000  9.951758e-01 
  355.000  9.949012e-01 
  356.000  9.951312e-01 
  357.000  9.934550e-01 
  358.000  9.926143e-01 
  359.000  9.916891e-01 
  360.000  9.906020e-01 
  361.000  9.898309e-01 
  362.000  9.913405e-01 
  363.000  9.927517e-01 
  364.000  9.941094e-01 
  365.000  9.939608e-01 
  366.000  9.946887e-01 
  367.000  9.949153e-01 
  368.000  9.947841e-01 
  369.000  9.949990e-01 
  370.000  9.948940e-01 
  371.000  9.952185e-01 
  372.000  9.942001e-01 
  373.000  9.946629e-01 
  374.000  9.947651e-01 
  375.000  9.949333e-01 
  376.000  9.938999e-01 
  377.000  9.937764e-01 
  378.000  9.935299e-01 
  379.000  9.923552e-01 
  380.000  9.909636e-01 
  381.000  9.914593e-01 
  382.000  9.925669e-01 
  383.000  9.938274e-01 
  384.000  9.938962e-01 
  385.000  9.941885e-01 
  386.000  9.944360e-01 
  387.000  9.943612e-01 
  388.000  9.942281e-01 
  389.000  9.941969e-01 
  390.000  9.941812e-01 
  391.000  9.943171e-01 
  392.000  9.936213e-01 
  393.000  9.946284e-01 
  394.000  9.946367e-01 
  395.000  9.945052e-01 
  396.000  9.941722e-01 
  397.000  9.946822e-01 
  398.000  9.936987e-01 
  399.000  9.944320e-01 
  400.000  9.935381e-01 
  401.000  9.937405e-01 
  402.000  9.944752e-01 
  403.000  9.949050e-01 
  404.000  9.940782e-01 
  405.000  9.938233e-01 
  406.000  9.946512e-01 
  407.000  9.953603e-01 
  408.000  9.943932e-01 
  409.000  9.939172e-01 
  410.000  9.943033e-01 
  411.000  9.941792e-01 
  412.000  9.949581e-01 
  413.000  9.939257e-01 
  414.000  9.943571e-01 
  415.000  9.944501e-01 
  416.000  9.953750e-01 
  417.000  9.952732e-01 
  418.000  9.947819e-01 
  419.000  9.949257e-01 
  420.000  9.944289e-01 
  421.000  9.943619e-01 
  422.000  9.942151e-01 
  423.000  9.946302e-01 
  424.000  9.941055e-01 
  425.000  9.948761e-01 
  426.000  9.956855e-01 
  427.000  9.949564e-01 
  428.000  9.942658e-01 
  429.000  9.954152e-01 
  430.000  9.954184e-01 
  431.000  9.942143e-01 
  432.000  9.954283e-01 
  433.000  9.952436e-01 
  434.000  9.946067e-01 
  435.000  9.932860e-01 
  436.000  9.945970e-01 
  437.000  9.960551e-01 
  438.000  9.964020e-01 
  439.000  9.935873e-01 
  440.000  9.946775e-01 
  441.000  9.959685e-01 
  442.000  9.964476e-01 
  443.000  9.956941e-01 
  444.000  9.948089e-01 
  445.000  9.935116e-01 
  446.000  9.945642e-01 
  447.000  9.953321e-01 
  448.000  9.925511e-01 
  449.000  9.949564e-01 
  450.000  9.958305e-01 
  451.000  9.958178e-01 
  452.000  9.957635e-01 
  453.000  9.958998e-01 
  454.000  9.965521e-01 
  455.000  9.958977e-01 
  456.000  9.961103e-01 
  457.000  9.967589e-01 
  458.000  9.955705e-01 
  459.000  9.964393e-01 
  460.000  9.958481e-01 
  461.000  9.959348e-01 
  462.000  9.966207e-01 
  463.000  9.949602e-01 
  464.000  9.958364e-01 
  465.000  9.962909e-01 
  466.000  9.970986e-01 
  467.000  9.961179e-01 
  468.000  9.964896e-01 
  469.000  9.967266e-01 
  470.000  9.965619e-01 
  471.000  9.966807e-01 
  472.000  9.957244e-01 
  473.000  9.945254e-01 
  474.000  9.917095e-01 
  475.000  9.901600e-01 
  476.000  9.894397e-01 
  477.000  9.891200e-01 
  478.000  9.892614e-01 
  479.000  9.901569e-01 
  480.000  9.912722e-01 
  481.000  9.938496e-01 
  482.000  9.957496e-01 
  483.000  9.972382e-01 
  484.000  9.974709e-01 
  485.000  9.973277e-01 
  486.000  9.973211e-01 
  487.000  9.977332e-01 
  488.000  9.970728e-01 
  489.000  9.962026e-01 
  490.000  9.971301e-01 
  491.000  9.977776e-01 
  492.000  9.976856e-01 
  493.000  9.975791e-01 
  494.000  9.970899e-01 
  495.000  9.970732e-01 
  496.000  9.970953e-01 
  497.000  9.976110e-01 
  498.000  9.981024e-01 
  499.000  9.984900e-01 
  500.000  9.986280e-01 
  501.000  9.983142e-01 
  502.000  9.973057e-01 
  503.000  9.962345e-01 
  504.000  9.953128e-01 
  505.000  9.963278e-01 
  506.000  9.963722e-01 
  507.000  9.961973e-01 
  508.000  9.970212e-01 
  509.000  9.971063e-01 
  510.000  9.974760e-01 
  511.000  9.975558e-01 
  512.000  9.977776e-01 
  513.000  9.982357e-01 
  514.000  9.984429e-01 
  515.000  9.986736e-01 
  516.000  9.987164e-01 
  517.000  9.988274e-01 
  518.000  9.986818e-01 
  519.000  9.983327e-01 
  520.000  9.982847e-01 
  521.000  9.986771e-01 
  522.000  9.986615e-01 
  523.000  9.984953e-01 
  524.000  9.983627e-01 
  525.000  9.975952e-01 
  526.000  9.976177e-01 
  527.000  9.977532e-01 
  528.000  9.975688e-01 
  529.000  9.975459e-01 
  530.000  9.975331e-01 
  531.000  9.974187e-01 
  532.000  9.973233e-01 
  533.000  9.973989e-01 
  534.000  9.977189e-01 
  535.000  9.979879e-01 
  536.000  9.983605e-01 
  537.000  9.985915e-01 
  538.000  9.984885e-01 
  539.000  9.983361e-01 
  540.000  9.986910e-01 
  541.000  9.977106e-01 
  542.000  9.978300e-01 
  543.000  9.982775e-01 
  544.000  9.985611e-01 
  545.000  9.977697e-01 
  546.000  9.974247e-01 
  547.000  9.982305e-01 
  548.000  9.986008e-01 
  549.000  9.985949e-01 
  550.000  9.985938e-01 
  551.000  9.991208e-01 
  552.000  9.991340e-01 
  553.000  9.989248e-01 
  554.000  9.991488e-01 
  555.000  9.993770e-01 
  556.000  9.994832e-01 
  557.000  9.994406e-01 
  558.000  9.994080e-01 
  559.000  9.995418e-01 
  560.000  9.994488e-01 
  561.000  9.993253e-01 
  562.000  9.992507e-01 
  563.000  9.989814e-01 
  564.000  9.986080e-01 
  565.000  9.984004e-01 
  566.000  9.983736e-01 
  567.000  9.977827e-01 
  568.000  9.969534e-01 
  569.000  9.933971e-01 
  570.000  9.914389e-01 
  571.000  9.915200e-01 
  572.000  9.889123e-01 
  573.000  9.886757e-01 
  574.000  9.866420e-01 
  575.000  9.862638e-01 
  576.000  9.849379e-01 
  577.000  9.845454e-01 
  578.000  9.856633e-01 
  579.000  9.864637e-01 
  580.000  9.874908e-01 
  581.000  9.892796e-01 
  582.000  9.909065e-01 
  583.000  9.924039e-01 
  584.000  9.943264e-01 
  585.000  9.948047e-01 
  586.000  9.960692e-01 
  587.000  9.962619e-01 
  588.000  9.958546e-01 
  589.000  9.856907e-01 
  590.000  9.857627e-01 
  591.000  9.896147e-01 
  592.000  9.817770e-01 
  593.000  9.944368e-01 
  594.000  9.884556e-01 
  595.000  9.926451e-01 
  596.000  9.945763e-01 
  597.000  9.945294e-01 
  598.000  9.949607e-01 
  599.000  9.971752e-01 
  600.000  9.975773e-01 
  601.000  9.988907e-01 
  602.000  9.992825e-01 
  603.000  9.994156e-01 
  604.000  9.997791e-01 
  605.000  9.997573e-01 
  606.000  9.997907e-01 
  607.000  9.998449e-01 
  608.000  9.998233e-01 
  609.000  9.998248e-01 
  610.000  9.998085e-01 
  611.000  9.997699e-01 
  612.000  9.994845e-01 
  613.000  9.995355e-01 
  614.000  9.994850e-01 
  615.000  9.994441e-01 
  616.000  9.991267e-01 
  617.000  9.988515e-01 
  618.000  9.986336e-01 
  619.000  9.982749e-01 
  620.000  9.975269e-01 
  621.000  9.967723e-01 
  622.000  9.964314e-01 
  623.000  9.950879e-01 
  624.000  9.944069e-01 
  625.000  9.936700e-01 
  626.000  9.923908e-01 
  627.000  9.911268e-01 
  628.000  9.662752e-01 
  629.000  9.763640e-01 
  630.000  9.819258e-01 
  631.000  9.882429e-01 
  632.000  9.899285e-01 
  633.000  9.911182e-01 
  634.000  9.923510e-01 
  635.000  9.928800e-01 
  636.000  9.937155e-01 
  637.000  9.948336e-01 
  638.000  9.960397e-01 
  639.000  9.965879e-01 
  640.000  9.970242e-01 
  641.000  9.975240e-01 
  642.000  9.984286e-01 
  643.000  9.982762e-01 
  644.000  9.989187e-01 
  645.000  9.987751e-01 
  646.000  9.960988e-01 
  647.000  9.918341e-01 
  648.000  9.878078e-01 
  649.000  9.908274e-01 
  650.000  9.977322e-01 
  651.000  9.984921e-01 
  652.000  9.960909e-01 
  653.000  9.982719e-01 
  654.000  9.977331e-01 
  655.000  9.895340e-01 
  656.000  9.948829e-01 
  657.000  9.961349e-01 
  658.000  9.985051e-01 
  659.000  9.996932e-01 
  660.000  9.993593e-01 
  661.000  9.998381e-01 
  662.000  9.997859e-01 
  663.000  9.993140e-01 
  664.000  9.997009e-01 
  665.000  9.997309e-01 
  666.000  9.997967e-01 
  667.000  9.998806e-01 
  668.000  9.998550e-01 
  669.000  9.998598e-01 
  670.000  9.998983e-01 
  671.000  9.999247e-01 
  672.000  9.999204e-01 
  673.000  9.998802e-01 
  674.000  9.999057e-01 
  675.000  9.999087e-01 
  676.000  9.999015e-01 
  677.000  9.999092e-01 
  678.000  9.999425e-01 
  679.000  9.999387e-01 
  680.000  9.999051e-01 
  681.000  9.997987e-01 
  682.000  9.998879e-01 
  683.000  9.994351e-01 
  684.000  9.994460e-01 
  685.000  9.998341e-01 
  686.000  9.996043e-01 
  687.000  6.864440e-01 
  688.000  8.649963e-01 
  689.000  9.014890e-01 
  690.000  9.318761e-01 
  691.000  9.489968e-01 
  692.000  9.814848e-01 
  693.000  9.743389e-01 
  694.000  9.634868e-01 
  695.000  9.809414e-01 
  696.000  9.757450e-01 
  697.000  9.971113e-01 
  698.000  9.962722e-01 
  699.000  9.870576e-01 
  700.000  9.875842e-01 
  701.000  9.802779e-01 
  702.000  9.836167e-01 
  703.000  9.861921e-01 
  704.000  9.882075e-01 
  705.000  9.886432e-01 
  706.000  9.918686e-01 
  707.000  9.944776e-01 
  708.000  9.962162e-01 
  709.000  9.961357e-01 
  710.000  9.951290e-01 
  711.000  9.971535e-01 
  712.000  9.955637e-01 
  713.000  9.974000e-01 
  714.000  9.956732e-01 
  715.000  9.908592e-01 
  716.000  9.914017e-01 
  717.000  9.720173e-01 
  718.000  9.177632e-01 
  719.000  8.672244e-01 
  720.000  9.261532e-01 
  721.000  9.821399e-01 
  722.000  9.805743e-01 
  723.000  9.775894e-01 
  724.000  9.067163e-01 
  725.000  9.299492e-01 
  726.000  9.606173e-01 
  727.000  9.470294e-01 
  728.000  9.224641e-01 
  729.000  9.363281e-01 
  730.000  9.639007e-01 
  731.000  9.484460e-01 
  732.000  9.571145e-01 
  733.000  9.796487e-01 
  734.000  9.912679e-01 
  735.000  9.829457e-01 
  736.000  9.885569e-01 
  737.000  9.883549e-01 
  738.000  9.916661e-01 
  739.000  9.925724e-01 
  740.000  9.968224e-01 
  741.000  9.990184e-01 
  742.000  9.989971e-01 
  743.000  9.987788e-01 
  744.000  9.993711e-01 
  745.000  9.996727e-01 
  746.000  9.999043e-01 
  747.000  9.997920e-01 
  748.000  9.998870e-01 
  749.000  9.998496e-01 
  750.000  9.998719e-01 
  751.000  9.998024e-01 
  752.000  9.999439e-01 
  753.000  9.999616e-01 
  754.000  9.999136e-01 
  755.000  9.998602e-01 
  756.000  9.998134e-01 
  757.000  9.999849e-01 
  758.000  9.999822e-01 
  759.000  9.890745e-01 
  760.000  3.491987e-01 
  761.000  2.426802e-01 
  762.000  6.489042e-01 
  763.000  5.398536e-01 
  764.000  6.092302e-01 
  765.000  7.460746e-01 
  766.000  8.779219e-01 
  767.000  9.258569e-01 
  768.000  9.785652e-01 
  769.000  9.924617e-01 
  770.000  9.920434e-01 
  771.000  9.981750e-01 
  772.000  9.998930e-01 
  773.000  9.998885e-01 
  774.000  9.998610e-01 
  775.000  9.999007e-01 
  776.000  9.999289e-01 
  777.000  9.999750e-01 
  778.000  9.999948e-01 
  779.000  9.999939e-01 
  780.000  9.999940e-01 
  781.000  9.999940e-01 
  782.000  9.999133e-01 
  783.000  9.999673e-01 
  784.000  9.996581e-01 
  785.000  9.993262e-01 
  786.000  9.977406e-01 
  787.000  9.974931e-01 
  788.000  9.942772e-01 
  789.000  9.940768e-01 
  790.000  9.884585e-01 
  791.000  9.888772e-01 
  792.000  9.911624e-01 
  793.000  9.926454e-01 
  794.000  9.992314e-01 
  795.000  9.967648e-01 
  796.000  9.814081e-01 
  797.000  9.924129e-01 
  798.000  9.934130e-01 
  799.000  9.957322e-01 
  800.000  9.892086e-01 
  801.000  9.860275e-01 
  802.000  9.903295e-01 
  803.000  9.894335e-01 
  804.000  9.890496e-01 
  805.000  9.918594e-01 
  806.000  9.974784e-01 
  807.000  9.940122e-01 
  808.000  9.974780e-01 
  809.000  9.920881e-01 
  810.000  9.892803e-01 
  811.000  9.902686e-01 
  812.000  9.842271e-01 
  813.000  9.725814e-01 
  814.000  9.522400e-01 
  815.000  9.270740e-01 
  816.000  9.462292e-01 
  817.000  8.575078e-01 
  818.000  9.196087e-01 
  819.000  9.458398e-01 
  820.000  9.114069e-01 
  821.000  9.873666e-01 
  822.000  9.777373e-01 
  823.000  8.306390e-01 
  824.000  9.644777e-01 
  825.000  9.818879e-01 
  826.000  9.632631e-01 
  827.000  9.808007e-01 
  828.000  9.328479e-01 
  829.000  9.698990e-01 
  830.000  9.610759e-01 
  831.000  9.652855e-01 
  832.000  9.647949e-01 
  833.000  9.787455e-01 
  834.000  9.784909e-01 
  835.000  9.861974e-01 
  836.000  9.870430e-01 
  837.000  9.865701e-01 
  838.000  9.917296e-01 
  839.000  9.942963e-01 
  840.000  9.949045e-01 
  841.000  9.949045e-01 
  842.000  9.902534e-01 
  843.000  9.988764e-01 
  844.000  9.936363e-01 
  845.000  9.977980e-01 
  846.000  9.988366e-01 
  847.000  9.996164e-01 
  848.000  9.984506e-01 
  849.000  9.989117e-01 
  850.000  9.983110e-01 
  851.000  9.967462e-01 
  852.000  9.986385e-01 
  853.000  9.989746e-01 
  854.000  9.985309e-01 
  855.000  9.985309e-01 
  856.000  9.989072e-01 
  857.000  9.997603e-01 
  858.000  9.988775e-01 
  859.000  9.993880e-01 
  860.000  9.999357e-01 
  861.000  9.996754e-01 
  862.000  9.998956e-01 
  863.000  9.996588e-01 
  864.000  9.999683e-01 
  865.000  9.999683e-01 
  866.000  9.999117e-01 
  867.000  9.999874e-01 
  868.000  9.999112e-01 
  869.000  9.998153e-01 
  870.000  9.999084e-01 
  871.000  9.999113e-01 
  872.000  9.999749e-01 
  873.000  9.998873e-01 
  874.000  9.998873e-01 
  875.000  9.999909e-01 
  876.000  9.999942e-01 
  877.000  9.999074e-01 
  878.000  9.998235e-01 
  879.000  9.997965e-01 
  880.000  9.999222e-01 
  881.000  9.999222e-01 
  882.000  9.993778e-01 
  883.000  9.995248e-01 
  884.000  9.995430e-01 
  885.000  9.996152e-01 
  886.000  9.965532e-01 
  887.000  9.993079e-01 
  888.000  9.993079e-01 
  889.000  9.986154e-01 
  890.000  9.968713e-01 
  891.000  9.992154e-01 
  892.000  9.964285e-01 
  893.000  9.891326e-01 
  894.000  9.891326e-01 
  895.000  9.720059e-01 
  896.000  9.562467e-01 
  897.000  8.839997e-01 
  898.000  9.525685e-01 
  899.000  8.196883e-01 
  900.000  8.196883e-01 
  901.000  8.498579e-01 
  902.000  8.777025e-01 
  903.000  9.084068e-01 
  904.000  9.774958e-01 
  905.000  9.680085e-01 
  906.000  9.680085e-01 
  907.000  8.931425e-01 
  908.000  8.723334e-01 
  909.000  8.833405e-01 
  910.000  8.672173e-01 
  911.000  8.672173e-01 
  912.000  9.425901e-01 
  913.000  9.049765e-01 
  914.000  8.794642e-01 
  915.000  8.410070e-01 
  916.000  8.410070e-01 
  917.000  9.392584e-01 
  918.000  8.590715e-01 
  919.000  9.213046e-01 
  920.000  9.748558e-01 
  921.000  9.748558e-01 
  922.000  9.607891e-01 
  923.000  9.596730e-01 
  924.000  9.458411e-01 
  925.000  9.458411e-01 
  926.000  9.526741e-01 
  927.000  9.581359e-01 
  928.000  8.777941e-01 
  929.000  8.612894e-01 
  930.000  8.612894e-01 
  931.000  7.398120e-01 
  932.000  5.705990e-01 
  933.000  6.007570e-01 
  934.000  6.007570e-01 
  935.000  5.501533e-01 
  936.000  5.197567e-01 
  937.000  5.123402e-01 
  938.000  5.123402e-01 
  939.000  6.465300e-01 
  940.000  7.717512e-01 
  941.000  7.240514e-01 
  942.000  7.240514e-01 
  943.000  6.261870e-01 
  944.000  6.347623e-01 
  945.000  7.188464e-01 
  946.000  7.188464e-01 
  947.000  6.395044e-01 
  948.000  6.598871e-01 
  949.000  7.203819e-01 
  950.000  7.203819e-01 
  951.000  7.313763e-01 
  952.000  6.364768e-01 
  953.000  7.665290e-01 
  954.000  7.665290e-01 
  955.000  7.616188e-01 
  956.000  6.596048e-01 
  957.000  8.070042e-01 
  958.000  8.070042e-01 
  959.000  7.180884e-01 
  960.000  7.914898e-01 
  961.000  7.914898e-01 
  962.000  8.152217e-01 
  963.000  8.696837e-01 
  964.000  7.833692e-01 
  965.000  7.833692e-01 
  966.000  8.429607e-01 
  967.000  9.134657e-01 
  968.000  9.134657e-01 
  969.000  9.289724e-01 
  970.000  9.582707e-01 
  971.000  9.680176e-01 
  972.000  9.680176e-01 
  973.000  9.559825e-01 
  974.000  8.962237e-01 
  975.000  8.962237e-01 
  976.000  8.803436e-01 
  977.000  9.408453e-01 
  978.000  9.322308e-01 
  979.000  9.322308e-01 
  980.000  9.329521e-01 
  981.000  9.806166e-01 
  982.000  9.806166e-01 
  983.000  9.660946e-01 
  984.000  9.788493e-01 
  985.000  9.788493e-01 
  986.000  9.943162e-01 
  987.000  9.884350e-01 
  988.000  9.884350e-01 
  989.000  9.973184e-01 
  990.000  9.936384e-01 
  991.000  9.936384e-01 
  992.000  9.960887e-01 
  993.000  9.955739e-01 
  994.000  9.955739e-01 
  995.000  9.992319e-01 
  996.000  9.993021e-01 
  997.000  9.993021e-01 
  998.000  9.992831e-01 
  999.000  9.989591e-01 
 1000.000  9.989591e-01 
 1001.000  9.990994e-01 
 1002.000  9.940234e-01 
 1003.000  9.940234e-01 
 1004.000  9.990753e-01 
 1005.000  9.992843e-01 
 1006.000  9.992843e-01 
 1007.000  9.994233e-01 
 1008.000  9.984457e-01 
 1009.000  9.984457e-01 
 1010.000  9.946593e-01 
 1011.000  9.993408e-01 
 1012.000  9.993408e-01 
 1013.000  9.994944e-01 
 1014.000  9.993285e-01 
 1015.000  9.993285e-01 
 1016.000  9.995665e-01 
 1017.000  9.992618e-01 
 1018.000  9.992618e-01 
 1019.000  9.989099e-01 
 1020.000  9.995760e-01 
 1021.000  9.995760e-01 
 1022.000  9.989311e-01 
 1023.000  9.989311e-01 
 1024.000  9.987651e-01 
 1025.000  9.995182e-01 
 1026.000  9.995182e-01 
 1027.000  9.991227e-01 
 1028.000  9.995145e-01 
 1029.000  9.995145e-01 
 1030.000  9.996275e-01 
 1031.000  9.995286e-01 
 1032.000  9.995286e-01 
 1033.000  9.995006e-01 
 1034.000  9.995006e-01 
 1035.000  9.994994e-01 
 1036.000  9.990061e-01 
 1037.000  9.990061e-01 
 1038.000  9.989392e-01 
 1039.000  9.983941e-01 
 1040.000  9.983941e-01 
 1041.000  9.980220e-01 
 1042.000  9.980220e-01 
 1043.000  9.975528e-01 
 1044.000  9.968525e-01 
 1045.000  9.968525e-01 
 1046.000  9.958923e-01 
 1047.000  9.958923e-01 
 1048.000  9.949366e-01 
 1049.000  9.930353e-01 
 1050.000  9.930353e-01 
 1051.000  9.921788e-01 
 1052.000  9.921788e-01 
 1053.000  9.908791e-01 
 1054.000  9.897728e-01 
 1055.000  9.897728e-01 
 1056.000  9.884843e-01 
 1057.000  9.884843e-01 
 1058.000  9.873258e-01 
 1059.000  9.861735e-01 
 1060.000  9.861735e-01 
 1061.000  9.854368e-01 
 1062.000  9.854368e-01 
 1063.000  9.841413e-01 
 1064.000  9.833642e-01 
 1065.000  9.833642e-01 
 1066.000  9.845265e-01 
 1067.000  9.845265e-01 
 1068.000  9.836275e-01 
 1069.000  9.847776e-01 
 1070.000  9.847776e-01 
 1071.000  9.863204e-01 
 1072.000  9.863204e-01 
 1073.000  9.874637e-01 
 1074.000  9.874637e-01 
 1075.000  9.853607e-01 
 1076.000  9.856162e-01 
 1077.000  9.856162e-01 
 1078.000  9.896237e-01 
 1079.000  9.896237e-01 
 1080.000  9.871269e-01 
 1081.000  9.871269e-01 
 1082.000  9.897308e-01 
 1083.000  9.875650e-01 
 1084.000  9.875650e-01 
 1085.000  9.828436e-01 
 1086.000  9.828436e-01 
 1087.000  9.907565e-01 
 1088.000  9.907565e-01 
 1089.000  9.874822e-01 
 1090.000  9.857319e-01 
 1091.000  9.857319e-01 
 1092.000  9.801922e-01 
 1093.000  9.801922e-01 
 1094.000  9.800945e-01 
 1095.000  9.800945e-01 
 1096.000  9.767073e-01 
 1097.000  9.767073e-01 
 1098.000  9.689113e-01 
 1099.000  9.408274e-01 
 1100.000  9.408274e-01 
 1101.000  9.415526e-01 
 1102.000  9.415526e-01 
 1103.000  9.305075e-01 
 1104.000  9.305075e-01 
 1105.000  9.217979e-01 
 1106.000  9.217979e-01 
 1107.000  9.203607e-01 
 1108.000  9.203607e-01 
 1109.000  8.987112e-01 
 1110.000  8.620834e-01 
 1111.000  8.620834e-01 
 1112.000  8.413332e-01 
 1113.000  8.413332e-01 
 1114.000  7.558794e-01 
 1115.000  7.558794e-01 
 1116.000  5.550131e-01 
 1117.000  5.550131e-01 
 1118.000  6.586427e-01 
 1119.000  6.586427e-01 
 1120.000  5.943409e-01 
 1121.000  5.943409e-01 
 1122.000  4.081345e-01 
 1123.000  6.193515e-01 
 1124.000  6.193515e-01 
 1125.000  4.551793e-01 
 1126.000  4.551793e-01 
 1127.000  5.209579e-01 
 1128.000  5.209579e-01 
 1129.000  5.233986e-01 
 1130.000  5.233986e-01 
 1131.000  7.689174e-01 
 1132.000  7.689174e-01 
 1133.000  5.244240e-01 
 1134.000  5.244240e-01 
 1135.000  3.227369e-01 
 1136.000  3.227369e-01 
 1137.000  7.761183e-01 
 1138.000  7.761183e-01 
 1139.000  7.189186e-01 
 1140.000  7.189186e-01 
 1141.000  7.046168e-01 
 1142.000  7.046168e-01 
 1143.000  7.475260e-01 
 1144.000  7.475260e-01 
 1145.000  5.615774e-01 
 1146.000  5.615774e-01 
 1147.000  5.455939e-01 
 1148.000  5.455939e-01 
 1149.000  6.475896e-01 
 1150.000  6.475896e-01 
 1151.000  7.357933e-01 
 1152.000  7.357933e-01 
 1153.000  6.864626e-01 
 1154.000  6.864626e-01 
 1155.000  7.316512e-01 
 1156.000  7.316512e-01 
 1157.000  7.979838e-01 
 1158.000  7.979838e-01 
 1159.000  8.824924e-01 
 1160.000  8.824924e-01 
 1161.000  8.671041e-01 
 1162.000  8.671041e-01 
 1163.000  9.117975e-01 
 1164.000  9.117975e-01 
 1165.000  8.963547e-01 
 1166.000  8.963547e-01 
 1167.000  9.309677e-01 
 1168.000  9.309677e-01 
 1169.000  9.415311e-01 
 1170.000  9.415311e-01 
 1171.000  9.477485e-01 
 1172.000  9.477485e-01 
 1173.000  8.955989e-01 
 1174.000  8.955989e-01 
 1175.000  9.768151e-01 
 1176.000  9.768151e-01 
 1177.000  9.271966e-01 
 1178.000  9.271966e-01 
 1179.000  9.632258e-01 
 1180.000  9.632258e-01 
 1181.000  8.879722e-01 
 1182.000  8.879722e-01 
 1183.000  9.448010e-01 
 1184.000  9.448010e-01 
 1185.000  9.626582e-01 
 1186.000  9.626582e-01 
 1187.000  8.972554e-01 
 1188.000  8.972554e-01 
 1189.000  8.972554e-01 
 1190.000  9.441035e-01 
 1191.000  9.441035e-01 
 1192.000  9.789796e-01 
 1193.000  9.789796e-01 
 1194.000  9.540986e-01 
 1195.000  9.540986e-01 
 1196.000  9.660798e-01 
 1197.000  9.660798e-01 
 1198.000  9.426464e-01 
 1199.000  9.426464e-01 
 1200.000  9.386413e-01 
