  250.000  9.997985e-01 
  251.000  9.998509e-01 
  252.000  9.998585e-01 
  253.000  9.998517e-01 
  254.000  9.998440e-01 
  255.000  9.998431e-01 
  256.000  9.998351e-01 
  257.000  9.998366e-01 
  258.000  9.998227e-01 
  259.000  9.998129e-01 
  260.000  9.998122e-01 
  261.000  9.998079e-01 
  262.000  9.998048e-01 
  263.000  9.997803e-01 
  264.000  9.997771e-01 
  265.000  9.997660e-01 
  266.000  9.997676e-01 
  267.000  9.997560e-01 
  268.000  9.997483e-01 
  269.000  9.997084e-01 
  270.000  9.997141e-01 
  271.000  9.997144e-01 
  272.000  9.997113e-01 
  273.000  9.996652e-01 
  274.000  9.996523e-01 
  275.000  9.996412e-01 
  276.000  9.996498e-01 
  277.000  9.996230e-01 
  278.000  9.996083e-01 
  279.000  9.995697e-01 
  280.000  9.995462e-01 
  281.000  9.995347e-01 
  282.000  9.995404e-01 
  283.000  9.995403e-01 
  284.000  9.994627e-01 
  285.000  9.994347e-01 
  286.000  9.993971e-01 
  287.000  9.994179e-01 
  288.000  9.994149e-01 
  289.000  9.993773e-01 
  290.000  9.993195e-01 
  291.000  9.992968e-01 
  292.000  9.992319e-01 
  293.000  9.992393e-01 
  294.000  9.992668e-01 
  295.000  9.991702e-01 
  296.000  9.992148e-01 
  297.000  9.990453e-01 
  298.000  9.990309e-01 
  299.000  9.990461e-01 
  300.000  9.990243e-01 
  301.000  9.990447e-01 
  302.000  9.989012e-01 
  303.000  9.988059e-01 
  304.000  9.988093e-01 
  305.000  9.987528e-01 
  306.000  9.988081e-01 
  307.000  9.986799e-01 
  308.000  9.987361e-01 
  309.000  9.985446e-01 
  310.000  9.985908e-01 
  311.000  9.985049e-01 
  312.000  9.984747e-01 
  313.000  9.983781e-01 
  314.000  9.984376e-01 
  315.000  9.982318e-01 
  316.000  9.983186e-01 
  317.000  9.982167e-01 
  318.000  9.980401e-01 
  319.000  9.981470e-01 
  320.000  9.979539e-01 
  321.000  9.980283e-01 
  322.000  9.979550e-01 
  323.000  9.978363e-01 
  324.000  9.979022e-01 
  325.000  9.977207e-01 
  326.000  9.976842e-01 
  327.000  9.976825e-01 
  328.000  9.975729e-01 
  329.000  9.975871e-01 
  330.000  9.974227e-01 
  331.000  9.975142e-01 
  332.000  9.974942e-01 
  333.000  9.969261e-01 
  334.000  9.974036e-01 
  335.000  9.970890e-01 
  336.000  9.972372e-01 
  337.000  9.971473e-01 
  338.000  9.972525e-01 
  339.000  9.966338e-01 
  340.000  9.967412e-01 
  341.000  9.961514e-01 
  342.000  9.958718e-01 
  343.000  9.958937e-01 
  344.000  9.956167e-01 
  345.000  9.958920e-01 
  346.000  9.961337e-01 
  347.000  9.962999e-01 
  348.000  9.963652e-01 
  349.000  9.962497e-01 
  350.000  9.967750e-01 
  351.000  9.963255e-01 
  352.000  9.965658e-01 
  353.000  9.968128e-01 
  354.000  9.959782e-01 
  355.000  9.957493e-01 
  356.000  9.959410e-01 
  357.000  9.945428e-01 
  358.000  9.938414e-01 
  359.000  9.930695e-01 
  360.000  9.921622e-01 
  361.000  9.915186e-01 
  362.000  9.927785e-01 
  363.000  9.939561e-01 
  364.000  9.950886e-01 
  365.000  9.949648e-01 
  366.000  9.955720e-01 
  367.000  9.957610e-01 
  368.000  9.956517e-01 
  369.000  9.958307e-01 
  370.000  9.957432e-01 
  371.000  9.960138e-01 
  372.000  9.951642e-01 
  373.000  9.955505e-01 
  374.000  9.956357e-01 
  375.000  9.957759e-01 
  376.000  9.949139e-01 
  377.000  9.948109e-01 
  378.000  9.946054e-01 
  379.000  9.936252e-01 
  380.000  9.924639e-01 
  381.000  9.928776e-01 
  382.000  9.938019e-01 
  383.000  9.948536e-01 
  384.000  9.949109e-01 
  385.000  9.951547e-01 
  386.000  9.953611e-01 
  387.000  9.952987e-01 
  388.000  9.951877e-01 
  389.000  9.951618e-01 
  390.000  9.951487e-01 
  391.000  9.952619e-01 
  392.000  9.946815e-01 
  393.000  9.955217e-01 
  394.000  9.955286e-01 
  395.000  9.954188e-01 
  396.000  9.951410e-01 
  397.000  9.955708e-01 
  398.000  9.947469e-01 
  399.000  9.953610e-01 
  400.000  9.946130e-01 
  401.000  9.947811e-01 
  402.000  9.953939e-01 
  403.000  9.957524e-01 
  404.000  9.950627e-01 
  405.000  9.948501e-01 
  406.000  9.955407e-01 
  407.000  9.961320e-01 
  408.000  9.953256e-01 
  409.000  9.949284e-01 
  410.000  9.952506e-01 
  411.000  9.951469e-01 
  412.000  9.957967e-01 
  413.000  9.949355e-01 
  414.000  9.952955e-01 
  415.000  9.953756e-01 
  416.000  9.961450e-01 
  417.000  9.960607e-01 
  418.000  9.956499e-01 
  419.000  9.957713e-01 
  420.000  9.953552e-01 
  421.000  9.952994e-01 
  422.000  9.951771e-01 
  423.000  9.955232e-01 
  424.000  9.950854e-01 
  425.000  9.957283e-01 
  426.000  9.964056e-01 
  427.000  9.957952e-01 
  428.000  9.952193e-01 
  429.000  9.961785e-01 
  430.000  9.961806e-01 
  431.000  9.951763e-01 
  432.000  9.961887e-01 
  433.000  9.960347e-01 
  434.000  9.955035e-01 
  435.000  9.944018e-01 
  436.000  9.954954e-01 
  437.000  9.967115e-01 
  438.000  9.970008e-01 
  439.000  9.946533e-01 
  440.000  9.955637e-01 
  441.000  9.966403e-01 
  442.000  9.970888e-01 
  443.000  9.965432e-01 
  444.000  9.956808e-01 
  445.000  9.948029e-01 
  446.000  9.957300e-01 
  447.000  9.961119e-01 
  448.000  9.937926e-01 
  449.000  9.957964e-01 
  450.000  9.965243e-01 
  451.000  9.965136e-01 
  452.000  9.964684e-01 
  453.000  9.965912e-01 
  454.000  9.971260e-01 
  455.000  9.965802e-01 
  456.000  9.967575e-01 
  457.000  9.972984e-01 
  458.000  9.963074e-01 
  459.000  9.970319e-01 
  460.000  9.965388e-01 
  461.000  9.966112e-01 
  462.000  9.971831e-01 
  463.000  9.957985e-01 
  464.000  9.965291e-01 
  465.000  9.969082e-01 
  466.000  9.976025e-01 
  467.000  9.967675e-01 
  468.000  9.970749e-01 
  469.000  9.974189e-01 
  470.000  9.973323e-01 
  471.000  9.972397e-01 
  472.000  9.964485e-01 
  473.000  9.954420e-01 
  474.000  9.930882e-01 
  475.000  9.918708e-01 
  476.000  9.911926e-01 
  477.000  9.909253e-01 
  478.000  9.910432e-01 
  479.000  9.917906e-01 
  480.000  9.927214e-01 
  481.000  9.948720e-01 
  482.000  9.964567e-01 
  483.000  9.976982e-01 
  484.000  9.978928e-01 
  485.000  9.978644e-01 
  486.000  9.978681e-01 
  487.000  9.981141e-01 
  488.000  9.975641e-01 
  489.000  9.968463e-01 
  490.000  9.976108e-01 
  491.000  9.981542e-01 
  492.000  9.980729e-01 
  493.000  9.979831e-01 
  494.000  9.975745e-01 
  495.000  9.975604e-01 
  496.000  9.975789e-01 
  497.000  9.980087e-01 
  498.000  9.984183e-01 
  499.000  9.987448e-01 
  500.000  9.988732e-01 
  501.000  9.986827e-01 
  502.000  9.983330e-01 
  503.000  9.980475e-01 
  504.000  9.983945e-01 
  505.000  9.975818e-01 
  506.000  9.982910e-01 
  507.000  9.984838e-01 
  508.000  9.985117e-01 
  509.000  9.981161e-01 
  510.000  9.980178e-01 
  511.000  9.981608e-01 
  512.000  9.982970e-01 
  513.000  9.985479e-01 
  514.000  9.987296e-01 
  515.000  9.988946e-01 
  516.000  9.989306e-01 
  517.000  9.990227e-01 
  518.000  9.989013e-01 
  519.000  9.986103e-01 
  520.000  9.985705e-01 
  521.000  9.988975e-01 
  522.000  9.988846e-01 
  523.000  9.987463e-01 
  524.000  9.986974e-01 
  525.000  9.981556e-01 
  526.000  9.980187e-01 
  527.000  9.982275e-01 
  528.000  9.979945e-01 
  529.000  9.980575e-01 
  530.000  9.979771e-01 
  531.000  9.978532e-01 
  532.000  9.977805e-01 
  533.000  9.978330e-01 
  534.000  9.981120e-01 
  535.000  9.983237e-01 
  536.000  9.986366e-01 
  537.000  9.988330e-01 
  538.000  9.987431e-01 
  539.000  9.987450e-01 
  540.000  9.990942e-01 
  541.000  9.992451e-01 
  542.000  9.989219e-01 
  543.000  9.988274e-01 
  544.000  9.990306e-01 
  545.000  9.988785e-01 
  546.000  9.990873e-01 
  547.000  9.992201e-01 
  548.000  9.990703e-01 
  549.000  9.990193e-01 
  550.000  9.992226e-01 
  551.000  9.992952e-01 
  552.000  9.993317e-01 
  553.000  9.991058e-01 
  554.000  9.992908e-01 
  555.000  9.994808e-01 
  556.000  9.995694e-01 
  557.000  9.995340e-01 
  558.000  9.995067e-01 
  559.000  9.996201e-01 
  560.000  9.995523e-01 
  561.000  9.994558e-01 
  562.000  9.993814e-01 
  563.000  9.991577e-01 
  564.000  9.988443e-01 
  565.000  9.986699e-01 
  566.000  9.986470e-01 
  567.000  9.983071e-01 
  568.000  9.976707e-01 
  569.000  9.965090e-01 
  570.000  9.948921e-01 
  571.000  9.935821e-01 
  572.000  9.926501e-01 
  573.000  9.912530e-01 
  574.000  9.901530e-01 
  575.000  9.889864e-01 
  576.000  9.882949e-01 
  577.000  9.880768e-01 
  578.000  9.882740e-01 
  579.000  9.889038e-01 
  580.000  9.896287e-01 
  581.000  9.911152e-01 
  582.000  9.926251e-01 
  583.000  9.938405e-01 
  584.000  9.956270e-01 
  585.000  9.962788e-01 
  586.000  9.973095e-01 
  587.000  9.976972e-01 
  588.000  9.985480e-01 
  589.000  9.989583e-01 
  590.000  9.991820e-01 
  591.000  9.993504e-01 
  592.000  9.993083e-01 
  593.000  9.993477e-01 
  594.000  9.996518e-01 
  595.000  9.997814e-01 
  596.000  9.997711e-01 
  597.000  9.997855e-01 
  598.000  9.997585e-01 
  599.000  9.997163e-01 
  600.000  9.996575e-01 
  601.000  9.996654e-01 
  602.000  9.997467e-01 
  603.000  9.998422e-01 
  604.000  9.998812e-01 
  605.000  9.998850e-01 
  606.000  9.998867e-01 
  607.000  9.998713e-01 
  608.000  9.998530e-01 
  609.000  9.998541e-01 
  610.000  9.998442e-01 
  611.000  9.998091e-01 
  612.000  9.995704e-01 
  613.000  9.996130e-01 
  614.000  9.995708e-01 
  615.000  9.995368e-01 
  616.000  9.992725e-01 
  617.000  9.990429e-01 
  618.000  9.988614e-01 
  619.000  9.985623e-01 
  620.000  9.979388e-01 
  621.000  9.973097e-01 
  622.000  9.970261e-01 
  623.000  9.959063e-01 
  624.000  9.953579e-01 
  625.000  9.947263e-01 
  626.000  9.937071e-01 
  627.000  9.929607e-01 
  628.000  9.746709e-01 
  629.000  9.809942e-01 
  630.000  9.849760e-01 
  631.000  9.902399e-01 
  632.000  9.924936e-01 
  633.000  9.931343e-01 
  634.000  9.941380e-01 
  635.000  9.943892e-01 
  636.000  9.953682e-01 
  637.000  9.964258e-01 
  638.000  9.969086e-01 
  639.000  9.975678e-01 
  640.000  9.978628e-01 
  641.000  9.985731e-01 
  642.000  9.989029e-01 
  643.000  9.991383e-01 
  644.000  9.993969e-01 
  645.000  9.996010e-01 
  646.000  9.996725e-01 
  647.000  9.996880e-01 
  648.000  9.997342e-01 
  649.000  9.998810e-01 
  650.000  9.998909e-01 
  651.000  9.998894e-01 
  652.000  9.999149e-01 
  653.000  9.999232e-01 
  654.000  9.999353e-01 
  655.000  9.999325e-01 
  656.000  9.999287e-01 
  657.000  9.999477e-01 
  658.000  9.999548e-01 
  659.000  9.999498e-01 
  660.000  9.999553e-01 
  661.000  9.999724e-01 
  662.000  9.999725e-01 
  663.000  9.999761e-01 
  664.000  9.999754e-01 
  665.000  9.999622e-01 
  666.000  9.999506e-01 
  667.000  9.999417e-01 
  668.000  9.999207e-01 
  669.000  9.999319e-01 
  670.000  9.999158e-01 
  671.000  9.999374e-01 
  672.000  9.999338e-01 
  673.000  9.999003e-01 
  674.000  9.999220e-01 
  675.000  9.999242e-01 
  676.000  9.999290e-01 
  677.000  9.999248e-01 
  678.000  9.999525e-01 
  679.000  9.999552e-01 
  680.000  9.999534e-01 
  681.000  9.999555e-01 
  682.000  9.999676e-01 
  683.000  9.999613e-01 
  684.000  9.999677e-01 
  685.000  9.999664e-01 
  686.000  9.999334e-01 
  687.000  7.112213e-01 
  688.000  8.844226e-01 
  689.000  9.157713e-01 
  690.000  9.428533e-01 
  691.000  9.577812e-01 
  692.000  9.873691e-01 
  693.000  9.910812e-01 
  694.000  9.999498e-01 
  695.000  9.999702e-01 
  696.000  9.999677e-01 
  697.000  9.999855e-01 
  698.000  9.999868e-01 
  699.000  9.999435e-01 
  700.000  9.999819e-01 
  701.000  9.999824e-01 
  702.000  9.999815e-01 
  703.000  9.999766e-01 
  704.000  9.999673e-01 
  705.000  9.999576e-01 
  706.000  9.999661e-01 
  707.000  9.999484e-01 
  708.000  9.999704e-01 
  709.000  9.999736e-01 
  710.000  9.999716e-01 
  711.000  9.999691e-01 
  712.000  9.999638e-01 
  713.000  9.999694e-01 
  714.000  9.999647e-01 
  715.000  9.999762e-01 
  716.000  9.999835e-01 
  717.000  9.999847e-01 
  718.000  9.999877e-01 
  719.000  9.999885e-01 
  720.000  9.999905e-01 
  721.000  9.999862e-01 
  722.000  9.999849e-01 
  723.000  9.999835e-01 
  724.000  9.999842e-01 
  725.000  9.999910e-01 
  726.000  9.999930e-01 
  727.000  9.999928e-01 
  728.000  9.999931e-01 
  729.000  9.999942e-01 
  730.000  9.999942e-01 
  731.000  9.999938e-01 
  732.000  9.999936e-01 
  733.000  9.999936e-01 
  734.000  9.999899e-01 
  735.000  9.999885e-01 
  736.000  9.999896e-01 
  737.000  9.999903e-01 
  738.000  9.999912e-01 
  739.000  9.999883e-01 
  740.000  9.999908e-01 
  741.000  9.999892e-01 
  742.000  9.999897e-01 
  743.000  9.999866e-01 
  744.000  9.999833e-01 
  745.000  9.999765e-01 
  746.000  9.999731e-01 
  747.000  9.999894e-01 
  748.000  9.999917e-01 
  749.000  9.999924e-01 
  750.000  9.999910e-01 
  751.000  9.999910e-01 
  752.000  9.999889e-01 
  753.000  9.999904e-01 
  754.000  9.999879e-01 
  755.000  9.999900e-01 
  756.000  9.999879e-01 
  757.000  9.999912e-01 
  758.000  9.999919e-01 
  759.000  9.908067e-01 
  760.000  3.907874e-01 
  761.000  2.903814e-01 
  762.000  6.820818e-01 
  763.000  5.796794e-01 
  764.000  6.400948e-01 
  765.000  7.676210e-01 
  766.000  8.939019e-01 
  767.000  9.369357e-01 
  768.000  9.818681e-01 
  769.000  9.937143e-01 
  770.000  9.933297e-01 
  771.000  9.984789e-01 
  772.000  9.999110e-01 
  773.000  9.999073e-01 
  774.000  9.999189e-01 
  775.000  9.999269e-01 
  776.000  9.999414e-01 
  777.000  9.999797e-01 
  778.000  9.999963e-01 
  779.000  9.999961e-01 
  780.000  9.999965e-01 
  781.000  9.999967e-01 
  782.000  9.999955e-01 
  783.000  9.999949e-01 
  784.000  9.999931e-01 
  785.000  9.999942e-01 
  786.000  9.999956e-01 
  787.000  9.999956e-01 
  788.000  9.999951e-01 
  789.000  9.999879e-01 
  790.000  9.999830e-01 
  791.000  9.999920e-01 
  792.000  9.999942e-01 
  793.000  9.999951e-01 
  794.000  1.000000e+00 
  795.000  1.000000e+00 
  796.000  1.000000e+00 
  797.000  1.000000e+00 
  798.000  1.000000e+00 
  799.000  1.000000e+00 
  800.000  1.000000e+00 
  801.000  9.999999e-01 
  802.000  1.000000e+00 
  803.000  1.000000e+00 
  804.000  1.000000e+00 
  805.000  9.999999e-01 
  806.000  1.000000e+00 
  807.000  1.000000e+00 
  808.000  1.000000e+00 
  809.000  1.000000e+00 
  810.000  9.999999e-01 
  811.000  1.000000e+00 
  812.000  1.000000e+00 
  813.000  1.000000e+00 
  814.000  9.999999e-01 
  815.000  1.000000e+00 
  816.000  1.000000e+00 
  817.000  1.000000e+00 
  818.000  1.000000e+00 
  819.000  1.000000e+00 
  820.000  1.000000e+00 
  821.000  1.000000e+00 
  822.000  9.999999e-01 
  823.000  1.000000e+00 
  824.000  1.000000e+00 
  825.000  1.000000e+00 
  826.000  1.000000e+00 
  827.000  1.000000e+00 
  828.000  9.999999e-01 
  829.000  1.000000e+00 
  830.000  1.000000e+00 
  831.000  1.000000e+00 
  832.000  1.000000e+00 
  833.000  1.000000e+00 
  834.000  1.000000e+00 
  835.000  1.000000e+00 
  836.000  1.000000e+00 
  837.000  1.000000e+00 
  838.000  1.000000e+00 
  839.000  1.000000e+00 
  840.000  1.000000e+00 
  841.000  1.000000e+00 
  842.000  1.000000e+00 
  843.000  1.000000e+00 
  844.000  1.000000e+00 
  845.000  1.000000e+00 
  846.000  1.000000e+00 
  847.000  1.000000e+00 
  848.000  1.000000e+00 
  849.000  1.000000e+00 
  850.000  1.000000e+00 
  851.000  1.000000e+00 
  852.000  1.000000e+00 
  853.000  1.000000e+00 
  854.000  1.000000e+00 
  855.000  1.000000e+00 
  856.000  1.000000e+00 
  857.000  1.000000e+00 
  858.000  1.000000e+00 
  859.000  1.000000e+00 
  860.000  1.000000e+00 
  861.000  9.999999e-01 
  862.000  9.999964e-01 
  863.000  9.997190e-01 
  864.000  9.999996e-01 
  865.000  9.999996e-01 
  866.000  9.999275e-01 
  867.000  9.999904e-01 
  868.000  9.999269e-01 
  869.000  9.998474e-01 
  870.000  9.999940e-01 
  871.000  9.999292e-01 
  872.000  9.999980e-01 
  873.000  9.999976e-01 
  874.000  9.999976e-01 
  875.000  9.999999e-01 
  876.000  1.000000e+00 
  877.000  1.000000e+00 
  878.000  1.000000e+00 
  879.000  1.000000e+00 
  880.000  1.000000e+00 
  881.000  1.000000e+00 
  882.000  1.000000e+00 
  883.000  1.000000e+00 
  884.000  1.000000e+00 
  885.000  9.999999e-01 
  886.000  1.000000e+00 
  887.000  1.000000e+00 
  888.000  1.000000e+00 
  889.000  1.000000e+00 
  890.000  1.000000e+00 
  891.000  9.999999e-01 
  892.000  1.000000e+00 
  893.000  1.000000e+00 
  894.000  1.000000e+00 
  895.000  9.999999e-01 
  896.000  1.000000e+00 
  897.000  1.000000e+00 
  898.000  9.999999e-01 
  899.000  1.000000e+00 
  900.000  1.000000e+00 
  901.000  9.999999e-01 
  902.000  1.000000e+00 
  903.000  1.000000e+00 
  904.000  1.000000e+00 
  905.000  1.000000e+00 
  906.000  1.000000e+00 
  907.000  9.999999e-01 
  908.000  1.000000e+00 
  909.000  9.999999e-01 
  910.000  1.000000e+00 
  911.000  1.000000e+00 
  912.000  9.999999e-01 
  913.000  1.000000e+00 
  914.000  1.000000e+00 
  915.000  1.000000e+00 
  916.000  1.000000e+00 
  917.000  9.999999e-01 
  918.000  9.999999e-01 
  919.000  1.000000e+00 
  920.000  1.000000e+00 
  921.000  1.000000e+00 
  922.000  9.999999e-01 
  923.000  1.000000e+00 
  924.000  9.999999e-01 
  925.000  9.999999e-01 
  926.000  1.000000e+00 
  927.000  1.000000e+00 
  928.000  1.000000e+00 
  929.000  9.999999e-01 
  930.000  9.999999e-01 
  931.000  1.000000e+00 
  932.000  1.000000e+00 
  933.000  1.000000e+00 
  934.000  1.000000e+00 
  935.000  1.000000e+00 
  936.000  9.999999e-01 
  937.000  9.999999e-01 
  938.000  9.999999e-01 
  939.000  1.000000e+00 
  940.000  9.999999e-01 
  941.000  9.999999e-01 
  942.000  9.999999e-01 
  943.000  1.000000e+00 
  944.000  1.000000e+00 
  945.000  1.000000e+00 
  946.000  1.000000e+00 
  947.000  9.999117e-01 
  948.000  9.999837e-01 
  949.000  9.999776e-01 
  950.000  9.999776e-01 
  951.000  9.999533e-01 
  952.000  9.999996e-01 
  953.000  1.000000e+00 
  954.000  1.000000e+00 
  955.000  9.999998e-01 
  956.000  1.000000e+00 
  957.000  9.999999e-01 
  958.000  9.999999e-01 
  959.000  9.999999e-01 
  960.000  9.999999e-01 
  961.000  9.999999e-01 
  962.000  1.000000e+00 
  963.000  1.000000e+00 
  964.000  1.000000e+00 
  965.000  1.000000e+00 
  966.000  1.000000e+00 
  967.000  9.999999e-01 
  968.000  9.999999e-01 
  969.000  1.000000e+00 
  970.000  1.000000e+00 
  971.000  1.000000e+00 
  972.000  1.000000e+00 
  973.000  9.999999e-01 
  974.000  9.999999e-01 
  975.000  9.999999e-01 
  976.000  1.000000e+00 
  977.000  1.000000e+00 
  978.000  1.000000e+00 
  979.000  1.000000e+00 
  980.000  1.000000e+00 
  981.000  1.000000e+00 
  982.000  1.000000e+00 
  983.000  1.000000e+00 
  984.000  1.000000e+00 
  985.000  1.000000e+00 
  986.000  1.000000e+00 
  987.000  1.000000e+00 
  988.000  1.000000e+00 
  989.000  1.000000e+00 
  990.000  9.999999e-01 
  991.000  9.999999e-01 
  992.000  1.000000e+00 
  993.000  1.000000e+00 
  994.000  1.000000e+00 
  995.000  1.000000e+00 
  996.000  1.000000e+00 
  997.000  1.000000e+00 
  998.000  9.999999e-01 
  999.000  9.999999e-01 
 1000.000  9.999999e-01 
 1001.000  1.000000e+00 
 1002.000  1.000000e+00 
 1003.000  1.000000e+00 
 1004.000  1.000000e+00 
 1005.000  1.000000e+00 
 1006.000  1.000000e+00 
 1007.000  1.000000e+00 
 1008.000  9.999999e-01 
 1009.000  9.999999e-01 
 1010.000  9.999999e-01 
 1011.000  9.999998e-01 
 1012.000  9.999998e-01 
 1013.000  9.999995e-01 
 1014.000  9.999990e-01 
 1015.000  9.999990e-01 
 1016.000  9.999986e-01 
 1017.000  9.999969e-01 
 1018.000  9.999969e-01 
 1019.000  9.999946e-01 
 1020.000  9.999913e-01 
 1021.000  9.999913e-01 
 1022.000  9.999836e-01 
 1023.000  9.999836e-01 
 1024.000  9.999785e-01 
 1025.000  9.999596e-01 
 1026.000  9.999596e-01 
 1027.000  9.999395e-01 
 1028.000  9.999132e-01 
 1029.000  9.999132e-01 
 1030.000  9.998490e-01 
 1031.000  9.998095e-01 
 1032.000  9.998095e-01 
 1033.000  9.996988e-01 
 1034.000  9.996988e-01 
 1035.000  9.995849e-01 
 1036.000  9.991735e-01 
 1037.000  9.991735e-01 
 1038.000  9.991171e-01 
 1039.000  9.986797e-01 
 1040.000  9.986797e-01 
 1041.000  9.983537e-01 
 1042.000  9.983537e-01 
 1043.000  9.979613e-01 
 1044.000  9.973775e-01 
 1045.000  9.973775e-01 
 1046.000  9.965770e-01 
 1047.000  9.965770e-01 
 1048.000  9.957801e-01 
 1049.000  9.941942e-01 
 1050.000  9.941942e-01 
 1051.000  9.934798e-01 
 1052.000  9.934798e-01 
 1053.000  9.923955e-01 
 1054.000  9.914760e-01 
 1055.000  9.914760e-01 
 1056.000  9.903975e-01 
 1057.000  9.903975e-01 
 1058.000  9.894340e-01 
 1059.000  9.884684e-01 
 1060.000  9.884684e-01 
 1061.000  9.878547e-01 
 1062.000  9.878547e-01 
 1063.000  9.868422e-01 
 1064.000  9.864451e-01 
 1065.000  9.864451e-01 
 1066.000  9.870992e-01 
 1067.000  9.870992e-01 
 1068.000  9.865448e-01 
 1069.000  9.880133e-01 
 1070.000  9.880133e-01 
 1071.000  9.889458e-01 
 1072.000  9.889458e-01 
 1073.000  9.898894e-01 
 1074.000  9.898894e-01 
 1075.000  9.910308e-01 
 1076.000  9.921376e-01 
 1077.000  9.921376e-01 
 1078.000  9.934240e-01 
 1079.000  9.934240e-01 
 1080.000  9.943160e-01 
 1081.000  9.943160e-01 
 1082.000  9.955769e-01 
 1083.000  9.964585e-01 
 1084.000  9.964585e-01 
 1085.000  9.968792e-01 
 1086.000  9.968792e-01 
 1087.000  9.977922e-01 
 1088.000  9.977922e-01 
 1089.000  9.985525e-01 
 1090.000  9.988893e-01 
 1091.000  9.988893e-01 
 1092.000  9.992757e-01 
 1093.000  9.992757e-01 
 1094.000  9.993421e-01 
 1095.000  9.993421e-01 
 1096.000  9.995710e-01 
 1097.000  9.995710e-01 
 1098.000  9.997675e-01 
 1099.000  9.998365e-01 
 1100.000  9.998365e-01 
 1101.000  9.999025e-01 
 1102.000  9.999025e-01 
 1103.000  9.999328e-01 
 1104.000  9.999328e-01 
 1105.000  9.999529e-01 
 1106.000  9.999529e-01 
 1107.000  9.999320e-01 
 1108.000  9.999320e-01 
 1109.000  9.998018e-01 
 1110.000  9.998708e-01 
 1111.000  9.998708e-01 
 1112.000  9.996973e-01 
 1113.000  9.996973e-01 
 1114.000  9.995878e-01 
 1115.000  9.995878e-01 
 1116.000  9.990598e-01 
 1117.000  9.990598e-01 
 1118.000  9.990930e-01 
 1119.000  9.990930e-01 
 1120.000  9.994245e-01 
 1121.000  9.994245e-01 
 1122.000  9.964326e-01 
 1123.000  9.971561e-01 
 1124.000  9.971561e-01 
 1125.000  9.980284e-01 
 1126.000  9.980284e-01 
 1127.000  9.969814e-01 
 1128.000  9.969814e-01 
 1129.000  9.976850e-01 
 1130.000  9.976850e-01 
 1131.000  9.984171e-01 
 1132.000  9.984171e-01 
 1133.000  9.971479e-01 
 1134.000  9.971479e-01 
 1135.000  9.969690e-01 
 1136.000  9.969690e-01 
 1137.000  9.980918e-01 
 1138.000  9.980918e-01 
 1139.000  9.989725e-01 
 1140.000  9.989725e-01 
 1141.000  9.989522e-01 
 1142.000  9.989522e-01 
 1143.000  9.982291e-01 
 1144.000  9.982291e-01 
 1145.000  9.987361e-01 
 1146.000  9.987361e-01 
 1147.000  9.982587e-01 
 1148.000  9.982587e-01 
 1149.000  9.974801e-01 
 1150.000  9.974801e-01 
 1151.000  9.968586e-01 
 1152.000  9.968586e-01 
 1153.000  9.935850e-01 
 1154.000  9.935850e-01 
 1155.000  9.940399e-01 
 1156.000  9.940399e-01 
 1157.000  9.951260e-01 
 1158.000  9.951260e-01 
 1159.000  9.974816e-01 
 1160.000  9.974816e-01 
 1161.000  9.950106e-01 
 1162.000  9.950106e-01 
 1163.000  9.940411e-01 
 1164.000  9.940411e-01 
 1165.000  9.954795e-01 
 1166.000  9.954795e-01 
 1167.000  9.965803e-01 
 1168.000  9.965803e-01 
 1169.000  9.960585e-01 
 1170.000  9.960585e-01 
 1171.000  9.970571e-01 
 1172.000  9.970571e-01 
 1173.000  9.971823e-01 
 1174.000  9.971823e-01 
 1175.000  9.981418e-01 
 1176.000  9.981418e-01 
 1177.000  9.984782e-01 
 1178.000  9.984782e-01 
 1179.000  9.987065e-01 
 1180.000  9.987065e-01 
 1181.000  9.987797e-01 
 1182.000  9.987797e-01 
 1183.000  9.992351e-01 
 1184.000  9.992351e-01 
 1185.000  9.991765e-01 
 1186.000  9.991765e-01 
 1187.000  9.979686e-01 
 1188.000  9.979686e-01 
 1189.000  9.979686e-01 
 1190.000  9.993120e-01 
 1191.000  9.993120e-01 
 1192.000  9.990970e-01 
 1193.000  9.990970e-01 
 1194.000  9.995087e-01 
 1195.000  9.995087e-01 
 1196.000  9.997344e-01 
 1197.000  9.997344e-01 
 1198.000  9.996986e-01 
 1199.000  9.996986e-01 
 1200.000  9.995725e-01 
