  250.000  9.998522e-01 
  251.000  9.998906e-01 
  252.000  9.998962e-01 
  253.000  9.998912e-01 
  254.000  9.998856e-01 
  255.000  9.998849e-01 
  256.000  9.998790e-01 
  257.000  9.998802e-01 
  258.000  9.998699e-01 
  259.000  9.998627e-01 
  260.000  9.998621e-01 
  261.000  9.998590e-01 
  262.000  9.998568e-01 
  263.000  9.998387e-01 
  264.000  9.998365e-01 
  265.000  9.998283e-01 
  266.000  9.998295e-01 
  267.000  9.998211e-01 
  268.000  9.998153e-01 
  269.000  9.997861e-01 
  270.000  9.997903e-01 
  271.000  9.997905e-01 
  272.000  9.997883e-01 
  273.000  9.997544e-01 
  274.000  9.997448e-01 
  275.000  9.997368e-01 
  276.000  9.997429e-01 
  277.000  9.997234e-01 
  278.000  9.997128e-01 
  279.000  9.996844e-01 
  280.000  9.996671e-01 
  281.000  9.996587e-01 
  282.000  9.996629e-01 
  283.000  9.996628e-01 
  284.000  9.996058e-01 
  285.000  9.995854e-01 
  286.000  9.995577e-01 
  287.000  9.995731e-01 
  288.000  9.995708e-01 
  289.000  9.995432e-01 
  290.000  9.995008e-01 
  291.000  9.994842e-01 
  292.000  9.994366e-01 
  293.000  9.994419e-01 
  294.000  9.994622e-01 
  295.000  9.993914e-01 
  296.000  9.994239e-01 
  297.000  9.992997e-01 
  298.000  9.992892e-01 
  299.000  9.993004e-01 
  300.000  9.992844e-01 
  301.000  9.992992e-01 
  302.000  9.991941e-01 
  303.000  9.991242e-01 
  304.000  9.991266e-01 
  305.000  9.990851e-01 
  306.000  9.991258e-01 
  307.000  9.990317e-01 
  308.000  9.990730e-01 
  309.000  9.989324e-01 
  310.000  9.989663e-01 
  311.000  9.989033e-01 
  312.000  9.988810e-01 
  313.000  9.988103e-01 
  314.000  9.988540e-01 
  315.000  9.987029e-01 
  316.000  9.987665e-01 
  317.000  9.986919e-01 
  318.000  9.985623e-01 
  319.000  9.986407e-01 
  320.000  9.984990e-01 
  321.000  9.985538e-01 
  322.000  9.984999e-01 
  323.000  9.984128e-01 
  324.000  9.984611e-01 
  325.000  9.983280e-01 
  326.000  9.983011e-01 
  327.000  9.983000e-01 
  328.000  9.982194e-01 
  329.000  9.982299e-01 
  330.000  9.981093e-01 
  331.000  9.981765e-01 
  332.000  9.981618e-01 
  333.000  9.977447e-01 
  334.000  9.980952e-01 
  335.000  9.978644e-01 
  336.000  9.979731e-01 
  337.000  9.979070e-01 
  338.000  9.979843e-01 
  339.000  9.975302e-01 
  340.000  9.976091e-01 
  341.000  9.971762e-01 
  342.000  9.969710e-01 
  343.000  9.969870e-01 
  344.000  9.967837e-01 
  345.000  9.969858e-01 
  346.000  9.971632e-01 
  347.000  9.972852e-01 
  348.000  9.973331e-01 
  349.000  9.972484e-01 
  350.000  9.976339e-01 
  351.000  9.973040e-01 
  352.000  9.974803e-01 
  353.000  9.976617e-01 
  354.000  9.970490e-01 
  355.000  9.968809e-01 
  356.000  9.970217e-01 
  357.000  9.959951e-01 
  358.000  9.954800e-01 
  359.000  9.949129e-01 
  360.000  9.942462e-01 
  361.000  9.937732e-01 
  362.000  9.946990e-01 
  363.000  9.955642e-01 
  364.000  9.963960e-01 
  365.000  9.963050e-01 
  366.000  9.967509e-01 
  367.000  9.968895e-01 
  368.000  9.968093e-01 
  369.000  9.969408e-01 
  370.000  9.968764e-01 
  371.000  9.970753e-01 
  372.000  9.964515e-01 
  373.000  9.967350e-01 
  374.000  9.967976e-01 
  375.000  9.969004e-01 
  376.000  9.962676e-01 
  377.000  9.961919e-01 
  378.000  9.960410e-01 
  379.000  9.953211e-01 
  380.000  9.944680e-01 
  381.000  9.947719e-01 
  382.000  9.954509e-01 
  383.000  9.962233e-01 
  384.000  9.962654e-01 
  385.000  9.964445e-01 
  386.000  9.965960e-01 
  387.000  9.965502e-01 
  388.000  9.964685e-01 
  389.000  9.964496e-01 
  390.000  9.964399e-01 
  391.000  9.965233e-01 
  392.000  9.960970e-01 
  393.000  9.967138e-01 
  394.000  9.967189e-01 
  395.000  9.966384e-01 
  396.000  9.964344e-01 
  397.000  9.967501e-01 
  398.000  9.961450e-01 
  399.000  9.965958e-01 
  400.000  9.960467e-01 
  401.000  9.961700e-01 
  402.000  9.966200e-01 
  403.000  9.968833e-01 
  404.000  9.963768e-01 
  405.000  9.962207e-01 
  406.000  9.967278e-01 
  407.000  9.971620e-01 
  408.000  9.965699e-01 
  409.000  9.962783e-01 
  410.000  9.965148e-01 
  411.000  9.964387e-01 
  412.000  9.969158e-01 
  413.000  9.962835e-01 
  414.000  9.965477e-01 
  415.000  9.966066e-01 
  416.000  9.971715e-01 
  417.000  9.971096e-01 
  418.000  9.968079e-01 
  419.000  9.968972e-01 
  420.000  9.965917e-01 
  421.000  9.965507e-01 
  422.000  9.964607e-01 
  423.000  9.967149e-01 
  424.000  9.963936e-01 
  425.000  9.968656e-01 
  426.000  9.973627e-01 
  427.000  9.969147e-01 
  428.000  9.964918e-01 
  429.000  9.971960e-01 
  430.000  9.971976e-01 
  431.000  9.964603e-01 
  432.000  9.972036e-01 
  433.000  9.970906e-01 
  434.000  9.967005e-01 
  435.000  9.958916e-01 
  436.000  9.966946e-01 
  437.000  9.975873e-01 
  438.000  9.977997e-01 
  439.000  9.960762e-01 
  440.000  9.967448e-01 
  441.000  9.975351e-01 
  442.000  9.978642e-01 
  443.000  9.974638e-01 
  444.000  9.968307e-01 
  445.000  9.961861e-01 
  446.000  9.968668e-01 
  447.000  9.971472e-01 
  448.000  9.954441e-01 
  449.000  9.969155e-01 
  450.000  9.974499e-01 
  451.000  9.974421e-01 
  452.000  9.974089e-01 
  453.000  9.974990e-01 
  454.000  9.978915e-01 
  455.000  9.974910e-01 
  456.000  9.976211e-01 
  457.000  9.980181e-01 
  458.000  9.972907e-01 
  459.000  9.978225e-01 
  460.000  9.974606e-01 
  461.000  9.975137e-01 
  462.000  9.979334e-01 
  463.000  9.969171e-01 
  464.000  9.974534e-01 
  465.000  9.977316e-01 
  466.000  9.982412e-01 
  467.000  9.976284e-01 
  468.000  9.978541e-01 
  469.000  9.981065e-01 
  470.000  9.980429e-01 
  471.000  9.979750e-01 
  472.000  9.973942e-01 
  473.000  9.966553e-01 
  474.000  9.949267e-01 
  475.000  9.940320e-01 
  476.000  9.935336e-01 
  477.000  9.933370e-01 
  478.000  9.934237e-01 
  479.000  9.939731e-01 
  480.000  9.946572e-01 
  481.000  9.962369e-01 
  482.000  9.974003e-01 
  483.000  9.983114e-01 
  484.000  9.984542e-01 
  485.000  9.984334e-01 
  486.000  9.984361e-01 
  487.000  9.986166e-01 
  488.000  9.982130e-01 
  489.000  9.976863e-01 
  490.000  9.982473e-01 
  491.000  9.986460e-01 
  492.000  9.985864e-01 
  493.000  9.985205e-01 
  494.000  9.982207e-01 
  495.000  9.982103e-01 
  496.000  9.982239e-01 
  497.000  9.985393e-01 
  498.000  9.988399e-01 
  499.000  9.990793e-01 
  500.000  9.991734e-01 
  501.000  9.990338e-01 
  502.000  9.987773e-01 
  503.000  9.985678e-01 
  504.000  9.988224e-01 
  505.000  9.982262e-01 
  506.000  9.987463e-01 
  507.000  9.988878e-01 
  508.000  9.989083e-01 
  509.000  9.986180e-01 
  510.000  9.985459e-01 
  511.000  9.986509e-01 
  512.000  9.987508e-01 
  513.000  9.989349e-01 
  514.000  9.990681e-01 
  515.000  9.991892e-01 
  516.000  9.992156e-01 
  517.000  9.992831e-01 
  518.000  9.991941e-01 
  519.000  9.989807e-01 
  520.000  9.989513e-01 
  521.000  9.991913e-01 
  522.000  9.991819e-01 
  523.000  9.990804e-01 
  524.000  9.990445e-01 
  525.000  9.986470e-01 
  526.000  9.985466e-01 
  527.000  9.986999e-01 
  528.000  9.985289e-01 
  529.000  9.985750e-01 
  530.000  9.985161e-01 
  531.000  9.984252e-01 
  532.000  9.983718e-01 
  533.000  9.984103e-01 
  534.000  9.986151e-01 
  535.000  9.987704e-01 
  536.000  9.989999e-01 
  537.000  9.991440e-01 
  538.000  9.990780e-01 
  539.000  9.990795e-01 
  540.000  9.993356e-01 
  541.000  9.994463e-01 
  542.000  9.992092e-01 
  543.000  9.991399e-01 
  544.000  9.992890e-01 
  545.000  9.991774e-01 
  546.000  9.993305e-01 
  547.000  9.994280e-01 
  548.000  9.993181e-01 
  549.000  9.992807e-01 
  550.000  9.994298e-01 
  551.000  9.994830e-01 
  552.000  9.995098e-01 
  553.000  9.993441e-01 
  554.000  9.994798e-01 
  555.000  9.996192e-01 
  556.000  9.996842e-01 
  557.000  9.996580e-01 
  558.000  9.996382e-01 
  559.000  9.997213e-01 
  560.000  9.996717e-01 
  561.000  9.996008e-01 
  562.000  9.995462e-01 
  563.000  9.993822e-01 
  564.000  9.991523e-01 
  565.000  9.990243e-01 
  566.000  9.990076e-01 
  567.000  9.987581e-01 
  568.000  9.982913e-01 
  569.000  9.974386e-01 
  570.000  9.962515e-01 
  571.000  9.952894e-01 
  572.000  9.946047e-01 
  573.000  9.935780e-01 
  574.000  9.927692e-01 
  575.000  9.919114e-01 
  576.000  9.914027e-01 
  577.000  9.912423e-01 
  578.000  9.913874e-01 
  579.000  9.918507e-01 
  580.000  9.923837e-01 
  581.000  9.934766e-01 
  582.000  9.945863e-01 
  583.000  9.954792e-01 
  584.000  9.967912e-01 
  585.000  9.972696e-01 
  586.000  9.980262e-01 
  587.000  9.983107e-01 
  588.000  9.989349e-01 
  589.000  9.992359e-01 
  590.000  9.994000e-01 
  591.000  9.995235e-01 
  592.000  9.994926e-01 
  593.000  9.995216e-01 
  594.000  9.997447e-01 
  595.000  9.998396e-01 
  596.000  9.998320e-01 
  597.000  9.998427e-01 
  598.000  9.998228e-01 
  599.000  9.997918e-01 
  600.000  9.997487e-01 
  601.000  9.997546e-01 
  602.000  9.998142e-01 
  603.000  9.998842e-01 
  604.000  9.999129e-01 
  605.000  9.999156e-01 
  606.000  9.999169e-01 
  607.000  9.999055e-01 
  608.000  9.998921e-01 
  609.000  9.998930e-01 
  610.000  9.998857e-01 
  611.000  9.998599e-01 
  612.000  9.996849e-01 
  613.000  9.997160e-01 
  614.000  9.996852e-01 
  615.000  9.996603e-01 
  616.000  9.994664e-01 
  617.000  9.992980e-01 
  618.000  9.991648e-01 
  619.000  9.989454e-01 
  620.000  9.984879e-01 
  621.000  9.980264e-01 
  622.000  9.978181e-01 
  623.000  9.969962e-01 
  624.000  9.965936e-01 
  625.000  9.961298e-01 
  626.000  9.953814e-01 
  627.000  9.948329e-01 
  628.000  9.813053e-01 
  629.000  9.856310e-01 
  630.000  9.889601e-01 
  631.000  9.928332e-01 
  632.000  9.944897e-01 
  633.000  9.949604e-01 
  634.000  9.956978e-01 
  635.000  9.958823e-01 
  636.000  9.966012e-01 
  637.000  9.973777e-01 
  638.000  9.977320e-01 
  639.000  9.982159e-01 
  640.000  9.984322e-01 
  641.000  9.989533e-01 
  642.000  9.991952e-01 
  643.000  9.993680e-01 
  644.000  9.995575e-01 
  645.000  9.997073e-01 
  646.000  9.997597e-01 
  647.000  9.997711e-01 
  648.000  9.998052e-01 
  649.000  9.999127e-01 
  650.000  9.999200e-01 
  651.000  9.999188e-01 
  652.000  9.999376e-01 
  653.000  9.999435e-01 
  654.000  9.999525e-01 
  655.000  9.999504e-01 
  656.000  9.999477e-01 
  657.000  9.999616e-01 
  658.000  9.999668e-01 
  659.000  9.999631e-01 
  660.000  9.999671e-01 
  661.000  9.999796e-01 
  662.000  9.999799e-01 
  663.000  9.999824e-01 
  664.000  9.999820e-01 
  665.000  9.999722e-01 
  666.000  9.999637e-01 
  667.000  9.999570e-01 
  668.000  9.999418e-01 
  669.000  9.999500e-01 
  670.000  9.999382e-01 
  671.000  9.999540e-01 
  672.000  9.999514e-01 
  673.000  9.999268e-01 
  674.000  9.999428e-01 
  675.000  9.999444e-01 
  676.000  9.999479e-01 
  677.000  9.999449e-01 
  678.000  9.999651e-01 
  679.000  9.999670e-01 
  680.000  9.999658e-01 
  681.000  9.999673e-01 
  682.000  9.999762e-01 
  683.000  9.999714e-01 
  684.000  9.999762e-01 
  685.000  9.999753e-01 
  686.000  9.999511e-01 
  687.000  7.481933e-01 
  688.000  9.120077e-01 
  689.000  9.359503e-01 
  690.000  9.573284e-01 
  691.000  9.681764e-01 
  692.000  9.906630e-01 
  693.000  9.934223e-01 
  694.000  9.999631e-01 
  695.000  9.999781e-01 
  696.000  9.999763e-01 
  697.000  9.999893e-01 
  698.000  9.999903e-01 
  699.000  9.999586e-01 
  700.000  9.999867e-01 
  701.000  9.999871e-01 
  702.000  9.999864e-01 
  703.000  9.999828e-01 
  704.000  9.999760e-01 
  705.000  9.999688e-01 
  706.000  9.999750e-01 
  707.000  9.999621e-01 
  708.000  9.999782e-01 
  709.000  9.999806e-01 
  710.000  9.999791e-01 
  711.000  9.999773e-01 
  712.000  9.999734e-01 
  713.000  9.999775e-01 
  714.000  9.999740e-01 
  715.000  9.999825e-01 
  716.000  9.999879e-01 
  717.000  9.999887e-01 
  718.000  9.999910e-01 
  719.000  9.999917e-01 
  720.000  9.999930e-01 
  721.000  9.999898e-01 
  722.000  9.999890e-01 
  723.000  9.999878e-01 
  724.000  9.999883e-01 
  725.000  9.999932e-01 
  726.000  9.999949e-01 
  727.000  9.999947e-01 
  728.000  9.999949e-01 
  729.000  9.999956e-01 
  730.000  9.999956e-01 
  731.000  9.999954e-01 
  732.000  9.999952e-01 
  733.000  9.999952e-01 
  734.000  9.999927e-01 
  735.000  9.999914e-01 
  736.000  9.999923e-01 
  737.000  9.999928e-01 
  738.000  9.999935e-01 
  739.000  9.999914e-01 
  740.000  9.999932e-01 
  741.000  9.999919e-01 
  742.000  9.999924e-01 
  743.000  9.999901e-01 
  744.000  9.999877e-01 
  745.000  9.999827e-01 
  746.000  9.999802e-01 
  747.000  9.999922e-01 
  748.000  9.999939e-01 
  749.000  9.999945e-01 
  750.000  9.999933e-01 
  751.000  9.999933e-01 
  752.000  9.999918e-01 
  753.000  9.999929e-01 
  754.000  9.999911e-01 
  755.000  9.999925e-01 
  756.000  9.999911e-01 
  757.000  9.999935e-01 
  758.000  9.999940e-01 
  759.000  9.931693e-01 
  760.000  4.607182e-01 
  761.000  3.742065e-01 
  762.000  7.367176e-01 
  763.000  6.457593e-01 
  764.000  6.869609e-01 
  765.000  7.984813e-01 
  766.000  9.175460e-01 
  767.000  9.524520e-01 
  768.000  9.864314e-01 
  769.000  9.953866e-01 
  770.000  9.950687e-01 
  771.000  9.988843e-01 
  772.000  9.999347e-01 
  773.000  9.999321e-01 
  774.000  9.999404e-01 
  775.000  9.999464e-01 
  776.000  9.999570e-01 
  777.000  9.999851e-01 
  778.000  9.999972e-01 
  779.000  9.999971e-01 
  780.000  9.999973e-01 
  781.000  9.999974e-01 
  782.000  9.999966e-01 
  783.000  9.999963e-01 
  784.000  9.999949e-01 
  785.000  9.999958e-01 
  786.000  9.999966e-01 
  787.000  9.999966e-01 
  788.000  9.999964e-01 
  789.000  9.999910e-01 
  790.000  9.999875e-01 
  791.000  9.999939e-01 
  792.000  9.999957e-01 
  793.000  9.999964e-01 
  794.000  9.999999e-01 
  795.000  9.999999e-01 
  796.000  1.000000e+00 
  797.000  9.999999e-01 
  798.000  9.999999e-01 
  799.000  9.999999e-01 
  800.000  1.000000e+00 
  801.000  9.999999e-01 
  802.000  1.000000e+00 
  803.000  1.000000e+00 
  804.000  9.999999e-01 
  805.000  9.999999e-01 
  806.000  9.999999e-01 
  807.000  9.999999e-01 
  808.000  9.999999e-01 
  809.000  9.999999e-01 
  810.000  9.999999e-01 
  811.000  9.999999e-01 
  812.000  1.000000e+00 
  813.000  9.999999e-01 
  814.000  9.999999e-01 
  815.000  1.000000e+00 
  816.000  1.000000e+00 
  817.000  9.999999e-01 
  818.000  9.999999e-01 
  819.000  9.999999e-01 
  820.000  9.999999e-01 
  821.000  9.999999e-01 
  822.000  9.999999e-01 
  823.000  1.000000e+00 
  824.000  1.000000e+00 
  825.000  9.999999e-01 
  826.000  1.000000e+00 
  827.000  1.000000e+00 
  828.000  9.999999e-01 
  829.000  1.000000e+00 
  830.000  9.999999e-01 
  831.000  9.999999e-01 
  832.000  9.999999e-01 
  833.000  1.000000e+00 
  834.000  9.999999e-01 
  835.000  9.999999e-01 
  836.000  9.999999e-01 
  837.000  9.999999e-01 
  838.000  9.999999e-01 
  839.000  9.999999e-01 
  840.000  9.999999e-01 
  841.000  9.999999e-01 
  842.000  9.999999e-01 
  843.000  9.999999e-01 
  844.000  1.000000e+00 
  845.000  9.999999e-01 
  846.000  9.999999e-01 
  847.000  9.999999e-01 
  848.000  9.999999e-01 
  849.000  9.999999e-01 
  850.000  9.999999e-01 
  851.000  9.999999e-01 
  852.000  9.999999e-01 
  853.000  9.999999e-01 
  854.000  9.999999e-01 
  855.000  9.999999e-01 
  856.000  9.999999e-01 
  857.000  9.999999e-01 
  858.000  9.999999e-01 
  859.000  9.999999e-01 
  860.000  9.999999e-01 
  861.000  9.999998e-01 
  862.000  9.999973e-01 
  863.000  9.997938e-01 
  864.000  9.999996e-01 
  865.000  9.999996e-01 
  866.000  9.999468e-01 
  867.000  9.999928e-01 
  868.000  9.999464e-01 
  869.000  9.998881e-01 
  870.000  9.999956e-01 
  871.000  9.999480e-01 
  872.000  9.999985e-01 
  873.000  9.999982e-01 
  874.000  9.999982e-01 
  875.000  9.999998e-01 
  876.000  9.999999e-01 
  877.000  9.999999e-01 
  878.000  9.999999e-01 
  879.000  9.999999e-01 
  880.000  9.999999e-01 
  881.000  9.999999e-01 
  882.000  9.999999e-01 
  883.000  9.999999e-01 
  884.000  9.999999e-01 
  885.000  9.999999e-01 
  886.000  9.999999e-01 
  887.000  1.000000e+00 
  888.000  1.000000e+00 
  889.000  1.000000e+00 
  890.000  9.999999e-01 
  891.000  9.999999e-01 
  892.000  9.999999e-01 
  893.000  9.999999e-01 
  894.000  9.999999e-01 
  895.000  1.000000e+00 
  896.000  9.999999e-01 
  897.000  1.000000e+00 
  898.000  9.999999e-01 
  899.000  1.000000e+00 
  900.000  1.000000e+00 
  901.000  9.999999e-01 
  902.000  1.000000e+00 
  903.000  1.000000e+00 
  904.000  9.999999e-01 
  905.000  1.000000e+00 
  906.000  1.000000e+00 
  907.000  9.999999e-01 
  908.000  1.000000e+00 
  909.000  1.000000e+00 
  910.000  9.999999e-01 
  911.000  9.999999e-01 
  912.000  9.999999e-01 
  913.000  9.999999e-01 
  914.000  1.000000e+00 
  915.000  9.999999e-01 
  916.000  9.999999e-01 
  917.000  9.999999e-01 
  918.000  9.999999e-01 
  919.000  1.000000e+00 
  920.000  1.000000e+00 
  921.000  1.000000e+00 
  922.000  9.999999e-01 
  923.000  9.999999e-01 
  924.000  9.999999e-01 
  925.000  9.999999e-01 
  926.000  1.000000e+00 
  927.000  9.999999e-01 
  928.000  1.000000e+00 
  929.000  9.999999e-01 
  930.000  9.999999e-01 
  931.000  1.000000e+00 
  932.000  9.999999e-01 
  933.000  9.999999e-01 
  934.000  9.999999e-01 
  935.000  9.999999e-01 
  936.000  9.999998e-01 
  937.000  9.999999e-01 
  938.000  9.999999e-01 
  939.000  1.000000e+00 
  940.000  9.999999e-01 
  941.000  9.999999e-01 
  942.000  9.999999e-01 
  943.000  9.999999e-01 
  944.000  9.999999e-01 
  945.000  9.999999e-01 
  946.000  9.999999e-01 
  947.000  9.999352e-01 
  948.000  9.999880e-01 
  949.000  9.999834e-01 
  950.000  9.999834e-01 
  951.000  9.999657e-01 
  952.000  9.999996e-01 
  953.000  1.000000e+00 
  954.000  1.000000e+00 
  955.000  9.999998e-01 
  956.000  1.000000e+00 
  957.000  1.000000e+00 
  958.000  1.000000e+00 
  959.000  9.999999e-01 
  960.000  9.999999e-01 
  961.000  9.999999e-01 
  962.000  9.999999e-01 
  963.000  1.000000e+00 
  964.000  1.000000e+00 
  965.000  1.000000e+00 
  966.000  9.999999e-01 
  967.000  9.999999e-01 
  968.000  9.999999e-01 
  969.000  9.999999e-01 
  970.000  9.999999e-01 
  971.000  9.999999e-01 
  972.000  9.999999e-01 
  973.000  9.999999e-01 
  974.000  1.000000e+00 
  975.000  1.000000e+00 
  976.000  1.000000e+00 
  977.000  1.000000e+00 
  978.000  9.999999e-01 
  979.000  9.999999e-01 
  980.000  1.000000e+00 
  981.000  9.999999e-01 
  982.000  9.999999e-01 
  983.000  1.000000e+00 
  984.000  9.999999e-01 
  985.000  9.999999e-01 
  986.000  1.000000e+00 
  987.000  1.000000e+00 
  988.000  1.000000e+00 
  989.000  9.999999e-01 
  990.000  1.000000e+00 
  991.000  1.000000e+00 
  992.000  1.000000e+00 
  993.000  9.999999e-01 
  994.000  9.999999e-01 
  995.000  9.999999e-01 
  996.000  1.000000e+00 
  997.000  1.000000e+00 
  998.000  9.999999e-01 
  999.000  1.000000e+00 
 1000.000  1.000000e+00 
 1001.000  1.000000e+00 
 1002.000  1.000000e+00 
 1003.000  1.000000e+00 
 1004.000  9.999999e-01 
 1005.000  1.000000e+00 
 1006.000  1.000000e+00 
 1007.000  9.999999e-01 
 1008.000  9.999999e-01 
 1009.000  9.999999e-01 
 1010.000  9.999998e-01 
 1011.000  9.999998e-01 
 1012.000  9.999998e-01 
 1013.000  9.999996e-01 
 1014.000  9.999992e-01 
 1015.000  9.999992e-01 
 1016.000  9.999989e-01 
 1017.000  9.999977e-01 
 1018.000  9.999977e-01 
 1019.000  9.999960e-01 
 1020.000  9.999936e-01 
 1021.000  9.999936e-01 
 1022.000  9.999880e-01 
 1023.000  9.999880e-01 
 1024.000  9.999841e-01 
 1025.000  9.999704e-01 
 1026.000  9.999704e-01 
 1027.000  9.999556e-01 
 1028.000  9.999362e-01 
 1029.000  9.999362e-01 
 1030.000  9.998891e-01 
 1031.000  9.998603e-01 
 1032.000  9.998603e-01 
 1033.000  9.997790e-01 
 1034.000  9.997790e-01 
 1035.000  9.996955e-01 
 1036.000  9.993937e-01 
 1037.000  9.993937e-01 
 1038.000  9.993524e-01 
 1039.000  9.990315e-01 
 1040.000  9.990315e-01 
 1041.000  9.987924e-01 
 1042.000  9.987924e-01 
 1043.000  9.985044e-01 
 1044.000  9.980761e-01 
 1045.000  9.980761e-01 
 1046.000  9.974885e-01 
 1047.000  9.974885e-01 
 1048.000  9.969036e-01 
 1049.000  9.957390e-01 
 1050.000  9.957390e-01 
 1051.000  9.952142e-01 
 1052.000  9.952142e-01 
 1053.000  9.944176e-01 
 1054.000  9.937419e-01 
 1055.000  9.937419e-01 
 1056.000  9.929490e-01 
 1057.000  9.929490e-01 
 1058.000  9.922405e-01 
 1059.000  9.915304e-01 
 1060.000  9.915304e-01 
 1061.000  9.910789e-01 
 1062.000  9.910789e-01 
 1063.000  9.903339e-01 
 1064.000  9.900416e-01 
 1065.000  9.900416e-01 
 1066.000  9.905230e-01 
 1067.000  9.905230e-01 
 1068.000  9.901150e-01 
 1069.000  9.911956e-01 
 1070.000  9.911956e-01 
 1071.000  9.918815e-01 
 1072.000  9.918815e-01 
 1073.000  9.925753e-01 
 1074.000  9.925753e-01 
 1075.000  9.934148e-01 
 1076.000  9.942281e-01 
 1077.000  9.942281e-01 
 1078.000  9.951732e-01 
 1079.000  9.951732e-01 
 1080.000  9.958284e-01 
 1081.000  9.958284e-01 
 1082.000  9.967545e-01 
 1083.000  9.974015e-01 
 1084.000  9.974015e-01 
 1085.000  9.977104e-01 
 1086.000  9.977104e-01 
 1087.000  9.983804e-01 
 1088.000  9.983804e-01 
 1089.000  9.989383e-01 
 1090.000  9.991852e-01 
 1091.000  9.991852e-01 
 1092.000  9.994686e-01 
 1093.000  9.994686e-01 
 1094.000  9.995175e-01 
 1095.000  9.995175e-01 
 1096.000  9.996850e-01 
 1097.000  9.996850e-01 
 1098.000  9.998294e-01 
 1099.000  9.998801e-01 
 1100.000  9.998801e-01 
 1101.000  9.999284e-01 
 1102.000  9.999284e-01 
 1103.000  9.999506e-01 
 1104.000  9.999506e-01 
 1105.000  9.999654e-01 
 1106.000  9.999654e-01 
 1107.000  9.999500e-01 
 1108.000  9.999500e-01 
 1109.000  9.998547e-01 
 1110.000  9.999053e-01 
 1111.000  9.999053e-01 
 1112.000  9.997779e-01 
 1113.000  9.997779e-01 
 1114.000  9.996976e-01 
 1115.000  9.996976e-01 
 1116.000  9.993103e-01 
 1117.000  9.993103e-01 
 1118.000  9.993346e-01 
 1119.000  9.993346e-01 
 1120.000  9.995779e-01 
 1121.000  9.995779e-01 
 1122.000  9.973797e-01 
 1123.000  9.979132e-01 
 1124.000  9.979132e-01 
 1125.000  9.985538e-01 
 1126.000  9.985538e-01 
 1127.000  9.977842e-01 
 1128.000  9.977842e-01 
 1129.000  9.983009e-01 
 1130.000  9.983009e-01 
 1131.000  9.988390e-01 
 1132.000  9.988390e-01 
 1133.000  9.979072e-01 
 1134.000  9.979072e-01 
 1135.000  9.977762e-01 
 1136.000  9.977762e-01 
 1137.000  9.986001e-01 
 1138.000  9.986001e-01 
 1139.000  9.992463e-01 
 1140.000  9.992463e-01 
 1141.000  9.992313e-01 
 1142.000  9.992313e-01 
 1143.000  9.987009e-01 
 1144.000  9.987009e-01 
 1145.000  9.990730e-01 
 1146.000  9.990730e-01 
 1147.000  9.987227e-01 
 1148.000  9.987227e-01 
 1149.000  9.981513e-01 
 1150.000  9.981513e-01 
 1151.000  9.976951e-01 
 1152.000  9.976951e-01 
 1153.000  9.952872e-01 
 1154.000  9.952872e-01 
 1155.000  9.956247e-01 
 1156.000  9.956247e-01 
 1157.000  9.964231e-01 
 1158.000  9.964231e-01 
 1159.000  9.981523e-01 
 1160.000  9.981523e-01 
 1161.000  9.963380e-01 
 1162.000  9.963380e-01 
 1163.000  9.956252e-01 
 1164.000  9.956252e-01 
 1165.000  9.966823e-01 
 1166.000  9.966823e-01 
 1167.000  9.974909e-01 
 1168.000  9.974909e-01 
 1169.000  9.971070e-01 
 1170.000  9.971070e-01 
 1171.000  9.978405e-01 
 1172.000  9.978405e-01 
 1173.000  9.979325e-01 
 1174.000  9.979325e-01 
 1175.000  9.986370e-01 
 1176.000  9.986370e-01 
 1177.000  9.988837e-01 
 1178.000  9.988837e-01 
 1179.000  9.990511e-01 
 1180.000  9.990511e-01 
 1181.000  9.991049e-01 
 1182.000  9.991049e-01 
 1183.000  9.994391e-01 
 1184.000  9.994391e-01 
 1185.000  9.993960e-01 
 1186.000  9.993960e-01 
 1187.000  9.985096e-01 
 1188.000  9.985096e-01 
 1189.000  9.985096e-01 
 1190.000  9.994953e-01 
 1191.000  9.994953e-01 
 1192.000  9.993376e-01 
 1193.000  9.993376e-01 
 1194.000  9.996397e-01 
 1195.000  9.996397e-01 
 1196.000  9.998051e-01 
 1197.000  9.998051e-01 
 1198.000  9.997789e-01 
 1199.000  9.997789e-01 
 1200.000  9.996864e-01 
