  250.000  9.997447e-01 
  251.000  9.998112e-01 
  252.000  9.998207e-01 
  253.000  9.998122e-01 
  254.000  9.998021e-01 
  255.000  9.998012e-01 
  256.000  9.997910e-01 
  257.000  9.997929e-01 
  258.000  9.997754e-01 
  259.000  9.997630e-01 
  260.000  9.997618e-01 
  261.000  9.997565e-01 
  262.000  9.997526e-01 
  263.000  9.997217e-01 
  264.000  9.997177e-01 
  265.000  9.997035e-01 
  266.000  9.997055e-01 
  267.000  9.996908e-01 
  268.000  9.996812e-01 
  269.000  9.996307e-01 
  270.000  9.996378e-01 
  271.000  9.996383e-01 
  272.000  9.996343e-01 
  273.000  9.995757e-01 
  274.000  9.995594e-01 
  275.000  9.995453e-01 
  276.000  9.995562e-01 
  277.000  9.995224e-01 
  278.000  9.995037e-01 
  279.000  9.994550e-01 
  280.000  9.994251e-01 
  281.000  9.994106e-01 
  282.000  9.994180e-01 
  283.000  9.994177e-01 
  284.000  9.993193e-01 
  285.000  9.992839e-01 
  286.000  9.992361e-01 
  287.000  9.992626e-01 
  288.000  9.992586e-01 
  289.000  9.992112e-01 
  290.000  9.991379e-01 
  291.000  9.991093e-01 
  292.000  9.990271e-01 
  293.000  9.990363e-01 
  294.000  9.990713e-01 
  295.000  9.989491e-01 
  296.000  9.990052e-01 
  297.000  9.987907e-01 
  298.000  9.987726e-01 
  299.000  9.987917e-01 
  300.000  9.987642e-01 
  301.000  9.987899e-01 
  302.000  9.986084e-01 
  303.000  9.984877e-01 
  304.000  9.984919e-01 
  305.000  9.984202e-01 
  306.000  9.984903e-01 
  307.000  9.983281e-01 
  308.000  9.983994e-01 
  309.000  9.981567e-01 
  310.000  9.982153e-01 
  311.000  9.981065e-01 
  312.000  9.980680e-01 
  313.000  9.979460e-01 
  314.000  9.980214e-01 
  315.000  9.977607e-01 
  316.000  9.978706e-01 
  317.000  9.977418e-01 
  318.000  9.975180e-01 
  319.000  9.976534e-01 
  320.000  9.974089e-01 
  321.000  9.975032e-01 
  322.000  9.974105e-01 
  323.000  9.972600e-01 
  324.000  9.973435e-01 
  325.000  9.971138e-01 
  326.000  9.970676e-01 
  327.000  9.970654e-01 
  328.000  9.969265e-01 
  329.000  9.969446e-01 
  330.000  9.967365e-01 
  331.000  9.968523e-01 
  332.000  9.968271e-01 
  333.000  9.961077e-01 
  334.000  9.967122e-01 
  335.000  9.963142e-01 
  336.000  9.965016e-01 
  337.000  9.963878e-01 
  338.000  9.965208e-01 
  339.000  9.957380e-01 
  340.000  9.958739e-01 
  341.000  9.951276e-01 
  342.000  9.947737e-01 
  343.000  9.948014e-01 
  344.000  9.944510e-01 
  345.000  9.947993e-01 
  346.000  9.951051e-01 
  347.000  9.953153e-01 
  348.000  9.953980e-01 
  349.000  9.952520e-01 
  350.000  9.959165e-01 
  351.000  9.953480e-01 
  352.000  9.956518e-01 
  353.000  9.959645e-01 
  354.000  9.949083e-01 
  355.000  9.946187e-01 
  356.000  9.948613e-01 
  357.000  9.930926e-01 
  358.000  9.922055e-01 
  359.000  9.912295e-01 
  360.000  9.900825e-01 
  361.000  9.892690e-01 
  362.000  9.908612e-01 
  363.000  9.923506e-01 
  364.000  9.937829e-01 
  365.000  9.936262e-01 
  366.000  9.943945e-01 
  367.000  9.946336e-01 
  368.000  9.944952e-01 
  369.000  9.947218e-01 
  370.000  9.946110e-01 
  371.000  9.949535e-01 
  372.000  9.938785e-01 
  373.000  9.943669e-01 
  374.000  9.944750e-01 
  375.000  9.946526e-01 
  376.000  9.935620e-01 
  377.000  9.934316e-01 
  378.000  9.931716e-01 
  379.000  9.919321e-01 
  380.000  9.904639e-01 
  381.000  9.909868e-01 
  382.000  9.921554e-01 
  383.000  9.934856e-01 
  384.000  9.935580e-01 
  385.000  9.938667e-01 
  386.000  9.941277e-01 
  387.000  9.940488e-01 
  388.000  9.939082e-01 
  389.000  9.938753e-01 
  390.000  9.938587e-01 
  391.000  9.940022e-01 
  392.000  9.932680e-01 
  393.000  9.943307e-01 
  394.000  9.943395e-01 
  395.000  9.942007e-01 
  396.000  9.938492e-01 
  397.000  9.943931e-01 
  398.000  9.933506e-01 
  399.000  9.941275e-01 
  400.000  9.931811e-01 
  401.000  9.933939e-01 
  402.000  9.941691e-01 
  403.000  9.946226e-01 
  404.000  9.937501e-01 
  405.000  9.934812e-01 
  406.000  9.943547e-01 
  407.000  9.951031e-01 
  408.000  9.940826e-01 
  409.000  9.935803e-01 
  410.000  9.939878e-01 
  411.000  9.938567e-01 
  412.000  9.946786e-01 
  413.000  9.935893e-01 
  414.000  9.940445e-01 
  415.000  9.941459e-01 
  416.000  9.951194e-01 
  417.000  9.950127e-01 
  418.000  9.944930e-01 
  419.000  9.946465e-01 
  420.000  9.941202e-01 
  421.000  9.940495e-01 
  422.000  9.938948e-01 
  423.000  9.943326e-01 
  424.000  9.937789e-01 
  425.000  9.945921e-01 
  426.000  9.954491e-01 
  427.000  9.946768e-01 
  428.000  9.939482e-01 
  429.000  9.951617e-01 
  430.000  9.951645e-01 
  431.000  9.938938e-01 
  432.000  9.951748e-01 
  433.000  9.949799e-01 
  434.000  9.943078e-01 
  435.000  9.929142e-01 
  436.000  9.942976e-01 
  437.000  9.958363e-01 
  438.000  9.962025e-01 
  439.000  9.932322e-01 
  440.000  9.943839e-01 
  441.000  9.957463e-01 
  442.000  9.963138e-01 
  443.000  9.956234e-01 
  444.000  9.945320e-01 
  445.000  9.934216e-01 
  446.000  9.945943e-01 
  447.000  9.950776e-01 
  448.000  9.921436e-01 
  449.000  9.946783e-01 
  450.000  9.955993e-01 
  451.000  9.955859e-01 
  452.000  9.955286e-01 
  453.000  9.956840e-01 
  454.000  9.963608e-01 
  455.000  9.956702e-01 
  456.000  9.958946e-01 
  457.000  9.965792e-01 
  458.000  9.953249e-01 
  459.000  9.962418e-01 
  460.000  9.956178e-01 
  461.000  9.957093e-01 
  462.000  9.964332e-01 
  463.000  9.946809e-01 
  464.000  9.956055e-01 
  465.000  9.960850e-01 
  466.000  9.969640e-01 
  467.000  9.959072e-01 
  468.000  9.962963e-01 
  469.000  9.967317e-01 
  470.000  9.966220e-01 
  471.000  9.965048e-01 
  472.000  9.955033e-01 
  473.000  9.942299e-01 
  474.000  9.912532e-01 
  475.000  9.897141e-01 
  476.000  9.888570e-01 
  477.000  9.885191e-01 
  478.000  9.886681e-01 
  479.000  9.896128e-01 
  480.000  9.907894e-01 
  481.000  9.935089e-01 
  482.000  9.955139e-01 
  483.000  9.970852e-01 
  484.000  9.973315e-01 
  485.000  9.972954e-01 
  486.000  9.973002e-01 
  487.000  9.976116e-01 
  488.000  9.969154e-01 
  489.000  9.960068e-01 
  490.000  9.969745e-01 
  491.000  9.976624e-01 
  492.000  9.975595e-01 
  493.000  9.974459e-01 
  494.000  9.969286e-01 
  495.000  9.969108e-01 
  496.000  9.969342e-01 
  497.000  9.974784e-01 
  498.000  9.979970e-01 
  499.000  9.984103e-01 
  500.000  9.985727e-01 
  501.000  9.983317e-01 
  502.000  9.978889e-01 
  503.000  9.975274e-01 
  504.000  9.979668e-01 
  505.000  9.969379e-01 
  506.000  9.978356e-01 
  507.000  9.980798e-01 
  508.000  9.981152e-01 
  509.000  9.976141e-01 
  510.000  9.974899e-01 
  511.000  9.976709e-01 
  512.000  9.978434e-01 
  513.000  9.981609e-01 
  514.000  9.983908e-01 
  515.000  9.985999e-01 
  516.000  9.986456e-01 
  517.000  9.987624e-01 
  518.000  9.986086e-01 
  519.000  9.982399e-01 
  520.000  9.981894e-01 
  521.000  9.986036e-01 
  522.000  9.985872e-01 
  523.000  9.984121e-01 
  524.000  9.983503e-01 
  525.000  9.976642e-01 
  526.000  9.974908e-01 
  527.000  9.977553e-01 
  528.000  9.974604e-01 
  529.000  9.975399e-01 
  530.000  9.974383e-01 
  531.000  9.972814e-01 
  532.000  9.971893e-01 
  533.000  9.972558e-01 
  534.000  9.976091e-01 
  535.000  9.978770e-01 
  536.000  9.982731e-01 
  537.000  9.985219e-01 
  538.000  9.984080e-01 
  539.000  9.984106e-01 
  540.000  9.988527e-01 
  541.000  9.990438e-01 
  542.000  9.986344e-01 
  543.000  9.985150e-01 
  544.000  9.987722e-01 
  545.000  9.985796e-01 
  546.000  9.988440e-01 
  547.000  9.990122e-01 
  548.000  9.988224e-01 
  549.000  9.987580e-01 
  550.000  9.990153e-01 
  551.000  9.991072e-01 
  552.000  9.991536e-01 
  553.000  9.988673e-01 
  554.000  9.991016e-01 
  555.000  9.993423e-01 
  556.000  9.994544e-01 
  557.000  9.994095e-01 
  558.000  9.993752e-01 
  559.000  9.995188e-01 
  560.000  9.994329e-01 
  561.000  9.993106e-01 
  562.000  9.992163e-01 
  563.000  9.989331e-01 
  564.000  9.985362e-01 
  565.000  9.983155e-01 
  566.000  9.982866e-01 
  567.000  9.978560e-01 
  568.000  9.970504e-01 
  569.000  9.955800e-01 
  570.000  9.935343e-01 
  571.000  9.918775e-01 
  572.000  9.906992e-01 
  573.000  9.889333e-01 
  574.000  9.875434e-01 
  575.000  9.860699e-01 
  576.000  9.851967e-01 
  577.000  9.849213e-01 
  578.000  9.851704e-01 
  579.000  9.859656e-01 
  580.000  9.868812e-01 
  581.000  9.887590e-01 
  582.000  9.906676e-01 
  583.000  9.922044e-01 
  584.000  9.944640e-01 
  585.000  9.952886e-01 
  586.000  9.965931e-01 
  587.000  9.970839e-01 
  588.000  9.981610e-01 
  589.000  9.986806e-01 
  590.000  9.989637e-01 
  591.000  9.991770e-01 
  592.000  9.991239e-01 
  593.000  9.991738e-01 
  594.000  9.995590e-01 
  595.000  9.997231e-01 
  596.000  9.997099e-01 
  597.000  9.997283e-01 
  598.000  9.996939e-01 
  599.000  9.996405e-01 
  600.000  9.995660e-01 
  601.000  9.995761e-01 
  602.000  9.996791e-01 
  603.000  9.998000e-01 
  604.000  9.998496e-01 
  605.000  9.998542e-01 
  606.000  9.998564e-01 
  607.000  9.998369e-01 
  608.000  9.998137e-01 
  609.000  9.998151e-01 
  610.000  9.998026e-01 
  611.000  9.997579e-01 
  612.000  9.994558e-01 
  613.000  9.995097e-01 
  614.000  9.994563e-01 
  615.000  9.994131e-01 
  616.000  9.990786e-01 
  617.000  9.987879e-01 
  618.000  9.985579e-01 
  619.000  9.981793e-01 
  620.000  9.973898e-01 
  621.000  9.965934e-01 
  622.000  9.962343e-01 
  623.000  9.948174e-01 
  624.000  9.941236e-01 
  625.000  9.933246e-01 
  626.000  9.920357e-01 
  627.000  9.910918e-01 
  628.000  9.681219e-01 
  629.000  9.766092e-01 
  630.000  9.810078e-01 
  631.000  9.876533e-01 
  632.000  9.905013e-01 
  633.000  9.913112e-01 
  634.000  9.925806e-01 
  635.000  9.928983e-01 
  636.000  9.941366e-01 
  637.000  9.954748e-01 
  638.000  9.960858e-01 
  639.000  9.969202e-01 
  640.000  9.972935e-01 
  641.000  9.981927e-01 
  642.000  9.986103e-01 
  643.000  9.989086e-01 
  644.000  9.992360e-01 
  645.000  9.994946e-01 
  646.000  9.995852e-01 
  647.000  9.996049e-01 
  648.000  9.996634e-01 
  649.000  9.998493e-01 
  650.000  9.998617e-01 
  651.000  9.998598e-01 
  652.000  9.998922e-01 
  653.000  9.999025e-01 
  654.000  9.999180e-01 
  655.000  9.999143e-01 
  656.000  9.999093e-01 
  657.000  9.999337e-01 
  658.000  9.999425e-01 
  659.000  9.999363e-01 
  660.000  9.999432e-01 
  661.000  9.999650e-01 
  662.000  9.999651e-01 
  663.000  9.999696e-01 
  664.000  9.999688e-01 
  665.000  9.999520e-01 
  666.000  9.999374e-01 
  667.000  9.999259e-01 
  668.000  9.998994e-01 
  669.000  9.999136e-01 
  670.000  9.998932e-01 
  671.000  9.999205e-01 
  672.000  9.999160e-01 
  673.000  9.998736e-01 
  674.000  9.999012e-01 
  675.000  9.999039e-01 
  676.000  9.999099e-01 
  677.000  9.999049e-01 
  678.000  9.999397e-01 
  679.000  9.999431e-01 
  680.000  9.999409e-01 
  681.000  9.999436e-01 
  682.000  9.999589e-01 
  683.000  9.999508e-01 
  684.000  9.999589e-01 
  685.000  9.999574e-01 
  686.000  9.999157e-01 
  687.000  6.791041e-01 
  688.000  8.588562e-01 
  689.000  8.970210e-01 
  690.000  9.288996e-01 
  691.000  9.479495e-01 
  692.000  9.841275e-01 
  693.000  9.887667e-01 
  694.000  9.999363e-01 
  695.000  9.999620e-01 
  696.000  9.999591e-01 
  697.000  9.999815e-01 
  698.000  9.999833e-01 
  699.000  9.999282e-01 
  700.000  9.999771e-01 
  701.000  9.999776e-01 
  702.000  9.999765e-01 
  703.000  9.999701e-01 
  704.000  9.999584e-01 
  705.000  9.999462e-01 
  706.000  9.999570e-01 
  707.000  9.999345e-01 
  708.000  9.999623e-01 
  709.000  9.999663e-01 
  710.000  9.999639e-01 
  711.000  9.999608e-01 
  712.000  9.999541e-01 
  713.000  9.999611e-01 
  714.000  9.999551e-01 
  715.000  9.999698e-01 
  716.000  9.999791e-01 
  717.000  9.999806e-01 
  718.000  9.999842e-01 
  719.000  9.999853e-01 
  720.000  9.999880e-01 
  721.000  9.999823e-01 
  722.000  9.999808e-01 
  723.000  9.999789e-01 
  724.000  9.999799e-01 
  725.000  9.999883e-01 
  726.000  9.999910e-01 
  727.000  9.999909e-01 
  728.000  9.999911e-01 
  729.000  9.999926e-01 
  730.000  9.999926e-01 
  731.000  9.999921e-01 
  732.000  9.999918e-01 
  733.000  9.999918e-01 
  734.000  9.999872e-01 
  735.000  9.999851e-01 
  736.000  9.999868e-01 
  737.000  9.999876e-01 
  738.000  9.999887e-01 
  739.000  9.999850e-01 
  740.000  9.999883e-01 
  741.000  9.999861e-01 
  742.000  9.999867e-01 
  743.000  9.999830e-01 
  744.000  9.999787e-01 
  745.000  9.999702e-01 
  746.000  9.999660e-01 
  747.000  9.999865e-01 
  748.000  9.999895e-01 
  749.000  9.999902e-01 
  750.000  9.999886e-01 
  751.000  9.999886e-01 
  752.000  9.999859e-01 
  753.000  9.999878e-01 
  754.000  9.999846e-01 
  755.000  9.999874e-01 
  756.000  9.999846e-01 
  757.000  9.999887e-01 
  758.000  9.999897e-01 
  759.000  9.885046e-01 
  760.000  3.369459e-01 
  761.000  2.289168e-01 
  762.000  6.390026e-01 
  763.000  5.279469e-01 
  764.000  5.995670e-01 
  765.000  7.391739e-01 
  766.000  8.728966e-01 
  767.000  9.222656e-01 
  768.000  9.774863e-01 
  769.000  9.920447e-01 
  770.000  9.916182e-01 
  771.000  9.980736e-01 
  772.000  9.998872e-01 
  773.000  9.998825e-01 
  774.000  9.998971e-01 
  775.000  9.999073e-01 
  776.000  9.999257e-01 
  777.000  9.999743e-01 
  778.000  9.999952e-01 
  779.000  9.999950e-01 
  780.000  9.999955e-01 
  781.000  9.999955e-01 
  782.000  9.999941e-01 
  783.000  9.999935e-01 
  784.000  9.999910e-01 
  785.000  9.999926e-01 
  786.000  9.999943e-01 
  787.000  9.999943e-01 
  788.000  9.999937e-01 
  789.000  9.999844e-01 
  790.000  9.999784e-01 
  791.000  9.999896e-01 
  792.000  9.999925e-01 
  793.000  9.999937e-01 
  794.000  9.999999e-01 
  795.000  1.000000e+00 
  796.000  1.000000e+00 
  797.000  1.000000e+00 
  798.000  9.999999e-01 
  799.000  9.999998e-01 
  800.000  1.000000e+00 
  801.000  9.999996e-01 
  802.000  1.000000e+00 
  803.000  1.000000e+00 
  804.000  1.000000e+00 
  805.000  9.999998e-01 
  806.000  1.000000e+00 
  807.000  9.999999e-01 
  808.000  9.999999e-01 
  809.000  9.999998e-01 
  810.000  9.999998e-01 
  811.000  1.000000e+00 
  812.000  1.000000e+00 
  813.000  9.999999e-01 
  814.000  9.999998e-01 
  815.000  9.999998e-01 
  816.000  1.000000e+00 
  817.000  9.999998e-01 
  818.000  9.999999e-01 
  819.000  9.999999e-01 
  820.000  1.000000e+00 
  821.000  9.999999e-01 
  822.000  9.999998e-01 
  823.000  9.999998e-01 
  824.000  1.000000e+00 
  825.000  1.000000e+00 
  826.000  1.000000e+00 
  827.000  9.999999e-01 
  828.000  9.999998e-01 
  829.000  1.000000e+00 
  830.000  1.000000e+00 
  831.000  1.000000e+00 
  832.000  9.999999e-01 
  833.000  9.999999e-01 
  834.000  1.000000e+00 
  835.000  1.000000e+00 
  836.000  9.999999e-01 
  837.000  9.999999e-01 
  838.000  9.999999e-01 
  839.000  1.000000e+00 
  840.000  9.999999e-01 
  841.000  9.999999e-01 
  842.000  9.999999e-01 
  843.000  9.999999e-01 
  844.000  1.000000e+00 
  845.000  9.999999e-01 
  846.000  9.999999e-01 
  847.000  9.999999e-01 
  848.000  9.999999e-01 
  849.000  9.999999e-01 
  850.000  9.999999e-01 
  851.000  9.999999e-01 
  852.000  9.999999e-01 
  853.000  9.999999e-01 
  854.000  9.999999e-01 
  855.000  9.999999e-01 
  856.000  9.999999e-01 
  857.000  9.999999e-01 
  858.000  9.999998e-01 
  859.000  9.999999e-01 
  860.000  9.999999e-01 
  861.000  9.999997e-01 
  862.000  9.999953e-01 
  863.000  9.996440e-01 
  864.000  9.999994e-01 
  865.000  9.999994e-01 
  866.000  9.999081e-01 
  867.000  9.999877e-01 
  868.000  9.999073e-01 
  869.000  9.998066e-01 
  870.000  9.999924e-01 
  871.000  9.999102e-01 
  872.000  9.999974e-01 
  873.000  9.999969e-01 
  874.000  9.999969e-01 
  875.000  9.999997e-01 
  876.000  9.999999e-01 
  877.000  9.999998e-01 
  878.000  9.999999e-01 
  879.000  9.999999e-01 
  880.000  9.999999e-01 
  881.000  9.999999e-01 
  882.000  9.999999e-01 
  883.000  9.999999e-01 
  884.000  9.999999e-01 
  885.000  9.999999e-01 
  886.000  9.999998e-01 
  887.000  9.999999e-01 
  888.000  9.999999e-01 
  889.000  9.999999e-01 
  890.000  9.999999e-01 
  891.000  9.999999e-01 
  892.000  9.999999e-01 
  893.000  9.999998e-01 
  894.000  9.999998e-01 
  895.000  9.999998e-01 
  896.000  9.999999e-01 
  897.000  9.999999e-01 
  898.000  9.999998e-01 
  899.000  1.000000e+00 
  900.000  1.000000e+00 
  901.000  9.999999e-01 
  902.000  1.000000e+00 
  903.000  9.999999e-01 
  904.000  9.999999e-01 
  905.000  1.000000e+00 
  906.000  1.000000e+00 
  907.000  9.999999e-01 
  908.000  1.000000e+00 
  909.000  9.999999e-01 
  910.000  9.999999e-01 
  911.000  9.999999e-01 
  912.000  9.999999e-01 
  913.000  1.000000e+00 
  914.000  1.000000e+00 
  915.000  9.999998e-01 
  916.000  9.999998e-01 
  917.000  9.999999e-01 
  918.000  9.999999e-01 
  919.000  1.000000e+00 
  920.000  1.000000e+00 
  921.000  1.000000e+00 
  922.000  9.999998e-01 
  923.000  1.000000e+00 
  924.000  9.999999e-01 
  925.000  9.999999e-01 
  926.000  9.999999e-01 
  927.000  9.999999e-01 
  928.000  1.000000e+00 
  929.000  9.999998e-01 
  930.000  9.999998e-01 
  931.000  1.000000e+00 
  932.000  1.000000e+00 
  933.000  9.999999e-01 
  934.000  9.999999e-01 
  935.000  9.999999e-01 
  936.000  9.999998e-01 
  937.000  9.999998e-01 
  938.000  9.999998e-01 
  939.000  1.000000e+00 
  940.000  9.999999e-01 
  941.000  9.999999e-01 
  942.000  9.999999e-01 
  943.000  9.999998e-01 
  944.000  9.999999e-01 
  945.000  1.000000e+00 
  946.000  1.000000e+00 
  947.000  9.998878e-01 
  948.000  9.999793e-01 
  949.000  9.999716e-01 
  950.000  9.999716e-01 
  951.000  9.999408e-01 
  952.000  9.999992e-01 
  953.000  1.000000e+00 
  954.000  1.000000e+00 
  955.000  9.999996e-01 
  956.000  9.999999e-01 
  957.000  1.000000e+00 
  958.000  1.000000e+00 
  959.000  9.999998e-01 
  960.000  9.999999e-01 
  961.000  9.999999e-01 
  962.000  1.000000e+00 
  963.000  9.999999e-01 
  964.000  1.000000e+00 
  965.000  1.000000e+00 
  966.000  1.000000e+00 
  967.000  9.999998e-01 
  968.000  9.999998e-01 
  969.000  1.000000e+00 
  970.000  9.999999e-01 
  971.000  9.999999e-01 
  972.000  9.999999e-01 
  973.000  9.999998e-01 
  974.000  1.000000e+00 
  975.000  1.000000e+00 
  976.000  1.000000e+00 
  977.000  1.000000e+00 
  978.000  1.000000e+00 
  979.000  1.000000e+00 
  980.000  1.000000e+00 
  981.000  9.999999e-01 
  982.000  9.999999e-01 
  983.000  1.000000e+00 
  984.000  1.000000e+00 
  985.000  1.000000e+00 
  986.000  1.000000e+00 
  987.000  9.999999e-01 
  988.000  9.999999e-01 
  989.000  9.999999e-01 
  990.000  9.999999e-01 
  991.000  9.999999e-01 
  992.000  1.000000e+00 
  993.000  1.000000e+00 
  994.000  1.000000e+00 
  995.000  9.999999e-01 
  996.000  9.999999e-01 
  997.000  9.999999e-01 
  998.000  1.000000e+00 
  999.000  9.999999e-01 
 1000.000  9.999999e-01 
 1001.000  9.999999e-01 
 1002.000  9.999999e-01 
 1003.000  9.999999e-01 
 1004.000  9.999999e-01 
 1005.000  9.999999e-01 
 1006.000  9.999999e-01 
 1007.000  1.000000e+00 
 1008.000  9.999998e-01 
 1009.000  9.999998e-01 
 1010.000  9.999998e-01 
 1011.000  9.999997e-01 
 1012.000  9.999997e-01 
 1013.000  9.999995e-01 
 1014.000  9.999987e-01 
 1015.000  9.999987e-01 
 1016.000  9.999982e-01 
 1017.000  9.999959e-01 
 1018.000  9.999959e-01 
 1019.000  9.999931e-01 
 1020.000  9.999889e-01 
 1021.000  9.999889e-01 
 1022.000  9.999791e-01 
 1023.000  9.999791e-01 
 1024.000  9.999726e-01 
 1025.000  9.999490e-01 
 1026.000  9.999490e-01 
 1027.000  9.999233e-01 
 1028.000  9.998900e-01 
 1029.000  9.998900e-01 
 1030.000  9.998087e-01 
 1031.000  9.997588e-01 
 1032.000  9.997588e-01 
 1033.000  9.996183e-01 
 1034.000  9.996183e-01 
 1035.000  9.994740e-01 
 1036.000  9.989531e-01 
 1037.000  9.989531e-01 
 1038.000  9.988816e-01 
 1039.000  9.983279e-01 
 1040.000  9.983279e-01 
 1041.000  9.979150e-01 
 1042.000  9.979150e-01 
 1043.000  9.974182e-01 
 1044.000  9.966792e-01 
 1045.000  9.966792e-01 
 1046.000  9.956661e-01 
 1047.000  9.956661e-01 
 1048.000  9.946577e-01 
 1049.000  9.926516e-01 
 1050.000  9.926516e-01 
 1051.000  9.917481e-01 
 1052.000  9.917481e-01 
 1053.000  9.903772e-01 
 1054.000  9.892151e-01 
 1055.000  9.892151e-01 
 1056.000  9.878523e-01 
 1057.000  9.878523e-01 
 1058.000  9.866352e-01 
 1059.000  9.854159e-01 
 1060.000  9.854159e-01 
 1061.000  9.846409e-01 
 1062.000  9.846409e-01 
 1063.000  9.833626e-01 
 1064.000  9.828613e-01 
 1065.000  9.828613e-01 
 1066.000  9.836870e-01 
 1067.000  9.836870e-01 
 1068.000  9.829874e-01 
 1069.000  9.848412e-01 
 1070.000  9.848412e-01 
 1071.000  9.860186e-01 
 1072.000  9.860186e-01 
 1073.000  9.872103e-01 
 1074.000  9.872103e-01 
 1075.000  9.886526e-01 
 1076.000  9.900515e-01 
 1077.000  9.900515e-01 
 1078.000  9.916774e-01 
 1079.000  9.916774e-01 
 1080.000  9.928056e-01 
 1081.000  9.928056e-01 
 1082.000  9.944006e-01 
 1083.000  9.955160e-01 
 1084.000  9.955160e-01 
 1085.000  9.960487e-01 
 1086.000  9.960487e-01 
 1087.000  9.972042e-01 
 1088.000  9.972042e-01 
 1089.000  9.981667e-01 
 1090.000  9.985932e-01 
 1091.000  9.985932e-01 
 1092.000  9.990824e-01 
 1093.000  9.990824e-01 
 1094.000  9.991667e-01 
 1095.000  9.991667e-01 
 1096.000  9.994562e-01 
 1097.000  9.994562e-01 
 1098.000  9.997054e-01 
 1099.000  9.997932e-01 
 1100.000  9.997932e-01 
 1101.000  9.998762e-01 
 1102.000  9.998762e-01 
 1103.000  9.999147e-01 
 1104.000  9.999147e-01 
 1105.000  9.999402e-01 
 1106.000  9.999402e-01 
 1107.000  9.999136e-01 
 1108.000  9.999136e-01 
 1109.000  9.997490e-01 
 1110.000  9.998364e-01 
 1111.000  9.998364e-01 
 1112.000  9.996164e-01 
 1113.000  9.996164e-01 
 1114.000  9.994780e-01 
 1115.000  9.994780e-01 
 1116.000  9.988093e-01 
 1117.000  9.988093e-01 
 1118.000  9.988515e-01 
 1119.000  9.988515e-01 
 1120.000  9.992711e-01 
 1121.000  9.992711e-01 
 1122.000  9.954882e-01 
 1123.000  9.963994e-01 
 1124.000  9.963994e-01 
 1125.000  9.975034e-01 
 1126.000  9.975034e-01 
 1127.000  9.961799e-01 
 1128.000  9.961799e-01 
 1129.000  9.970698e-01 
 1130.000  9.970698e-01 
 1131.000  9.979956e-01 
 1132.000  9.979956e-01 
 1133.000  9.963894e-01 
 1134.000  9.963894e-01 
 1135.000  9.961630e-01 
 1136.000  9.961630e-01 
 1137.000  9.975838e-01 
 1138.000  9.975838e-01 
 1139.000  9.986986e-01 
 1140.000  9.986986e-01 
 1141.000  9.986729e-01 
 1142.000  9.986729e-01 
 1143.000  9.977579e-01 
 1144.000  9.977579e-01 
 1145.000  9.983994e-01 
 1146.000  9.983994e-01 
 1147.000  9.977947e-01 
 1148.000  9.977947e-01 
 1149.000  9.968093e-01 
 1150.000  9.968093e-01 
 1151.000  9.960225e-01 
 1152.000  9.960225e-01 
 1153.000  9.918888e-01 
 1154.000  9.918888e-01 
 1155.000  9.924583e-01 
 1156.000  9.924583e-01 
 1157.000  9.938303e-01 
 1158.000  9.938303e-01 
 1159.000  9.968114e-01 
 1160.000  9.968114e-01 
 1161.000  9.936848e-01 
 1162.000  9.936848e-01 
 1163.000  9.924604e-01 
 1164.000  9.924604e-01 
 1165.000  9.942784e-01 
 1166.000  9.942784e-01 
 1167.000  9.956707e-01 
 1168.000  9.956707e-01 
 1169.000  9.950114e-01 
 1170.000  9.950114e-01 
 1171.000  9.962748e-01 
 1172.000  9.962748e-01 
 1173.000  9.964327e-01 
 1174.000  9.964327e-01 
 1175.000  9.976467e-01 
 1176.000  9.976467e-01 
 1177.000  9.980727e-01 
 1178.000  9.980727e-01 
 1179.000  9.983617e-01 
 1180.000  9.983617e-01 
 1181.000  9.984545e-01 
 1182.000  9.984545e-01 
 1183.000  9.990313e-01 
 1184.000  9.990313e-01 
 1185.000  9.989572e-01 
 1186.000  9.989572e-01 
 1187.000  9.974281e-01 
 1188.000  9.974281e-01 
 1189.000  9.974281e-01 
 1190.000  9.991284e-01 
 1191.000  9.991284e-01 
 1192.000  9.988562e-01 
 1193.000  9.988562e-01 
 1194.000  9.993778e-01 
 1195.000  9.993778e-01 
 1196.000  9.996633e-01 
 1197.000  9.996633e-01 
 1198.000  9.996181e-01 
 1199.000  9.996181e-01 
 1200.000  9.994584e-01 
