  250.000  9.997851e-01 
  251.000  9.998410e-01 
  252.000  9.998491e-01 
  253.000  9.998418e-01 
  254.000  9.998335e-01 
  255.000  9.998326e-01 
  256.000  9.998240e-01 
  257.000  9.998257e-01 
  258.000  9.998109e-01 
  259.000  9.998005e-01 
  260.000  9.997995e-01 
  261.000  9.997950e-01 
  262.000  9.997917e-01 
  263.000  9.997656e-01 
  264.000  9.997623e-01 
  265.000  9.997504e-01 
  266.000  9.997521e-01 
  267.000  9.997398e-01 
  268.000  9.997315e-01 
  269.000  9.996890e-01 
  270.000  9.996951e-01 
  271.000  9.996954e-01 
  272.000  9.996921e-01 
  273.000  9.996428e-01 
  274.000  9.996291e-01 
  275.000  9.996172e-01 
  276.000  9.996264e-01 
  277.000  9.995978e-01 
  278.000  9.995822e-01 
  279.000  9.995412e-01 
  280.000  9.995160e-01 
  281.000  9.995037e-01 
  282.000  9.995098e-01 
  283.000  9.995096e-01 
  284.000  9.994268e-01 
  285.000  9.993970e-01 
  286.000  9.993567e-01 
  287.000  9.993791e-01 
  288.000  9.993758e-01 
  289.000  9.993357e-01 
  290.000  9.992741e-01 
  291.000  9.992499e-01 
  292.000  9.991808e-01 
  293.000  9.991885e-01 
  294.000  9.992179e-01 
  295.000  9.991149e-01 
  296.000  9.991623e-01 
  297.000  9.989816e-01 
  298.000  9.989663e-01 
  299.000  9.989824e-01 
  300.000  9.989594e-01 
  301.000  9.989809e-01 
  302.000  9.988279e-01 
  303.000  9.987264e-01 
  304.000  9.987300e-01 
  305.000  9.986696e-01 
  306.000  9.987287e-01 
  307.000  9.985919e-01 
  308.000  9.986521e-01 
  309.000  9.984477e-01 
  310.000  9.984969e-01 
  311.000  9.984053e-01 
  312.000  9.983730e-01 
  313.000  9.982700e-01 
  314.000  9.983336e-01 
  315.000  9.981139e-01 
  316.000  9.982066e-01 
  317.000  9.980979e-01 
  318.000  9.979095e-01 
  319.000  9.980236e-01 
  320.000  9.978176e-01 
  321.000  9.978971e-01 
  322.000  9.978189e-01 
  323.000  9.976922e-01 
  324.000  9.977625e-01 
  325.000  9.975690e-01 
  326.000  9.975300e-01 
  327.000  9.975282e-01 
  328.000  9.974113e-01 
  329.000  9.974265e-01 
  330.000  9.972512e-01 
  331.000  9.973488e-01 
  332.000  9.973274e-01 
  333.000  9.967213e-01 
  334.000  9.972306e-01 
  335.000  9.968951e-01 
  336.000  9.970532e-01 
  337.000  9.969573e-01 
  338.000  9.970695e-01 
  339.000  9.964097e-01 
  340.000  9.965243e-01 
  341.000  9.958953e-01 
  342.000  9.955972e-01 
  343.000  9.956205e-01 
  344.000  9.953252e-01 
  345.000  9.956188e-01 
  346.000  9.958766e-01 
  347.000  9.960536e-01 
  348.000  9.961233e-01 
  349.000  9.960001e-01 
  350.000  9.965602e-01 
  351.000  9.960810e-01 
  352.000  9.963372e-01 
  353.000  9.966006e-01 
  354.000  9.957105e-01 
  355.000  9.954665e-01 
  356.000  9.956709e-01 
  357.000  9.941800e-01 
  358.000  9.934323e-01 
  359.000  9.926093e-01 
  360.000  9.916418e-01 
  361.000  9.909557e-01 
  362.000  9.922988e-01 
  363.000  9.935545e-01 
  364.000  9.947622e-01 
  365.000  9.946300e-01 
  366.000  9.952774e-01 
  367.000  9.954790e-01 
  368.000  9.953624e-01 
  369.000  9.955535e-01 
  370.000  9.954600e-01 
  371.000  9.957488e-01 
  372.000  9.948428e-01 
  373.000  9.952545e-01 
  374.000  9.953454e-01 
  375.000  9.954950e-01 
  376.000  9.945758e-01 
  377.000  9.944658e-01 
  378.000  9.942467e-01 
  379.000  9.932017e-01 
  380.000  9.919637e-01 
  381.000  9.924046e-01 
  382.000  9.933900e-01 
  383.000  9.945114e-01 
  384.000  9.945725e-01 
  385.000  9.948326e-01 
  386.000  9.950526e-01 
  387.000  9.949861e-01 
  388.000  9.948676e-01 
  389.000  9.948401e-01 
  390.000  9.948261e-01 
  391.000  9.949469e-01 
  392.000  9.943280e-01 
  393.000  9.952238e-01 
  394.000  9.952312e-01 
  395.000  9.951141e-01 
  396.000  9.948180e-01 
  397.000  9.952764e-01 
  398.000  9.943976e-01 
  399.000  9.950525e-01 
  400.000  9.942549e-01 
  401.000  9.944341e-01 
  402.000  9.950876e-01 
  403.000  9.954699e-01 
  404.000  9.947343e-01 
  405.000  9.945077e-01 
  406.000  9.952440e-01 
  407.000  9.958746e-01 
  408.000  9.950148e-01 
  409.000  9.945912e-01 
  410.000  9.949347e-01 
  411.000  9.948243e-01 
  412.000  9.955171e-01 
  413.000  9.945988e-01 
  414.000  9.949825e-01 
  415.000  9.950680e-01 
  416.000  9.958885e-01 
  417.000  9.957985e-01 
  418.000  9.953606e-01 
  419.000  9.954899e-01 
  420.000  9.950463e-01 
  421.000  9.949868e-01 
  422.000  9.948564e-01 
  423.000  9.952254e-01 
  424.000  9.947586e-01 
  425.000  9.954442e-01 
  426.000  9.961664e-01 
  427.000  9.955154e-01 
  428.000  9.949014e-01 
  429.000  9.959241e-01 
  430.000  9.959264e-01 
  431.000  9.948555e-01 
  432.000  9.959352e-01 
  433.000  9.957711e-01 
  434.000  9.952044e-01 
  435.000  9.940298e-01 
  436.000  9.951958e-01 
  437.000  9.964928e-01 
  438.000  9.968012e-01 
  439.000  9.942978e-01 
  440.000  9.952686e-01 
  441.000  9.964167e-01 
  442.000  9.968951e-01 
  443.000  9.963131e-01 
  444.000  9.953935e-01 
  445.000  9.944575e-01 
  446.000  9.954460e-01 
  447.000  9.958532e-01 
  448.000  9.933801e-01 
  449.000  9.955167e-01 
  450.000  9.962929e-01 
  451.000  9.962816e-01 
  452.000  9.962334e-01 
  453.000  9.963644e-01 
  454.000  9.969347e-01 
  455.000  9.963526e-01 
  456.000  9.965417e-01 
  457.000  9.971186e-01 
  458.000  9.960618e-01 
  459.000  9.968343e-01 
  460.000  9.963086e-01 
  461.000  9.963856e-01 
  462.000  9.969956e-01 
  463.000  9.955190e-01 
  464.000  9.962981e-01 
  465.000  9.967022e-01 
  466.000  9.974428e-01 
  467.000  9.965524e-01 
  468.000  9.968803e-01 
  469.000  9.972472e-01 
  470.000  9.971547e-01 
  471.000  9.970558e-01 
  472.000  9.962120e-01 
  473.000  9.951388e-01 
  474.000  9.926292e-01 
  475.000  9.913312e-01 
  476.000  9.906082e-01 
  477.000  9.903232e-01 
  478.000  9.904489e-01 
  479.000  9.912457e-01 
  480.000  9.922380e-01 
  481.000  9.945311e-01 
  482.000  9.962209e-01 
  483.000  9.975449e-01 
  484.000  9.977524e-01 
  485.000  9.977221e-01 
  486.000  9.977261e-01 
  487.000  9.979885e-01 
  488.000  9.974018e-01 
  489.000  9.966364e-01 
  490.000  9.974517e-01 
  491.000  9.980311e-01 
  492.000  9.979446e-01 
  493.000  9.978488e-01 
  494.000  9.974130e-01 
  495.000  9.973979e-01 
  496.000  9.974177e-01 
  497.000  9.978762e-01 
  498.000  9.983131e-01 
  499.000  9.986612e-01 
  500.000  9.987980e-01 
  501.000  9.985950e-01 
  502.000  9.982220e-01 
  503.000  9.979175e-01 
  504.000  9.982875e-01 
  505.000  9.974207e-01 
  506.000  9.981772e-01 
  507.000  9.983828e-01 
  508.000  9.984126e-01 
  509.000  9.979905e-01 
  510.000  9.978858e-01 
  511.000  9.980384e-01 
  512.000  9.981835e-01 
  513.000  9.984512e-01 
  514.000  9.986449e-01 
  515.000  9.988209e-01 
  516.000  9.988594e-01 
  517.000  9.989576e-01 
  518.000  9.988282e-01 
  519.000  9.985178e-01 
  520.000  9.984753e-01 
  521.000  9.988241e-01 
  522.000  9.988102e-01 
  523.000  9.986628e-01 
  524.000  9.986106e-01 
  525.000  9.980327e-01 
  526.000  9.978867e-01 
  527.000  9.981095e-01 
  528.000  9.978609e-01 
  529.000  9.979281e-01 
  530.000  9.978423e-01 
  531.000  9.977102e-01 
  532.000  9.976327e-01 
  533.000  9.976886e-01 
  534.000  9.979861e-01 
  535.000  9.982121e-01 
  536.000  9.985456e-01 
  537.000  9.987553e-01 
  538.000  9.986593e-01 
  539.000  9.986615e-01 
  540.000  9.990339e-01 
  541.000  9.991947e-01 
  542.000  9.988500e-01 
  543.000  9.987493e-01 
  544.000  9.989660e-01 
  545.000  9.988037e-01 
  546.000  9.990266e-01 
  547.000  9.991682e-01 
  548.000  9.990083e-01 
  549.000  9.989539e-01 
  550.000  9.991707e-01 
  551.000  9.992481e-01 
  552.000  9.992871e-01 
  553.000  9.990461e-01 
  554.000  9.992435e-01 
  555.000  9.994462e-01 
  556.000  9.995406e-01 
  557.000  9.995028e-01 
  558.000  9.994737e-01 
  559.000  9.995948e-01 
  560.000  9.995225e-01 
  561.000  9.994195e-01 
  562.000  9.993401e-01 
  563.000  9.991016e-01 
  564.000  9.987673e-01 
  565.000  9.985813e-01 
  566.000  9.985569e-01 
  567.000  9.981943e-01 
  568.000  9.975156e-01 
  569.000  9.962766e-01 
  570.000  9.945524e-01 
  571.000  9.931557e-01 
  572.000  9.921620e-01 
  573.000  9.906725e-01 
  574.000  9.895000e-01 
  575.000  9.882564e-01 
  576.000  9.875194e-01 
  577.000  9.872870e-01 
  578.000  9.874973e-01 
  579.000  9.881685e-01 
  580.000  9.889410e-01 
  581.000  9.905257e-01 
  582.000  9.921353e-01 
  583.000  9.934312e-01 
  584.000  9.953361e-01 
  585.000  9.960311e-01 
  586.000  9.971303e-01 
  587.000  9.975438e-01 
  588.000  9.984512e-01 
  589.000  9.988889e-01 
  590.000  9.991274e-01 
  591.000  9.993069e-01 
  592.000  9.992622e-01 
  593.000  9.993041e-01 
  594.000  9.996287e-01 
  595.000  9.997668e-01 
  596.000  9.997557e-01 
  597.000  9.997712e-01 
  598.000  9.997423e-01 
  599.000  9.996973e-01 
  600.000  9.996346e-01 
  601.000  9.996431e-01 
  602.000  9.997299e-01 
  603.000  9.998316e-01 
  604.000  9.998734e-01 
  605.000  9.998773e-01 
  606.000  9.998790e-01 
  607.000  9.998627e-01 
  608.000  9.998431e-01 
  609.000  9.998443e-01 
  610.000  9.998338e-01 
  611.000  9.997962e-01 
  612.000  9.995419e-01 
  613.000  9.995872e-01 
  614.000  9.995422e-01 
  615.000  9.995058e-01 
  616.000  9.992240e-01 
  617.000  9.989792e-01 
  618.000  9.987853e-01 
  619.000  9.984665e-01 
  620.000  9.978015e-01 
  621.000  9.971306e-01 
  622.000  9.968280e-01 
  623.000  9.956341e-01 
  624.000  9.950492e-01 
  625.000  9.943757e-01 
  626.000  9.932889e-01 
  627.000  9.924931e-01 
  628.000  9.730258e-01 
  629.000  9.798757e-01 
  630.000  9.839824e-01 
  631.000  9.895926e-01 
  632.000  9.919952e-01 
  633.000  9.926781e-01 
  634.000  9.937484e-01 
  635.000  9.940164e-01 
  636.000  9.950603e-01 
  637.000  9.961882e-01 
  638.000  9.967027e-01 
  639.000  9.974059e-01 
  640.000  9.977205e-01 
  641.000  9.984779e-01 
  642.000  9.988297e-01 
  643.000  9.990809e-01 
  644.000  9.993564e-01 
  645.000  9.995744e-01 
  646.000  9.996506e-01 
  647.000  9.996672e-01 
  648.000  9.997164e-01 
  649.000  9.998731e-01 
  650.000  9.998836e-01 
  651.000  9.998820e-01 
  652.000  9.999093e-01 
  653.000  9.999180e-01 
  654.000  9.999310e-01 
  655.000  9.999280e-01 
  656.000  9.999238e-01 
  657.000  9.999440e-01 
  658.000  9.999518e-01 
  659.000  9.999464e-01 
  660.000  9.999523e-01 
  661.000  9.999704e-01 
  662.000  9.999707e-01 
  663.000  9.999745e-01 
  664.000  9.999738e-01 
  665.000  9.999596e-01 
  666.000  9.999473e-01 
  667.000  9.999376e-01 
  668.000  9.999154e-01 
  669.000  9.999273e-01 
  670.000  9.999102e-01 
  671.000  9.999332e-01 
  672.000  9.999294e-01 
  673.000  9.998936e-01 
  674.000  9.999169e-01 
  675.000  9.999192e-01 
  676.000  9.999242e-01 
  677.000  9.999199e-01 
  678.000  9.999492e-01 
  679.000  9.999521e-01 
  680.000  9.999503e-01 
  681.000  9.999524e-01 
  682.000  9.999654e-01 
  683.000  9.999586e-01 
  684.000  9.999655e-01 
  685.000  9.999642e-01 
  686.000  9.999290e-01 
  687.000  7.028269e-01 
  688.000  8.778493e-01 
  689.000  9.109549e-01 
  690.000  9.393169e-01 
  691.000  9.552720e-01 
  692.000  9.865538e-01 
  693.000  9.905001e-01 
  694.000  9.999465e-01 
  695.000  9.999681e-01 
  696.000  9.999654e-01 
  697.000  9.999846e-01 
  698.000  9.999858e-01 
  699.000  9.999396e-01 
  700.000  9.999807e-01 
  701.000  9.999813e-01 
  702.000  9.999803e-01 
  703.000  9.999750e-01 
  704.000  9.999652e-01 
  705.000  9.999547e-01 
  706.000  9.999639e-01 
  707.000  9.999450e-01 
  708.000  9.999683e-01 
  709.000  9.999718e-01 
  710.000  9.999697e-01 
  711.000  9.999670e-01 
  712.000  9.999613e-01 
  713.000  9.999673e-01 
  714.000  9.999623e-01 
  715.000  9.999745e-01 
  716.000  9.999825e-01 
  717.000  9.999838e-01 
  718.000  9.999868e-01 
  719.000  9.999878e-01 
  720.000  9.999900e-01 
  721.000  9.999852e-01 
  722.000  9.999841e-01 
  723.000  9.999821e-01 
  724.000  9.999830e-01 
  725.000  9.999903e-01 
  726.000  9.999924e-01 
  727.000  9.999923e-01 
  728.000  9.999926e-01 
  729.000  9.999936e-01 
  730.000  9.999936e-01 
  731.000  9.999934e-01 
  732.000  9.999933e-01 
  733.000  9.999933e-01 
  734.000  9.999892e-01 
  735.000  9.999876e-01 
  736.000  9.999889e-01 
  737.000  9.999896e-01 
  738.000  9.999906e-01 
  739.000  9.999874e-01 
  740.000  9.999901e-01 
  741.000  9.999884e-01 
  742.000  9.999890e-01 
  743.000  9.999856e-01 
  744.000  9.999821e-01 
  745.000  9.999750e-01 
  746.000  9.999713e-01 
  747.000  9.999887e-01 
  748.000  9.999912e-01 
  749.000  9.999919e-01 
  750.000  9.999904e-01 
  751.000  9.999904e-01 
  752.000  9.999881e-01 
  753.000  9.999897e-01 
  754.000  9.999869e-01 
  755.000  9.999893e-01 
  756.000  9.999871e-01 
  757.000  9.999906e-01 
  758.000  9.999914e-01 
  759.000  9.902256e-01 
  760.000  3.760449e-01 
  761.000  2.733028e-01 
  762.000  6.703901e-01 
  763.000  5.656444e-01 
  764.000  6.294699e-01 
  765.000  7.602944e-01 
  766.000  8.884188e-01 
  767.000  9.331911e-01 
  768.000  9.807560e-01 
  769.000  9.932966e-01 
  770.000  9.928992e-01 
  771.000  9.983776e-01 
  772.000  9.999050e-01 
  773.000  9.999011e-01 
  774.000  9.999135e-01 
  775.000  9.999220e-01 
  776.000  9.999375e-01 
  777.000  9.999784e-01 
  778.000  9.999960e-01 
  779.000  9.999958e-01 
  780.000  9.999963e-01 
  781.000  9.999964e-01 
  782.000  9.999952e-01 
  783.000  9.999946e-01 
  784.000  9.999926e-01 
  785.000  9.999938e-01 
  786.000  9.999952e-01 
  787.000  9.999952e-01 
  788.000  9.999948e-01 
  789.000  9.999869e-01 
  790.000  9.999819e-01 
  791.000  9.999914e-01 
  792.000  9.999936e-01 
  793.000  9.999947e-01 
  794.000  1.000000e+00 
  795.000  1.000000e+00 
  796.000  1.000000e+00 
  797.000  1.000000e+00 
  798.000  1.000000e+00 
  799.000  1.000000e+00 
  800.000  1.000000e+00 
  801.000  9.999999e-01 
  802.000  1.000000e+00 
  803.000  1.000000e+00 
  804.000  1.000000e+00 
  805.000  1.000000e+00 
  806.000  1.000000e+00 
  807.000  9.999999e-01 
  808.000  1.000000e+00 
  809.000  9.999999e-01 
  810.000  9.999999e-01 
  811.000  1.000000e+00 
  812.000  1.000000e+00 
  813.000  1.000000e+00 
  814.000  9.999998e-01 
  815.000  9.999999e-01 
  816.000  1.000000e+00 
  817.000  9.999998e-01 
  818.000  1.000000e+00 
  819.000  1.000000e+00 
  820.000  1.000000e+00 
  821.000  1.000000e+00 
  822.000  1.000000e+00 
  823.000  9.999999e-01 
  824.000  1.000000e+00 
  825.000  1.000000e+00 
  826.000  1.000000e+00 
  827.000  1.000000e+00 
  828.000  9.999998e-01 
  829.000  1.000000e+00 
  830.000  1.000000e+00 
  831.000  1.000000e+00 
  832.000  9.999999e-01 
  833.000  1.000000e+00 
  834.000  1.000000e+00 
  835.000  1.000000e+00 
  836.000  1.000000e+00 
  837.000  1.000000e+00 
  838.000  1.000000e+00 
  839.000  1.000000e+00 
  840.000  1.000000e+00 
  841.000  1.000000e+00 
  842.000  1.000000e+00 
  843.000  1.000000e+00 
  844.000  1.000000e+00 
  845.000  1.000000e+00 
  846.000  1.000000e+00 
  847.000  1.000000e+00 
  848.000  1.000000e+00 
  849.000  1.000000e+00 
  850.000  1.000000e+00 
  851.000  9.999998e-01 
  852.000  1.000000e+00 
  853.000  1.000000e+00 
  854.000  9.999999e-01 
  855.000  9.999999e-01 
  856.000  1.000000e+00 
  857.000  1.000000e+00 
  858.000  1.000000e+00 
  859.000  1.000000e+00 
  860.000  1.000000e+00 
  861.000  9.999998e-01 
  862.000  9.999961e-01 
  863.000  9.997003e-01 
  864.000  9.999995e-01 
  865.000  9.999995e-01 
  866.000  9.999227e-01 
  867.000  9.999898e-01 
  868.000  9.999220e-01 
  869.000  9.998372e-01 
  870.000  9.999936e-01 
  871.000  9.999245e-01 
  872.000  9.999979e-01 
  873.000  9.999974e-01 
  874.000  9.999974e-01 
  875.000  9.999998e-01 
  876.000  9.999999e-01 
  877.000  1.000000e+00 
  878.000  1.000000e+00 
  879.000  1.000000e+00 
  880.000  1.000000e+00 
  881.000  1.000000e+00 
  882.000  1.000000e+00 
  883.000  9.999999e-01 
  884.000  1.000000e+00 
  885.000  1.000000e+00 
  886.000  1.000000e+00 
  887.000  1.000000e+00 
  888.000  1.000000e+00 
  889.000  1.000000e+00 
  890.000  1.000000e+00 
  891.000  1.000000e+00 
  892.000  1.000000e+00 
  893.000  1.000000e+00 
  894.000  1.000000e+00 
  895.000  1.000000e+00 
  896.000  9.999999e-01 
  897.000  1.000000e+00 
  898.000  9.999999e-01 
  899.000  1.000000e+00 
  900.000  1.000000e+00 
  901.000  1.000000e+00 
  902.000  1.000000e+00 
  903.000  1.000000e+00 
  904.000  1.000000e+00 
  905.000  1.000000e+00 
  906.000  1.000000e+00 
  907.000  9.999998e-01 
  908.000  1.000000e+00 
  909.000  1.000000e+00 
  910.000  1.000000e+00 
  911.000  1.000000e+00 
  912.000  1.000000e+00 
  913.000  9.999999e-01 
  914.000  1.000000e+00 
  915.000  1.000000e+00 
  916.000  1.000000e+00 
  917.000  1.000000e+00 
  918.000  1.000000e+00 
  919.000  1.000000e+00 
  920.000  9.999999e-01 
  921.000  9.999999e-01 
  922.000  9.999998e-01 
  923.000  1.000000e+00 
  924.000  9.999999e-01 
  925.000  9.999999e-01 
  926.000  1.000000e+00 
  927.000  1.000000e+00 
  928.000  1.000000e+00 
  929.000  9.999999e-01 
  930.000  9.999999e-01 
  931.000  1.000000e+00 
  932.000  1.000000e+00 
  933.000  1.000000e+00 
  934.000  1.000000e+00 
  935.000  1.000000e+00 
  936.000  9.999999e-01 
  937.000  1.000000e+00 
  938.000  1.000000e+00 
  939.000  1.000000e+00 
  940.000  1.000000e+00 
  941.000  9.999999e-01 
  942.000  9.999999e-01 
  943.000  9.999999e-01 
  944.000  9.999999e-01 
  945.000  1.000000e+00 
  946.000  1.000000e+00 
  947.000  9.999058e-01 
  948.000  9.999826e-01 
  949.000  9.999761e-01 
  950.000  9.999761e-01 
  951.000  9.999502e-01 
  952.000  9.999993e-01 
  953.000  1.000000e+00 
  954.000  1.000000e+00 
  955.000  9.999998e-01 
  956.000  1.000000e+00 
  957.000  1.000000e+00 
  958.000  1.000000e+00 
  959.000  9.999999e-01 
  960.000  9.999999e-01 
  961.000  9.999999e-01 
  962.000  1.000000e+00 
  963.000  1.000000e+00 
  964.000  1.000000e+00 
  965.000  1.000000e+00 
  966.000  1.000000e+00 
  967.000  9.999999e-01 
  968.000  9.999999e-01 
  969.000  1.000000e+00 
  970.000  9.999999e-01 
  971.000  9.999999e-01 
  972.000  9.999999e-01 
  973.000  9.999998e-01 
  974.000  1.000000e+00 
  975.000  1.000000e+00 
  976.000  1.000000e+00 
  977.000  1.000000e+00 
  978.000  1.000000e+00 
  979.000  1.000000e+00 
  980.000  1.000000e+00 
  981.000  9.999999e-01 
  982.000  9.999999e-01 
  983.000  1.000000e+00 
  984.000  1.000000e+00 
  985.000  1.000000e+00 
  986.000  1.000000e+00 
  987.000  1.000000e+00 
  988.000  1.000000e+00 
  989.000  1.000000e+00 
  990.000  1.000000e+00 
  991.000  1.000000e+00 
  992.000  1.000000e+00 
  993.000  1.000000e+00 
  994.000  1.000000e+00 
  995.000  1.000000e+00 
  996.000  1.000000e+00 
  997.000  1.000000e+00 
  998.000  1.000000e+00 
  999.000  9.999999e-01 
 1000.000  9.999999e-01 
 1001.000  1.000000e+00 
 1002.000  1.000000e+00 
 1003.000  1.000000e+00 
 1004.000  1.000000e+00 
 1005.000  1.000000e+00 
 1006.000  1.000000e+00 
 1007.000  1.000000e+00 
 1008.000  9.999999e-01 
 1009.000  9.999999e-01 
 1010.000  9.999999e-01 
 1011.000  9.999998e-01 
 1012.000  9.999998e-01 
 1013.000  9.999995e-01 
 1014.000  9.999990e-01 
 1015.000  9.999990e-01 
 1016.000  9.999985e-01 
 1017.000  9.999968e-01 
 1018.000  9.999968e-01 
 1019.000  9.999943e-01 
 1020.000  9.999907e-01 
 1021.000  9.999907e-01 
 1022.000  9.999825e-01 
 1023.000  9.999825e-01 
 1024.000  9.999771e-01 
 1025.000  9.999570e-01 
 1026.000  9.999570e-01 
 1027.000  9.999354e-01 
 1028.000  9.999074e-01 
 1029.000  9.999074e-01 
 1030.000  9.998389e-01 
 1031.000  9.997969e-01 
 1032.000  9.997969e-01 
 1033.000  9.996787e-01 
 1034.000  9.996787e-01 
 1035.000  9.995571e-01 
 1036.000  9.991183e-01 
 1037.000  9.991183e-01 
 1038.000  9.990582e-01 
 1039.000  9.985917e-01 
 1040.000  9.985917e-01 
 1041.000  9.982439e-01 
 1042.000  9.982439e-01 
 1043.000  9.978254e-01 
 1044.000  9.972029e-01 
 1045.000  9.972029e-01 
 1046.000  9.963491e-01 
 1047.000  9.963491e-01 
 1048.000  9.954994e-01 
 1049.000  9.938082e-01 
 1050.000  9.938082e-01 
 1051.000  9.930466e-01 
 1052.000  9.930466e-01 
 1053.000  9.918905e-01 
 1054.000  9.909103e-01 
 1055.000  9.909103e-01 
 1056.000  9.897606e-01 
 1057.000  9.897606e-01 
 1058.000  9.887336e-01 
 1059.000  9.877044e-01 
 1060.000  9.877044e-01 
 1061.000  9.870503e-01 
 1062.000  9.870503e-01 
 1063.000  9.859712e-01 
 1064.000  9.855480e-01 
 1065.000  9.855480e-01 
 1066.000  9.862451e-01 
 1067.000  9.862451e-01 
 1068.000  9.856543e-01 
 1069.000  9.872193e-01 
 1070.000  9.872193e-01 
 1071.000  9.882132e-01 
 1072.000  9.882132e-01 
 1073.000  9.892190e-01 
 1074.000  9.892190e-01 
 1075.000  9.904358e-01 
 1076.000  9.916156e-01 
 1077.000  9.916156e-01 
 1078.000  9.929870e-01 
 1079.000  9.929870e-01 
 1080.000  9.939383e-01 
 1081.000  9.939383e-01 
 1082.000  9.952826e-01 
 1083.000  9.962228e-01 
 1084.000  9.962228e-01 
 1085.000  9.966715e-01 
 1086.000  9.966715e-01 
 1087.000  9.976452e-01 
 1088.000  9.976452e-01 
 1089.000  9.984561e-01 
 1090.000  9.988151e-01 
 1091.000  9.988151e-01 
 1092.000  9.992273e-01 
 1093.000  9.992273e-01 
 1094.000  9.992983e-01 
 1095.000  9.992983e-01 
 1096.000  9.995422e-01 
 1097.000  9.995422e-01 
 1098.000  9.997520e-01 
 1099.000  9.998258e-01 
 1100.000  9.998258e-01 
 1101.000  9.998960e-01 
 1102.000  9.998960e-01 
 1103.000  9.999281e-01 
 1104.000  9.999281e-01 
 1105.000  9.999496e-01 
 1106.000  9.999496e-01 
 1107.000  9.999273e-01 
 1108.000  9.999273e-01 
 1109.000  9.997886e-01 
 1110.000  9.998622e-01 
 1111.000  9.998622e-01 
 1112.000  9.996770e-01 
 1113.000  9.996770e-01 
 1114.000  9.995604e-01 
 1115.000  9.995604e-01 
 1116.000  9.989972e-01 
 1117.000  9.989972e-01 
 1118.000  9.990325e-01 
 1119.000  9.990325e-01 
 1120.000  9.993861e-01 
 1121.000  9.993861e-01 
 1122.000  9.961962e-01 
 1123.000  9.969668e-01 
 1124.000  9.969668e-01 
 1125.000  9.978971e-01 
 1126.000  9.978971e-01 
 1127.000  9.967810e-01 
 1128.000  9.967810e-01 
 1129.000  9.975311e-01 
 1130.000  9.975311e-01 
 1131.000  9.983118e-01 
 1132.000  9.983118e-01 
 1133.000  9.969582e-01 
 1134.000  9.969582e-01 
 1135.000  9.967675e-01 
 1136.000  9.967675e-01 
 1137.000  9.979649e-01 
 1138.000  9.979649e-01 
 1139.000  9.989042e-01 
 1140.000  9.989042e-01 
 1141.000  9.988824e-01 
 1142.000  9.988824e-01 
 1143.000  9.981115e-01 
 1144.000  9.981115e-01 
 1145.000  9.986519e-01 
 1146.000  9.986519e-01 
 1147.000  9.981428e-01 
 1148.000  9.981428e-01 
 1149.000  9.973124e-01 
 1150.000  9.973124e-01 
 1151.000  9.966494e-01 
 1152.000  9.966494e-01 
 1153.000  9.931604e-01 
 1154.000  9.931604e-01 
 1155.000  9.936442e-01 
 1156.000  9.936442e-01 
 1157.000  9.948018e-01 
 1158.000  9.948018e-01 
 1159.000  9.973140e-01 
 1160.000  9.973140e-01 
 1161.000  9.946790e-01 
 1162.000  9.946790e-01 
 1163.000  9.936456e-01 
 1164.000  9.936456e-01 
 1165.000  9.951791e-01 
 1166.000  9.951791e-01 
 1167.000  9.963528e-01 
 1168.000  9.963528e-01 
 1169.000  9.957966e-01 
 1170.000  9.957966e-01 
 1171.000  9.968614e-01 
 1172.000  9.968614e-01 
 1173.000  9.969948e-01 
 1174.000  9.969948e-01 
 1175.000  9.980181e-01 
 1176.000  9.980181e-01 
 1177.000  9.983768e-01 
 1178.000  9.983768e-01 
 1179.000  9.986203e-01 
 1180.000  9.986203e-01 
 1181.000  9.986984e-01 
 1182.000  9.986984e-01 
 1183.000  9.991843e-01 
 1184.000  9.991843e-01 
 1185.000  9.991216e-01 
 1186.000  9.991216e-01 
 1187.000  9.978335e-01 
 1188.000  9.978335e-01 
 1189.000  9.978335e-01 
 1190.000  9.992661e-01 
 1191.000  9.992661e-01 
 1192.000  9.990368e-01 
 1193.000  9.990368e-01 
 1194.000  9.994760e-01 
 1195.000  9.994760e-01 
 1196.000  9.997167e-01 
 1197.000  9.997167e-01 
 1198.000  9.996786e-01 
 1199.000  9.996786e-01 
 1200.000  9.995439e-01 
