  250.000  9.998657e-01 
  251.000  9.999005e-01 
  252.000  9.999056e-01 
  253.000  9.999011e-01 
  254.000  9.998960e-01 
  255.000  9.998954e-01 
  256.000  9.998900e-01 
  257.000  9.998910e-01 
  258.000  9.998818e-01 
  259.000  9.998752e-01 
  260.000  9.998747e-01 
  261.000  9.998720e-01 
  262.000  9.998699e-01 
  263.000  9.998534e-01 
  264.000  9.998514e-01 
  265.000  9.998440e-01 
  266.000  9.998451e-01 
  267.000  9.998373e-01 
  268.000  9.998322e-01 
  269.000  9.998056e-01 
  270.000  9.998094e-01 
  271.000  9.998096e-01 
  272.000  9.998076e-01 
  273.000  9.997768e-01 
  274.000  9.997681e-01 
  275.000  9.997607e-01 
  276.000  9.997663e-01 
  277.000  9.997486e-01 
  278.000  9.997388e-01 
  279.000  9.997131e-01 
  280.000  9.996974e-01 
  281.000  9.996898e-01 
  282.000  9.996936e-01 
  283.000  9.996935e-01 
  284.000  9.996417e-01 
  285.000  9.996231e-01 
  286.000  9.995979e-01 
  287.000  9.996120e-01 
  288.000  9.996098e-01 
  289.000  9.995847e-01 
  290.000  9.995463e-01 
  291.000  9.995311e-01 
  292.000  9.994878e-01 
  293.000  9.994927e-01 
  294.000  9.995112e-01 
  295.000  9.994467e-01 
  296.000  9.994764e-01 
  297.000  9.993634e-01 
  298.000  9.993538e-01 
  299.000  9.993638e-01 
  300.000  9.993494e-01 
  301.000  9.993629e-01 
  302.000  9.992673e-01 
  303.000  9.992037e-01 
  304.000  9.992060e-01 
  305.000  9.991683e-01 
  306.000  9.992052e-01 
  307.000  9.991197e-01 
  308.000  9.991572e-01 
  309.000  9.990295e-01 
  310.000  9.990603e-01 
  311.000  9.990029e-01 
  312.000  9.989828e-01 
  313.000  9.989184e-01 
  314.000  9.989581e-01 
  315.000  9.988208e-01 
  316.000  9.988786e-01 
  317.000  9.988108e-01 
  318.000  9.986930e-01 
  319.000  9.987643e-01 
  320.000  9.986355e-01 
  321.000  9.986851e-01 
  322.000  9.986363e-01 
  323.000  9.985570e-01 
  324.000  9.986010e-01 
  325.000  9.984800e-01 
  326.000  9.984555e-01 
  327.000  9.984544e-01 
  328.000  9.983813e-01 
  329.000  9.983908e-01 
  330.000  9.982811e-01 
  331.000  9.983422e-01 
  332.000  9.983288e-01 
  333.000  9.979495e-01 
  334.000  9.982682e-01 
  335.000  9.980584e-01 
  336.000  9.981572e-01 
  337.000  9.980972e-01 
  338.000  9.981674e-01 
  339.000  9.977546e-01 
  340.000  9.978262e-01 
  341.000  9.974326e-01 
  342.000  9.972460e-01 
  343.000  9.972606e-01 
  344.000  9.970756e-01 
  345.000  9.972596e-01 
  346.000  9.974208e-01 
  347.000  9.975317e-01 
  348.000  9.975753e-01 
  349.000  9.974982e-01 
  350.000  9.978487e-01 
  351.000  9.975488e-01 
  352.000  9.977092e-01 
  353.000  9.978741e-01 
  354.000  9.973170e-01 
  355.000  9.971641e-01 
  356.000  9.972920e-01 
  357.000  9.963585e-01 
  358.000  9.958901e-01 
  359.000  9.953744e-01 
  360.000  9.947679e-01 
  361.000  9.943377e-01 
  362.000  9.951798e-01 
  363.000  9.959667e-01 
  364.000  9.967232e-01 
  365.000  9.966403e-01 
  366.000  9.970458e-01 
  367.000  9.971720e-01 
  368.000  9.970990e-01 
  369.000  9.972185e-01 
  370.000  9.971601e-01 
  371.000  9.973408e-01 
  372.000  9.967736e-01 
  373.000  9.970315e-01 
  374.000  9.970883e-01 
  375.000  9.971820e-01 
  376.000  9.966064e-01 
  377.000  9.965376e-01 
  378.000  9.964003e-01 
  379.000  9.957455e-01 
  380.000  9.949696e-01 
  381.000  9.952461e-01 
  382.000  9.958636e-01 
  383.000  9.965661e-01 
  384.000  9.966043e-01 
  385.000  9.967672e-01 
  386.000  9.969050e-01 
  387.000  9.968633e-01 
  388.000  9.967892e-01 
  389.000  9.967719e-01 
  390.000  9.967631e-01 
  391.000  9.968388e-01 
  392.000  9.964511e-01 
  393.000  9.970122e-01 
  394.000  9.970168e-01 
  395.000  9.969436e-01 
  396.000  9.967580e-01 
  397.000  9.970450e-01 
  398.000  9.964948e-01 
  399.000  9.969049e-01 
  400.000  9.964054e-01 
  401.000  9.965177e-01 
  402.000  9.969268e-01 
  403.000  9.971662e-01 
  404.000  9.967057e-01 
  405.000  9.965638e-01 
  406.000  9.970248e-01 
  407.000  9.974197e-01 
  408.000  9.968812e-01 
  409.000  9.966161e-01 
  410.000  9.968312e-01 
  411.000  9.967619e-01 
  412.000  9.971958e-01 
  413.000  9.966208e-01 
  414.000  9.968611e-01 
  415.000  9.969146e-01 
  416.000  9.974283e-01 
  417.000  9.973720e-01 
  418.000  9.970978e-01 
  419.000  9.971789e-01 
  420.000  9.969011e-01 
  421.000  9.968638e-01 
  422.000  9.967821e-01 
  423.000  9.970132e-01 
  424.000  9.967209e-01 
  425.000  9.971501e-01 
  426.000  9.976022e-01 
  427.000  9.971948e-01 
  428.000  9.968103e-01 
  429.000  9.974506e-01 
  430.000  9.974521e-01 
  431.000  9.967816e-01 
  432.000  9.974576e-01 
  433.000  9.973547e-01 
  434.000  9.970000e-01 
  435.000  9.962643e-01 
  436.000  9.969947e-01 
  437.000  9.978064e-01 
  438.000  9.979995e-01 
  439.000  9.964323e-01 
  440.000  9.970403e-01 
  441.000  9.977589e-01 
  442.000  9.980583e-01 
  443.000  9.976941e-01 
  444.000  9.971184e-01 
  445.000  9.965323e-01 
  446.000  9.971513e-01 
  447.000  9.974062e-01 
  448.000  9.958575e-01 
  449.000  9.971956e-01 
  450.000  9.976814e-01 
  451.000  9.976743e-01 
  452.000  9.976442e-01 
  453.000  9.977261e-01 
  454.000  9.980830e-01 
  455.000  9.977188e-01 
  456.000  9.978372e-01 
  457.000  9.981981e-01 
  458.000  9.975368e-01 
  459.000  9.980203e-01 
  460.000  9.976912e-01 
  461.000  9.977394e-01 
  462.000  9.981211e-01 
  463.000  9.971970e-01 
  464.000  9.976847e-01 
  465.000  9.979376e-01 
  466.000  9.984010e-01 
  467.000  9.978439e-01 
  468.000  9.980490e-01 
  469.000  9.982785e-01 
  470.000  9.982207e-01 
  471.000  9.981589e-01 
  472.000  9.976308e-01 
  473.000  9.969590e-01 
  474.000  9.953869e-01 
  475.000  9.945731e-01 
  476.000  9.941198e-01 
  477.000  9.939409e-01 
  478.000  9.940198e-01 
  479.000  9.945195e-01 
  480.000  9.951416e-01 
  481.000  9.965784e-01 
  482.000  9.976364e-01 
  483.000  9.984648e-01 
  484.000  9.985946e-01 
  485.000  9.985757e-01 
  486.000  9.985782e-01 
  487.000  9.987423e-01 
  488.000  9.983753e-01 
  489.000  9.978964e-01 
  490.000  9.984065e-01 
  491.000  9.987690e-01 
  492.000  9.987148e-01 
  493.000  9.986549e-01 
  494.000  9.983823e-01 
  495.000  9.983729e-01 
  496.000  9.983852e-01 
  497.000  9.986721e-01 
  498.000  9.989453e-01 
  499.000  9.991629e-01 
  500.000  9.992486e-01 
  501.000  9.991216e-01 
  502.000  9.988883e-01 
  503.000  9.986979e-01 
  504.000  9.989294e-01 
  505.000  9.983872e-01 
  506.000  9.988604e-01 
  507.000  9.989889e-01 
  508.000  9.990076e-01 
  509.000  9.987436e-01 
  510.000  9.986781e-01 
  511.000  9.987735e-01 
  512.000  9.988644e-01 
  513.000  9.990317e-01 
  514.000  9.991529e-01 
  515.000  9.992629e-01 
  516.000  9.992869e-01 
  517.000  9.993484e-01 
  518.000  9.992675e-01 
  519.000  9.990733e-01 
  520.000  9.990467e-01 
  521.000  9.992648e-01 
  522.000  9.992562e-01 
  523.000  9.991640e-01 
  524.000  9.991314e-01 
  525.000  9.987699e-01 
  526.000  9.986787e-01 
  527.000  9.988180e-01 
  528.000  9.986625e-01 
  529.000  9.987046e-01 
  530.000  9.986509e-01 
  531.000  9.985683e-01 
  532.000  9.985198e-01 
  533.000  9.985548e-01 
  534.000  9.987409e-01 
  535.000  9.988822e-01 
  536.000  9.990907e-01 
  537.000  9.992219e-01 
  538.000  9.991618e-01 
  539.000  9.991632e-01 
  540.000  9.993960e-01 
  541.000  9.994966e-01 
  542.000  9.992811e-01 
  543.000  9.992181e-01 
  544.000  9.993536e-01 
  545.000  9.992522e-01 
  546.000  9.993914e-01 
  547.000  9.994800e-01 
  548.000  9.993801e-01 
  549.000  9.993461e-01 
  550.000  9.994816e-01 
  551.000  9.995300e-01 
  552.000  9.995544e-01 
  553.000  9.994037e-01 
  554.000  9.995271e-01 
  555.000  9.996538e-01 
  556.000  9.997128e-01 
  557.000  9.996892e-01 
  558.000  9.996711e-01 
  559.000  9.997467e-01 
  560.000  9.997015e-01 
  561.000  9.996371e-01 
  562.000  9.995875e-01 
  563.000  9.994384e-01 
  564.000  9.992294e-01 
  565.000  9.991131e-01 
  566.000  9.990979e-01 
  567.000  9.988710e-01 
  568.000  9.984465e-01 
  569.000  9.976712e-01 
  570.000  9.965918e-01 
  571.000  9.957168e-01 
  572.000  9.950940e-01 
  573.000  9.941601e-01 
  574.000  9.934244e-01 
  575.000  9.926440e-01 
  576.000  9.921812e-01 
  577.000  9.920353e-01 
  578.000  9.921674e-01 
  579.000  9.925888e-01 
  580.000  9.930737e-01 
  581.000  9.940679e-01 
  582.000  9.950773e-01 
  583.000  9.958894e-01 
  584.000  9.970825e-01 
  585.000  9.975176e-01 
  586.000  9.982055e-01 
  587.000  9.984642e-01 
  588.000  9.990317e-01 
  589.000  9.993054e-01 
  590.000  9.994546e-01 
  591.000  9.995669e-01 
  592.000  9.995388e-01 
  593.000  9.995651e-01 
  594.000  9.997679e-01 
  595.000  9.998542e-01 
  596.000  9.998473e-01 
  597.000  9.998570e-01 
  598.000  9.998389e-01 
  599.000  9.998108e-01 
  600.000  9.997716e-01 
  601.000  9.997769e-01 
  602.000  9.998311e-01 
  603.000  9.998947e-01 
  604.000  9.999208e-01 
  605.000  9.999233e-01 
  606.000  9.999244e-01 
  607.000  9.999142e-01 
  608.000  9.999020e-01 
  609.000  9.999027e-01 
  610.000  9.998961e-01 
  611.000  9.998726e-01 
  612.000  9.997136e-01 
  613.000  9.997419e-01 
  614.000  9.997138e-01 
  615.000  9.996912e-01 
  616.000  9.995149e-01 
  617.000  9.993619e-01 
  618.000  9.992408e-01 
  619.000  9.990413e-01 
  620.000  9.986254e-01 
  621.000  9.982056e-01 
  622.000  9.980163e-01 
  623.000  9.972690e-01 
  624.000  9.969028e-01 
  625.000  9.964811e-01 
  626.000  9.958003e-01 
  627.000  9.953015e-01 
  628.000  9.829774e-01 
  629.000  9.868338e-01 
  630.000  9.899587e-01 
  631.000  9.934826e-01 
  632.000  9.949895e-01 
  633.000  9.954175e-01 
  634.000  9.960881e-01 
  635.000  9.962560e-01 
  636.000  9.969097e-01 
  637.000  9.976158e-01 
  638.000  9.979380e-01 
  639.000  9.983779e-01 
  640.000  9.985747e-01 
  641.000  9.990484e-01 
  642.000  9.992684e-01 
  643.000  9.994255e-01 
  644.000  9.995977e-01 
  645.000  9.997340e-01 
  646.000  9.997816e-01 
  647.000  9.997920e-01 
  648.000  9.998229e-01 
  649.000  9.999207e-01 
  650.000  9.999272e-01 
  651.000  9.999262e-01 
  652.000  9.999433e-01 
  653.000  9.999487e-01 
  654.000  9.999568e-01 
  655.000  9.999549e-01 
  656.000  9.999524e-01 
  657.000  9.999651e-01 
  658.000  9.999699e-01 
  659.000  9.999665e-01 
  660.000  9.999701e-01 
  661.000  9.999816e-01 
  662.000  9.999816e-01 
  663.000  9.999840e-01 
  664.000  9.999836e-01 
  665.000  9.999747e-01 
  666.000  9.999670e-01 
  667.000  9.999610e-01 
  668.000  9.999471e-01 
  669.000  9.999546e-01 
  670.000  9.999439e-01 
  671.000  9.999582e-01 
  672.000  9.999558e-01 
  673.000  9.999335e-01 
  674.000  9.999480e-01 
  675.000  9.999495e-01 
  676.000  9.999526e-01 
  677.000  9.999500e-01 
  678.000  9.999683e-01 
  679.000  9.999701e-01 
  680.000  9.999689e-01 
  681.000  9.999703e-01 
  682.000  9.999784e-01 
  683.000  9.999742e-01 
  684.000  9.999784e-01 
  685.000  9.999776e-01 
  686.000  9.999556e-01 
  687.000  7.586446e-01 
  688.000  9.192425e-01 
  689.000  9.412344e-01 
  690.000  9.610311e-01 
  691.000  9.708679e-01 
  692.000  9.914948e-01 
  693.000  9.940119e-01 
  694.000  9.999665e-01 
  695.000  9.999801e-01 
  696.000  9.999784e-01 
  697.000  9.999903e-01 
  698.000  9.999912e-01 
  699.000  9.999623e-01 
  700.000  9.999880e-01 
  701.000  9.999883e-01 
  702.000  9.999877e-01 
  703.000  9.999843e-01 
  704.000  9.999782e-01 
  705.000  9.999717e-01 
  706.000  9.999774e-01 
  707.000  9.999655e-01 
  708.000  9.999802e-01 
  709.000  9.999824e-01 
  710.000  9.999810e-01 
  711.000  9.999794e-01 
  712.000  9.999759e-01 
  713.000  9.999795e-01 
  714.000  9.999764e-01 
  715.000  9.999841e-01 
  716.000  9.999890e-01 
  717.000  9.999897e-01 
  718.000  9.999919e-01 
  719.000  9.999924e-01 
  720.000  9.999937e-01 
  721.000  9.999907e-01 
  722.000  9.999900e-01 
  723.000  9.999889e-01 
  724.000  9.999894e-01 
  725.000  9.999939e-01 
  726.000  9.999954e-01 
  727.000  9.999952e-01 
  728.000  9.999953e-01 
  729.000  9.999961e-01 
  730.000  9.999960e-01 
  731.000  9.999959e-01 
  732.000  9.999958e-01 
  733.000  9.999958e-01 
  734.000  9.999933e-01 
  735.000  9.999922e-01 
  736.000  9.999930e-01 
  737.000  9.999936e-01 
  738.000  9.999942e-01 
  739.000  9.999923e-01 
  740.000  9.999939e-01 
  741.000  9.999927e-01 
  742.000  9.999930e-01 
  743.000  9.999911e-01 
  744.000  9.999888e-01 
  745.000  9.999844e-01 
  746.000  9.999821e-01 
  747.000  9.999929e-01 
  748.000  9.999945e-01 
  749.000  9.999950e-01 
  750.000  9.999940e-01 
  751.000  9.999940e-01 
  752.000  9.999925e-01 
  753.000  9.999936e-01 
  754.000  9.999919e-01 
  755.000  9.999933e-01 
  756.000  9.999919e-01 
  757.000  9.999941e-01 
  758.000  9.999946e-01 
  759.000  9.937699e-01 
  760.000  4.815165e-01 
  761.000  4.002509e-01 
  762.000  7.527500e-01 
  763.000  6.654292e-01 
  764.000  7.001696e-01 
  765.000  8.066270e-01 
  766.000  9.239190e-01 
  767.000  9.564704e-01 
  768.000  9.876019e-01 
  769.000  9.958051e-01 
  770.000  9.955081e-01 
  771.000  9.989857e-01 
  772.000  9.999406e-01 
  773.000  9.999382e-01 
  774.000  9.999459e-01 
  775.000  9.999512e-01 
  776.000  9.999608e-01 
  777.000  9.999865e-01 
  778.000  9.999976e-01 
  779.000  9.999974e-01 
  780.000  9.999977e-01 
  781.000  9.999977e-01 
  782.000  9.999970e-01 
  783.000  9.999965e-01 
  784.000  9.999954e-01 
  785.000  9.999962e-01 
  786.000  9.999970e-01 
  787.000  9.999970e-01 
  788.000  9.999967e-01 
  789.000  9.999918e-01 
  790.000  9.999887e-01 
  791.000  9.999946e-01 
  792.000  9.999961e-01 
  793.000  9.999967e-01 
  794.000  1.000000e+00 
  795.000  1.000000e+00 
  796.000  1.000000e+00 
  797.000  1.000000e+00 
  798.000  1.000000e+00 
  799.000  1.000000e+00 
  800.000  1.000000e+00 
  801.000  1.000000e+00 
  802.000  1.000000e+00 
  803.000  1.000000e+00 
  804.000  1.000000e+00 
  805.000  1.000000e+00 
  806.000  1.000000e+00 
  807.000  1.000000e+00 
  808.000  1.000000e+00 
  809.000  1.000000e+00 
  810.000  1.000000e+00 
  811.000  1.000000e+00 
  812.000  1.000000e+00 
  813.000  1.000000e+00 
  814.000  1.000000e+00 
  815.000  1.000000e+00 
  816.000  1.000000e+00 
  817.000  1.000000e+00 
  818.000  1.000000e+00 
  819.000  1.000000e+00 
  820.000  1.000000e+00 
  821.000  1.000000e+00 
  822.000  1.000000e+00 
  823.000  1.000000e+00 
  824.000  1.000000e+00 
  825.000  1.000000e+00 
  826.000  1.000000e+00 
  827.000  1.000000e+00 
  828.000  1.000000e+00 
  829.000  1.000000e+00 
  830.000  1.000000e+00 
  831.000  1.000000e+00 
  832.000  1.000000e+00 
  833.000  1.000000e+00 
  834.000  1.000000e+00 
  835.000  1.000000e+00 
  836.000  1.000000e+00 
  837.000  1.000000e+00 
  838.000  1.000000e+00 
  839.000  1.000000e+00 
  840.000  1.000000e+00 
  841.000  1.000000e+00 
  842.000  1.000000e+00 
  843.000  1.000000e+00 
  844.000  1.000000e+00 
  845.000  1.000000e+00 
  846.000  1.000000e+00 
  847.000  1.000000e+00 
  848.000  1.000000e+00 
  849.000  1.000000e+00 
  850.000  1.000000e+00 
  851.000  1.000000e+00 
  852.000  1.000000e+00 
  853.000  1.000000e+00 
  854.000  1.000000e+00 
  855.000  1.000000e+00 
  856.000  1.000000e+00 
  857.000  1.000000e+00 
  858.000  1.000000e+00 
  859.000  1.000000e+00 
  860.000  1.000000e+00 
  861.000  9.999999e-01 
  862.000  9.999976e-01 
  863.000  9.998126e-01 
  864.000  9.999997e-01 
  865.000  9.999997e-01 
  866.000  9.999517e-01 
  867.000  9.999936e-01 
  868.000  9.999512e-01 
  869.000  9.998983e-01 
  870.000  9.999960e-01 
  871.000  9.999528e-01 
  872.000  9.999986e-01 
  873.000  9.999984e-01 
  874.000  9.999984e-01 
  875.000  9.999999e-01 
  876.000  1.000000e+00 
  877.000  1.000000e+00 
  878.000  1.000000e+00 
  879.000  1.000000e+00 
  880.000  1.000000e+00 
  881.000  1.000000e+00 
  882.000  1.000000e+00 
  883.000  1.000000e+00 
  884.000  1.000000e+00 
  885.000  1.000000e+00 
  886.000  1.000000e+00 
  887.000  1.000000e+00 
  888.000  1.000000e+00 
  889.000  1.000000e+00 
  890.000  1.000000e+00 
  891.000  1.000000e+00 
  892.000  1.000000e+00 
  893.000  1.000000e+00 
  894.000  1.000000e+00 
  895.000  1.000000e+00 
  896.000  1.000000e+00 
  897.000  1.000000e+00 
  898.000  1.000000e+00 
  899.000  1.000000e+00 
  900.000  1.000000e+00 
  901.000  1.000000e+00 
  902.000  1.000000e+00 
  903.000  1.000000e+00 
  904.000  1.000000e+00 
  905.000  1.000000e+00 
  906.000  1.000000e+00 
  907.000  1.000000e+00 
  908.000  1.000000e+00 
  909.000  1.000000e+00 
  910.000  1.000000e+00 
  911.000  1.000000e+00 
  912.000  1.000000e+00 
  913.000  1.000000e+00 
  914.000  1.000000e+00 
  915.000  1.000000e+00 
  916.000  1.000000e+00 
  917.000  1.000000e+00 
  918.000  1.000000e+00 
  919.000  1.000000e+00 
  920.000  1.000000e+00 
  921.000  1.000000e+00 
  922.000  1.000000e+00 
  923.000  1.000000e+00 
  924.000  1.000000e+00 
  925.000  1.000000e+00 
  926.000  1.000000e+00 
  927.000  1.000000e+00 
  928.000  1.000000e+00 
  929.000  1.000000e+00 
  930.000  1.000000e+00 
  931.000  1.000000e+00 
  932.000  1.000000e+00 
  933.000  1.000000e+00 
  934.000  1.000000e+00 
  935.000  1.000000e+00 
  936.000  1.000000e+00 
  937.000  1.000000e+00 
  938.000  1.000000e+00 
  939.000  1.000000e+00 
  940.000  1.000000e+00 
  941.000  1.000000e+00 
  942.000  1.000000e+00 
  943.000  1.000000e+00 
  944.000  1.000000e+00 
  945.000  1.000000e+00 
  946.000  1.000000e+00 
  947.000  9.999411e-01 
  948.000  9.999892e-01 
  949.000  9.999849e-01 
  950.000  9.999849e-01 
  951.000  9.999689e-01 
  952.000  9.999995e-01 
  953.000  1.000000e+00 
  954.000  1.000000e+00 
  955.000  9.999998e-01 
  956.000  1.000000e+00 
  957.000  1.000000e+00 
  958.000  1.000000e+00 
  959.000  1.000000e+00 
  960.000  1.000000e+00 
  961.000  1.000000e+00 
  962.000  1.000000e+00 
  963.000  1.000000e+00 
  964.000  1.000000e+00 
  965.000  1.000000e+00 
  966.000  1.000000e+00 
  967.000  1.000000e+00 
  968.000  1.000000e+00 
  969.000  1.000000e+00 
  970.000  1.000000e+00 
  971.000  1.000000e+00 
  972.000  1.000000e+00 
  973.000  1.000000e+00 
  974.000  1.000000e+00 
  975.000  1.000000e+00 
  976.000  1.000000e+00 
  977.000  1.000000e+00 
  978.000  1.000000e+00 
  979.000  1.000000e+00 
  980.000  1.000000e+00 
  981.000  1.000000e+00 
  982.000  1.000000e+00 
  983.000  1.000000e+00 
  984.000  1.000000e+00 
  985.000  1.000000e+00 
  986.000  1.000000e+00 
  987.000  1.000000e+00 
  988.000  1.000000e+00 
  989.000  1.000000e+00 
  990.000  1.000000e+00 
  991.000  1.000000e+00 
  992.000  1.000000e+00 
  993.000  1.000000e+00 
  994.000  1.000000e+00 
  995.000  1.000000e+00 
  996.000  1.000000e+00 
  997.000  1.000000e+00 
  998.000  1.000000e+00 
  999.000  1.000000e+00 
 1000.000  1.000000e+00 
 1001.000  1.000000e+00 
 1002.000  1.000000e+00 
 1003.000  1.000000e+00 
 1004.000  1.000000e+00 
 1005.000  1.000000e+00 
 1006.000  1.000000e+00 
 1007.000  1.000000e+00 
 1008.000  9.999999e-01 
 1009.000  9.999999e-01 
 1010.000  9.999999e-01 
 1011.000  9.999999e-01 
 1012.000  9.999999e-01 
 1013.000  9.999998e-01 
 1014.000  9.999993e-01 
 1015.000  9.999993e-01 
 1016.000  9.999990e-01 
 1017.000  9.999979e-01 
 1018.000  9.999979e-01 
 1019.000  9.999964e-01 
 1020.000  9.999942e-01 
 1021.000  9.999942e-01 
 1022.000  9.999891e-01 
 1023.000  9.999891e-01 
 1024.000  9.999857e-01 
 1025.000  9.999731e-01 
 1026.000  9.999731e-01 
 1027.000  9.999596e-01 
 1028.000  9.999421e-01 
 1029.000  9.999421e-01 
 1030.000  9.998993e-01 
 1031.000  9.998730e-01 
 1032.000  9.998730e-01 
 1033.000  9.997991e-01 
 1034.000  9.997991e-01 
 1035.000  9.997232e-01 
 1036.000  9.994490e-01 
 1037.000  9.994490e-01 
 1038.000  9.994112e-01 
 1039.000  9.991196e-01 
 1040.000  9.991196e-01 
 1041.000  9.989022e-01 
 1042.000  9.989022e-01 
 1043.000  9.986403e-01 
 1044.000  9.982508e-01 
 1045.000  9.982508e-01 
 1046.000  9.977167e-01 
 1047.000  9.977167e-01 
 1048.000  9.971847e-01 
 1049.000  9.961256e-01 
 1050.000  9.961256e-01 
 1051.000  9.956483e-01 
 1052.000  9.956483e-01 
 1053.000  9.949238e-01 
 1054.000  9.943091e-01 
 1055.000  9.943091e-01 
 1056.000  9.935880e-01 
 1057.000  9.935880e-01 
 1058.000  9.929435e-01 
 1059.000  9.922974e-01 
 1060.000  9.922974e-01 
 1061.000  9.918866e-01 
 1062.000  9.918866e-01 
 1063.000  9.912088e-01 
 1064.000  9.909428e-01 
 1065.000  9.909428e-01 
 1066.000  9.913808e-01 
 1067.000  9.913808e-01 
 1068.000  9.910096e-01 
 1069.000  9.919928e-01 
 1070.000  9.919928e-01 
 1071.000  9.926169e-01 
 1072.000  9.926169e-01 
 1073.000  9.932482e-01 
 1074.000  9.932482e-01 
 1075.000  9.940116e-01 
 1076.000  9.947515e-01 
 1077.000  9.947515e-01 
 1078.000  9.956111e-01 
 1079.000  9.956111e-01 
 1080.000  9.962071e-01 
 1081.000  9.962071e-01 
 1082.000  9.970491e-01 
 1083.000  9.976376e-01 
 1084.000  9.976376e-01 
 1085.000  9.979184e-01 
 1086.000  9.979184e-01 
 1087.000  9.985276e-01 
 1088.000  9.985276e-01 
 1089.000  9.990348e-01 
 1090.000  9.992594e-01 
 1091.000  9.992594e-01 
 1092.000  9.995170e-01 
 1093.000  9.995170e-01 
 1094.000  9.995614e-01 
 1095.000  9.995614e-01 
 1096.000  9.997138e-01 
 1097.000  9.997138e-01 
 1098.000  9.998448e-01 
 1099.000  9.998910e-01 
 1100.000  9.998910e-01 
 1101.000  9.999349e-01 
 1102.000  9.999349e-01 
 1103.000  9.999551e-01 
 1104.000  9.999551e-01 
 1105.000  9.999685e-01 
 1106.000  9.999685e-01 
 1107.000  9.999546e-01 
 1108.000  9.999546e-01 
 1109.000  9.998679e-01 
 1110.000  9.999139e-01 
 1111.000  9.999139e-01 
 1112.000  9.997981e-01 
 1113.000  9.997981e-01 
 1114.000  9.997252e-01 
 1115.000  9.997252e-01 
 1116.000  9.993729e-01 
 1117.000  9.993729e-01 
 1118.000  9.993950e-01 
 1119.000  9.993950e-01 
 1120.000  9.996163e-01 
 1121.000  9.996163e-01 
 1122.000  9.976169e-01 
 1123.000  9.981028e-01 
 1124.000  9.981028e-01 
 1125.000  9.986852e-01 
 1126.000  9.986852e-01 
 1127.000  9.979851e-01 
 1128.000  9.979851e-01 
 1129.000  9.984550e-01 
 1130.000  9.984550e-01 
 1131.000  9.989445e-01 
 1132.000  9.989445e-01 
 1133.000  9.980972e-01 
 1134.000  9.980972e-01 
 1135.000  9.979780e-01 
 1136.000  9.979780e-01 
 1137.000  9.987273e-01 
 1138.000  9.987273e-01 
 1139.000  9.993148e-01 
 1140.000  9.993148e-01 
 1141.000  9.993011e-01 
 1142.000  9.993011e-01 
 1143.000  9.988189e-01 
 1144.000  9.988189e-01 
 1145.000  9.991572e-01 
 1146.000  9.991572e-01 
 1147.000  9.988387e-01 
 1148.000  9.988387e-01 
 1149.000  9.983191e-01 
 1150.000  9.983191e-01 
 1151.000  9.979044e-01 
 1152.000  9.979044e-01 
 1153.000  9.957138e-01 
 1154.000  9.957138e-01 
 1155.000  9.960214e-01 
 1156.000  9.960214e-01 
 1157.000  9.967479e-01 
 1158.000  9.967479e-01 
 1159.000  9.983202e-01 
 1160.000  9.983202e-01 
 1161.000  9.966702e-01 
 1162.000  9.966702e-01 
 1163.000  9.960219e-01 
 1164.000  9.960219e-01 
 1165.000  9.969834e-01 
 1166.000  9.969834e-01 
 1167.000  9.977187e-01 
 1168.000  9.977187e-01 
 1169.000  9.973696e-01 
 1170.000  9.973696e-01 
 1171.000  9.980366e-01 
 1172.000  9.980366e-01 
 1173.000  9.981204e-01 
 1174.000  9.981204e-01 
 1175.000  9.987608e-01 
 1176.000  9.987608e-01 
 1177.000  9.989851e-01 
 1178.000  9.989851e-01 
 1179.000  9.991374e-01 
 1180.000  9.991374e-01 
 1181.000  9.991862e-01 
 1182.000  9.991862e-01 
 1183.000  9.994901e-01 
 1184.000  9.994901e-01 
 1185.000  9.994509e-01 
 1186.000  9.994509e-01 
 1187.000  9.986451e-01 
 1188.000  9.986451e-01 
 1189.000  9.986451e-01 
 1190.000  9.995412e-01 
 1191.000  9.995412e-01 
 1192.000  9.993979e-01 
 1193.000  9.993979e-01 
 1194.000  9.996725e-01 
 1195.000  9.996725e-01 
 1196.000  9.998230e-01 
 1197.000  9.998230e-01 
 1198.000  9.997990e-01 
 1199.000  9.997990e-01 
 1200.000  9.997149e-01 
