  250.000  9.996641e-01 
  251.000  9.997516e-01 
  252.000  9.997641e-01 
  253.000  9.997528e-01 
  254.000  9.997398e-01 
  255.000  9.997385e-01 
  256.000  9.997252e-01 
  257.000  9.997276e-01 
  258.000  9.997045e-01 
  259.000  9.996881e-01 
  260.000  9.996868e-01 
  261.000  9.996799e-01 
  262.000  9.996746e-01 
  263.000  9.996337e-01 
  264.000  9.996286e-01 
  265.000  9.996099e-01 
  266.000  9.996128e-01 
  267.000  9.995934e-01 
  268.000  9.995804e-01 
  269.000  9.995142e-01 
  270.000  9.995236e-01 
  271.000  9.995241e-01 
  272.000  9.995189e-01 
  273.000  9.994420e-01 
  274.000  9.994205e-01 
  275.000  9.994020e-01 
  276.000  9.994162e-01 
  277.000  9.993716e-01 
  278.000  9.993473e-01 
  279.000  9.992830e-01 
  280.000  9.992437e-01 
  281.000  9.992247e-01 
  282.000  9.992341e-01 
  283.000  9.992339e-01 
  284.000  9.991046e-01 
  285.000  9.990579e-01 
  286.000  9.989951e-01 
  287.000  9.990301e-01 
  288.000  9.990248e-01 
  289.000  9.989622e-01 
  290.000  9.988660e-01 
  291.000  9.988282e-01 
  292.000  9.987202e-01 
  293.000  9.987323e-01 
  294.000  9.987783e-01 
  295.000  9.986174e-01 
  296.000  9.986915e-01 
  297.000  9.984093e-01 
  298.000  9.983854e-01 
  299.000  9.984106e-01 
  300.000  9.983744e-01 
  301.000  9.984081e-01 
  302.000  9.981694e-01 
  303.000  9.980106e-01 
  304.000  9.980163e-01 
  305.000  9.979220e-01 
  306.000  9.980143e-01 
  307.000  9.978007e-01 
  308.000  9.978945e-01 
  309.000  9.975755e-01 
  310.000  9.976525e-01 
  311.000  9.975094e-01 
  312.000  9.974590e-01 
  313.000  9.972983e-01 
  314.000  9.973974e-01 
  315.000  9.970546e-01 
  316.000  9.971991e-01 
  317.000  9.970296e-01 
  318.000  9.967356e-01 
  319.000  9.969136e-01 
  320.000  9.965921e-01 
  321.000  9.967161e-01 
  322.000  9.965943e-01 
  323.000  9.963963e-01 
  324.000  9.965061e-01 
  325.000  9.962041e-01 
  326.000  9.961433e-01 
  327.000  9.961405e-01 
  328.000  9.959581e-01 
  329.000  9.959817e-01 
  330.000  9.957082e-01 
  331.000  9.958606e-01 
  332.000  9.958272e-01 
  333.000  9.948817e-01 
  334.000  9.956763e-01 
  335.000  9.951531e-01 
  336.000  9.953995e-01 
  337.000  9.952498e-01 
  338.000  9.954249e-01 
  339.000  9.943959e-01 
  340.000  9.945744e-01 
  341.000  9.935938e-01 
  342.000  9.931291e-01 
  343.000  9.931654e-01 
  344.000  9.927052e-01 
  345.000  9.931628e-01 
  346.000  9.935645e-01 
  347.000  9.938406e-01 
  348.000  9.939492e-01 
  349.000  9.937572e-01 
  350.000  9.946306e-01 
  351.000  9.938833e-01 
  352.000  9.942827e-01 
  353.000  9.946935e-01 
  354.000  9.933060e-01 
  355.000  9.929255e-01 
  356.000  9.932441e-01 
  357.000  9.909213e-01 
  358.000  9.897569e-01 
  359.000  9.884760e-01 
  360.000  9.869712e-01 
  361.000  9.859043e-01 
  362.000  9.879929e-01 
  363.000  9.899472e-01 
  364.000  9.918278e-01 
  365.000  9.916221e-01 
  366.000  9.926310e-01 
  367.000  9.929449e-01 
  368.000  9.927632e-01 
  369.000  9.930608e-01 
  370.000  9.929153e-01 
  371.000  9.933652e-01 
  372.000  9.919535e-01 
  373.000  9.925950e-01 
  374.000  9.927368e-01 
  375.000  9.929698e-01 
  376.000  9.915376e-01 
  377.000  9.913664e-01 
  378.000  9.910250e-01 
  379.000  9.893979e-01 
  380.000  9.874716e-01 
  381.000  9.881576e-01 
  382.000  9.896912e-01 
  383.000  9.914373e-01 
  384.000  9.915324e-01 
  385.000  9.919377e-01 
  386.000  9.922805e-01 
  387.000  9.921768e-01 
  388.000  9.919923e-01 
  389.000  9.919493e-01 
  390.000  9.919274e-01 
  391.000  9.921157e-01 
  392.000  9.911516e-01 
  393.000  9.925472e-01 
  394.000  9.925587e-01 
  395.000  9.923764e-01 
  396.000  9.919148e-01 
  397.000  9.926291e-01 
  398.000  9.912601e-01 
  399.000  9.922802e-01 
  400.000  9.910378e-01 
  401.000  9.913169e-01 
  402.000  9.923348e-01 
  403.000  9.929307e-01 
  404.000  9.917846e-01 
  405.000  9.914315e-01 
  406.000  9.925788e-01 
  407.000  9.935616e-01 
  408.000  9.922212e-01 
  409.000  9.915617e-01 
  410.000  9.920967e-01 
  411.000  9.919246e-01 
  412.000  9.930043e-01 
  413.000  9.915734e-01 
  414.000  9.921712e-01 
  415.000  9.923044e-01 
  416.000  9.935832e-01 
  417.000  9.934431e-01 
  418.000  9.927604e-01 
  419.000  9.929621e-01 
  420.000  9.922707e-01 
  421.000  9.921779e-01 
  422.000  9.919747e-01 
  423.000  9.925497e-01 
  424.000  9.918224e-01 
  425.000  9.928906e-01 
  426.000  9.940162e-01 
  427.000  9.930018e-01 
  428.000  9.920447e-01 
  429.000  9.936387e-01 
  430.000  9.936423e-01 
  431.000  9.919733e-01 
  432.000  9.936559e-01 
  433.000  9.934000e-01 
  434.000  9.925171e-01 
  435.000  9.906870e-01 
  436.000  9.925037e-01 
  437.000  9.945251e-01 
  438.000  9.950063e-01 
  439.000  9.911046e-01 
  440.000  9.926171e-01 
  441.000  9.944069e-01 
  442.000  9.951527e-01 
  443.000  9.942453e-01 
  444.000  9.928117e-01 
  445.000  9.913532e-01 
  446.000  9.928935e-01 
  447.000  9.935283e-01 
  448.000  9.896757e-01 
  449.000  9.930037e-01 
  450.000  9.942138e-01 
  451.000  9.941961e-01 
  452.000  9.941209e-01 
  453.000  9.943250e-01 
  454.000  9.952145e-01 
  455.000  9.943068e-01 
  456.000  9.946017e-01 
  457.000  9.955013e-01 
  458.000  9.938533e-01 
  459.000  9.950581e-01 
  460.000  9.942380e-01 
  461.000  9.943582e-01 
  462.000  9.953096e-01 
  463.000  9.930072e-01 
  464.000  9.942218e-01 
  465.000  9.948519e-01 
  466.000  9.960073e-01 
  467.000  9.946183e-01 
  468.000  9.951296e-01 
  469.000  9.957019e-01 
  470.000  9.955577e-01 
  471.000  9.954037e-01 
  472.000  9.940876e-01 
  473.000  9.924147e-01 
  474.000  9.885070e-01 
  475.000  9.864881e-01 
  476.000  9.853641e-01 
  477.000  9.849211e-01 
  478.000  9.851165e-01 
  479.000  9.863551e-01 
  480.000  9.878985e-01 
  481.000  9.914680e-01 
  482.000  9.941015e-01 
  483.000  9.961665e-01 
  484.000  9.964904e-01 
  485.000  9.964430e-01 
  486.000  9.964493e-01 
  487.000  9.968588e-01 
  488.000  9.959433e-01 
  489.000  9.947493e-01 
  490.000  9.960211e-01 
  491.000  9.969254e-01 
  492.000  9.967902e-01 
  493.000  9.966408e-01 
  494.000  9.959608e-01 
  495.000  9.959373e-01 
  496.000  9.959680e-01 
  497.000  9.966835e-01 
  498.000  9.973654e-01 
  499.000  9.979088e-01 
  500.000  9.981225e-01 
  501.000  9.978055e-01 
  502.000  9.972232e-01 
  503.000  9.967479e-01 
  504.000  9.973257e-01 
  505.000  9.959730e-01 
  506.000  9.971532e-01 
  507.000  9.974743e-01 
  508.000  9.975209e-01 
  509.000  9.968619e-01 
  510.000  9.966984e-01 
  511.000  9.969366e-01 
  512.000  9.971633e-01 
  513.000  9.975809e-01 
  514.000  9.978834e-01 
  515.000  9.981584e-01 
  516.000  9.982184e-01 
  517.000  9.983718e-01 
  518.000  9.981697e-01 
  519.000  9.976849e-01 
  520.000  9.976184e-01 
  521.000  9.981632e-01 
  522.000  9.981415e-01 
  523.000  9.979113e-01 
  524.000  9.978299e-01 
  525.000  9.969278e-01 
  526.000  9.966999e-01 
  527.000  9.970477e-01 
  528.000  9.966598e-01 
  529.000  9.967645e-01 
  530.000  9.966307e-01 
  531.000  9.964246e-01 
  532.000  9.963035e-01 
  533.000  9.963908e-01 
  534.000  9.968553e-01 
  535.000  9.972078e-01 
  536.000  9.977286e-01 
  537.000  9.980558e-01 
  538.000  9.979060e-01 
  539.000  9.979092e-01 
  540.000  9.984908e-01 
  541.000  9.987422e-01 
  542.000  9.982037e-01 
  543.000  9.980464e-01 
  544.000  9.983848e-01 
  545.000  9.981315e-01 
  546.000  9.984793e-01 
  547.000  9.987005e-01 
  548.000  9.984509e-01 
  549.000  9.983661e-01 
  550.000  9.987046e-01 
  551.000  9.988255e-01 
  552.000  9.988864e-01 
  553.000  9.985100e-01 
  554.000  9.988182e-01 
  555.000  9.991348e-01 
  556.000  9.992823e-01 
  557.000  9.992232e-01 
  558.000  9.991779e-01 
  559.000  9.993669e-01 
  560.000  9.992539e-01 
  561.000  9.990931e-01 
  562.000  9.989690e-01 
  563.000  9.985966e-01 
  564.000  9.980745e-01 
  565.000  9.977841e-01 
  566.000  9.977461e-01 
  567.000  9.971800e-01 
  568.000  9.961209e-01 
  569.000  9.941882e-01 
  570.000  9.915012e-01 
  571.000  9.893263e-01 
  572.000  9.877802e-01 
  573.000  9.854641e-01 
  574.000  9.836421e-01 
  575.000  9.817114e-01 
  576.000  9.805676e-01 
  577.000  9.802071e-01 
  578.000  9.805331e-01 
  579.000  9.815749e-01 
  580.000  9.827742e-01 
  581.000  9.852358e-01 
  582.000  9.877387e-01 
  583.000  9.897553e-01 
  584.000  9.927223e-01 
  585.000  9.938055e-01 
  586.000  9.955198e-01 
  587.000  9.961649e-01 
  588.000  9.975811e-01 
  589.000  9.982644e-01 
  590.000  9.986370e-01 
  591.000  9.989175e-01 
  592.000  9.988474e-01 
  593.000  9.989130e-01 
  594.000  9.994197e-01 
  595.000  9.996356e-01 
  596.000  9.996184e-01 
  597.000  9.996426e-01 
  598.000  9.995974e-01 
  599.000  9.995270e-01 
  600.000  9.994291e-01 
  601.000  9.994423e-01 
  602.000  9.995779e-01 
  603.000  9.997368e-01 
  604.000  9.998021e-01 
  605.000  9.998083e-01 
  606.000  9.998112e-01 
  607.000  9.997855e-01 
  608.000  9.997550e-01 
  609.000  9.997569e-01 
  610.000  9.997405e-01 
  611.000  9.996815e-01 
  612.000  9.992841e-01 
  613.000  9.993550e-01 
  614.000  9.992847e-01 
  615.000  9.992280e-01 
  616.000  9.987878e-01 
  617.000  9.984054e-01 
  618.000  9.981030e-01 
  619.000  9.976050e-01 
  620.000  9.965670e-01 
  621.000  9.955201e-01 
  622.000  9.950482e-01 
  623.000  9.931865e-01 
  624.000  9.922751e-01 
  625.000  9.912260e-01 
  626.000  9.895339e-01 
  627.000  9.882953e-01 
  628.000  9.584548e-01 
  629.000  9.704361e-01 
  630.000  9.750855e-01 
  631.000  9.837860e-01 
  632.000  9.875207e-01 
  633.000  9.885831e-01 
  634.000  9.902490e-01 
  635.000  9.906663e-01 
  636.000  9.922922e-01 
  637.000  9.940502e-01 
  638.000  9.948530e-01 
  639.000  9.959498e-01 
  640.000  9.964405e-01 
  641.000  9.976228e-01 
  642.000  9.981719e-01 
  643.000  9.985643e-01 
  644.000  9.989947e-01 
  645.000  9.993351e-01 
  646.000  9.994542e-01 
  647.000  9.994799e-01 
  648.000  9.995571e-01 
  649.000  9.998018e-01 
  650.000  9.998181e-01 
  651.000  9.998155e-01 
  652.000  9.998583e-01 
  653.000  9.998719e-01 
  654.000  9.998923e-01 
  655.000  9.998875e-01 
  656.000  9.998810e-01 
  657.000  9.999126e-01 
  658.000  9.999246e-01 
  659.000  9.999164e-01 
  660.000  9.999254e-01 
  661.000  9.999538e-01 
  662.000  9.999542e-01 
  663.000  9.999602e-01 
  664.000  9.999591e-01 
  665.000  9.999368e-01 
  666.000  9.999177e-01 
  667.000  9.999025e-01 
  668.000  9.998678e-01 
  669.000  9.998865e-01 
  670.000  9.998598e-01 
  671.000  9.998956e-01 
  672.000  9.998896e-01 
  673.000  9.998337e-01 
  674.000  9.998700e-01 
  675.000  9.998736e-01 
  676.000  9.998816e-01 
  677.000  9.998748e-01 
  678.000  9.999207e-01 
  679.000  9.999253e-01 
  680.000  9.999224e-01 
  681.000  9.999258e-01 
  682.000  9.999459e-01 
  683.000  9.999353e-01 
  684.000  9.999461e-01 
  685.000  9.999441e-01 
  686.000  9.998891e-01 
  687.000  6.369153e-01 
  688.000  8.238955e-01 
  689.000  8.713001e-01 
  690.000  9.089027e-01 
  691.000  9.341799e-01 
  692.000  9.793615e-01 
  693.000  9.853444e-01 
  694.000  9.999159e-01 
  695.000  9.999502e-01 
  696.000  9.999462e-01 
  697.000  9.999758e-01 
  698.000  9.999778e-01 
  699.000  9.999055e-01 
  700.000  9.999698e-01 
  701.000  9.999707e-01 
  702.000  9.999692e-01 
  703.000  9.999608e-01 
  704.000  9.999456e-01 
  705.000  9.999292e-01 
  706.000  9.999434e-01 
  707.000  9.999140e-01 
  708.000  9.999505e-01 
  709.000  9.999560e-01 
  710.000  9.999526e-01 
  711.000  9.999484e-01 
  712.000  9.999397e-01 
  713.000  9.999490e-01 
  714.000  9.999409e-01 
  715.000  9.999600e-01 
  716.000  9.999724e-01 
  717.000  9.999745e-01 
  718.000  9.999794e-01 
  719.000  9.999807e-01 
  720.000  9.999842e-01 
  721.000  9.999766e-01 
  722.000  9.999751e-01 
  723.000  9.999720e-01 
  724.000  9.999737e-01 
  725.000  9.999848e-01 
  726.000  9.999882e-01 
  727.000  9.999881e-01 
  728.000  9.999880e-01 
  729.000  9.999901e-01 
  730.000  9.999898e-01 
  731.000  9.999899e-01 
  732.000  9.999894e-01 
  733.000  9.999892e-01 
  734.000  9.999831e-01 
  735.000  9.999809e-01 
  736.000  9.999826e-01 
  737.000  9.999837e-01 
  738.000  9.999852e-01 
  739.000  9.999807e-01 
  740.000  9.999847e-01 
  741.000  9.999819e-01 
  742.000  9.999827e-01 
  743.000  9.999776e-01 
  744.000  9.999721e-01 
  745.000  9.999609e-01 
  746.000  9.999551e-01 
  747.000  9.999824e-01 
  748.000  9.999862e-01 
  749.000  9.999873e-01 
  750.000  9.999849e-01 
  751.000  9.999850e-01 
  752.000  9.999813e-01 
  753.000  9.999838e-01 
  754.000  9.999797e-01 
  755.000  9.999834e-01 
  756.000  9.999797e-01 
  757.000  9.999853e-01 
  758.000  9.999864e-01 
  759.000  9.851602e-01 
  760.000  2.761640e-01 
  761.000  1.631209e-01 
  762.000  5.887253e-01 
  763.000  4.669118e-01 
  764.000  5.470342e-01 
  765.000  7.004917e-01 
  766.000  8.455347e-01 
  767.000  9.017232e-01 
  768.000  9.712344e-01 
  769.000  9.895458e-01 
  770.000  9.891029e-01 
  771.000  9.974661e-01 
  772.000  9.998517e-01 
  773.000  9.998454e-01 
  774.000  9.998648e-01 
  775.000  9.998782e-01 
  776.000  9.999024e-01 
  777.000  9.999662e-01 
  778.000  9.999937e-01 
  779.000  9.999934e-01 
  780.000  9.999942e-01 
  781.000  9.999943e-01 
  782.000  9.999925e-01 
  783.000  9.999916e-01 
  784.000  9.999884e-01 
  785.000  9.999904e-01 
  786.000  9.999925e-01 
  787.000  9.999925e-01 
  788.000  9.999917e-01 
  789.000  9.999797e-01 
  790.000  9.999716e-01 
  791.000  9.999865e-01 
  792.000  9.999903e-01 
  793.000  9.999919e-01 
  794.000  1.000000e+00 
  795.000  1.000000e+00 
  796.000  1.000000e+00 
  797.000  1.000000e+00 
  798.000  1.000000e+00 
  799.000  1.000000e+00 
  800.000  1.000000e+00 
  801.000  9.999999e-01 
  802.000  1.000000e+00 
  803.000  1.000000e+00 
  804.000  1.000000e+00 
  805.000  1.000000e+00 
  806.000  1.000000e+00 
  807.000  1.000000e+00 
  808.000  1.000000e+00 
  809.000  1.000000e+00 
  810.000  9.999999e-01 
  811.000  1.000000e+00 
  812.000  1.000000e+00 
  813.000  1.000000e+00 
  814.000  1.000000e+00 
  815.000  9.999997e-01 
  816.000  1.000000e+00 
  817.000  9.999999e-01 
  818.000  1.000000e+00 
  819.000  1.000000e+00 
  820.000  1.000000e+00 
  821.000  1.000000e+00 
  822.000  9.999999e-01 
  823.000  1.000000e+00 
  824.000  1.000000e+00 
  825.000  1.000000e+00 
  826.000  1.000000e+00 
  827.000  9.999997e-01 
  828.000  1.000000e+00 
  829.000  1.000000e+00 
  830.000  1.000000e+00 
  831.000  1.000000e+00 
  832.000  9.999997e-01 
  833.000  1.000000e+00 
  834.000  1.000000e+00 
  835.000  1.000000e+00 
  836.000  1.000000e+00 
  837.000  1.000000e+00 
  838.000  1.000000e+00 
  839.000  1.000000e+00 
  840.000  9.999999e-01 
  841.000  9.999999e-01 
  842.000  1.000000e+00 
  843.000  1.000000e+00 
  844.000  1.000000e+00 
  845.000  1.000000e+00 
  846.000  1.000000e+00 
  847.000  1.000000e+00 
  848.000  1.000000e+00 
  849.000  1.000000e+00 
  850.000  1.000000e+00 
  851.000  9.999999e-01 
  852.000  1.000000e+00 
  853.000  1.000000e+00 
  854.000  1.000000e+00 
  855.000  1.000000e+00 
  856.000  1.000000e+00 
  857.000  1.000000e+00 
  858.000  1.000000e+00 
  859.000  1.000000e+00 
  860.000  1.000000e+00 
  861.000  9.999998e-01 
  862.000  9.999939e-01 
  863.000  9.995317e-01 
  864.000  9.999993e-01 
  865.000  9.999993e-01 
  866.000  9.998790e-01 
  867.000  9.999839e-01 
  868.000  9.998781e-01 
  869.000  9.997457e-01 
  870.000  9.999901e-01 
  871.000  9.998820e-01 
  872.000  9.999965e-01 
  873.000  9.999960e-01 
  874.000  9.999960e-01 
  875.000  9.999997e-01 
  876.000  9.999999e-01 
  877.000  1.000000e+00 
  878.000  1.000000e+00 
  879.000  1.000000e+00 
  880.000  1.000000e+00 
  881.000  1.000000e+00 
  882.000  1.000000e+00 
  883.000  1.000000e+00 
  884.000  1.000000e+00 
  885.000  1.000000e+00 
  886.000  1.000000e+00 
  887.000  1.000000e+00 
  888.000  1.000000e+00 
  889.000  1.000000e+00 
  890.000  1.000000e+00 
  891.000  1.000000e+00 
  892.000  1.000000e+00 
  893.000  1.000000e+00 
  894.000  1.000000e+00 
  895.000  1.000000e+00 
  896.000  1.000000e+00 
  897.000  1.000000e+00 
  898.000  9.999999e-01 
  899.000  1.000000e+00 
  900.000  1.000000e+00 
  901.000  1.000000e+00 
  902.000  1.000000e+00 
  903.000  1.000000e+00 
  904.000  1.000000e+00 
  905.000  1.000000e+00 
  906.000  1.000000e+00 
  907.000  9.999999e-01 
  908.000  1.000000e+00 
  909.000  1.000000e+00 
  910.000  1.000000e+00 
  911.000  1.000000e+00 
  912.000  1.000000e+00 
  913.000  1.000000e+00 
  914.000  1.000000e+00 
  915.000  1.000000e+00 
  916.000  1.000000e+00 
  917.000  9.999999e-01 
  918.000  9.999999e-01 
  919.000  1.000000e+00 
  920.000  1.000000e+00 
  921.000  1.000000e+00 
  922.000  1.000000e+00 
  923.000  1.000000e+00 
  924.000  1.000000e+00 
  925.000  1.000000e+00 
  926.000  9.999999e-01 
  927.000  1.000000e+00 
  928.000  1.000000e+00 
  929.000  9.999999e-01 
  930.000  9.999999e-01 
  931.000  1.000000e+00 
  932.000  1.000000e+00 
  933.000  1.000000e+00 
  934.000  1.000000e+00 
  935.000  1.000000e+00 
  936.000  9.999999e-01 
  937.000  9.999996e-01 
  938.000  9.999996e-01 
  939.000  1.000000e+00 
  940.000  1.000000e+00 
  941.000  1.000000e+00 
  942.000  1.000000e+00 
  943.000  1.000000e+00 
  944.000  1.000000e+00 
  945.000  1.000000e+00 
  946.000  1.000000e+00 
  947.000  9.998526e-01 
  948.000  9.999727e-01 
  949.000  9.999624e-01 
  950.000  9.999624e-01 
  951.000  9.999222e-01 
  952.000  9.999991e-01 
  953.000  9.999999e-01 
  954.000  9.999999e-01 
  955.000  9.999992e-01 
  956.000  1.000000e+00 
  957.000  1.000000e+00 
  958.000  1.000000e+00 
  959.000  1.000000e+00 
  960.000  9.999999e-01 
  961.000  9.999999e-01 
  962.000  1.000000e+00 
  963.000  1.000000e+00 
  964.000  1.000000e+00 
  965.000  1.000000e+00 
  966.000  1.000000e+00 
  967.000  1.000000e+00 
  968.000  1.000000e+00 
  969.000  9.999997e-01 
  970.000  1.000000e+00 
  971.000  9.999996e-01 
  972.000  9.999996e-01 
  973.000  9.999997e-01 
  974.000  1.000000e+00 
  975.000  1.000000e+00 
  976.000  1.000000e+00 
  977.000  9.999999e-01 
  978.000  1.000000e+00 
  979.000  1.000000e+00 
  980.000  1.000000e+00 
  981.000  1.000000e+00 
  982.000  1.000000e+00 
  983.000  1.000000e+00 
  984.000  1.000000e+00 
  985.000  1.000000e+00 
  986.000  1.000000e+00 
  987.000  1.000000e+00 
  988.000  1.000000e+00 
  989.000  1.000000e+00 
  990.000  1.000000e+00 
  991.000  1.000000e+00 
  992.000  1.000000e+00 
  993.000  1.000000e+00 
  994.000  1.000000e+00 
  995.000  1.000000e+00 
  996.000  1.000000e+00 
  997.000  1.000000e+00 
  998.000  1.000000e+00 
  999.000  1.000000e+00 
 1000.000  1.000000e+00 
 1001.000  1.000000e+00 
 1002.000  1.000000e+00 
 1003.000  1.000000e+00 
 1004.000  1.000000e+00 
 1005.000  1.000000e+00 
 1006.000  1.000000e+00 
 1007.000  9.999999e-01 
 1008.000  9.999999e-01 
 1009.000  9.999999e-01 
 1010.000  9.999998e-01 
 1011.000  9.999996e-01 
 1012.000  9.999996e-01 
 1013.000  9.999992e-01 
 1014.000  9.999984e-01 
 1015.000  9.999984e-01 
 1016.000  9.999976e-01 
 1017.000  9.999948e-01 
 1018.000  9.999948e-01 
 1019.000  9.999910e-01 
 1020.000  9.999855e-01 
 1021.000  9.999855e-01 
 1022.000  9.999727e-01 
 1023.000  9.999727e-01 
 1024.000  9.999642e-01 
 1025.000  9.999328e-01 
 1026.000  9.999328e-01 
 1027.000  9.998991e-01 
 1028.000  9.998553e-01 
 1029.000  9.998553e-01 
 1030.000  9.997483e-01 
 1031.000  9.996826e-01 
 1032.000  9.996826e-01 
 1033.000  9.994980e-01 
 1034.000  9.994980e-01 
 1035.000  9.993080e-01 
 1036.000  9.986228e-01 
 1037.000  9.986228e-01 
 1038.000  9.985288e-01 
 1039.000  9.978003e-01 
 1040.000  9.978003e-01 
 1041.000  9.972576e-01 
 1042.000  9.972576e-01 
 1043.000  9.966044e-01 
 1044.000  9.956329e-01 
 1045.000  9.956329e-01 
 1046.000  9.943014e-01 
 1047.000  9.943014e-01 
 1048.000  9.929767e-01 
 1049.000  9.903424e-01 
 1050.000  9.903424e-01 
 1051.000  9.891566e-01 
 1052.000  9.891566e-01 
 1053.000  9.873579e-01 
 1054.000  9.858337e-01 
 1055.000  9.858337e-01 
 1056.000  9.840470e-01 
 1057.000  9.840470e-01 
 1058.000  9.824521e-01 
 1059.000  9.808546e-01 
 1060.000  9.808546e-01 
 1061.000  9.798399e-01 
 1062.000  9.798399e-01 
 1063.000  9.781667e-01 
 1064.000  9.775106e-01 
 1065.000  9.775106e-01 
 1066.000  9.785912e-01 
 1067.000  9.785912e-01 
 1068.000  9.776755e-01 
 1069.000  9.801022e-01 
 1070.000  9.801022e-01 
 1071.000  9.816443e-01 
 1072.000  9.816443e-01 
 1073.000  9.832058e-01 
 1074.000  9.832058e-01 
 1075.000  9.850962e-01 
 1076.000  9.869304e-01 
 1077.000  9.869304e-01 
 1078.000  9.890639e-01 
 1079.000  9.890639e-01 
 1080.000  9.905449e-01 
 1081.000  9.905449e-01 
 1082.000  9.926391e-01 
 1083.000  9.941044e-01 
 1084.000  9.941044e-01 
 1085.000  9.948043e-01 
 1086.000  9.948043e-01 
 1087.000  9.963232e-01 
 1088.000  9.963232e-01 
 1089.000  9.975886e-01 
 1090.000  9.981494e-01 
 1091.000  9.981494e-01 
 1092.000  9.987931e-01 
 1093.000  9.987931e-01 
 1094.000  9.989036e-01 
 1095.000  9.989036e-01 
 1096.000  9.992847e-01 
 1097.000  9.992847e-01 
 1098.000  9.996123e-01 
 1099.000  9.997275e-01 
 1100.000  9.997275e-01 
 1101.000  9.998378e-01 
 1102.000  9.998378e-01 
 1103.000  9.998879e-01 
 1104.000  9.998879e-01 
 1105.000  9.999210e-01 
 1106.000  9.999210e-01 
 1107.000  9.998865e-01 
 1108.000  9.998865e-01 
 1109.000  9.996701e-01 
 1110.000  9.997847e-01 
 1111.000  9.997847e-01 
 1112.000  9.994953e-01 
 1113.000  9.994953e-01 
 1114.000  9.993131e-01 
 1115.000  9.993131e-01 
 1116.000  9.984344e-01 
 1117.000  9.984344e-01 
 1118.000  9.984894e-01 
 1119.000  9.984894e-01 
 1120.000  9.990413e-01 
 1121.000  9.990413e-01 
 1122.000  9.940773e-01 
 1123.000  9.952660e-01 
 1124.000  9.952660e-01 
 1125.000  9.967160e-01 
 1126.000  9.967160e-01 
 1127.000  9.949808e-01 
 1128.000  9.949808e-01 
 1129.000  9.961494e-01 
 1130.000  9.961494e-01 
 1131.000  9.973635e-01 
 1132.000  9.973635e-01 
 1133.000  9.952536e-01 
 1134.000  9.952536e-01 
 1135.000  9.949549e-01 
 1136.000  9.949549e-01 
 1137.000  9.968224e-01 
 1138.000  9.968224e-01 
 1139.000  9.982883e-01 
 1140.000  9.982883e-01 
 1141.000  9.982550e-01 
 1142.000  9.982550e-01 
 1143.000  9.970518e-01 
 1144.000  9.970518e-01 
 1145.000  9.978944e-01 
 1146.000  9.978944e-01 
 1147.000  9.970996e-01 
 1148.000  9.970996e-01 
 1149.000  9.958041e-01 
 1150.000  9.958041e-01 
 1151.000  9.947702e-01 
 1152.000  9.947702e-01 
 1153.000  9.893559e-01 
 1154.000  9.893559e-01 
 1155.000  9.900923e-01 
 1156.000  9.900923e-01 
 1157.000  9.918906e-01 
 1158.000  9.918906e-01 
 1159.000  9.958073e-01 
 1160.000  9.958073e-01 
 1161.000  9.917006e-01 
 1162.000  9.917006e-01 
 1163.000  9.900957e-01 
 1164.000  9.900957e-01 
 1165.000  9.924805e-01 
 1166.000  9.924805e-01 
 1167.000  9.943079e-01 
 1168.000  9.943079e-01 
 1169.000  9.934446e-01 
 1170.000  9.934446e-01 
 1171.000  9.951026e-01 
 1172.000  9.951026e-01 
 1173.000  9.953102e-01 
 1174.000  9.953102e-01 
 1175.000  9.969049e-01 
 1176.000  9.969049e-01 
 1177.000  9.974653e-01 
 1178.000  9.974653e-01 
 1179.000  9.978449e-01 
 1180.000  9.978449e-01 
 1181.000  9.979666e-01 
 1182.000  9.979666e-01 
 1183.000  9.987255e-01 
 1184.000  9.987255e-01 
 1185.000  9.986280e-01 
 1186.000  9.986280e-01 
 1187.000  9.966182e-01 
 1188.000  9.966182e-01 
 1189.000  9.966182e-01 
 1190.000  9.988534e-01 
 1191.000  9.988534e-01 
 1192.000  9.984955e-01 
 1193.000  9.984955e-01 
 1194.000  9.991815e-01 
 1195.000  9.991815e-01 
 1196.000  9.995574e-01 
 1197.000  9.995574e-01 
 1198.000  9.994977e-01 
 1199.000  9.994977e-01 
 1200.000  9.992875e-01 
