  250.000  9.998388e-01 
  251.000  9.998807e-01 
  252.000  9.998868e-01 
  253.000  9.998814e-01 
  254.000  9.998751e-01 
  255.000  9.998745e-01 
  256.000  9.998680e-01 
  257.000  9.998693e-01 
  258.000  9.998583e-01 
  259.000  9.998503e-01 
  260.000  9.998497e-01 
  261.000  9.998463e-01 
  262.000  9.998438e-01 
  263.000  9.998242e-01 
  264.000  9.998217e-01 
  265.000  9.998128e-01 
  266.000  9.998142e-01 
  267.000  9.998049e-01 
  268.000  9.997986e-01 
  269.000  9.997668e-01 
  270.000  9.997713e-01 
  271.000  9.997716e-01 
  272.000  9.997691e-01 
  273.000  9.997321e-01 
  274.000  9.997218e-01 
  275.000  9.997129e-01 
  276.000  9.997196e-01 
  277.000  9.996984e-01 
  278.000  9.996867e-01 
  279.000  9.996558e-01 
  280.000  9.996369e-01 
  281.000  9.996277e-01 
  282.000  9.996323e-01 
  283.000  9.996322e-01 
  284.000  9.995701e-01 
  285.000  9.995476e-01 
  286.000  9.995175e-01 
  287.000  9.995343e-01 
  288.000  9.995318e-01 
  289.000  9.995018e-01 
  290.000  9.994555e-01 
  291.000  9.994373e-01 
  292.000  9.993855e-01 
  293.000  9.993913e-01 
  294.000  9.994134e-01 
  295.000  9.993361e-01 
  296.000  9.993718e-01 
  297.000  9.992361e-01 
  298.000  9.992247e-01 
  299.000  9.992367e-01 
  300.000  9.992194e-01 
  301.000  9.992356e-01 
  302.000  9.991209e-01 
  303.000  9.990446e-01 
  304.000  9.990474e-01 
  305.000  9.990020e-01 
  306.000  9.990464e-01 
  307.000  9.989437e-01 
  308.000  9.989888e-01 
  309.000  9.988355e-01 
  310.000  9.988726e-01 
  311.000  9.988037e-01 
  312.000  9.987795e-01 
  313.000  9.987023e-01 
  314.000  9.987499e-01 
  315.000  9.985851e-01 
  316.000  9.986545e-01 
  317.000  9.985731e-01 
  318.000  9.984317e-01 
  319.000  9.985174e-01 
  320.000  9.983628e-01 
  321.000  9.984224e-01 
  322.000  9.983638e-01 
  323.000  9.982687e-01 
  324.000  9.983213e-01 
  325.000  9.981762e-01 
  326.000  9.981470e-01 
  327.000  9.981456e-01 
  328.000  9.980578e-01 
  329.000  9.980692e-01 
  330.000  9.979377e-01 
  331.000  9.980109e-01 
  332.000  9.979949e-01 
  333.000  9.975400e-01 
  334.000  9.979223e-01 
  335.000  9.976706e-01 
  336.000  9.977891e-01 
  337.000  9.977171e-01 
  338.000  9.978014e-01 
  339.000  9.973061e-01 
  340.000  9.973921e-01 
  341.000  9.969199e-01 
  342.000  9.966961e-01 
  343.000  9.967136e-01 
  344.000  9.964918e-01 
  345.000  9.967123e-01 
  346.000  9.969057e-01 
  347.000  9.970388e-01 
  348.000  9.970911e-01 
  349.000  9.969986e-01 
  350.000  9.974191e-01 
  351.000  9.970593e-01 
  352.000  9.972516e-01 
  353.000  9.974493e-01 
  354.000  9.967812e-01 
  355.000  9.965980e-01 
  356.000  9.967515e-01 
  357.000  9.956319e-01 
  358.000  9.950701e-01 
  359.000  9.944518e-01 
  360.000  9.937248e-01 
  361.000  9.932091e-01 
  362.000  9.942185e-01 
  363.000  9.951620e-01 
  364.000  9.960691e-01 
  365.000  9.959698e-01 
  366.000  9.964560e-01 
  367.000  9.966074e-01 
  368.000  9.965199e-01 
  369.000  9.966632e-01 
  370.000  9.965931e-01 
  371.000  9.968098e-01 
  372.000  9.961296e-01 
  373.000  9.964387e-01 
  374.000  9.965070e-01 
  375.000  9.966193e-01 
  376.000  9.959291e-01 
  377.000  9.958465e-01 
  378.000  9.956819e-01 
  379.000  9.948969e-01 
  380.000  9.939666e-01 
  381.000  9.942980e-01 
  382.000  9.950384e-01 
  383.000  9.958808e-01 
  384.000  9.959266e-01 
  385.000  9.961221e-01 
  386.000  9.962871e-01 
  387.000  9.962372e-01 
  388.000  9.961483e-01 
  389.000  9.961276e-01 
  390.000  9.961171e-01 
  391.000  9.962078e-01 
  392.000  9.957430e-01 
  393.000  9.964157e-01 
  394.000  9.964212e-01 
  395.000  9.963334e-01 
  396.000  9.961110e-01 
  397.000  9.964551e-01 
  398.000  9.957953e-01 
  399.000  9.962870e-01 
  400.000  9.956881e-01 
  401.000  9.958227e-01 
  402.000  9.963134e-01 
  403.000  9.966005e-01 
  404.000  9.960482e-01 
  405.000  9.958779e-01 
  406.000  9.964309e-01 
  407.000  9.969044e-01 
  408.000  9.962587e-01 
  409.000  9.959407e-01 
  410.000  9.961987e-01 
  411.000  9.961157e-01 
  412.000  9.966359e-01 
  413.000  9.959464e-01 
  414.000  9.962345e-01 
  415.000  9.962987e-01 
  416.000  9.969149e-01 
  417.000  9.968473e-01 
  418.000  9.965184e-01 
  419.000  9.966156e-01 
  420.000  9.962825e-01 
  421.000  9.962377e-01 
  422.000  9.961399e-01 
  423.000  9.964168e-01 
  424.000  9.960663e-01 
  425.000  9.965812e-01 
  426.000  9.971234e-01 
  427.000  9.966347e-01 
  428.000  9.961736e-01 
  429.000  9.969415e-01 
  430.000  9.969432e-01 
  431.000  9.961392e-01 
  432.000  9.969498e-01 
  433.000  9.968266e-01 
  434.000  9.964011e-01 
  435.000  9.955189e-01 
  436.000  9.963947e-01 
  437.000  9.973682e-01 
  438.000  9.975999e-01 
  439.000  9.957204e-01 
  440.000  9.964494e-01 
  441.000  9.973114e-01 
  442.000  9.976704e-01 
  443.000  9.972336e-01 
  444.000  9.965431e-01 
  445.000  9.958402e-01 
  446.000  9.965825e-01 
  447.000  9.968884e-01 
  448.000  9.950310e-01 
  449.000  9.966357e-01 
  450.000  9.972184e-01 
  451.000  9.972099e-01 
  452.000  9.971737e-01 
  453.000  9.972720e-01 
  454.000  9.977000e-01 
  455.000  9.972633e-01 
  456.000  9.974052e-01 
  457.000  9.978381e-01 
  458.000  9.970449e-01 
  459.000  9.976248e-01 
  460.000  9.972301e-01 
  461.000  9.972880e-01 
  462.000  9.977458e-01 
  463.000  9.966373e-01 
  464.000  9.972223e-01 
  465.000  9.975257e-01 
  466.000  9.980815e-01 
  467.000  9.974132e-01 
  468.000  9.976593e-01 
  469.000  9.979346e-01 
  470.000  9.978653e-01 
  471.000  9.977911e-01 
  472.000  9.971577e-01 
  473.000  9.963518e-01 
  474.000  9.944668e-01 
  475.000  9.934914e-01 
  476.000  9.929478e-01 
  477.000  9.927335e-01 
  478.000  9.928281e-01 
  479.000  9.934270e-01 
  480.000  9.941729e-01 
  481.000  9.958955e-01 
  482.000  9.971644e-01 
  483.000  9.981581e-01 
  484.000  9.983138e-01 
  485.000  9.982911e-01 
  486.000  9.982941e-01 
  487.000  9.984910e-01 
  488.000  9.980507e-01 
  489.000  9.974762e-01 
  490.000  9.980881e-01 
  491.000  9.985230e-01 
  492.000  9.984580e-01 
  493.000  9.983862e-01 
  494.000  9.980591e-01 
  495.000  9.980479e-01 
  496.000  9.980626e-01 
  497.000  9.984067e-01 
  498.000  9.987345e-01 
  499.000  9.989957e-01 
  500.000  9.990984e-01 
  501.000  9.989460e-01 
  502.000  9.986662e-01 
  503.000  9.984377e-01 
  504.000  9.987154e-01 
  505.000  9.980651e-01 
  506.000  9.986326e-01 
  507.000  9.987869e-01 
  508.000  9.988093e-01 
  509.000  9.984925e-01 
  510.000  9.984139e-01 
  511.000  9.985285e-01 
  512.000  9.986374e-01 
  513.000  9.988381e-01 
  514.000  9.989835e-01 
  515.000  9.991155e-01 
  516.000  9.991444e-01 
  517.000  9.992181e-01 
  518.000  9.991211e-01 
  519.000  9.988881e-01 
  520.000  9.988562e-01 
  521.000  9.991179e-01 
  522.000  9.991075e-01 
  523.000  9.989968e-01 
  524.000  9.989578e-01 
  525.000  9.985242e-01 
  526.000  9.984146e-01 
  527.000  9.985818e-01 
  528.000  9.983953e-01 
  529.000  9.984457e-01 
  530.000  9.983813e-01 
  531.000  9.982822e-01 
  532.000  9.982240e-01 
  533.000  9.982660e-01 
  534.000  9.984893e-01 
  535.000  9.986588e-01 
  536.000  9.989091e-01 
  537.000  9.990664e-01 
  538.000  9.989943e-01 
  539.000  9.989959e-01 
  540.000  9.992753e-01 
  541.000  9.993961e-01 
  542.000  9.991373e-01 
  543.000  9.990618e-01 
  544.000  9.992244e-01 
  545.000  9.991027e-01 
  546.000  9.992698e-01 
  547.000  9.993761e-01 
  548.000  9.992561e-01 
  549.000  9.992154e-01 
  550.000  9.993780e-01 
  551.000  9.994361e-01 
  552.000  9.994653e-01 
  553.000  9.992846e-01 
  554.000  9.994326e-01 
  555.000  9.995846e-01 
  556.000  9.996555e-01 
  557.000  9.996270e-01 
  558.000  9.996054e-01 
  559.000  9.996960e-01 
  560.000  9.996418e-01 
  561.000  9.995646e-01 
  562.000  9.995050e-01 
  563.000  9.993262e-01 
  564.000  9.990754e-01 
  565.000  9.989358e-01 
  566.000  9.989175e-01 
  567.000  9.986454e-01 
  568.000  9.981362e-01 
  569.000  9.972062e-01 
  570.000  9.959115e-01 
  571.000  9.948624e-01 
  572.000  9.941158e-01 
  573.000  9.929962e-01 
  574.000  9.921145e-01 
  575.000  9.911793e-01 
  576.000  9.906249e-01 
  577.000  9.904500e-01 
  578.000  9.906082e-01 
  579.000  9.911132e-01 
  580.000  9.916943e-01 
  581.000  9.928858e-01 
  582.000  9.940957e-01 
  583.000  9.950693e-01 
  584.000  9.965001e-01 
  585.000  9.970219e-01 
  586.000  9.978470e-01 
  587.000  9.981573e-01 
  588.000  9.988382e-01 
  589.000  9.991666e-01 
  590.000  9.993455e-01 
  591.000  9.994802e-01 
  592.000  9.994466e-01 
  593.000  9.994781e-01 
  594.000  9.997214e-01 
  595.000  9.998251e-01 
  596.000  9.998168e-01 
  597.000  9.998285e-01 
  598.000  9.998068e-01 
  599.000  9.997729e-01 
  600.000  9.997259e-01 
  601.000  9.997323e-01 
  602.000  9.997974e-01 
  603.000  9.998737e-01 
  604.000  9.999050e-01 
  605.000  9.999080e-01 
  606.000  9.999093e-01 
  607.000  9.998970e-01 
  608.000  9.998823e-01 
  609.000  9.998833e-01 
  610.000  9.998754e-01 
  611.000  9.998472e-01 
  612.000  9.996563e-01 
  613.000  9.996903e-01 
  614.000  9.996566e-01 
  615.000  9.996294e-01 
  616.000  9.994180e-01 
  617.000  9.992343e-01 
  618.000  9.990890e-01 
  619.000  9.988497e-01 
  620.000  9.983507e-01 
  621.000  9.978472e-01 
  622.000  9.976201e-01 
  623.000  9.967237e-01 
  624.000  9.962845e-01 
  625.000  9.957789e-01 
  626.000  9.949626e-01 
  627.000  9.943645e-01 
  628.000  9.796388e-01 
  629.000  9.844463e-01 
  630.000  9.879626e-01 
  631.000  9.921843e-01 
  632.000  9.939904e-01 
  633.000  9.945036e-01 
  634.000  9.953077e-01 
  635.000  9.955089e-01 
  636.000  9.962928e-01 
  637.000  9.971397e-01 
  638.000  9.975261e-01 
  639.000  9.980540e-01 
  640.000  9.982898e-01 
  641.000  9.988582e-01 
  642.000  9.991221e-01 
  643.000  9.993107e-01 
  644.000  9.995174e-01 
  645.000  9.996808e-01 
  646.000  9.997380e-01 
  647.000  9.997504e-01 
  648.000  9.997875e-01 
  649.000  9.999049e-01 
  650.000  9.999127e-01 
  651.000  9.999115e-01 
  652.000  9.999320e-01 
  653.000  9.999384e-01 
  654.000  9.999483e-01 
  655.000  9.999460e-01 
  656.000  9.999429e-01 
  657.000  9.999581e-01 
  658.000  9.999638e-01 
  659.000  9.999598e-01 
  660.000  9.999642e-01 
  661.000  9.999778e-01 
  662.000  9.999780e-01 
  663.000  9.999809e-01 
  664.000  9.999803e-01 
  665.000  9.999696e-01 
  666.000  9.999605e-01 
  667.000  9.999533e-01 
  668.000  9.999365e-01 
  669.000  9.999455e-01 
  670.000  9.999326e-01 
  671.000  9.999499e-01 
  672.000  9.999470e-01 
  673.000  9.999202e-01 
  674.000  9.999377e-01 
  675.000  9.999394e-01 
  676.000  9.999431e-01 
  677.000  9.999399e-01 
  678.000  9.999620e-01 
  679.000  9.999641e-01 
  680.000  9.999627e-01 
  681.000  9.999644e-01 
  682.000  9.999741e-01 
  683.000  9.999690e-01 
  684.000  9.999741e-01 
  685.000  9.999731e-01 
  686.000  9.999468e-01 
  687.000  7.383220e-01 
  688.000  9.049115e-01 
  689.000  9.307643e-01 
  690.000  9.536597e-01 
  691.000  9.655226e-01 
  692.000  9.898346e-01 
  693.000  9.928345e-01 
  694.000  9.999598e-01 
  695.000  9.999762e-01 
  696.000  9.999742e-01 
  697.000  9.999884e-01 
  698.000  9.999894e-01 
  699.000  9.999547e-01 
  700.000  9.999855e-01 
  701.000  9.999860e-01 
  702.000  9.999852e-01 
  703.000  9.999812e-01 
  704.000  9.999739e-01 
  705.000  9.999660e-01 
  706.000  9.999728e-01 
  707.000  9.999587e-01 
  708.000  9.999762e-01 
  709.000  9.999788e-01 
  710.000  9.999773e-01 
  711.000  9.999753e-01 
  712.000  9.999710e-01 
  713.000  9.999754e-01 
  714.000  9.999716e-01 
  715.000  9.999809e-01 
  716.000  9.999868e-01 
  717.000  9.999878e-01 
  718.000  9.999902e-01 
  719.000  9.999908e-01 
  720.000  9.999925e-01 
  721.000  9.999889e-01 
  722.000  9.999881e-01 
  723.000  9.999867e-01 
  724.000  9.999874e-01 
  725.000  9.999928e-01 
  726.000  9.999944e-01 
  727.000  9.999942e-01 
  728.000  9.999944e-01 
  729.000  9.999952e-01 
  730.000  9.999952e-01 
  731.000  9.999951e-01 
  732.000  9.999950e-01 
  733.000  9.999949e-01 
  734.000  9.999920e-01 
  735.000  9.999908e-01 
  736.000  9.999917e-01 
  737.000  9.999921e-01 
  738.000  9.999930e-01 
  739.000  9.999906e-01 
  740.000  9.999927e-01 
  741.000  9.999912e-01 
  742.000  9.999917e-01 
  743.000  9.999892e-01 
  744.000  9.999866e-01 
  745.000  9.999812e-01 
  746.000  9.999785e-01 
  747.000  9.999915e-01 
  748.000  9.999934e-01 
  749.000  9.999939e-01 
  750.000  9.999928e-01 
  751.000  9.999928e-01 
  752.000  9.999911e-01 
  753.000  9.999923e-01 
  754.000  9.999903e-01 
  755.000  9.999921e-01 
  756.000  9.999902e-01 
  757.000  9.999928e-01 
  758.000  9.999935e-01 
  759.000  9.925730e-01 
  760.000  4.413740e-01 
  761.000  3.504955e-01 
  762.000  7.217243e-01 
  763.000  6.275018e-01 
  764.000  6.744570e-01 
  765.000  7.905199e-01 
  766.000  9.113650e-01 
  767.000  9.484903e-01 
  768.000  9.852730e-01 
  769.000  9.949683e-01 
  770.000  9.946314e-01 
  771.000  9.987829e-01 
  772.000  9.999288e-01 
  773.000  9.999259e-01 
  774.000  9.999351e-01 
  775.000  9.999415e-01 
  776.000  9.999531e-01 
  777.000  9.999838e-01 
  778.000  9.999970e-01 
  779.000  9.999969e-01 
  780.000  9.999973e-01 
  781.000  9.999973e-01 
  782.000  9.999964e-01 
  783.000  9.999959e-01 
  784.000  9.999945e-01 
  785.000  9.999954e-01 
  786.000  9.999964e-01 
  787.000  9.999964e-01 
  788.000  9.999961e-01 
  789.000  9.999902e-01 
  790.000  9.999864e-01 
  791.000  9.999936e-01 
  792.000  9.999953e-01 
  793.000  9.999960e-01 
  794.000  1.000000e+00 
  795.000  1.000000e+00 
  796.000  1.000000e+00 
  797.000  1.000000e+00 
  798.000  1.000000e+00 
  799.000  1.000000e+00 
  800.000  1.000000e+00 
  801.000  9.999999e-01 
  802.000  1.000000e+00 
  803.000  1.000000e+00 
  804.000  1.000000e+00 
  805.000  1.000000e+00 
  806.000  1.000000e+00 
  807.000  1.000000e+00 
  808.000  1.000000e+00 
  809.000  9.999999e-01 
  810.000  9.999999e-01 
  811.000  1.000000e+00 
  812.000  1.000000e+00 
  813.000  1.000000e+00 
  814.000  9.999999e-01 
  815.000  1.000000e+00 
  816.000  1.000000e+00 
  817.000  1.000000e+00 
  818.000  1.000000e+00 
  819.000  1.000000e+00 
  820.000  1.000000e+00 
  821.000  1.000000e+00 
  822.000  1.000000e+00 
  823.000  1.000000e+00 
  824.000  1.000000e+00 
  825.000  1.000000e+00 
  826.000  1.000000e+00 
  827.000  1.000000e+00 
  828.000  9.999999e-01 
  829.000  1.000000e+00 
  830.000  1.000000e+00 
  831.000  1.000000e+00 
  832.000  1.000000e+00 
  833.000  1.000000e+00 
  834.000  1.000000e+00 
  835.000  1.000000e+00 
  836.000  1.000000e+00 
  837.000  1.000000e+00 
  838.000  1.000000e+00 
  839.000  1.000000e+00 
  840.000  1.000000e+00 
  841.000  1.000000e+00 
  842.000  1.000000e+00 
  843.000  1.000000e+00 
  844.000  1.000000e+00 
  845.000  1.000000e+00 
  846.000  1.000000e+00 
  847.000  1.000000e+00 
  848.000  1.000000e+00 
  849.000  1.000000e+00 
  850.000  1.000000e+00 
  851.000  1.000000e+00 
  852.000  1.000000e+00 
  853.000  1.000000e+00 
  854.000  1.000000e+00 
  855.000  1.000000e+00 
  856.000  1.000000e+00 
  857.000  1.000000e+00 
  858.000  1.000000e+00 
  859.000  1.000000e+00 
  860.000  1.000000e+00 
  861.000  9.999999e-01 
  862.000  9.999971e-01 
  863.000  9.997752e-01 
  864.000  9.999996e-01 
  865.000  9.999996e-01 
  866.000  9.999420e-01 
  867.000  9.999923e-01 
  868.000  9.999415e-01 
  869.000  9.998779e-01 
  870.000  9.999953e-01 
  871.000  9.999434e-01 
  872.000  9.999984e-01 
  873.000  9.999981e-01 
  874.000  9.999981e-01 
  875.000  9.999999e-01 
  876.000  1.000000e+00 
  877.000  1.000000e+00 
  878.000  1.000000e+00 
  879.000  1.000000e+00 
  880.000  1.000000e+00 
  881.000  1.000000e+00 
  882.000  1.000000e+00 
  883.000  1.000000e+00 
  884.000  1.000000e+00 
  885.000  1.000000e+00 
  886.000  1.000000e+00 
  887.000  1.000000e+00 
  888.000  1.000000e+00 
  889.000  1.000000e+00 
  890.000  1.000000e+00 
  891.000  1.000000e+00 
  892.000  1.000000e+00 
  893.000  1.000000e+00 
  894.000  1.000000e+00 
  895.000  1.000000e+00 
  896.000  1.000000e+00 
  897.000  1.000000e+00 
  898.000  9.999999e-01 
  899.000  1.000000e+00 
  900.000  1.000000e+00 
  901.000  1.000000e+00 
  902.000  1.000000e+00 
  903.000  1.000000e+00 
  904.000  1.000000e+00 
  905.000  1.000000e+00 
  906.000  1.000000e+00 
  907.000  9.999999e-01 
  908.000  1.000000e+00 
  909.000  1.000000e+00 
  910.000  1.000000e+00 
  911.000  1.000000e+00 
  912.000  1.000000e+00 
  913.000  1.000000e+00 
  914.000  1.000000e+00 
  915.000  1.000000e+00 
  916.000  1.000000e+00 
  917.000  1.000000e+00 
  918.000  1.000000e+00 
  919.000  1.000000e+00 
  920.000  1.000000e+00 
  921.000  1.000000e+00 
  922.000  1.000000e+00 
  923.000  1.000000e+00 
  924.000  1.000000e+00 
  925.000  1.000000e+00 
  926.000  1.000000e+00 
  927.000  1.000000e+00 
  928.000  1.000000e+00 
  929.000  9.999999e-01 
  930.000  9.999999e-01 
  931.000  1.000000e+00 
  932.000  1.000000e+00 
  933.000  1.000000e+00 
  934.000  1.000000e+00 
  935.000  1.000000e+00 
  936.000  9.999999e-01 
  937.000  1.000000e+00 
  938.000  1.000000e+00 
  939.000  1.000000e+00 
  940.000  1.000000e+00 
  941.000  1.000000e+00 
  942.000  1.000000e+00 
  943.000  1.000000e+00 
  944.000  9.999999e-01 
  945.000  1.000000e+00 
  946.000  1.000000e+00 
  947.000  9.999292e-01 
  948.000  9.999869e-01 
  949.000  9.999819e-01 
  950.000  9.999819e-01 
  951.000  9.999626e-01 
  952.000  9.999996e-01 
  953.000  1.000000e+00 
  954.000  1.000000e+00 
  955.000  9.999998e-01 
  956.000  1.000000e+00 
  957.000  9.999999e-01 
  958.000  9.999999e-01 
  959.000  9.999999e-01 
  960.000  1.000000e+00 
  961.000  1.000000e+00 
  962.000  1.000000e+00 
  963.000  1.000000e+00 
  964.000  1.000000e+00 
  965.000  1.000000e+00 
  966.000  1.000000e+00 
  967.000  1.000000e+00 
  968.000  1.000000e+00 
  969.000  1.000000e+00 
  970.000  1.000000e+00 
  971.000  9.999999e-01 
  972.000  9.999999e-01 
  973.000  1.000000e+00 
  974.000  1.000000e+00 
  975.000  1.000000e+00 
  976.000  1.000000e+00 
  977.000  1.000000e+00 
  978.000  1.000000e+00 
  979.000  1.000000e+00 
  980.000  1.000000e+00 
  981.000  1.000000e+00 
  982.000  1.000000e+00 
  983.000  1.000000e+00 
  984.000  1.000000e+00 
  985.000  1.000000e+00 
  986.000  1.000000e+00 
  987.000  1.000000e+00 
  988.000  1.000000e+00 
  989.000  1.000000e+00 
  990.000  1.000000e+00 
  991.000  1.000000e+00 
  992.000  1.000000e+00 
  993.000  1.000000e+00 
  994.000  1.000000e+00 
  995.000  1.000000e+00 
  996.000  1.000000e+00 
  997.000  1.000000e+00 
  998.000  1.000000e+00 
  999.000  1.000000e+00 
 1000.000  1.000000e+00 
 1001.000  1.000000e+00 
 1002.000  1.000000e+00 
 1003.000  1.000000e+00 
 1004.000  1.000000e+00 
 1005.000  1.000000e+00 
 1006.000  1.000000e+00 
 1007.000  1.000000e+00 
 1008.000  9.999999e-01 
 1009.000  9.999999e-01 
 1010.000  9.999999e-01 
 1011.000  9.999999e-01 
 1012.000  9.999999e-01 
 1013.000  9.999996e-01 
 1014.000  9.999992e-01 
 1015.000  9.999992e-01 
 1016.000  9.999989e-01 
 1017.000  9.999975e-01 
 1018.000  9.999975e-01 
 1019.000  9.999957e-01 
 1020.000  9.999930e-01 
 1021.000  9.999930e-01 
 1022.000  9.999869e-01 
 1023.000  9.999869e-01 
 1024.000  9.999828e-01 
 1025.000  9.999678e-01 
 1026.000  9.999678e-01 
 1027.000  9.999517e-01 
 1028.000  9.999306e-01 
 1029.000  9.999306e-01 
 1030.000  9.998791e-01 
 1031.000  9.998477e-01 
 1032.000  9.998477e-01 
 1033.000  9.997590e-01 
 1034.000  9.997590e-01 
 1035.000  9.996679e-01 
 1036.000  9.993387e-01 
 1037.000  9.993387e-01 
 1038.000  9.992936e-01 
 1039.000  9.989436e-01 
 1040.000  9.989436e-01 
 1041.000  9.986827e-01 
 1042.000  9.986827e-01 
 1043.000  9.983687e-01 
 1044.000  9.979014e-01 
 1045.000  9.979014e-01 
 1046.000  9.972607e-01 
 1047.000  9.972607e-01 
 1048.000  9.966226e-01 
 1049.000  9.953526e-01 
 1050.000  9.953526e-01 
 1051.000  9.947804e-01 
 1052.000  9.947804e-01 
 1053.000  9.939117e-01 
 1054.000  9.931749e-01 
 1055.000  9.931749e-01 
 1056.000  9.923105e-01 
 1057.000  9.923105e-01 
 1058.000  9.915383e-01 
 1059.000  9.907640e-01 
 1060.000  9.907640e-01 
 1061.000  9.902719e-01 
 1062.000  9.902719e-01 
 1063.000  9.894598e-01 
 1064.000  9.891413e-01 
 1065.000  9.891413e-01 
 1066.000  9.896659e-01 
 1067.000  9.896659e-01 
 1068.000  9.892213e-01 
 1069.000  9.903991e-01 
 1070.000  9.903991e-01 
 1071.000  9.911468e-01 
 1072.000  9.911468e-01 
 1073.000  9.919032e-01 
 1074.000  9.919032e-01 
 1075.000  9.928183e-01 
 1076.000  9.937051e-01 
 1077.000  9.937051e-01 
 1078.000  9.947356e-01 
 1079.000  9.947356e-01 
 1080.000  9.954502e-01 
 1081.000  9.954502e-01 
 1082.000  9.964600e-01 
 1083.000  9.971657e-01 
 1084.000  9.971657e-01 
 1085.000  9.975026e-01 
 1086.000  9.975026e-01 
 1087.000  9.982335e-01 
 1088.000  9.982335e-01 
 1089.000  9.988419e-01 
 1090.000  9.991112e-01 
 1091.000  9.991112e-01 
 1092.000  9.994204e-01 
 1093.000  9.994204e-01 
 1094.000  9.994737e-01 
 1095.000  9.994737e-01 
 1096.000  9.996566e-01 
 1097.000  9.996566e-01 
 1098.000  9.998139e-01 
 1099.000  9.998693e-01 
 1100.000  9.998693e-01 
 1101.000  9.999220e-01 
 1102.000  9.999220e-01 
 1103.000  9.999462e-01 
 1104.000  9.999462e-01 
 1105.000  9.999623e-01 
 1106.000  9.999623e-01 
 1107.000  9.999455e-01 
 1108.000  9.999455e-01 
 1109.000  9.998415e-01 
 1110.000  9.998968e-01 
 1111.000  9.998968e-01 
 1112.000  9.997578e-01 
 1113.000  9.997578e-01 
 1114.000  9.996703e-01 
 1115.000  9.996703e-01 
 1116.000  9.992476e-01 
 1117.000  9.992476e-01 
 1118.000  9.992741e-01 
 1119.000  9.992741e-01 
 1120.000  9.995396e-01 
 1121.000  9.995396e-01 
 1122.000  9.971427e-01 
 1123.000  9.977240e-01 
 1124.000  9.977240e-01 
 1125.000  9.984224e-01 
 1126.000  9.984224e-01 
 1127.000  9.975833e-01 
 1128.000  9.975833e-01 
 1129.000  9.981468e-01 
 1130.000  9.981468e-01 
 1131.000  9.987336e-01 
 1132.000  9.987336e-01 
 1133.000  9.977173e-01 
 1134.000  9.977173e-01 
 1135.000  9.975744e-01 
 1136.000  9.975744e-01 
 1137.000  9.984732e-01 
 1138.000  9.984732e-01 
 1139.000  9.991779e-01 
 1140.000  9.991779e-01 
 1141.000  9.991615e-01 
 1142.000  9.991615e-01 
 1143.000  9.985830e-01 
 1144.000  9.985830e-01 
 1145.000  9.989889e-01 
 1146.000  9.989889e-01 
 1147.000  9.986067e-01 
 1148.000  9.986067e-01 
 1149.000  9.979835e-01 
 1150.000  9.979835e-01 
 1151.000  9.974859e-01 
 1152.000  9.974859e-01 
 1153.000  9.948611e-01 
 1154.000  9.948611e-01 
 1155.000  9.952281e-01 
 1156.000  9.952281e-01 
 1157.000  9.960986e-01 
 1158.000  9.960986e-01 
 1159.000  9.979846e-01 
 1160.000  9.979846e-01 
 1161.000  9.960060e-01 
 1162.000  9.960060e-01 
 1163.000  9.952289e-01 
 1164.000  9.952289e-01 
 1165.000  9.963815e-01 
 1166.000  9.963815e-01 
 1167.000  9.972633e-01 
 1168.000  9.972633e-01 
 1169.000  9.968446e-01 
 1170.000  9.968446e-01 
 1171.000  9.976446e-01 
 1172.000  9.976446e-01 
 1173.000  9.977450e-01 
 1174.000  9.977450e-01 
 1175.000  9.985132e-01 
 1176.000  9.985132e-01 
 1177.000  9.987824e-01 
 1178.000  9.987824e-01 
 1179.000  9.989650e-01 
 1180.000  9.989650e-01 
 1181.000  9.990236e-01 
 1182.000  9.990236e-01 
 1183.000  9.993881e-01 
 1184.000  9.993881e-01 
 1185.000  9.993412e-01 
 1186.000  9.993412e-01 
 1187.000  9.983745e-01 
 1188.000  9.983745e-01 
 1189.000  9.983745e-01 
 1190.000  9.994496e-01 
 1191.000  9.994496e-01 
 1192.000  9.992775e-01 
 1193.000  9.992775e-01 
 1194.000  9.996071e-01 
 1195.000  9.996071e-01 
 1196.000  9.997875e-01 
 1197.000  9.997875e-01 
 1198.000  9.997589e-01 
 1199.000  9.997589e-01 
 1200.000  9.996579e-01 
