  250.000  9.997715e-01 
  251.000  9.998310e-01 
  252.000  9.998395e-01 
  253.000  9.998319e-01 
  254.000  9.998230e-01 
  255.000  9.998222e-01 
  256.000  9.998131e-01 
  257.000  9.998149e-01 
  258.000  9.997991e-01 
  259.000  9.997879e-01 
  260.000  9.997872e-01 
  261.000  9.997823e-01 
  262.000  9.997787e-01 
  263.000  9.997510e-01 
  264.000  9.997474e-01 
  265.000  9.997348e-01 
  266.000  9.997367e-01 
  267.000  9.997235e-01 
  268.000  9.997147e-01 
  269.000  9.996696e-01 
  270.000  9.996759e-01 
  271.000  9.996765e-01 
  272.000  9.996728e-01 
  273.000  9.996206e-01 
  274.000  9.996059e-01 
  275.000  9.995933e-01 
  276.000  9.996030e-01 
  277.000  9.995728e-01 
  278.000  9.995561e-01 
  279.000  9.995124e-01 
  280.000  9.994857e-01 
  281.000  9.994727e-01 
  282.000  9.994791e-01 
  283.000  9.994790e-01 
  284.000  9.993910e-01 
  285.000  9.993593e-01 
  286.000  9.993166e-01 
  287.000  9.993403e-01 
  288.000  9.993368e-01 
  289.000  9.992943e-01 
  290.000  9.992287e-01 
  291.000  9.992030e-01 
  292.000  9.991297e-01 
  293.000  9.991379e-01 
  294.000  9.991691e-01 
  295.000  9.990596e-01 
  296.000  9.991100e-01 
  297.000  9.989181e-01 
  298.000  9.989018e-01 
  299.000  9.989190e-01 
  300.000  9.988943e-01 
  301.000  9.989172e-01 
  302.000  9.987548e-01 
  303.000  9.986468e-01 
  304.000  9.986507e-01 
  305.000  9.985865e-01 
  306.000  9.986494e-01 
  307.000  9.985039e-01 
  308.000  9.985678e-01 
  309.000  9.983507e-01 
  310.000  9.984031e-01 
  311.000  9.983057e-01 
  312.000  9.982715e-01 
  313.000  9.981620e-01 
  314.000  9.982295e-01 
  315.000  9.979962e-01 
  316.000  9.980946e-01 
  317.000  9.979792e-01 
  318.000  9.977791e-01 
  319.000  9.979002e-01 
  320.000  9.976814e-01 
  321.000  9.977658e-01 
  322.000  9.976829e-01 
  323.000  9.975481e-01 
  324.000  9.976228e-01 
  325.000  9.974173e-01 
  326.000  9.973758e-01 
  327.000  9.973739e-01 
  328.000  9.972497e-01 
  329.000  9.972658e-01 
  330.000  9.970796e-01 
  331.000  9.971833e-01 
  332.000  9.971606e-01 
  333.000  9.965168e-01 
  334.000  9.970579e-01 
  335.000  9.967016e-01 
  336.000  9.968693e-01 
  337.000  9.967675e-01 
  338.000  9.968867e-01 
  339.000  9.961857e-01 
  340.000  9.963074e-01 
  341.000  9.956394e-01 
  342.000  9.953226e-01 
  343.000  9.953474e-01 
  344.000  9.950337e-01 
  345.000  9.953455e-01 
  346.000  9.956193e-01 
  347.000  9.958075e-01 
  348.000  9.958814e-01 
  349.000  9.957507e-01 
  350.000  9.963456e-01 
  351.000  9.958366e-01 
  352.000  9.961087e-01 
  353.000  9.963885e-01 
  354.000  9.954431e-01 
  355.000  9.951839e-01 
  356.000  9.954011e-01 
  357.000  9.938174e-01 
  358.000  9.930232e-01 
  359.000  9.921492e-01 
  360.000  9.911217e-01 
  361.000  9.903932e-01 
  362.000  9.918194e-01 
  363.000  9.931531e-01 
  364.000  9.944358e-01 
  365.000  9.942953e-01 
  366.000  9.949830e-01 
  367.000  9.951972e-01 
  368.000  9.950733e-01 
  369.000  9.952760e-01 
  370.000  9.951769e-01 
  371.000  9.954836e-01 
  372.000  9.945213e-01 
  373.000  9.949586e-01 
  374.000  9.950553e-01 
  375.000  9.952140e-01 
  376.000  9.942377e-01 
  377.000  9.941211e-01 
  378.000  9.938883e-01 
  379.000  9.927783e-01 
  380.000  9.914634e-01 
  381.000  9.919318e-01 
  382.000  9.929784e-01 
  383.000  9.941694e-01 
  384.000  9.942343e-01 
  385.000  9.945105e-01 
  386.000  9.947442e-01 
  387.000  9.946734e-01 
  388.000  9.945478e-01 
  389.000  9.945184e-01 
  390.000  9.945036e-01 
  391.000  9.946319e-01 
  392.000  9.939747e-01 
  393.000  9.949260e-01 
  394.000  9.949340e-01 
  395.000  9.948096e-01 
  396.000  9.944949e-01 
  397.000  9.949818e-01 
  398.000  9.940485e-01 
  399.000  9.947441e-01 
  400.000  9.938970e-01 
  401.000  9.940872e-01 
  402.000  9.947813e-01 
  403.000  9.951875e-01 
  404.000  9.944062e-01 
  405.000  9.941655e-01 
  406.000  9.949475e-01 
  407.000  9.956174e-01 
  408.000  9.947038e-01 
  409.000  9.942542e-01 
  410.000  9.946190e-01 
  411.000  9.945017e-01 
  412.000  9.952375e-01 
  413.000  9.942622e-01 
  414.000  9.946698e-01 
  415.000  9.947606e-01 
  416.000  9.956320e-01 
  417.000  9.955367e-01 
  418.000  9.950712e-01 
  419.000  9.952089e-01 
  420.000  9.947377e-01 
  421.000  9.946744e-01 
  422.000  9.945357e-01 
  423.000  9.949276e-01 
  424.000  9.944320e-01 
  425.000  9.951601e-01 
  426.000  9.959272e-01 
  427.000  9.952359e-01 
  428.000  9.945835e-01 
  429.000  9.956699e-01 
  430.000  9.956724e-01 
  431.000  9.945349e-01 
  432.000  9.956816e-01 
  433.000  9.955072e-01 
  434.000  9.949055e-01 
  435.000  9.936577e-01 
  436.000  9.948964e-01 
  437.000  9.962737e-01 
  438.000  9.966016e-01 
  439.000  9.939426e-01 
  440.000  9.949738e-01 
  441.000  9.961932e-01 
  442.000  9.967013e-01 
  443.000  9.960832e-01 
  444.000  9.951063e-01 
  445.000  9.941121e-01 
  446.000  9.951620e-01 
  447.000  9.955947e-01 
  448.000  9.929679e-01 
  449.000  9.952372e-01 
  450.000  9.960617e-01 
  451.000  9.960496e-01 
  452.000  9.959985e-01 
  453.000  9.961376e-01 
  454.000  9.967434e-01 
  455.000  9.961252e-01 
  456.000  9.963260e-01 
  457.000  9.969387e-01 
  458.000  9.958161e-01 
  459.000  9.966369e-01 
  460.000  9.960783e-01 
  461.000  9.961601e-01 
  462.000  9.968081e-01 
  463.000  9.952396e-01 
  464.000  9.960672e-01 
  465.000  9.964965e-01 
  466.000  9.972832e-01 
  467.000  9.963374e-01 
  468.000  9.966856e-01 
  469.000  9.970753e-01 
  470.000  9.969771e-01 
  471.000  9.968722e-01 
  472.000  9.959758e-01 
  473.000  9.948357e-01 
  474.000  9.921703e-01 
  475.000  9.907920e-01 
  476.000  9.900241e-01 
  477.000  9.897214e-01 
  478.000  9.898550e-01 
  479.000  9.907011e-01 
  480.000  9.917550e-01 
  481.000  9.941903e-01 
  482.000  9.959852e-01 
  483.000  9.973916e-01 
  484.000  9.976121e-01 
  485.000  9.975799e-01 
  486.000  9.975842e-01 
  487.000  9.978629e-01 
  488.000  9.972396e-01 
  489.000  9.964265e-01 
  490.000  9.972926e-01 
  491.000  9.979082e-01 
  492.000  9.978162e-01 
  493.000  9.977145e-01 
  494.000  9.972516e-01 
  495.000  9.972356e-01 
  496.000  9.972566e-01 
  497.000  9.977435e-01 
  498.000  9.982078e-01 
  499.000  9.985775e-01 
  500.000  9.987228e-01 
  501.000  9.985073e-01 
  502.000  9.981109e-01 
  503.000  9.977875e-01 
  504.000  9.981807e-01 
  505.000  9.972599e-01 
  506.000  9.980633e-01 
  507.000  9.982817e-01 
  508.000  9.983135e-01 
  509.000  9.978651e-01 
  510.000  9.977538e-01 
  511.000  9.979159e-01 
  512.000  9.980701e-01 
  513.000  9.983545e-01 
  514.000  9.985602e-01 
  515.000  9.987473e-01 
  516.000  9.987882e-01 
  517.000  9.988925e-01 
  518.000  9.987550e-01 
  519.000  9.984252e-01 
  520.000  9.983798e-01 
  521.000  9.987506e-01 
  522.000  9.987360e-01 
  523.000  9.985792e-01 
  524.000  9.985239e-01 
  525.000  9.979098e-01 
  526.000  9.977548e-01 
  527.000  9.979915e-01 
  528.000  9.977275e-01 
  529.000  9.977988e-01 
  530.000  9.977077e-01 
  531.000  9.975674e-01 
  532.000  9.974849e-01 
  533.000  9.975443e-01 
  534.000  9.978607e-01 
  535.000  9.981005e-01 
  536.000  9.984549e-01 
  537.000  9.986775e-01 
  538.000  9.985756e-01 
  539.000  9.985778e-01 
  540.000  9.989735e-01 
  541.000  9.991445e-01 
  542.000  9.987782e-01 
  543.000  9.986712e-01 
  544.000  9.989014e-01 
  545.000  9.987291e-01 
  546.000  9.989657e-01 
  547.000  9.991161e-01 
  548.000  9.989464e-01 
  549.000  9.988887e-01 
  550.000  9.991190e-01 
  551.000  9.992012e-01 
  552.000  9.992426e-01 
  553.000  9.989865e-01 
  554.000  9.991962e-01 
  555.000  9.994116e-01 
  556.000  9.995120e-01 
  557.000  9.994717e-01 
  558.000  9.994408e-01 
  559.000  9.995695e-01 
  560.000  9.994926e-01 
  561.000  9.993833e-01 
  562.000  9.992989e-01 
  563.000  9.990456e-01 
  564.000  9.986902e-01 
  565.000  9.984927e-01 
  566.000  9.984668e-01 
  567.000  9.980816e-01 
  568.000  9.973605e-01 
  569.000  9.960443e-01 
  570.000  9.942129e-01 
  571.000  9.927295e-01 
  572.000  9.916742e-01 
  573.000  9.900924e-01 
  574.000  9.888472e-01 
  575.000  9.875270e-01 
  576.000  9.867445e-01 
  577.000  9.864978e-01 
  578.000  9.867210e-01 
  579.000  9.874337e-01 
  580.000  9.882539e-01 
  581.000  9.899365e-01 
  582.000  9.916458e-01 
  583.000  9.930221e-01 
  584.000  9.950454e-01 
  585.000  9.957836e-01 
  586.000  9.969512e-01 
  587.000  9.973905e-01 
  588.000  9.983546e-01 
  589.000  9.988196e-01 
  590.000  9.990729e-01 
  591.000  9.992639e-01 
  592.000  9.992161e-01 
  593.000  9.992608e-01 
  594.000  9.996055e-01 
  595.000  9.997522e-01 
  596.000  9.997405e-01 
  597.000  9.997569e-01 
  598.000  9.997262e-01 
  599.000  9.996784e-01 
  600.000  9.996117e-01 
  601.000  9.996207e-01 
  602.000  9.997129e-01 
  603.000  9.998212e-01 
  604.000  9.998654e-01 
  605.000  9.998696e-01 
  606.000  9.998716e-01 
  607.000  9.998541e-01 
  608.000  9.998333e-01 
  609.000  9.998347e-01 
  610.000  9.998235e-01 
  611.000  9.997834e-01 
  612.000  9.995131e-01 
  613.000  9.995614e-01 
  614.000  9.995136e-01 
  615.000  9.994749e-01 
  616.000  9.991755e-01 
  617.000  9.989154e-01 
  618.000  9.987096e-01 
  619.000  9.983708e-01 
  620.000  9.976643e-01 
  621.000  9.969515e-01 
  622.000  9.966301e-01 
  623.000  9.953617e-01 
  624.000  9.947406e-01 
  625.000  9.940253e-01 
  626.000  9.928711e-01 
  627.000  9.920259e-01 
  628.000  9.713858e-01 
  629.000  9.787723e-01 
  630.000  9.829898e-01 
  631.000  9.889457e-01 
  632.000  9.914970e-01 
  633.000  9.922223e-01 
  634.000  9.933590e-01 
  635.000  9.936436e-01 
  636.000  9.947523e-01 
  637.000  9.959503e-01 
  638.000  9.964972e-01 
  639.000  9.972441e-01 
  640.000  9.975782e-01 
  641.000  9.983829e-01 
  642.000  9.987566e-01 
  643.000  9.990236e-01 
  644.000  9.993163e-01 
  645.000  9.995478e-01 
  646.000  9.996287e-01 
  647.000  9.996465e-01 
  648.000  9.996989e-01 
  649.000  9.998652e-01 
  650.000  9.998763e-01 
  651.000  9.998746e-01 
  652.000  9.999037e-01 
  653.000  9.999129e-01 
  654.000  9.999267e-01 
  655.000  9.999234e-01 
  656.000  9.999191e-01 
  657.000  9.999406e-01 
  658.000  9.999487e-01 
  659.000  9.999431e-01 
  660.000  9.999493e-01 
  661.000  9.999685e-01 
  662.000  9.999688e-01 
  663.000  9.999729e-01 
  664.000  9.999722e-01 
  665.000  9.999571e-01 
  666.000  9.999440e-01 
  667.000  9.999338e-01 
  668.000  9.999101e-01 
  669.000  9.999228e-01 
  670.000  9.999046e-01 
  671.000  9.999290e-01 
  672.000  9.999248e-01 
  673.000  9.998869e-01 
  674.000  9.999115e-01 
  675.000  9.999141e-01 
  676.000  9.999195e-01 
  677.000  9.999148e-01 
  678.000  9.999461e-01 
  679.000  9.999492e-01 
  680.000  9.999471e-01 
  681.000  9.999495e-01 
  682.000  9.999632e-01 
  683.000  9.999561e-01 
  684.000  9.999633e-01 
  685.000  9.999619e-01 
  686.000  9.999245e-01 
  687.000  6.946907e-01 
  688.000  8.713991e-01 
  689.000  9.062258e-01 
  690.000  9.358127e-01 
  691.000  9.527972e-01 
  692.000  9.857417e-01 
  693.000  9.899207e-01 
  694.000  9.999432e-01 
  695.000  9.999661e-01 
  696.000  9.999633e-01 
  697.000  9.999835e-01 
  698.000  9.999850e-01 
  699.000  9.999360e-01 
  700.000  9.999796e-01 
  701.000  9.999801e-01 
  702.000  9.999791e-01 
  703.000  9.999734e-01 
  704.000  9.999629e-01 
  705.000  9.999519e-01 
  706.000  9.999616e-01 
  707.000  9.999415e-01 
  708.000  9.999664e-01 
  709.000  9.999700e-01 
  710.000  9.999678e-01 
  711.000  9.999650e-01 
  712.000  9.999588e-01 
  713.000  9.999654e-01 
  714.000  9.999599e-01 
  715.000  9.999729e-01 
  716.000  9.999814e-01 
  717.000  9.999826e-01 
  718.000  9.999861e-01 
  719.000  9.999869e-01 
  720.000  9.999894e-01 
  721.000  9.999843e-01 
  722.000  9.999831e-01 
  723.000  9.999812e-01 
  724.000  9.999819e-01 
  725.000  9.999898e-01 
  726.000  9.999920e-01 
  727.000  9.999919e-01 
  728.000  9.999921e-01 
  729.000  9.999933e-01 
  730.000  9.999933e-01 
  731.000  9.999931e-01 
  732.000  9.999927e-01 
  733.000  9.999927e-01 
  734.000  9.999886e-01 
  735.000  9.999869e-01 
  736.000  9.999882e-01 
  737.000  9.999891e-01 
  738.000  9.999900e-01 
  739.000  9.999868e-01 
  740.000  9.999895e-01 
  741.000  9.999876e-01 
  742.000  9.999883e-01 
  743.000  9.999849e-01 
  744.000  9.999810e-01 
  745.000  9.999734e-01 
  746.000  9.999694e-01 
  747.000  9.999880e-01 
  748.000  9.999906e-01 
  749.000  9.999915e-01 
  750.000  9.999899e-01 
  751.000  9.999899e-01 
  752.000  9.999874e-01 
  753.000  9.999891e-01 
  754.000  9.999862e-01 
  755.000  9.999888e-01 
  756.000  9.999862e-01 
  757.000  9.999900e-01 
  758.000  9.999908e-01 
  759.000  9.896483e-01 
  760.000  3.622081e-01 
  761.000  2.574419e-01 
  762.000  6.593498e-01 
  763.000  5.523960e-01 
  764.000  6.191906e-01 
  765.000  7.531136e-01 
  766.000  8.830942e-01 
  767.000  9.294986e-01 
  768.000  9.796552e-01 
  769.000  9.928792e-01 
  770.000  9.924704e-01 
  771.000  9.982762e-01 
  772.000  9.998991e-01 
  773.000  9.998950e-01 
  774.000  9.999080e-01 
  775.000  9.999171e-01 
  776.000  9.999335e-01 
  777.000  9.999771e-01 
  778.000  9.999958e-01 
  779.000  9.999956e-01 
  780.000  9.999961e-01 
  781.000  9.999962e-01 
  782.000  9.999949e-01 
  783.000  9.999943e-01 
  784.000  9.999921e-01 
  785.000  9.999934e-01 
  786.000  9.999950e-01 
  787.000  9.999950e-01 
  788.000  9.999945e-01 
  789.000  9.999861e-01 
  790.000  9.999807e-01 
  791.000  9.999908e-01 
  792.000  9.999933e-01 
  793.000  9.999944e-01 
  794.000  1.000000e+00 
  795.000  1.000000e+00 
  796.000  1.000000e+00 
  797.000  1.000000e+00 
  798.000  1.000000e+00 
  799.000  1.000000e+00 
  800.000  1.000000e+00 
  801.000  1.000000e+00 
  802.000  1.000000e+00 
  803.000  1.000000e+00 
  804.000  1.000000e+00 
  805.000  1.000000e+00 
  806.000  1.000000e+00 
  807.000  1.000000e+00 
  808.000  1.000000e+00 
  809.000  9.999999e-01 
  810.000  9.999998e-01 
  811.000  1.000000e+00 
  812.000  1.000000e+00 
  813.000  9.999999e-01 
  814.000  9.999998e-01 
  815.000  1.000000e+00 
  816.000  1.000000e+00 
  817.000  1.000000e+00 
  818.000  1.000000e+00 
  819.000  1.000000e+00 
  820.000  1.000000e+00 
  821.000  1.000000e+00 
  822.000  1.000000e+00 
  823.000  9.999999e-01 
  824.000  1.000000e+00 
  825.000  1.000000e+00 
  826.000  1.000000e+00 
  827.000  1.000000e+00 
  828.000  9.999999e-01 
  829.000  1.000000e+00 
  830.000  1.000000e+00 
  831.000  1.000000e+00 
  832.000  9.999999e-01 
  833.000  1.000000e+00 
  834.000  1.000000e+00 
  835.000  1.000000e+00 
  836.000  1.000000e+00 
  837.000  1.000000e+00 
  838.000  1.000000e+00 
  839.000  9.999999e-01 
  840.000  9.999999e-01 
  841.000  9.999999e-01 
  842.000  9.999999e-01 
  843.000  1.000000e+00 
  844.000  1.000000e+00 
  845.000  1.000000e+00 
  846.000  1.000000e+00 
  847.000  1.000000e+00 
  848.000  1.000000e+00 
  849.000  1.000000e+00 
  850.000  1.000000e+00 
  851.000  1.000000e+00 
  852.000  1.000000e+00 
  853.000  1.000000e+00 
  854.000  1.000000e+00 
  855.000  1.000000e+00 
  856.000  1.000000e+00 
  857.000  1.000000e+00 
  858.000  1.000000e+00 
  859.000  1.000000e+00 
  860.000  1.000000e+00 
  861.000  9.999998e-01 
  862.000  9.999959e-01 
  863.000  9.996815e-01 
  864.000  9.999995e-01 
  865.000  9.999995e-01 
  866.000  9.999179e-01 
  867.000  9.999891e-01 
  868.000  9.999171e-01 
  869.000  9.998271e-01 
  870.000  9.999933e-01 
  871.000  9.999198e-01 
  872.000  9.999977e-01 
  873.000  9.999973e-01 
  874.000  9.999973e-01 
  875.000  9.999998e-01 
  876.000  1.000000e+00 
  877.000  1.000000e+00 
  878.000  1.000000e+00 
  879.000  1.000000e+00 
  880.000  1.000000e+00 
  881.000  1.000000e+00 
  882.000  1.000000e+00 
  883.000  1.000000e+00 
  884.000  1.000000e+00 
  885.000  1.000000e+00 
  886.000  1.000000e+00 
  887.000  1.000000e+00 
  888.000  1.000000e+00 
  889.000  1.000000e+00 
  890.000  1.000000e+00 
  891.000  1.000000e+00 
  892.000  1.000000e+00 
  893.000  1.000000e+00 
  894.000  1.000000e+00 
  895.000  9.999999e-01 
  896.000  9.999999e-01 
  897.000  1.000000e+00 
  898.000  9.999998e-01 
  899.000  1.000000e+00 
  900.000  1.000000e+00 
  901.000  1.000000e+00 
  902.000  1.000000e+00 
  903.000  9.999999e-01 
  904.000  1.000000e+00 
  905.000  1.000000e+00 
  906.000  1.000000e+00 
  907.000  9.999998e-01 
  908.000  1.000000e+00 
  909.000  1.000000e+00 
  910.000  1.000000e+00 
  911.000  1.000000e+00 
  912.000  9.999998e-01 
  913.000  1.000000e+00 
  914.000  1.000000e+00 
  915.000  1.000000e+00 
  916.000  1.000000e+00 
  917.000  9.999999e-01 
  918.000  1.000000e+00 
  919.000  1.000000e+00 
  920.000  1.000000e+00 
  921.000  1.000000e+00 
  922.000  9.999998e-01 
  923.000  1.000000e+00 
  924.000  1.000000e+00 
  925.000  1.000000e+00 
  926.000  1.000000e+00 
  927.000  1.000000e+00 
  928.000  1.000000e+00 
  929.000  1.000000e+00 
  930.000  1.000000e+00 
  931.000  1.000000e+00 
  932.000  1.000000e+00 
  933.000  1.000000e+00 
  934.000  1.000000e+00 
  935.000  1.000000e+00 
  936.000  9.999999e-01 
  937.000  9.999999e-01 
  938.000  9.999999e-01 
  939.000  1.000000e+00 
  940.000  1.000000e+00 
  941.000  1.000000e+00 
  942.000  1.000000e+00 
  943.000  9.999999e-01 
  944.000  1.000000e+00 
  945.000  1.000000e+00 
  946.000  1.000000e+00 
  947.000  9.998999e-01 
  948.000  9.999815e-01 
  949.000  9.999744e-01 
  950.000  9.999744e-01 
  951.000  9.999472e-01 
  952.000  9.999993e-01 
  953.000  1.000000e+00 
  954.000  1.000000e+00 
  955.000  9.999997e-01 
  956.000  1.000000e+00 
  957.000  1.000000e+00 
  958.000  1.000000e+00 
  959.000  9.999999e-01 
  960.000  1.000000e+00 
  961.000  1.000000e+00 
  962.000  1.000000e+00 
  963.000  9.999999e-01 
  964.000  1.000000e+00 
  965.000  1.000000e+00 
  966.000  1.000000e+00 
  967.000  9.999999e-01 
  968.000  9.999999e-01 
  969.000  1.000000e+00 
  970.000  1.000000e+00 
  971.000  1.000000e+00 
  972.000  1.000000e+00 
  973.000  9.999999e-01 
  974.000  1.000000e+00 
  975.000  1.000000e+00 
  976.000  1.000000e+00 
  977.000  1.000000e+00 
  978.000  1.000000e+00 
  979.000  1.000000e+00 
  980.000  1.000000e+00 
  981.000  9.999999e-01 
  982.000  9.999999e-01 
  983.000  1.000000e+00 
  984.000  1.000000e+00 
  985.000  1.000000e+00 
  986.000  1.000000e+00 
  987.000  1.000000e+00 
  988.000  1.000000e+00 
  989.000  9.999999e-01 
  990.000  1.000000e+00 
  991.000  1.000000e+00 
  992.000  1.000000e+00 
  993.000  1.000000e+00 
  994.000  1.000000e+00 
  995.000  1.000000e+00 
  996.000  1.000000e+00 
  997.000  1.000000e+00 
  998.000  1.000000e+00 
  999.000  9.999999e-01 
 1000.000  9.999999e-01 
 1001.000  1.000000e+00 
 1002.000  1.000000e+00 
 1003.000  1.000000e+00 
 1004.000  1.000000e+00 
 1005.000  1.000000e+00 
 1006.000  1.000000e+00 
 1007.000  9.999999e-01 
 1008.000  9.999999e-01 
 1009.000  9.999999e-01 
 1010.000  9.999999e-01 
 1011.000  9.999998e-01 
 1012.000  9.999998e-01 
 1013.000  9.999995e-01 
 1014.000  9.999989e-01 
 1015.000  9.999989e-01 
 1016.000  9.999983e-01 
 1017.000  9.999965e-01 
 1018.000  9.999965e-01 
 1019.000  9.999940e-01 
 1020.000  9.999900e-01 
 1021.000  9.999900e-01 
 1022.000  9.999814e-01 
 1023.000  9.999814e-01 
 1024.000  9.999756e-01 
 1025.000  9.999544e-01 
 1026.000  9.999544e-01 
 1027.000  9.999315e-01 
 1028.000  9.999017e-01 
 1029.000  9.999017e-01 
 1030.000  9.998289e-01 
 1031.000  9.997842e-01 
 1032.000  9.997842e-01 
 1033.000  9.996586e-01 
 1034.000  9.996586e-01 
 1035.000  9.995294e-01 
 1036.000  9.990634e-01 
 1037.000  9.990634e-01 
 1038.000  9.989994e-01 
 1039.000  9.985037e-01 
 1040.000  9.985037e-01 
 1041.000  9.981343e-01 
 1042.000  9.981343e-01 
 1043.000  9.976898e-01 
 1044.000  9.970284e-01 
 1045.000  9.970284e-01 
 1046.000  9.961216e-01 
 1047.000  9.961216e-01 
 1048.000  9.952187e-01 
 1049.000  9.934226e-01 
 1050.000  9.934226e-01 
 1051.000  9.926136e-01 
 1052.000  9.926136e-01 
 1053.000  9.913858e-01 
 1054.000  9.903449e-01 
 1055.000  9.903449e-01 
 1056.000  9.891241e-01 
 1057.000  9.891241e-01 
 1058.000  9.880337e-01 
 1059.000  9.869409e-01 
 1060.000  9.869409e-01 
 1061.000  9.862465e-01 
 1062.000  9.862465e-01 
 1063.000  9.851010e-01 
 1064.000  9.846517e-01 
 1065.000  9.846517e-01 
 1066.000  9.853917e-01 
 1067.000  9.853917e-01 
 1068.000  9.847646e-01 
 1069.000  9.864259e-01 
 1070.000  9.864259e-01 
 1071.000  9.874812e-01 
 1072.000  9.874812e-01 
 1073.000  9.885492e-01 
 1074.000  9.885492e-01 
 1075.000  9.898411e-01 
 1076.000  9.910940e-01 
 1077.000  9.910940e-01 
 1078.000  9.925502e-01 
 1079.000  9.925502e-01 
 1080.000  9.935606e-01 
 1081.000  9.935606e-01 
 1082.000  9.949887e-01 
 1083.000  9.959872e-01 
 1084.000  9.959872e-01 
 1085.000  9.964638e-01 
 1086.000  9.964638e-01 
 1087.000  9.974982e-01 
 1088.000  9.974982e-01 
 1089.000  9.983597e-01 
 1090.000  9.987411e-01 
 1091.000  9.987411e-01 
 1092.000  9.991792e-01 
 1093.000  9.991792e-01 
 1094.000  9.992545e-01 
 1095.000  9.992545e-01 
 1096.000  9.995137e-01 
 1097.000  9.995137e-01 
 1098.000  9.997364e-01 
 1099.000  9.998148e-01 
 1100.000  9.998148e-01 
 1101.000  9.998896e-01 
 1102.000  9.998896e-01 
 1103.000  9.999238e-01 
 1104.000  9.999238e-01 
 1105.000  9.999465e-01 
 1106.000  9.999465e-01 
 1107.000  9.999228e-01 
 1108.000  9.999228e-01 
 1109.000  9.997755e-01 
 1110.000  9.998537e-01 
 1111.000  9.998537e-01 
 1112.000  9.996567e-01 
 1113.000  9.996567e-01 
 1114.000  9.995329e-01 
 1115.000  9.995329e-01 
 1116.000  9.989346e-01 
 1117.000  9.989346e-01 
 1118.000  9.989722e-01 
 1119.000  9.989722e-01 
 1120.000  9.993479e-01 
 1121.000  9.993479e-01 
 1122.000  9.959601e-01 
 1123.000  9.967776e-01 
 1124.000  9.967776e-01 
 1125.000  9.977660e-01 
 1126.000  9.977660e-01 
 1127.000  9.965805e-01 
 1128.000  9.965805e-01 
 1129.000  9.973773e-01 
 1130.000  9.973773e-01 
 1131.000  9.982063e-01 
 1132.000  9.982063e-01 
 1133.000  9.967686e-01 
 1134.000  9.967686e-01 
 1135.000  9.965659e-01 
 1136.000  9.965659e-01 
 1137.000  9.978378e-01 
 1138.000  9.978378e-01 
 1139.000  9.988357e-01 
 1140.000  9.988357e-01 
 1141.000  9.988126e-01 
 1142.000  9.988126e-01 
 1143.000  9.979936e-01 
 1144.000  9.979936e-01 
 1145.000  9.985678e-01 
 1146.000  9.985678e-01 
 1147.000  9.980268e-01 
 1148.000  9.980268e-01 
 1149.000  9.971446e-01 
 1150.000  9.971446e-01 
 1151.000  9.964404e-01 
 1152.000  9.964404e-01 
 1153.000  9.927359e-01 
 1154.000  9.927359e-01 
 1155.000  9.932486e-01 
 1156.000  9.932486e-01 
 1157.000  9.944777e-01 
 1158.000  9.944777e-01 
 1159.000  9.971464e-01 
 1160.000  9.971464e-01 
 1161.000  9.943475e-01 
 1162.000  9.943475e-01 
 1163.000  9.932502e-01 
 1164.000  9.932502e-01 
 1165.000  9.948788e-01 
 1166.000  9.948788e-01 
 1167.000  9.961255e-01 
 1168.000  9.961255e-01 
 1169.000  9.955348e-01 
 1170.000  9.955348e-01 
 1171.000  9.966658e-01 
 1172.000  9.966658e-01 
 1173.000  9.968076e-01 
 1174.000  9.968076e-01 
 1175.000  9.978943e-01 
 1176.000  9.978943e-01 
 1177.000  9.982755e-01 
 1178.000  9.982755e-01 
 1179.000  9.985340e-01 
 1180.000  9.985340e-01 
 1181.000  9.986170e-01 
 1182.000  9.986170e-01 
 1183.000  9.991332e-01 
 1184.000  9.991332e-01 
 1185.000  9.990669e-01 
 1186.000  9.990669e-01 
 1187.000  9.976985e-01 
 1188.000  9.976985e-01 
 1189.000  9.976985e-01 
 1190.000  9.992204e-01 
 1191.000  9.992204e-01 
 1192.000  9.989766e-01 
 1193.000  9.989766e-01 
 1194.000  9.994434e-01 
 1195.000  9.994434e-01 
 1196.000  9.996990e-01 
 1197.000  9.996990e-01 
 1198.000  9.996582e-01 
 1199.000  9.996582e-01 
 1200.000  9.995154e-01 
