  250.000  9.997314e-01 
  251.000  9.998014e-01 
  252.000  9.998115e-01 
  253.000  9.998022e-01 
  254.000  9.997919e-01 
  255.000  9.997908e-01 
  256.000  9.997800e-01 
  257.000  9.997821e-01 
  258.000  9.997635e-01 
  259.000  9.997506e-01 
  260.000  9.997495e-01 
  261.000  9.997441e-01 
  262.000  9.997397e-01 
  263.000  9.997070e-01 
  264.000  9.997030e-01 
  265.000  9.996880e-01 
  266.000  9.996903e-01 
  267.000  9.996747e-01 
  268.000  9.996642e-01 
  269.000  9.996114e-01 
  270.000  9.996189e-01 
  271.000  9.996195e-01 
  272.000  9.996151e-01 
  273.000  9.995537e-01 
  274.000  9.995363e-01 
  275.000  9.995216e-01 
  276.000  9.995329e-01 
  277.000  9.994974e-01 
  278.000  9.994779e-01 
  279.000  9.994264e-01 
  280.000  9.993948e-01 
  281.000  9.993797e-01 
  282.000  9.993874e-01 
  283.000  9.993873e-01 
  284.000  9.992835e-01 
  285.000  9.992463e-01 
  286.000  9.991962e-01 
  287.000  9.992241e-01 
  288.000  9.992199e-01 
  289.000  9.991699e-01 
  290.000  9.990928e-01 
  291.000  9.990625e-01 
  292.000  9.989761e-01 
  293.000  9.989858e-01 
  294.000  9.990226e-01 
  295.000  9.988940e-01 
  296.000  9.989532e-01 
  297.000  9.987274e-01 
  298.000  9.987082e-01 
  299.000  9.987284e-01 
  300.000  9.986995e-01 
  301.000  9.987265e-01 
  302.000  9.985354e-01 
  303.000  9.984084e-01 
  304.000  9.984129e-01 
  305.000  9.983374e-01 
  306.000  9.984113e-01 
  307.000  9.982404e-01 
  308.000  9.983154e-01 
  309.000  9.980601e-01 
  310.000  9.981217e-01 
  311.000  9.980072e-01 
  312.000  9.979670e-01 
  313.000  9.978383e-01 
  314.000  9.979176e-01 
  315.000  9.976432e-01 
  316.000  9.977589e-01 
  317.000  9.976233e-01 
  318.000  9.973879e-01 
  319.000  9.975304e-01 
  320.000  9.972731e-01 
  321.000  9.973723e-01 
  322.000  9.972747e-01 
  323.000  9.971163e-01 
  324.000  9.972042e-01 
  325.000  9.969625e-01 
  326.000  9.969138e-01 
  327.000  9.969116e-01 
  328.000  9.967654e-01 
  329.000  9.967844e-01 
  330.000  9.965654e-01 
  331.000  9.966874e-01 
  332.000  9.966607e-01 
  333.000  9.959039e-01 
  334.000  9.965399e-01 
  335.000  9.961210e-01 
  336.000  9.963182e-01 
  337.000  9.961984e-01 
  338.000  9.963387e-01 
  339.000  9.955146e-01 
  340.000  9.956576e-01 
  341.000  9.948725e-01 
  342.000  9.945001e-01 
  343.000  9.945291e-01 
  344.000  9.941605e-01 
  345.000  9.945269e-01 
  346.000  9.948488e-01 
  347.000  9.950700e-01 
  348.000  9.951568e-01 
  349.000  9.950032e-01 
  350.000  9.957026e-01 
  351.000  9.951042e-01 
  352.000  9.954242e-01 
  353.000  9.957529e-01 
  354.000  9.946417e-01 
  355.000  9.943370e-01 
  356.000  9.945922e-01 
  357.000  9.927312e-01 
  358.000  9.917979e-01 
  359.000  9.907711e-01 
  360.000  9.895645e-01 
  361.000  9.887087e-01 
  362.000  9.903839e-01 
  363.000  9.919505e-01 
  364.000  9.934577e-01 
  365.000  9.932928e-01 
  366.000  9.941010e-01 
  367.000  9.943526e-01 
  368.000  9.942070e-01 
  369.000  9.944454e-01 
  370.000  9.943287e-01 
  371.000  9.946893e-01 
  372.000  9.935583e-01 
  373.000  9.940722e-01 
  374.000  9.941859e-01 
  375.000  9.943724e-01 
  376.000  9.932251e-01 
  377.000  9.930879e-01 
  378.000  9.928144e-01 
  379.000  9.915103e-01 
  380.000  9.899657e-01 
  381.000  9.905157e-01 
  382.000  9.917453e-01 
  383.000  9.931446e-01 
  384.000  9.932210e-01 
  385.000  9.935456e-01 
  386.000  9.938203e-01 
  387.000  9.937372e-01 
  388.000  9.935894e-01 
  389.000  9.935549e-01 
  390.000  9.935374e-01 
  391.000  9.936882e-01 
  392.000  9.929159e-01 
  393.000  9.940339e-01 
  394.000  9.940432e-01 
  395.000  9.938973e-01 
  396.000  9.935272e-01 
  397.000  9.940995e-01 
  398.000  9.930028e-01 
  399.000  9.938200e-01 
  400.000  9.928246e-01 
  401.000  9.930483e-01 
  402.000  9.938639e-01 
  403.000  9.943412e-01 
  404.000  9.934230e-01 
  405.000  9.931401e-01 
  406.000  9.940592e-01 
  407.000  9.948465e-01 
  408.000  9.937730e-01 
  409.000  9.932443e-01 
  410.000  9.936731e-01 
  411.000  9.935352e-01 
  412.000  9.944001e-01 
  413.000  9.932538e-01 
  414.000  9.937328e-01 
  415.000  9.938395e-01 
  416.000  9.948639e-01 
  417.000  9.947518e-01 
  418.000  9.942047e-01 
  419.000  9.943664e-01 
  420.000  9.938125e-01 
  421.000  9.937381e-01 
  422.000  9.935753e-01 
  423.000  9.940358e-01 
  424.000  9.934534e-01 
  425.000  9.943089e-01 
  426.000  9.952107e-01 
  427.000  9.943981e-01 
  428.000  9.936314e-01 
  429.000  9.949083e-01 
  430.000  9.949112e-01 
  431.000  9.935742e-01 
  432.000  9.949221e-01 
  433.000  9.947171e-01 
  434.000  9.940097e-01 
  435.000  9.925435e-01 
  436.000  9.939990e-01 
  437.000  9.956182e-01 
  438.000  9.960035e-01 
  439.000  9.928781e-01 
  440.000  9.940900e-01 
  441.000  9.955234e-01 
  442.000  9.961208e-01 
  443.000  9.953941e-01 
  444.000  9.942458e-01 
  445.000  9.930773e-01 
  446.000  9.943113e-01 
  447.000  9.948199e-01 
  448.000  9.917330e-01 
  449.000  9.943998e-01 
  450.000  9.953688e-01 
  451.000  9.953548e-01 
  452.000  9.952945e-01 
  453.000  9.954580e-01 
  454.000  9.961701e-01 
  455.000  9.954434e-01 
  456.000  9.956796e-01 
  457.000  9.963998e-01 
  458.000  9.950801e-01 
  459.000  9.960450e-01 
  460.000  9.953883e-01 
  461.000  9.954847e-01 
  462.000  9.962463e-01 
  463.000  9.944025e-01 
  464.000  9.953754e-01 
  465.000  9.958799e-01 
  466.000  9.968049e-01 
  467.000  9.956928e-01 
  468.000  9.961023e-01 
  469.000  9.965604e-01 
  470.000  9.964450e-01 
  471.000  9.963216e-01 
  472.000  9.952677e-01 
  473.000  9.939279e-01 
  474.000  9.907959e-01 
  475.000  9.891770e-01 
  476.000  9.882753e-01 
  477.000  9.879200e-01 
  478.000  9.880767e-01 
  479.000  9.890703e-01 
  480.000  9.903081e-01 
  481.000  9.931694e-01 
  482.000  9.952790e-01 
  483.000  9.969324e-01 
  484.000  9.971915e-01 
  485.000  9.971538e-01 
  486.000  9.971588e-01 
  487.000  9.974865e-01 
  488.000  9.967537e-01 
  489.000  9.957977e-01 
  490.000  9.968160e-01 
  491.000  9.975398e-01 
  492.000  9.974316e-01 
  493.000  9.973119e-01 
  494.000  9.967676e-01 
  495.000  9.967488e-01 
  496.000  9.967735e-01 
  497.000  9.973462e-01 
  498.000  9.978920e-01 
  499.000  9.983268e-01 
  500.000  9.984980e-01 
  501.000  9.982442e-01 
  502.000  9.977782e-01 
  503.000  9.973978e-01 
  504.000  9.978601e-01 
  505.000  9.967774e-01 
  506.000  9.977222e-01 
  507.000  9.979791e-01 
  508.000  9.980162e-01 
  509.000  9.974890e-01 
  510.000  9.973582e-01 
  511.000  9.975488e-01 
  512.000  9.977303e-01 
  513.000  9.980645e-01 
  514.000  9.983066e-01 
  515.000  9.985265e-01 
  516.000  9.985746e-01 
  517.000  9.986975e-01 
  518.000  9.985356e-01 
  519.000  9.981477e-01 
  520.000  9.980946e-01 
  521.000  9.985304e-01 
  522.000  9.985132e-01 
  523.000  9.983289e-01 
  524.000  9.982638e-01 
  525.000  9.975417e-01 
  526.000  9.973594e-01 
  527.000  9.976378e-01 
  528.000  9.973272e-01 
  529.000  9.974111e-01 
  530.000  9.973040e-01 
  531.000  9.971390e-01 
  532.000  9.970421e-01 
  533.000  9.971119e-01 
  534.000  9.974837e-01 
  535.000  9.977657e-01 
  536.000  9.981827e-01 
  537.000  9.984445e-01 
  538.000  9.983246e-01 
  539.000  9.983272e-01 
  540.000  9.987926e-01 
  541.000  9.989937e-01 
  542.000  9.985629e-01 
  543.000  9.984370e-01 
  544.000  9.987078e-01 
  545.000  9.985051e-01 
  546.000  9.987834e-01 
  547.000  9.989604e-01 
  548.000  9.987607e-01 
  549.000  9.986928e-01 
  550.000  9.989636e-01 
  551.000  9.990604e-01 
  552.000  9.991091e-01 
  553.000  9.988080e-01 
  554.000  9.990546e-01 
  555.000  9.993079e-01 
  556.000  9.994258e-01 
  557.000  9.993785e-01 
  558.000  9.993424e-01 
  559.000  9.994935e-01 
  560.000  9.994032e-01 
  561.000  9.992746e-01 
  562.000  9.991752e-01 
  563.000  9.988772e-01 
  564.000  9.984594e-01 
  565.000  9.982272e-01 
  566.000  9.981966e-01 
  567.000  9.977437e-01 
  568.000  9.968958e-01 
  569.000  9.953485e-01 
  570.000  9.931960e-01 
  571.000  9.914528e-01 
  572.000  9.902132e-01 
  573.000  9.883556e-01 
  574.000  9.868936e-01 
  575.000  9.853438e-01 
  576.000  9.844254e-01 
  577.000  9.841359e-01 
  578.000  9.843977e-01 
  579.000  9.852341e-01 
  580.000  9.861969e-01 
  581.000  9.881724e-01 
  582.000  9.901800e-01 
  583.000  9.917967e-01 
  584.000  9.941742e-01 
  585.000  9.950418e-01 
  586.000  9.964146e-01 
  587.000  9.969311e-01 
  588.000  9.980646e-01 
  589.000  9.986116e-01 
  590.000  9.989094e-01 
  591.000  9.991340e-01 
  592.000  9.990780e-01 
  593.000  9.991304e-01 
  594.000  9.995357e-01 
  595.000  9.997085e-01 
  596.000  9.996947e-01 
  597.000  9.997141e-01 
  598.000  9.996781e-01 
  599.000  9.996216e-01 
  600.000  9.995432e-01 
  601.000  9.995539e-01 
  602.000  9.996623e-01 
  603.000  9.997895e-01 
  604.000  9.998417e-01 
  605.000  9.998466e-01 
  606.000  9.998490e-01 
  607.000  9.998286e-01 
  608.000  9.998040e-01 
  609.000  9.998056e-01 
  610.000  9.997924e-01 
  611.000  9.997452e-01 
  612.000  9.994273e-01 
  613.000  9.994840e-01 
  614.000  9.994278e-01 
  615.000  9.993823e-01 
  616.000  9.990302e-01 
  617.000  9.987242e-01 
  618.000  9.984822e-01 
  619.000  9.980837e-01 
  620.000  9.972528e-01 
  621.000  9.964148e-01 
  622.000  9.960370e-01 
  623.000  9.945460e-01 
  624.000  9.938160e-01 
  625.000  9.929753e-01 
  626.000  9.916192e-01 
  627.000  9.906263e-01 
  628.000  9.665012e-01 
  629.000  9.755509e-01 
  630.000  9.800204e-01 
  631.000  9.870092e-01 
  632.000  9.900051e-01 
  633.000  9.908569e-01 
  634.000  9.921925e-01 
  635.000  9.925269e-01 
  636.000  9.938297e-01 
  637.000  9.952379e-01 
  638.000  9.958807e-01 
  639.000  9.967589e-01 
  640.000  9.971517e-01 
  641.000  9.980980e-01 
  642.000  9.985374e-01 
  643.000  9.988512e-01 
  644.000  9.991959e-01 
  645.000  9.994681e-01 
  646.000  9.995632e-01 
  647.000  9.995841e-01 
  648.000  9.996456e-01 
  649.000  9.998413e-01 
  650.000  9.998546e-01 
  651.000  9.998525e-01 
  652.000  9.998867e-01 
  653.000  9.998975e-01 
  654.000  9.999137e-01 
  655.000  9.999098e-01 
  656.000  9.999049e-01 
  657.000  9.999301e-01 
  658.000  9.999396e-01 
  659.000  9.999330e-01 
  660.000  9.999403e-01 
  661.000  9.999630e-01 
  662.000  9.999633e-01 
  663.000  9.999681e-01 
  664.000  9.999671e-01 
  665.000  9.999495e-01 
  666.000  9.999340e-01 
  667.000  9.999220e-01 
  668.000  9.998942e-01 
  669.000  9.999093e-01 
  670.000  9.998879e-01 
  671.000  9.999164e-01 
  672.000  9.999118e-01 
  673.000  9.998670e-01 
  674.000  9.998961e-01 
  675.000  9.998989e-01 
  676.000  9.999052e-01 
  677.000  9.998999e-01 
  678.000  9.999366e-01 
  679.000  9.999402e-01 
  680.000  9.999378e-01 
  681.000  9.999406e-01 
  682.000  9.999567e-01 
  683.000  9.999483e-01 
  684.000  9.999568e-01 
  685.000  9.999552e-01 
  686.000  9.999113e-01 
  687.000  6.716384e-01 
  688.000  8.527713e-01 
  689.000  8.925514e-01 
  690.000  9.254978e-01 
  691.000  9.455805e-01 
  692.000  9.833269e-01 
  693.000  9.881933e-01 
  694.000  9.999330e-01 
  695.000  9.999602e-01 
  696.000  9.999571e-01 
  697.000  9.999806e-01 
  698.000  9.999824e-01 
  699.000  9.999245e-01 
  700.000  9.999758e-01 
  701.000  9.999765e-01 
  702.000  9.999754e-01 
  703.000  9.999688e-01 
  704.000  9.999565e-01 
  705.000  9.999435e-01 
  706.000  9.999548e-01 
  707.000  9.999310e-01 
  708.000  9.999604e-01 
  709.000  9.999647e-01 
  710.000  9.999622e-01 
  711.000  9.999589e-01 
  712.000  9.999515e-01 
  713.000  9.999591e-01 
  714.000  9.999528e-01 
  715.000  9.999682e-01 
  716.000  9.999779e-01 
  717.000  9.999796e-01 
  718.000  9.999838e-01 
  719.000  9.999849e-01 
  720.000  9.999875e-01 
  721.000  9.999813e-01 
  722.000  9.999800e-01 
  723.000  9.999778e-01 
  724.000  9.999787e-01 
  725.000  9.999877e-01 
  726.000  9.999906e-01 
  727.000  9.999903e-01 
  728.000  9.999906e-01 
  729.000  9.999919e-01 
  730.000  9.999920e-01 
  731.000  9.999919e-01 
  732.000  9.999914e-01 
  733.000  9.999914e-01 
  734.000  9.999864e-01 
  735.000  9.999845e-01 
  736.000  9.999863e-01 
  737.000  9.999871e-01 
  738.000  9.999881e-01 
  739.000  9.999845e-01 
  740.000  9.999876e-01 
  741.000  9.999855e-01 
  742.000  9.999863e-01 
  743.000  9.999821e-01 
  744.000  9.999777e-01 
  745.000  9.999685e-01 
  746.000  9.999642e-01 
  747.000  9.999858e-01 
  748.000  9.999889e-01 
  749.000  9.999897e-01 
  750.000  9.999881e-01 
  751.000  9.999880e-01 
  752.000  9.999850e-01 
  753.000  9.999871e-01 
  754.000  9.999838e-01 
  755.000  9.999866e-01 
  756.000  9.999839e-01 
  757.000  9.999882e-01 
  758.000  9.999890e-01 
  759.000  9.879397e-01 
  760.000  3.254110e-01 
  761.000  2.160926e-01 
  762.000  6.296191e-01 
  763.000  5.166394e-01 
  764.000  5.902050e-01 
  765.000  7.324228e-01 
  766.000  8.680233e-01 
  767.000  9.187312e-01 
  768.000  9.764208e-01 
  769.000  9.916287e-01 
  770.000  9.911957e-01 
  771.000  9.979728e-01 
  772.000  9.998814e-01 
  773.000  9.998764e-01 
  774.000  9.998919e-01 
  775.000  9.999026e-01 
  776.000  9.999217e-01 
  777.000  9.999729e-01 
  778.000  9.999950e-01 
  779.000  9.999948e-01 
  780.000  9.999954e-01 
  781.000  9.999956e-01 
  782.000  9.999940e-01 
  783.000  9.999932e-01 
  784.000  9.999907e-01 
  785.000  9.999923e-01 
  786.000  9.999940e-01 
  787.000  9.999939e-01 
  788.000  9.999936e-01 
  789.000  9.999837e-01 
  790.000  9.999772e-01 
  791.000  9.999893e-01 
  792.000  9.999920e-01 
  793.000  9.999933e-01 
  794.000  1.000000e+00 
  795.000  1.000000e+00 
  796.000  1.000000e+00 
  797.000  9.999998e-01 
  798.000  1.000000e+00 
  799.000  1.000000e+00 
  800.000  1.000000e+00 
  801.000  1.000000e+00 
  802.000  1.000000e+00 
  803.000  9.999999e-01 
  804.000  1.000000e+00 
  805.000  1.000000e+00 
  806.000  9.999999e-01 
  807.000  9.999999e-01 
  808.000  1.000000e+00 
  809.000  9.999998e-01 
  810.000  9.999998e-01 
  811.000  1.000000e+00 
  812.000  1.000000e+00 
  813.000  1.000000e+00 
  814.000  9.999998e-01 
  815.000  9.999999e-01 
  816.000  1.000000e+00 
  817.000  9.999999e-01 
  818.000  1.000000e+00 
  819.000  1.000000e+00 
  820.000  1.000000e+00 
  821.000  1.000000e+00 
  822.000  9.999999e-01 
  823.000  1.000000e+00 
  824.000  1.000000e+00 
  825.000  9.999999e-01 
  826.000  1.000000e+00 
  827.000  1.000000e+00 
  828.000  1.000000e+00 
  829.000  1.000000e+00 
  830.000  1.000000e+00 
  831.000  1.000000e+00 
  832.000  9.999998e-01 
  833.000  1.000000e+00 
  834.000  1.000000e+00 
  835.000  1.000000e+00 
  836.000  1.000000e+00 
  837.000  1.000000e+00 
  838.000  1.000000e+00 
  839.000  1.000000e+00 
  840.000  1.000000e+00 
  841.000  1.000000e+00 
  842.000  1.000000e+00 
  843.000  1.000000e+00 
  844.000  1.000000e+00 
  845.000  1.000000e+00 
  846.000  1.000000e+00 
  847.000  1.000000e+00 
  848.000  1.000000e+00 
  849.000  1.000000e+00 
  850.000  1.000000e+00 
  851.000  9.999999e-01 
  852.000  1.000000e+00 
  853.000  1.000000e+00 
  854.000  1.000000e+00 
  855.000  1.000000e+00 
  856.000  1.000000e+00 
  857.000  1.000000e+00 
  858.000  1.000000e+00 
  859.000  1.000000e+00 
  860.000  1.000000e+00 
  861.000  9.999998e-01 
  862.000  9.999951e-01 
  863.000  9.996253e-01 
  864.000  9.999994e-01 
  865.000  9.999994e-01 
  866.000  9.999033e-01 
  867.000  9.999871e-01 
  868.000  9.999025e-01 
  869.000  9.997965e-01 
  870.000  9.999920e-01 
  871.000  9.999056e-01 
  872.000  9.999973e-01 
  873.000  9.999968e-01 
  874.000  9.999968e-01 
  875.000  9.999998e-01 
  876.000  1.000000e+00 
  877.000  1.000000e+00 
  878.000  1.000000e+00 
  879.000  1.000000e+00 
  880.000  1.000000e+00 
  881.000  1.000000e+00 
  882.000  1.000000e+00 
  883.000  1.000000e+00 
  884.000  1.000000e+00 
  885.000  1.000000e+00 
  886.000  9.999998e-01 
  887.000  1.000000e+00 
  888.000  1.000000e+00 
  889.000  1.000000e+00 
  890.000  1.000000e+00 
  891.000  1.000000e+00 
  892.000  1.000000e+00 
  893.000  9.999999e-01 
  894.000  9.999999e-01 
  895.000  1.000000e+00 
  896.000  1.000000e+00 
  897.000  1.000000e+00 
  898.000  9.999999e-01 
  899.000  1.000000e+00 
  900.000  1.000000e+00 
  901.000  1.000000e+00 
  902.000  1.000000e+00 
  903.000  1.000000e+00 
  904.000  1.000000e+00 
  905.000  1.000000e+00 
  906.000  1.000000e+00 
  907.000  9.999998e-01 
  908.000  1.000000e+00 
  909.000  1.000000e+00 
  910.000  9.999998e-01 
  911.000  9.999998e-01 
  912.000  1.000000e+00 
  913.000  9.999999e-01 
  914.000  1.000000e+00 
  915.000  1.000000e+00 
  916.000  1.000000e+00 
  917.000  9.999999e-01 
  918.000  9.999999e-01 
  919.000  1.000000e+00 
  920.000  1.000000e+00 
  921.000  1.000000e+00 
  922.000  9.999998e-01 
  923.000  1.000000e+00 
  924.000  9.999999e-01 
  925.000  9.999999e-01 
  926.000  1.000000e+00 
  927.000  1.000000e+00 
  928.000  1.000000e+00 
  929.000  1.000000e+00 
  930.000  1.000000e+00 
  931.000  1.000000e+00 
  932.000  1.000000e+00 
  933.000  1.000000e+00 
  934.000  1.000000e+00 
  935.000  1.000000e+00 
  936.000  9.999999e-01 
  937.000  9.999999e-01 
  938.000  9.999999e-01 
  939.000  1.000000e+00 
  940.000  9.999999e-01 
  941.000  1.000000e+00 
  942.000  1.000000e+00 
  943.000  9.999998e-01 
  944.000  1.000000e+00 
  945.000  1.000000e+00 
  946.000  1.000000e+00 
  947.000  9.998822e-01 
  948.000  9.999781e-01 
  949.000  9.999701e-01 
  950.000  9.999701e-01 
  951.000  9.999378e-01 
  952.000  9.999993e-01 
  953.000  1.000000e+00 
  954.000  1.000000e+00 
  955.000  9.999996e-01 
  956.000  1.000000e+00 
  957.000  1.000000e+00 
  958.000  1.000000e+00 
  959.000  9.999998e-01 
  960.000  9.999998e-01 
  961.000  9.999998e-01 
  962.000  9.999999e-01 
  963.000  1.000000e+00 
  964.000  1.000000e+00 
  965.000  1.000000e+00 
  966.000  1.000000e+00 
  967.000  1.000000e+00 
  968.000  1.000000e+00 
  969.000  1.000000e+00 
  970.000  9.999999e-01 
  971.000  9.999999e-01 
  972.000  9.999999e-01 
  973.000  9.999999e-01 
  974.000  1.000000e+00 
  975.000  1.000000e+00 
  976.000  1.000000e+00 
  977.000  9.999999e-01 
  978.000  1.000000e+00 
  979.000  1.000000e+00 
  980.000  1.000000e+00 
  981.000  1.000000e+00 
  982.000  1.000000e+00 
  983.000  1.000000e+00 
  984.000  1.000000e+00 
  985.000  1.000000e+00 
  986.000  1.000000e+00 
  987.000  1.000000e+00 
  988.000  1.000000e+00 
  989.000  9.999999e-01 
  990.000  1.000000e+00 
  991.000  1.000000e+00 
  992.000  1.000000e+00 
  993.000  1.000000e+00 
  994.000  1.000000e+00 
  995.000  9.999999e-01 
  996.000  1.000000e+00 
  997.000  1.000000e+00 
  998.000  1.000000e+00 
  999.000  1.000000e+00 
 1000.000  1.000000e+00 
 1001.000  1.000000e+00 
 1002.000  9.999999e-01 
 1003.000  9.999999e-01 
 1004.000  1.000000e+00 
 1005.000  1.000000e+00 
 1006.000  1.000000e+00 
 1007.000  1.000000e+00 
 1008.000  9.999999e-01 
 1009.000  9.999999e-01 
 1010.000  9.999996e-01 
 1011.000  9.999998e-01 
 1012.000  9.999998e-01 
 1013.000  9.999994e-01 
 1014.000  9.999987e-01 
 1015.000  9.999987e-01 
 1016.000  9.999981e-01 
 1017.000  9.999958e-01 
 1018.000  9.999958e-01 
 1019.000  9.999928e-01 
 1020.000  9.999883e-01 
 1021.000  9.999883e-01 
 1022.000  9.999781e-01 
 1023.000  9.999781e-01 
 1024.000  9.999713e-01 
 1025.000  9.999461e-01 
 1026.000  9.999461e-01 
 1027.000  9.999193e-01 
 1028.000  9.998842e-01 
 1029.000  9.998842e-01 
 1030.000  9.997988e-01 
 1031.000  9.997460e-01 
 1032.000  9.997460e-01 
 1033.000  9.995984e-01 
 1034.000  9.995984e-01 
 1035.000  9.994466e-01 
 1036.000  9.988982e-01 
 1037.000  9.988982e-01 
 1038.000  9.988232e-01 
 1039.000  9.982401e-01 
 1040.000  9.982401e-01 
 1041.000  9.978057e-01 
 1042.000  9.978057e-01 
 1043.000  9.972828e-01 
 1044.000  9.965052e-01 
 1045.000  9.965052e-01 
 1046.000  9.954391e-01 
 1047.000  9.954391e-01 
 1048.000  9.943780e-01 
 1049.000  9.922673e-01 
 1050.000  9.922673e-01 
 1051.000  9.913165e-01 
 1052.000  9.913165e-01 
 1053.000  9.898745e-01 
 1054.000  9.886522e-01 
 1055.000  9.886522e-01 
 1056.000  9.872185e-01 
 1057.000  9.872185e-01 
 1058.000  9.859383e-01 
 1059.000  9.846559e-01 
 1060.000  9.846559e-01 
 1061.000  9.838409e-01 
 1062.000  9.838409e-01 
 1063.000  9.824968e-01 
 1064.000  9.819697e-01 
 1065.000  9.819697e-01 
 1066.000  9.828377e-01 
 1067.000  9.828377e-01 
 1068.000  9.821021e-01 
 1069.000  9.840517e-01 
 1070.000  9.840517e-01 
 1071.000  9.852898e-01 
 1072.000  9.852898e-01 
 1073.000  9.865435e-01 
 1074.000  9.865435e-01 
 1075.000  9.880603e-01 
 1076.000  9.895317e-01 
 1077.000  9.895317e-01 
 1078.000  9.912425e-01 
 1079.000  9.912425e-01 
 1080.000  9.924291e-01 
 1081.000  9.924291e-01 
 1082.000  9.941075e-01 
 1083.000  9.952812e-01 
 1084.000  9.952812e-01 
 1085.000  9.958414e-01 
 1086.000  9.958414e-01 
 1087.000  9.970578e-01 
 1088.000  9.970578e-01 
 1089.000  9.980707e-01 
 1090.000  9.985193e-01 
 1091.000  9.985193e-01 
 1092.000  9.990343e-01 
 1093.000  9.990343e-01 
 1094.000  9.991230e-01 
 1095.000  9.991230e-01 
 1096.000  9.994279e-01 
 1097.000  9.994279e-01 
 1098.000  9.996899e-01 
 1099.000  9.997821e-01 
 1100.000  9.997821e-01 
 1101.000  9.998699e-01 
 1102.000  9.998699e-01 
 1103.000  9.999102e-01 
 1104.000  9.999102e-01 
 1105.000  9.999369e-01 
 1106.000  9.999369e-01 
 1107.000  9.999093e-01 
 1108.000  9.999093e-01 
 1109.000  9.997358e-01 
 1110.000  9.998280e-01 
 1111.000  9.998280e-01 
 1112.000  9.995964e-01 
 1113.000  9.995964e-01 
 1114.000  9.994504e-01 
 1115.000  9.994504e-01 
 1116.000  9.987469e-01 
 1117.000  9.987469e-01 
 1118.000  9.987912e-01 
 1119.000  9.987912e-01 
 1120.000  9.992329e-01 
 1121.000  9.992329e-01 
 1122.000  9.952533e-01 
 1123.000  9.962109e-01 
 1124.000  9.962109e-01 
 1125.000  9.973724e-01 
 1126.000  9.973724e-01 
 1127.000  9.959805e-01 
 1128.000  9.959805e-01 
 1129.000  9.969167e-01 
 1130.000  9.969167e-01 
 1131.000  9.978902e-01 
 1132.000  9.978902e-01 
 1133.000  9.962004e-01 
 1134.000  9.962004e-01 
 1135.000  9.959618e-01 
 1136.000  9.959618e-01 
 1137.000  9.974570e-01 
 1138.000  9.974570e-01 
 1139.000  9.986305e-01 
 1140.000  9.986305e-01 
 1141.000  9.986035e-01 
 1142.000  9.986035e-01 
 1143.000  9.976406e-01 
 1144.000  9.976406e-01 
 1145.000  9.983153e-01 
 1146.000  9.983153e-01 
 1147.000  9.976792e-01 
 1148.000  9.976792e-01 
 1149.000  9.966419e-01 
 1150.000  9.966419e-01 
 1151.000  9.958142e-01 
 1152.000  9.958142e-01 
 1153.000  9.914668e-01 
 1154.000  9.914668e-01 
 1155.000  9.920644e-01 
 1156.000  9.920644e-01 
 1157.000  9.935075e-01 
 1158.000  9.935075e-01 
 1159.000  9.966443e-01 
 1160.000  9.966443e-01 
 1161.000  9.933546e-01 
 1162.000  9.933546e-01 
 1163.000  9.920666e-01 
 1164.000  9.920666e-01 
 1165.000  9.939791e-01 
 1166.000  9.939791e-01 
 1167.000  9.954439e-01 
 1168.000  9.954439e-01 
 1169.000  9.947509e-01 
 1170.000  9.947509e-01 
 1171.000  9.960795e-01 
 1172.000  9.960795e-01 
 1173.000  9.962459e-01 
 1174.000  9.962459e-01 
 1175.000  9.975235e-01 
 1176.000  9.975235e-01 
 1177.000  9.979718e-01 
 1178.000  9.979718e-01 
 1179.000  9.982758e-01 
 1180.000  9.982758e-01 
 1181.000  9.983734e-01 
 1182.000  9.983734e-01 
 1183.000  9.989805e-01 
 1184.000  9.989805e-01 
 1185.000  9.989023e-01 
 1186.000  9.989023e-01 
 1187.000  9.972934e-01 
 1188.000  9.972934e-01 
 1189.000  9.972934e-01 
 1190.000  9.990829e-01 
 1191.000  9.990829e-01 
 1192.000  9.987964e-01 
 1193.000  9.987964e-01 
 1194.000  9.993452e-01 
 1195.000  9.993452e-01 
 1196.000  9.996459e-01 
 1197.000  9.996459e-01 
 1198.000  9.995981e-01 
 1199.000  9.995981e-01 
 1200.000  9.994300e-01 
