  250.000  9.998254e-01 
  251.000  9.998708e-01 
  252.000  9.998773e-01 
  253.000  9.998715e-01 
  254.000  9.998646e-01 
  255.000  9.998640e-01 
  256.000  9.998571e-01 
  257.000  9.998584e-01 
  258.000  9.998463e-01 
  259.000  9.998378e-01 
  260.000  9.998372e-01 
  261.000  9.998335e-01 
  262.000  9.998308e-01 
  263.000  9.998096e-01 
  264.000  9.998068e-01 
  265.000  9.997972e-01 
  266.000  9.997987e-01 
  267.000  9.997886e-01 
  268.000  9.997818e-01 
  269.000  9.997473e-01 
  270.000  9.997522e-01 
  271.000  9.997525e-01 
  272.000  9.997498e-01 
  273.000  9.997098e-01 
  274.000  9.996986e-01 
  275.000  9.996890e-01 
  276.000  9.996964e-01 
  277.000  9.996732e-01 
  278.000  9.996606e-01 
  279.000  9.996271e-01 
  280.000  9.996066e-01 
  281.000  9.995967e-01 
  282.000  9.996017e-01 
  283.000  9.996016e-01 
  284.000  9.995342e-01 
  285.000  9.995100e-01 
  286.000  9.994773e-01 
  287.000  9.994955e-01 
  288.000  9.994928e-01 
  289.000  9.994603e-01 
  290.000  9.994101e-01 
  291.000  9.993905e-01 
  292.000  9.993343e-01 
  293.000  9.993406e-01 
  294.000  9.993646e-01 
  295.000  9.992808e-01 
  296.000  9.993194e-01 
  297.000  9.991724e-01 
  298.000  9.991601e-01 
  299.000  9.991731e-01 
  300.000  9.991543e-01 
  301.000  9.991719e-01 
  302.000  9.990476e-01 
  303.000  9.989650e-01 
  304.000  9.989680e-01 
  305.000  9.989190e-01 
  306.000  9.989670e-01 
  307.000  9.988558e-01 
  308.000  9.989046e-01 
  309.000  9.987385e-01 
  310.000  9.987786e-01 
  311.000  9.987041e-01 
  312.000  9.986778e-01 
  313.000  9.985942e-01 
  314.000  9.986458e-01 
  315.000  9.984673e-01 
  316.000  9.985424e-01 
  317.000  9.984543e-01 
  318.000  9.983012e-01 
  319.000  9.983939e-01 
  320.000  9.982265e-01 
  321.000  9.982910e-01 
  322.000  9.982275e-01 
  323.000  9.981245e-01 
  324.000  9.981816e-01 
  325.000  9.980243e-01 
  326.000  9.979927e-01 
  327.000  9.979912e-01 
  328.000  9.978961e-01 
  329.000  9.979085e-01 
  330.000  9.977660e-01 
  331.000  9.978454e-01 
  332.000  9.978279e-01 
  333.000  9.973353e-01 
  334.000  9.977494e-01 
  335.000  9.974766e-01 
  336.000  9.976051e-01 
  337.000  9.975271e-01 
  338.000  9.976184e-01 
  339.000  9.970820e-01 
  340.000  9.971750e-01 
  341.000  9.966637e-01 
  342.000  9.964213e-01 
  343.000  9.964402e-01 
  344.000  9.962000e-01 
  345.000  9.964389e-01 
  346.000  9.966484e-01 
  347.000  9.967924e-01 
  348.000  9.968491e-01 
  349.000  9.967489e-01 
  350.000  9.972043e-01 
  351.000  9.968147e-01 
  352.000  9.970229e-01 
  353.000  9.972371e-01 
  354.000  9.965135e-01 
  355.000  9.963151e-01 
  356.000  9.964812e-01 
  357.000  9.952687e-01 
  358.000  9.946604e-01 
  359.000  9.939908e-01 
  360.000  9.932036e-01 
  361.000  9.926453e-01 
  362.000  9.937383e-01 
  363.000  9.947599e-01 
  364.000  9.957421e-01 
  365.000  9.956347e-01 
  366.000  9.961612e-01 
  367.000  9.963252e-01 
  368.000  9.962303e-01 
  369.000  9.963856e-01 
  370.000  9.963097e-01 
  371.000  9.965445e-01 
  372.000  9.958076e-01 
  373.000  9.961425e-01 
  374.000  9.962165e-01 
  375.000  9.963381e-01 
  376.000  9.955906e-01 
  377.000  9.955012e-01 
  378.000  9.953231e-01 
  379.000  9.944729e-01 
  380.000  9.934655e-01 
  381.000  9.938243e-01 
  382.000  9.946260e-01 
  383.000  9.955382e-01 
  384.000  9.955879e-01 
  385.000  9.957994e-01 
  386.000  9.959784e-01 
  387.000  9.959242e-01 
  388.000  9.958279e-01 
  389.000  9.958056e-01 
  390.000  9.957942e-01 
  391.000  9.958924e-01 
  392.000  9.953890e-01 
  393.000  9.961176e-01 
  394.000  9.961236e-01 
  395.000  9.960285e-01 
  396.000  9.957876e-01 
  397.000  9.961604e-01 
  398.000  9.954455e-01 
  399.000  9.959782e-01 
  400.000  9.953296e-01 
  401.000  9.954754e-01 
  402.000  9.960067e-01 
  403.000  9.963177e-01 
  404.000  9.957196e-01 
  405.000  9.955353e-01 
  406.000  9.961342e-01 
  407.000  9.966469e-01 
  408.000  9.959476e-01 
  409.000  9.956031e-01 
  410.000  9.958825e-01 
  411.000  9.957927e-01 
  412.000  9.963561e-01 
  413.000  9.956093e-01 
  414.000  9.959214e-01 
  415.000  9.959909e-01 
  416.000  9.966581e-01 
  417.000  9.965850e-01 
  418.000  9.962288e-01 
  419.000  9.963340e-01 
  420.000  9.959733e-01 
  421.000  9.959249e-01 
  422.000  9.958189e-01 
  423.000  9.961187e-01 
  424.000  9.957393e-01 
  425.000  9.962967e-01 
  426.000  9.968840e-01 
  427.000  9.963548e-01 
  428.000  9.958553e-01 
  429.000  9.966871e-01 
  430.000  9.966890e-01 
  431.000  9.958181e-01 
  432.000  9.966960e-01 
  433.000  9.965626e-01 
  434.000  9.961019e-01 
  435.000  9.951465e-01 
  436.000  9.960949e-01 
  437.000  9.971492e-01 
  438.000  9.974002e-01 
  439.000  9.953645e-01 
  440.000  9.961541e-01 
  441.000  9.970877e-01 
  442.000  9.974765e-01 
  443.000  9.970034e-01 
  444.000  9.962556e-01 
  445.000  9.954943e-01 
  446.000  9.962983e-01 
  447.000  9.966295e-01 
  448.000  9.946180e-01 
  449.000  9.963558e-01 
  450.000  9.969870e-01 
  451.000  9.969777e-01 
  452.000  9.969385e-01 
  453.000  9.970450e-01 
  454.000  9.975086e-01 
  455.000  9.970355e-01 
  456.000  9.971892e-01 
  457.000  9.976581e-01 
  458.000  9.967990e-01 
  459.000  9.974271e-01 
  460.000  9.969996e-01 
  461.000  9.970623e-01 
  462.000  9.975582e-01 
  463.000  9.963576e-01 
  464.000  9.969912e-01 
  465.000  9.973197e-01 
  466.000  9.979218e-01 
  467.000  9.971979e-01 
  468.000  9.974644e-01 
  469.000  9.977627e-01 
  470.000  9.976875e-01 
  471.000  9.976072e-01 
  472.000  9.969212e-01 
  473.000  9.960485e-01 
  474.000  9.940071e-01 
  475.000  9.929509e-01 
  476.000  9.923624e-01 
  477.000  9.921304e-01 
  478.000  9.922327e-01 
  479.000  9.928813e-01 
  480.000  9.936889e-01 
  481.000  9.955543e-01 
  482.000  9.969284e-01 
  483.000  9.980047e-01 
  484.000  9.981734e-01 
  485.000  9.981488e-01 
  486.000  9.981521e-01 
  487.000  9.983654e-01 
  488.000  9.978884e-01 
  489.000  9.972662e-01 
  490.000  9.979290e-01 
  491.000  9.984000e-01 
  492.000  9.983296e-01 
  493.000  9.982518e-01 
  494.000  9.978976e-01 
  495.000  9.978853e-01 
  496.000  9.979013e-01 
  497.000  9.982740e-01 
  498.000  9.986292e-01 
  499.000  9.989120e-01 
  500.000  9.990233e-01 
  501.000  9.988583e-01 
  502.000  9.985551e-01 
  503.000  9.983076e-01 
  504.000  9.986085e-01 
  505.000  9.979039e-01 
  506.000  9.985187e-01 
  507.000  9.986858e-01 
  508.000  9.987100e-01 
  509.000  9.983670e-01 
  510.000  9.982818e-01 
  511.000  9.984059e-01 
  512.000  9.985239e-01 
  513.000  9.987413e-01 
  514.000  9.988989e-01 
  515.000  9.990419e-01 
  516.000  9.990731e-01 
  517.000  9.991530e-01 
  518.000  9.990478e-01 
  519.000  9.987955e-01 
  520.000  9.987609e-01 
  521.000  9.990444e-01 
  522.000  9.990332e-01 
  523.000  9.989133e-01 
  524.000  9.988710e-01 
  525.000  9.984012e-01 
  526.000  9.982826e-01 
  527.000  9.984637e-01 
  528.000  9.982617e-01 
  529.000  9.983162e-01 
  530.000  9.982466e-01 
  531.000  9.981392e-01 
  532.000  9.980761e-01 
  533.000  9.981216e-01 
  534.000  9.983635e-01 
  535.000  9.985471e-01 
  536.000  9.988182e-01 
  537.000  9.989885e-01 
  538.000  9.989105e-01 
  539.000  9.989123e-01 
  540.000  9.992148e-01 
  541.000  9.993457e-01 
  542.000  9.990655e-01 
  543.000  9.989836e-01 
  544.000  9.991598e-01 
  545.000  9.990279e-01 
  546.000  9.992090e-01 
  547.000  9.993240e-01 
  548.000  9.991941e-01 
  549.000  9.991501e-01 
  550.000  9.993262e-01 
  551.000  9.993892e-01 
  552.000  9.994208e-01 
  553.000  9.992250e-01 
  554.000  9.993853e-01 
  555.000  9.995500e-01 
  556.000  9.996268e-01 
  557.000  9.995959e-01 
  558.000  9.995725e-01 
  559.000  9.996707e-01 
  560.000  9.996120e-01 
  561.000  9.995283e-01 
  562.000  9.994637e-01 
  563.000  9.992700e-01 
  564.000  9.989983e-01 
  565.000  9.988472e-01 
  566.000  9.988273e-01 
  567.000  9.985327e-01 
  568.000  9.979811e-01 
  569.000  9.969738e-01 
  570.000  9.955716e-01 
  571.000  9.944354e-01 
  572.000  9.936270e-01 
  573.000  9.924148e-01 
  574.000  9.914601e-01 
  575.000  9.904479e-01 
  576.000  9.898475e-01 
  577.000  9.896584e-01 
  578.000  9.898295e-01 
  579.000  9.903762e-01 
  580.000  9.910052e-01 
  581.000  9.922953e-01 
  582.000  9.936053e-01 
  583.000  9.946596e-01 
  584.000  9.962090e-01 
  585.000  9.967740e-01 
  586.000  9.976678e-01 
  587.000  9.980039e-01 
  588.000  9.987415e-01 
  589.000  9.990972e-01 
  590.000  9.992909e-01 
  591.000  9.994370e-01 
  592.000  9.994005e-01 
  593.000  9.994346e-01 
  594.000  9.996982e-01 
  595.000  9.998104e-01 
  596.000  9.998016e-01 
  597.000  9.998142e-01 
  598.000  9.997907e-01 
  599.000  9.997541e-01 
  600.000  9.997031e-01 
  601.000  9.997100e-01 
  602.000  9.997805e-01 
  603.000  9.998632e-01 
  604.000  9.998971e-01 
  605.000  9.999003e-01 
  606.000  9.999018e-01 
  607.000  9.998885e-01 
  608.000  9.998726e-01 
  609.000  9.998735e-01 
  610.000  9.998651e-01 
  611.000  9.998344e-01 
  612.000  9.996277e-01 
  613.000  9.996645e-01 
  614.000  9.996279e-01 
  615.000  9.995985e-01 
  616.000  9.993695e-01 
  617.000  9.991705e-01 
  618.000  9.990131e-01 
  619.000  9.987539e-01 
  620.000  9.982134e-01 
  621.000  9.976679e-01 
  622.000  9.974219e-01 
  623.000  9.964511e-01 
  624.000  9.959756e-01 
  625.000  9.954279e-01 
  626.000  9.945439e-01 
  627.000  9.938964e-01 
  628.000  9.779775e-01 
  629.000  9.832790e-01 
  630.000  9.869660e-01 
  631.000  9.915357e-01 
  632.000  9.934911e-01 
  633.000  9.940469e-01 
  634.000  9.949176e-01 
  635.000  9.951356e-01 
  636.000  9.959846e-01 
  637.000  9.969018e-01 
  638.000  9.973202e-01 
  639.000  9.978920e-01 
  640.000  9.981475e-01 
  641.000  9.987631e-01 
  642.000  9.990490e-01 
  643.000  9.992532e-01 
  644.000  9.994772e-01 
  645.000  9.996542e-01 
  646.000  9.997162e-01 
  647.000  9.997296e-01 
  648.000  9.997697e-01 
  649.000  9.998969e-01 
  650.000  9.999053e-01 
  651.000  9.999042e-01 
  652.000  9.999263e-01 
  653.000  9.999334e-01 
  654.000  9.999439e-01 
  655.000  9.999415e-01 
  656.000  9.999381e-01 
  657.000  9.999546e-01 
  658.000  9.999608e-01 
  659.000  9.999565e-01 
  660.000  9.999611e-01 
  661.000  9.999760e-01 
  662.000  9.999762e-01 
  663.000  9.999793e-01 
  664.000  9.999787e-01 
  665.000  9.999671e-01 
  666.000  9.999573e-01 
  667.000  9.999493e-01 
  668.000  9.999312e-01 
  669.000  9.999410e-01 
  670.000  9.999270e-01 
  671.000  9.999457e-01 
  672.000  9.999426e-01 
  673.000  9.999136e-01 
  674.000  9.999323e-01 
  675.000  9.999343e-01 
  676.000  9.999384e-01 
  677.000  9.999349e-01 
  678.000  9.999588e-01 
  679.000  9.999611e-01 
  680.000  9.999596e-01 
  681.000  9.999614e-01 
  682.000  9.999719e-01 
  683.000  9.999664e-01 
  684.000  9.999720e-01 
  685.000  9.999709e-01 
  686.000  9.999424e-01 
  687.000  7.289191e-01 
  688.000  8.979506e-01 
  689.000  9.256738e-01 
  690.000  9.500244e-01 
  691.000  9.629059e-01 
  692.000  9.890095e-01 
  693.000  9.922484e-01 
  694.000  9.999565e-01 
  695.000  9.999742e-01 
  696.000  9.999720e-01 
  697.000  9.999874e-01 
  698.000  9.999886e-01 
  699.000  9.999509e-01 
  700.000  9.999843e-01 
  701.000  9.999847e-01 
  702.000  9.999840e-01 
  703.000  9.999796e-01 
  704.000  9.999716e-01 
  705.000  9.999632e-01 
  706.000  9.999704e-01 
  707.000  9.999552e-01 
  708.000  9.999743e-01 
  709.000  9.999771e-01 
  710.000  9.999754e-01 
  711.000  9.999733e-01 
  712.000  9.999686e-01 
  713.000  9.999734e-01 
  714.000  9.999692e-01 
  715.000  9.999793e-01 
  716.000  9.999858e-01 
  717.000  9.999868e-01 
  718.000  9.999894e-01 
  719.000  9.999901e-01 
  720.000  9.999918e-01 
  721.000  9.999879e-01 
  722.000  9.999870e-01 
  723.000  9.999856e-01 
  724.000  9.999862e-01 
  725.000  9.999921e-01 
  726.000  9.999940e-01 
  727.000  9.999937e-01 
  728.000  9.999940e-01 
  729.000  9.999949e-01 
  730.000  9.999948e-01 
  731.000  9.999948e-01 
  732.000  9.999945e-01 
  733.000  9.999945e-01 
  734.000  9.999912e-01 
  735.000  9.999899e-01 
  736.000  9.999909e-01 
  737.000  9.999916e-01 
  738.000  9.999924e-01 
  739.000  9.999899e-01 
  740.000  9.999920e-01 
  741.000  9.999906e-01 
  742.000  9.999911e-01 
  743.000  9.999884e-01 
  744.000  9.999855e-01 
  745.000  9.999796e-01 
  746.000  9.999767e-01 
  747.000  9.999908e-01 
  748.000  9.999928e-01 
  749.000  9.999934e-01 
  750.000  9.999922e-01 
  751.000  9.999922e-01 
  752.000  9.999903e-01 
  753.000  9.999917e-01 
  754.000  9.999895e-01 
  755.000  9.999914e-01 
  756.000  9.999895e-01 
  757.000  9.999924e-01 
  758.000  9.999930e-01 
  759.000  9.919803e-01 
  760.000  4.233491e-01 
  761.000  3.287871e-01 
  762.000  7.076758e-01 
  763.000  6.104936e-01 
  764.000  6.625329e-01 
  765.000  7.827281e-01 
  766.000  9.053684e-01 
  767.000  9.445844e-01 
  768.000  9.841264e-01 
  769.000  9.945501e-01 
  770.000  9.941957e-01 
  771.000  9.986816e-01 
  772.000  9.999229e-01 
  773.000  9.999197e-01 
  774.000  9.999297e-01 
  775.000  9.999366e-01 
  776.000  9.999492e-01 
  777.000  9.999824e-01 
  778.000  9.999968e-01 
  779.000  9.999966e-01 
  780.000  9.999970e-01 
  781.000  9.999971e-01 
  782.000  9.999961e-01 
  783.000  9.999956e-01 
  784.000  9.999940e-01 
  785.000  9.999950e-01 
  786.000  9.999961e-01 
  787.000  9.999961e-01 
  788.000  9.999958e-01 
  789.000  9.999894e-01 
  790.000  9.999852e-01 
  791.000  9.999929e-01 
  792.000  9.999949e-01 
  793.000  9.999956e-01 
  794.000  1.000000e+00 
  795.000  1.000000e+00 
  796.000  1.000000e+00 
  797.000  9.999999e-01 
  798.000  1.000000e+00 
  799.000  1.000000e+00 
  800.000  1.000000e+00 
  801.000  9.999999e-01 
  802.000  1.000000e+00 
  803.000  1.000000e+00 
  804.000  1.000000e+00 
  805.000  1.000000e+00 
  806.000  1.000000e+00 
  807.000  1.000000e+00 
  808.000  1.000000e+00 
  809.000  9.999999e-01 
  810.000  9.999999e-01 
  811.000  1.000000e+00 
  812.000  1.000000e+00 
  813.000  1.000000e+00 
  814.000  9.999999e-01 
  815.000  1.000000e+00 
  816.000  1.000000e+00 
  817.000  1.000000e+00 
  818.000  1.000000e+00 
  819.000  1.000000e+00 
  820.000  1.000000e+00 
  821.000  1.000000e+00 
  822.000  1.000000e+00 
  823.000  9.999999e-01 
  824.000  1.000000e+00 
  825.000  1.000000e+00 
  826.000  1.000000e+00 
  827.000  1.000000e+00 
  828.000  9.999999e-01 
  829.000  1.000000e+00 
  830.000  1.000000e+00 
  831.000  1.000000e+00 
  832.000  9.999999e-01 
  833.000  1.000000e+00 
  834.000  1.000000e+00 
  835.000  1.000000e+00 
  836.000  1.000000e+00 
  837.000  9.999999e-01 
  838.000  1.000000e+00 
  839.000  1.000000e+00 
  840.000  1.000000e+00 
  841.000  1.000000e+00 
  842.000  1.000000e+00 
  843.000  1.000000e+00 
  844.000  1.000000e+00 
  845.000  1.000000e+00 
  846.000  1.000000e+00 
  847.000  1.000000e+00 
  848.000  1.000000e+00 
  849.000  1.000000e+00 
  850.000  1.000000e+00 
  851.000  9.999999e-01 
  852.000  1.000000e+00 
  853.000  1.000000e+00 
  854.000  1.000000e+00 
  855.000  1.000000e+00 
  856.000  1.000000e+00 
  857.000  1.000000e+00 
  858.000  1.000000e+00 
  859.000  1.000000e+00 
  860.000  1.000000e+00 
  861.000  9.999999e-01 
  862.000  9.999968e-01 
  863.000  9.997564e-01 
  864.000  9.999996e-01 
  865.000  9.999996e-01 
  866.000  9.999372e-01 
  867.000  9.999917e-01 
  868.000  9.999366e-01 
  869.000  9.998677e-01 
  870.000  9.999948e-01 
  871.000  9.999387e-01 
  872.000  9.999982e-01 
  873.000  9.999979e-01 
  874.000  9.999979e-01 
  875.000  9.999998e-01 
  876.000  1.000000e+00 
  877.000  1.000000e+00 
  878.000  1.000000e+00 
  879.000  1.000000e+00 
  880.000  1.000000e+00 
  881.000  1.000000e+00 
  882.000  1.000000e+00 
  883.000  1.000000e+00 
  884.000  1.000000e+00 
  885.000  1.000000e+00 
  886.000  9.999999e-01 
  887.000  1.000000e+00 
  888.000  1.000000e+00 
  889.000  1.000000e+00 
  890.000  1.000000e+00 
  891.000  1.000000e+00 
  892.000  1.000000e+00 
  893.000  9.999999e-01 
  894.000  9.999999e-01 
  895.000  1.000000e+00 
  896.000  9.999999e-01 
  897.000  9.999999e-01 
  898.000  9.999999e-01 
  899.000  1.000000e+00 
  900.000  1.000000e+00 
  901.000  1.000000e+00 
  902.000  1.000000e+00 
  903.000  1.000000e+00 
  904.000  1.000000e+00 
  905.000  1.000000e+00 
  906.000  1.000000e+00 
  907.000  9.999999e-01 
  908.000  1.000000e+00 
  909.000  9.999999e-01 
  910.000  9.999999e-01 
  911.000  9.999999e-01 
  912.000  9.999999e-01 
  913.000  1.000000e+00 
  914.000  1.000000e+00 
  915.000  1.000000e+00 
  916.000  1.000000e+00 
  917.000  9.999999e-01 
  918.000  9.999999e-01 
  919.000  1.000000e+00 
  920.000  1.000000e+00 
  921.000  1.000000e+00 
  922.000  1.000000e+00 
  923.000  1.000000e+00 
  924.000  1.000000e+00 
  925.000  1.000000e+00 
  926.000  1.000000e+00 
  927.000  1.000000e+00 
  928.000  1.000000e+00 
  929.000  1.000000e+00 
  930.000  1.000000e+00 
  931.000  1.000000e+00 
  932.000  1.000000e+00 
  933.000  1.000000e+00 
  934.000  1.000000e+00 
  935.000  1.000000e+00 
  936.000  9.999999e-01 
  937.000  1.000000e+00 
  938.000  1.000000e+00 
  939.000  1.000000e+00 
  940.000  9.999999e-01 
  941.000  1.000000e+00 
  942.000  1.000000e+00 
  943.000  9.999999e-01 
  944.000  1.000000e+00 
  945.000  1.000000e+00 
  946.000  1.000000e+00 
  947.000  9.999235e-01 
  948.000  9.999857e-01 
  949.000  9.999805e-01 
  950.000  9.999805e-01 
  951.000  9.999596e-01 
  952.000  9.999995e-01 
  953.000  1.000000e+00 
  954.000  1.000000e+00 
  955.000  9.999998e-01 
  956.000  1.000000e+00 
  957.000  1.000000e+00 
  958.000  1.000000e+00 
  959.000  9.999999e-01 
  960.000  9.999999e-01 
  961.000  9.999999e-01 
  962.000  1.000000e+00 
  963.000  1.000000e+00 
  964.000  1.000000e+00 
  965.000  1.000000e+00 
  966.000  1.000000e+00 
  967.000  1.000000e+00 
  968.000  1.000000e+00 
  969.000  1.000000e+00 
  970.000  9.999999e-01 
  971.000  9.999999e-01 
  972.000  9.999999e-01 
  973.000  9.999999e-01 
  974.000  1.000000e+00 
  975.000  1.000000e+00 
  976.000  1.000000e+00 
  977.000  1.000000e+00 
  978.000  1.000000e+00 
  979.000  1.000000e+00 
  980.000  1.000000e+00 
  981.000  1.000000e+00 
  982.000  1.000000e+00 
  983.000  1.000000e+00 
  984.000  1.000000e+00 
  985.000  1.000000e+00 
  986.000  1.000000e+00 
  987.000  1.000000e+00 
  988.000  1.000000e+00 
  989.000  1.000000e+00 
  990.000  1.000000e+00 
  991.000  1.000000e+00 
  992.000  1.000000e+00 
  993.000  1.000000e+00 
  994.000  1.000000e+00 
  995.000  1.000000e+00 
  996.000  1.000000e+00 
  997.000  1.000000e+00 
  998.000  1.000000e+00 
  999.000  1.000000e+00 
 1000.000  1.000000e+00 
 1001.000  1.000000e+00 
 1002.000  1.000000e+00 
 1003.000  1.000000e+00 
 1004.000  1.000000e+00 
 1005.000  9.999999e-01 
 1006.000  9.999999e-01 
 1007.000  1.000000e+00 
 1008.000  9.999999e-01 
 1009.000  9.999999e-01 
 1010.000  9.999999e-01 
 1011.000  9.999999e-01 
 1012.000  9.999999e-01 
 1013.000  9.999997e-01 
 1014.000  9.999992e-01 
 1015.000  9.999992e-01 
 1016.000  9.999988e-01 
 1017.000  9.999973e-01 
 1018.000  9.999973e-01 
 1019.000  9.999954e-01 
 1020.000  9.999925e-01 
 1021.000  9.999925e-01 
 1022.000  9.999858e-01 
 1023.000  9.999858e-01 
 1024.000  9.999813e-01 
 1025.000  9.999651e-01 
 1026.000  9.999651e-01 
 1027.000  9.999477e-01 
 1028.000  9.999248e-01 
 1029.000  9.999248e-01 
 1030.000  9.998692e-01 
 1031.000  9.998350e-01 
 1032.000  9.998350e-01 
 1033.000  9.997390e-01 
 1034.000  9.997390e-01 
 1035.000  9.996401e-01 
 1036.000  9.992837e-01 
 1037.000  9.992837e-01 
 1038.000  9.992347e-01 
 1039.000  9.988555e-01 
 1040.000  9.988555e-01 
 1041.000  9.985731e-01 
 1042.000  9.985731e-01 
 1043.000  9.982328e-01 
 1044.000  9.977267e-01 
 1045.000  9.977267e-01 
 1046.000  9.970327e-01 
 1047.000  9.970327e-01 
 1048.000  9.963416e-01 
 1049.000  9.949664e-01 
 1050.000  9.949664e-01 
 1051.000  9.943466e-01 
 1052.000  9.943466e-01 
 1053.000  9.934061e-01 
 1054.000  9.926083e-01 
 1055.000  9.926083e-01 
 1056.000  9.916725e-01 
 1057.000  9.916725e-01 
 1058.000  9.908364e-01 
 1059.000  9.899983e-01 
 1060.000  9.899983e-01 
 1061.000  9.894655e-01 
 1062.000  9.894655e-01 
 1063.000  9.885865e-01 
 1064.000  9.882417e-01 
 1065.000  9.882417e-01 
 1066.000  9.888096e-01 
 1067.000  9.888096e-01 
 1068.000  9.883284e-01 
 1069.000  9.896033e-01 
 1070.000  9.896033e-01 
 1071.000  9.904126e-01 
 1072.000  9.904126e-01 
 1073.000  9.912316e-01 
 1074.000  9.912316e-01 
 1075.000  9.922221e-01 
 1076.000  9.931823e-01 
 1077.000  9.931823e-01 
 1078.000  9.942982e-01 
 1079.000  9.942982e-01 
 1080.000  9.950719e-01 
 1081.000  9.950719e-01 
 1082.000  9.961655e-01 
 1083.000  9.969299e-01 
 1084.000  9.969299e-01 
 1085.000  9.972948e-01 
 1086.000  9.972948e-01 
 1087.000  9.980863e-01 
 1088.000  9.980863e-01 
 1089.000  9.987454e-01 
 1090.000  9.990372e-01 
 1091.000  9.990372e-01 
 1092.000  9.993722e-01 
 1093.000  9.993722e-01 
 1094.000  9.994298e-01 
 1095.000  9.994298e-01 
 1096.000  9.996280e-01 
 1097.000  9.996280e-01 
 1098.000  9.997984e-01 
 1099.000  9.998584e-01 
 1100.000  9.998584e-01 
 1101.000  9.999154e-01 
 1102.000  9.999154e-01 
 1103.000  9.999417e-01 
 1104.000  9.999417e-01 
 1105.000  9.999591e-01 
 1106.000  9.999591e-01 
 1107.000  9.999410e-01 
 1108.000  9.999410e-01 
 1109.000  9.998282e-01 
 1110.000  9.998882e-01 
 1111.000  9.998882e-01 
 1112.000  9.997376e-01 
 1113.000  9.997376e-01 
 1114.000  9.996428e-01 
 1115.000  9.996428e-01 
 1116.000  9.991850e-01 
 1117.000  9.991850e-01 
 1118.000  9.992139e-01 
 1119.000  9.992139e-01 
 1120.000  9.995012e-01 
 1121.000  9.995012e-01 
 1122.000  9.969057e-01 
 1123.000  9.975346e-01 
 1124.000  9.975346e-01 
 1125.000  9.982911e-01 
 1126.000  9.982911e-01 
 1127.000  9.973825e-01 
 1128.000  9.973825e-01 
 1129.000  9.979927e-01 
 1130.000  9.979927e-01 
 1131.000  9.986281e-01 
 1132.000  9.986281e-01 
 1133.000  9.975275e-01 
 1134.000  9.975275e-01 
 1135.000  9.973726e-01 
 1136.000  9.973726e-01 
 1137.000  9.983460e-01 
 1138.000  9.983460e-01 
 1139.000  9.991094e-01 
 1140.000  9.991094e-01 
 1141.000  9.990917e-01 
 1142.000  9.990917e-01 
 1143.000  9.984650e-01 
 1144.000  9.984650e-01 
 1145.000  9.989045e-01 
 1146.000  9.989045e-01 
 1147.000  9.984907e-01 
 1148.000  9.984907e-01 
 1149.000  9.978156e-01 
 1150.000  9.978156e-01 
 1151.000  9.972768e-01 
 1152.000  9.972768e-01 
 1153.000  9.944354e-01 
 1154.000  9.944354e-01 
 1155.000  9.948320e-01 
 1156.000  9.948320e-01 
 1157.000  9.957743e-01 
 1158.000  9.957743e-01 
 1159.000  9.978170e-01 
 1160.000  9.978170e-01 
 1161.000  9.956739e-01 
 1162.000  9.956739e-01 
 1163.000  9.948328e-01 
 1164.000  9.948328e-01 
 1165.000  9.960806e-01 
 1166.000  9.960806e-01 
 1167.000  9.970356e-01 
 1168.000  9.970356e-01 
 1169.000  9.965826e-01 
 1170.000  9.965826e-01 
 1171.000  9.974487e-01 
 1172.000  9.974487e-01 
 1173.000  9.975573e-01 
 1174.000  9.975573e-01 
 1175.000  9.983894e-01 
 1176.000  9.983894e-01 
 1177.000  9.986809e-01 
 1178.000  9.986809e-01 
 1179.000  9.988788e-01 
 1180.000  9.988788e-01 
 1181.000  9.989422e-01 
 1182.000  9.989422e-01 
 1183.000  9.993372e-01 
 1184.000  9.993372e-01 
 1185.000  9.992863e-01 
 1186.000  9.992863e-01 
 1187.000  9.982392e-01 
 1188.000  9.982392e-01 
 1189.000  9.982392e-01 
 1190.000  9.994037e-01 
 1191.000  9.994037e-01 
 1192.000  9.992173e-01 
 1193.000  9.992173e-01 
 1194.000  9.995743e-01 
 1195.000  9.995743e-01 
 1196.000  9.997698e-01 
 1197.000  9.997698e-01 
 1198.000  9.997388e-01 
 1199.000  9.997388e-01 
 1200.000  9.996295e-01 
