  250.000  9.996776e-01 
  251.000  9.997615e-01 
  252.000  9.997736e-01 
  253.000  9.997627e-01 
  254.000  9.997502e-01 
  255.000  9.997489e-01 
  256.000  9.997362e-01 
  257.000  9.997386e-01 
  258.000  9.997163e-01 
  259.000  9.997007e-01 
  260.000  9.996992e-01 
  261.000  9.996927e-01 
  262.000  9.996876e-01 
  263.000  9.996483e-01 
  264.000  9.996434e-01 
  265.000  9.996256e-01 
  266.000  9.996282e-01 
  267.000  9.996096e-01 
  268.000  9.995972e-01 
  269.000  9.995336e-01 
  270.000  9.995425e-01 
  271.000  9.995431e-01 
  272.000  9.995382e-01 
  273.000  9.994644e-01 
  274.000  9.994437e-01 
  275.000  9.994258e-01 
  276.000  9.994395e-01 
  277.000  9.993967e-01 
  278.000  9.993733e-01 
  279.000  9.993117e-01 
  280.000  9.992739e-01 
  281.000  9.992556e-01 
  282.000  9.992647e-01 
  283.000  9.992646e-01 
  284.000  9.991402e-01 
  285.000  9.990957e-01 
  286.000  9.990353e-01 
  287.000  9.990689e-01 
  288.000  9.990637e-01 
  289.000  9.990038e-01 
  290.000  9.989113e-01 
  291.000  9.988750e-01 
  292.000  9.987714e-01 
  293.000  9.987830e-01 
  294.000  9.988272e-01 
  295.000  9.986727e-01 
  296.000  9.987438e-01 
  297.000  9.984728e-01 
  298.000  9.984499e-01 
  299.000  9.984741e-01 
  300.000  9.984393e-01 
  301.000  9.984718e-01 
  302.000  9.982425e-01 
  303.000  9.980901e-01 
  304.000  9.980956e-01 
  305.000  9.980050e-01 
  306.000  9.980937e-01 
  307.000  9.978886e-01 
  308.000  9.979786e-01 
  309.000  9.976723e-01 
  310.000  9.977462e-01 
  311.000  9.976089e-01 
  312.000  9.975605e-01 
  313.000  9.974061e-01 
  314.000  9.975014e-01 
  315.000  9.971722e-01 
  316.000  9.973109e-01 
  317.000  9.971482e-01 
  318.000  9.968660e-01 
  319.000  9.970369e-01 
  320.000  9.967282e-01 
  321.000  9.968473e-01 
  322.000  9.967302e-01 
  323.000  9.965402e-01 
  324.000  9.966457e-01 
  325.000  9.963557e-01 
  326.000  9.962973e-01 
  327.000  9.962946e-01 
  328.000  9.961193e-01 
  329.000  9.961421e-01 
  330.000  9.958795e-01 
  331.000  9.960258e-01 
  332.000  9.959937e-01 
  333.000  9.950861e-01 
  334.000  9.958489e-01 
  335.000  9.953465e-01 
  336.000  9.955831e-01 
  337.000  9.954394e-01 
  338.000  9.956076e-01 
  339.000  9.946194e-01 
  340.000  9.947909e-01 
  341.000  9.938493e-01 
  342.000  9.934030e-01 
  343.000  9.934380e-01 
  344.000  9.929960e-01 
  345.000  9.934354e-01 
  346.000  9.938211e-01 
  347.000  9.940863e-01 
  348.000  9.941906e-01 
  349.000  9.940063e-01 
  350.000  9.948448e-01 
  351.000  9.941273e-01 
  352.000  9.945107e-01 
  353.000  9.949052e-01 
  354.000  9.935729e-01 
  355.000  9.932075e-01 
  356.000  9.935135e-01 
  357.000  9.912828e-01 
  358.000  9.901645e-01 
  359.000  9.889344e-01 
  360.000  9.874890e-01 
  361.000  9.864643e-01 
  362.000  9.884704e-01 
  363.000  9.903474e-01 
  364.000  9.921535e-01 
  365.000  9.919557e-01 
  366.000  9.929245e-01 
  367.000  9.932262e-01 
  368.000  9.930516e-01 
  369.000  9.933375e-01 
  370.000  9.931977e-01 
  371.000  9.936298e-01 
  372.000  9.922741e-01 
  373.000  9.928901e-01 
  374.000  9.930263e-01 
  375.000  9.932500e-01 
  376.000  9.918747e-01 
  377.000  9.917104e-01 
  378.000  9.913824e-01 
  379.000  9.898199e-01 
  380.000  9.879696e-01 
  381.000  9.886285e-01 
  382.000  9.901015e-01 
  383.000  9.917783e-01 
  384.000  9.918698e-01 
  385.000  9.922589e-01 
  386.000  9.925881e-01 
  387.000  9.924886e-01 
  388.000  9.923113e-01 
  389.000  9.922701e-01 
  390.000  9.922491e-01 
  391.000  9.924299e-01 
  392.000  9.915041e-01 
  393.000  9.928442e-01 
  394.000  9.928554e-01 
  395.000  9.926803e-01 
  396.000  9.922370e-01 
  397.000  9.929228e-01 
  398.000  9.916081e-01 
  399.000  9.925878e-01 
  400.000  9.913947e-01 
  401.000  9.916628e-01 
  402.000  9.926403e-01 
  403.000  9.932125e-01 
  404.000  9.921120e-01 
  405.000  9.917729e-01 
  406.000  9.928746e-01 
  407.000  9.938183e-01 
  408.000  9.925313e-01 
  409.000  9.918978e-01 
  410.000  9.924117e-01 
  411.000  9.922464e-01 
  412.000  9.932832e-01 
  413.000  9.919090e-01 
  414.000  9.924833e-01 
  415.000  9.926111e-01 
  416.000  9.938391e-01 
  417.000  9.937045e-01 
  418.000  9.930490e-01 
  419.000  9.932427e-01 
  420.000  9.925787e-01 
  421.000  9.924896e-01 
  422.000  9.922944e-01 
  423.000  9.928465e-01 
  424.000  9.921483e-01 
  425.000  9.931740e-01 
  426.000  9.942549e-01 
  427.000  9.932808e-01 
  428.000  9.923617e-01 
  429.000  9.938924e-01 
  430.000  9.938958e-01 
  431.000  9.922931e-01 
  432.000  9.939089e-01 
  433.000  9.936632e-01 
  434.000  9.928152e-01 
  435.000  9.910580e-01 
  436.000  9.928025e-01 
  437.000  9.947435e-01 
  438.000  9.952056e-01 
  439.000  9.914590e-01 
  440.000  9.929114e-01 
  441.000  9.946299e-01 
  442.000  9.953461e-01 
  443.000  9.944748e-01 
  444.000  9.930983e-01 
  445.000  9.916976e-01 
  446.000  9.931768e-01 
  447.000  9.937864e-01 
  448.000  9.900866e-01 
  449.000  9.932826e-01 
  450.000  9.944445e-01 
  451.000  9.944276e-01 
  452.000  9.943554e-01 
  453.000  9.945515e-01 
  454.000  9.954054e-01 
  455.000  9.945340e-01 
  456.000  9.948171e-01 
  457.000  9.956809e-01 
  458.000  9.940984e-01 
  459.000  9.952552e-01 
  460.000  9.944679e-01 
  461.000  9.945833e-01 
  462.000  9.954967e-01 
  463.000  9.932860e-01 
  464.000  9.944523e-01 
  465.000  9.950574e-01 
  466.000  9.961667e-01 
  467.000  9.948330e-01 
  468.000  9.953240e-01 
  469.000  9.958735e-01 
  470.000  9.957350e-01 
  471.000  9.955871e-01 
  472.000  9.943235e-01 
  473.000  9.927171e-01 
  474.000  9.889642e-01 
  475.000  9.870250e-01 
  476.000  9.859454e-01 
  477.000  9.855199e-01 
  478.000  9.857076e-01 
  479.000  9.868973e-01 
  480.000  9.883798e-01 
  481.000  9.918078e-01 
  482.000  9.943368e-01 
  483.000  9.963195e-01 
  484.000  9.966304e-01 
  485.000  9.965851e-01 
  486.000  9.965911e-01 
  487.000  9.969842e-01 
  488.000  9.961053e-01 
  489.000  9.949588e-01 
  490.000  9.961800e-01 
  491.000  9.970481e-01 
  492.000  9.969184e-01 
  493.000  9.967749e-01 
  494.000  9.961221e-01 
  495.000  9.960995e-01 
  496.000  9.961289e-01 
  497.000  9.968159e-01 
  498.000  9.974706e-01 
  499.000  9.979924e-01 
  500.000  9.981975e-01 
  501.000  9.978932e-01 
  502.000  9.973341e-01 
  503.000  9.968778e-01 
  504.000  9.974325e-01 
  505.000  9.961338e-01 
  506.000  9.972669e-01 
  507.000  9.975752e-01 
  508.000  9.976199e-01 
  509.000  9.969873e-01 
  510.000  9.968303e-01 
  511.000  9.970590e-01 
  512.000  9.972766e-01 
  513.000  9.976776e-01 
  514.000  9.979681e-01 
  515.000  9.982318e-01 
  516.000  9.982896e-01 
  517.000  9.984368e-01 
  518.000  9.982428e-01 
  519.000  9.977775e-01 
  520.000  9.977136e-01 
  521.000  9.982365e-01 
  522.000  9.982159e-01 
  523.000  9.979947e-01 
  524.000  9.979166e-01 
  525.000  9.970505e-01 
  526.000  9.968317e-01 
  527.000  9.971656e-01 
  528.000  9.967932e-01 
  529.000  9.968938e-01 
  530.000  9.967653e-01 
  531.000  9.965674e-01 
  532.000  9.964511e-01 
  533.000  9.965349e-01 
  534.000  9.969809e-01 
  535.000  9.973193e-01 
  536.000  9.978194e-01 
  537.000  9.981335e-01 
  538.000  9.979896e-01 
  539.000  9.979928e-01 
  540.000  9.985511e-01 
  541.000  9.987924e-01 
  542.000  9.982755e-01 
  543.000  9.981245e-01 
  544.000  9.984494e-01 
  545.000  9.982061e-01 
  546.000  9.985402e-01 
  547.000  9.987525e-01 
  548.000  9.985129e-01 
  549.000  9.984314e-01 
  550.000  9.987563e-01 
  551.000  9.988724e-01 
  552.000  9.989309e-01 
  553.000  9.985696e-01 
  554.000  9.988654e-01 
  555.000  9.991694e-01 
  556.000  9.993110e-01 
  557.000  9.992542e-01 
  558.000  9.992108e-01 
  559.000  9.993922e-01 
  560.000  9.992839e-01 
  561.000  9.991295e-01 
  562.000  9.990103e-01 
  563.000  9.986527e-01 
  564.000  9.981514e-01 
  565.000  9.978727e-01 
  566.000  9.978362e-01 
  567.000  9.972927e-01 
  568.000  9.962758e-01 
  569.000  9.944201e-01 
  570.000  9.918398e-01 
  571.000  9.897510e-01 
  572.000  9.882661e-01 
  573.000  9.860415e-01 
  574.000  9.842912e-01 
  575.000  9.824367e-01 
  576.000  9.813377e-01 
  577.000  9.809912e-01 
  578.000  9.813046e-01 
  579.000  9.823053e-01 
  580.000  9.834574e-01 
  581.000  9.858221e-01 
  582.000  9.882263e-01 
  583.000  9.901630e-01 
  584.000  9.930123e-01 
  585.000  9.940525e-01 
  586.000  9.956986e-01 
  587.000  9.963180e-01 
  588.000  9.976777e-01 
  589.000  9.983338e-01 
  590.000  9.986914e-01 
  591.000  9.989607e-01 
  592.000  9.988934e-01 
  593.000  9.989566e-01 
  594.000  9.994429e-01 
  595.000  9.996502e-01 
  596.000  9.996336e-01 
  597.000  9.996569e-01 
  598.000  9.996135e-01 
  599.000  9.995460e-01 
  600.000  9.994519e-01 
  601.000  9.994646e-01 
  602.000  9.995947e-01 
  603.000  9.997474e-01 
  604.000  9.998100e-01 
  605.000  9.998159e-01 
  606.000  9.998188e-01 
  607.000  9.997941e-01 
  608.000  9.997648e-01 
  609.000  9.997666e-01 
  610.000  9.997509e-01 
  611.000  9.996942e-01 
  612.000  9.993128e-01 
  613.000  9.993808e-01 
  614.000  9.993134e-01 
  615.000  9.992588e-01 
  616.000  9.988364e-01 
  617.000  9.984692e-01 
  618.000  9.981788e-01 
  619.000  9.977007e-01 
  620.000  9.967041e-01 
  621.000  9.956988e-01 
  622.000  9.952458e-01 
  623.000  9.934581e-01 
  624.000  9.925830e-01 
  625.000  9.915755e-01 
  626.000  9.899504e-01 
  627.000  9.887609e-01 
  628.000  9.600531e-01 
  629.000  9.714347e-01 
  630.000  9.760700e-01 
  631.000  9.844295e-01 
  632.000  9.880168e-01 
  633.000  9.890373e-01 
  634.000  9.906373e-01 
  635.000  9.910380e-01 
  636.000  9.925995e-01 
  637.000  9.942875e-01 
  638.000  9.950583e-01 
  639.000  9.961115e-01 
  640.000  9.965826e-01 
  641.000  9.977179e-01 
  642.000  9.982450e-01 
  643.000  9.986217e-01 
  644.000  9.990349e-01 
  645.000  9.993616e-01 
  646.000  9.994760e-01 
  647.000  9.995008e-01 
  648.000  9.995748e-01 
  649.000  9.998095e-01 
  650.000  9.998254e-01 
  651.000  9.998229e-01 
  652.000  9.998640e-01 
  653.000  9.998769e-01 
  654.000  9.998965e-01 
  655.000  9.998919e-01 
  656.000  9.998858e-01 
  657.000  9.999164e-01 
  658.000  9.999277e-01 
  659.000  9.999197e-01 
  660.000  9.999284e-01 
  661.000  9.999557e-01 
  662.000  9.999560e-01 
  663.000  9.999617e-01 
  664.000  9.999608e-01 
  665.000  9.999394e-01 
  666.000  9.999209e-01 
  667.000  9.999065e-01 
  668.000  9.998730e-01 
  669.000  9.998910e-01 
  670.000  9.998653e-01 
  671.000  9.998998e-01 
  672.000  9.998940e-01 
  673.000  9.998404e-01 
  674.000  9.998752e-01 
  675.000  9.998787e-01 
  676.000  9.998865e-01 
  677.000  9.998798e-01 
  678.000  9.999238e-01 
  679.000  9.999282e-01 
  680.000  9.999255e-01 
  681.000  9.999288e-01 
  682.000  9.999481e-01 
  683.000  9.999378e-01 
  684.000  9.999483e-01 
  685.000  9.999464e-01 
  686.000  9.998934e-01 
  687.000  6.435215e-01 
  688.000  8.294594e-01 
  689.000  8.754002e-01 
  690.000  9.121601e-01 
  691.000  9.363974e-01 
  692.000  9.801478e-01 
  693.000  9.859104e-01 
  694.000  9.999195e-01 
  695.000  9.999522e-01 
  696.000  9.999484e-01 
  697.000  9.999768e-01 
  698.000  9.999788e-01 
  699.000  9.999096e-01 
  700.000  9.999707e-01 
  701.000  9.999716e-01 
  702.000  9.999704e-01 
  703.000  9.999623e-01 
  704.000  9.999478e-01 
  705.000  9.999323e-01 
  706.000  9.999456e-01 
  707.000  9.999174e-01 
  708.000  9.999524e-01 
  709.000  9.999577e-01 
  710.000  9.999545e-01 
  711.000  9.999505e-01 
  712.000  9.999420e-01 
  713.000  9.999509e-01 
  714.000  9.999434e-01 
  715.000  9.999619e-01 
  716.000  9.999738e-01 
  717.000  9.999752e-01 
  718.000  9.999803e-01 
  719.000  9.999818e-01 
  720.000  9.999848e-01 
  721.000  9.999778e-01 
  722.000  9.999760e-01 
  723.000  9.999732e-01 
  724.000  9.999744e-01 
  725.000  9.999853e-01 
  726.000  9.999887e-01 
  727.000  9.999882e-01 
  728.000  9.999889e-01 
  729.000  9.999905e-01 
  730.000  9.999906e-01 
  731.000  9.999902e-01 
  732.000  9.999899e-01 
  733.000  9.999896e-01 
  734.000  9.999838e-01 
  735.000  9.999813e-01 
  736.000  9.999835e-01 
  737.000  9.999846e-01 
  738.000  9.999856e-01 
  739.000  9.999812e-01 
  740.000  9.999853e-01 
  741.000  9.999827e-01 
  742.000  9.999834e-01 
  743.000  9.999785e-01 
  744.000  9.999731e-01 
  745.000  9.999626e-01 
  746.000  9.999569e-01 
  747.000  9.999830e-01 
  748.000  9.999868e-01 
  749.000  9.999878e-01 
  750.000  9.999855e-01 
  751.000  9.999856e-01 
  752.000  9.999821e-01 
  753.000  9.999845e-01 
  754.000  9.999806e-01 
  755.000  9.999841e-01 
  756.000  9.999806e-01 
  757.000  9.999859e-01 
  758.000  9.999869e-01 
  759.000  9.857091e-01 
  760.000  2.850132e-01 
  761.000  1.723900e-01 
  762.000  5.961893e-01 
  763.000  4.760547e-01 
  764.000  5.551975e-01 
  765.000  7.066301e-01 
  766.000  8.497874e-01 
  767.000  9.050312e-01 
  768.000  9.722508e-01 
  769.000  9.899619e-01 
  770.000  9.895179e-01 
  771.000  9.975674e-01 
  772.000  9.998576e-01 
  773.000  9.998516e-01 
  774.000  9.998702e-01 
  775.000  9.998831e-01 
  776.000  9.999062e-01 
  777.000  9.999676e-01 
  778.000  9.999939e-01 
  779.000  9.999937e-01 
  780.000  9.999945e-01 
  781.000  9.999946e-01 
  782.000  9.999928e-01 
  783.000  9.999920e-01 
  784.000  9.999889e-01 
  785.000  9.999908e-01 
  786.000  9.999928e-01 
  787.000  9.999928e-01 
  788.000  9.999921e-01 
  789.000  9.999803e-01 
  790.000  9.999728e-01 
  791.000  9.999874e-01 
  792.000  9.999906e-01 
  793.000  9.999923e-01 
  794.000  1.000000e+00 
  795.000  1.000000e+00 
  796.000  1.000000e+00 
  797.000  1.000000e+00 
  798.000  1.000000e+00 
  799.000  1.000000e+00 
  800.000  1.000000e+00 
  801.000  9.999999e-01 
  802.000  1.000000e+00 
  803.000  1.000000e+00 
  804.000  1.000000e+00 
  805.000  1.000000e+00 
  806.000  1.000000e+00 
  807.000  1.000000e+00 
  808.000  1.000000e+00 
  809.000  9.999999e-01 
  810.000  9.999997e-01 
  811.000  1.000000e+00 
  812.000  1.000000e+00 
  813.000  1.000000e+00 
  814.000  1.000000e+00 
  815.000  1.000000e+00 
  816.000  1.000000e+00 
  817.000  1.000000e+00 
  818.000  9.999999e-01 
  819.000  1.000000e+00 
  820.000  1.000000e+00 
  821.000  1.000000e+00 
  822.000  9.999996e-01 
  823.000  1.000000e+00 
  824.000  1.000000e+00 
  825.000  1.000000e+00 
  826.000  1.000000e+00 
  827.000  1.000000e+00 
  828.000  9.999997e-01 
  829.000  1.000000e+00 
  830.000  1.000000e+00 
  831.000  1.000000e+00 
  832.000  9.999996e-01 
  833.000  9.999999e-01 
  834.000  1.000000e+00 
  835.000  1.000000e+00 
  836.000  1.000000e+00 
  837.000  1.000000e+00 
  838.000  9.999997e-01 
  839.000  1.000000e+00 
  840.000  1.000000e+00 
  841.000  1.000000e+00 
  842.000  1.000000e+00 
  843.000  1.000000e+00 
  844.000  1.000000e+00 
  845.000  1.000000e+00 
  846.000  1.000000e+00 
  847.000  1.000000e+00 
  848.000  1.000000e+00 
  849.000  1.000000e+00 
  850.000  1.000000e+00 
  851.000  1.000000e+00 
  852.000  1.000000e+00 
  853.000  1.000000e+00 
  854.000  1.000000e+00 
  855.000  1.000000e+00 
  856.000  1.000000e+00 
  857.000  1.000000e+00 
  858.000  1.000000e+00 
  859.000  1.000000e+00 
  860.000  1.000000e+00 
  861.000  9.999998e-01 
  862.000  9.999941e-01 
  863.000  9.995504e-01 
  864.000  9.999993e-01 
  865.000  9.999993e-01 
  866.000  9.998839e-01 
  867.000  9.999846e-01 
  868.000  9.998830e-01 
  869.000  9.997559e-01 
  870.000  9.999905e-01 
  871.000  9.998868e-01 
  872.000  9.999967e-01 
  873.000  9.999962e-01 
  874.000  9.999962e-01 
  875.000  9.999998e-01 
  876.000  9.999999e-01 
  877.000  1.000000e+00 
  878.000  1.000000e+00 
  879.000  1.000000e+00 
  880.000  1.000000e+00 
  881.000  1.000000e+00 
  882.000  1.000000e+00 
  883.000  9.999999e-01 
  884.000  1.000000e+00 
  885.000  1.000000e+00 
  886.000  1.000000e+00 
  887.000  1.000000e+00 
  888.000  1.000000e+00 
  889.000  1.000000e+00 
  890.000  1.000000e+00 
  891.000  1.000000e+00 
  892.000  1.000000e+00 
  893.000  9.999996e-01 
  894.000  9.999996e-01 
  895.000  1.000000e+00 
  896.000  1.000000e+00 
  897.000  1.000000e+00 
  898.000  1.000000e+00 
  899.000  1.000000e+00 
  900.000  1.000000e+00 
  901.000  1.000000e+00 
  902.000  1.000000e+00 
  903.000  1.000000e+00 
  904.000  1.000000e+00 
  905.000  1.000000e+00 
  906.000  1.000000e+00 
  907.000  9.999997e-01 
  908.000  1.000000e+00 
  909.000  1.000000e+00 
  910.000  1.000000e+00 
  911.000  1.000000e+00 
  912.000  9.999999e-01 
  913.000  1.000000e+00 
  914.000  1.000000e+00 
  915.000  1.000000e+00 
  916.000  1.000000e+00 
  917.000  9.999997e-01 
  918.000  1.000000e+00 
  919.000  1.000000e+00 
  920.000  1.000000e+00 
  921.000  1.000000e+00 
  922.000  9.999999e-01 
  923.000  1.000000e+00 
  924.000  1.000000e+00 
  925.000  1.000000e+00 
  926.000  1.000000e+00 
  927.000  1.000000e+00 
  928.000  1.000000e+00 
  929.000  1.000000e+00 
  930.000  1.000000e+00 
  931.000  1.000000e+00 
  932.000  1.000000e+00 
  933.000  1.000000e+00 
  934.000  1.000000e+00 
  935.000  1.000000e+00 
  936.000  1.000000e+00 
  937.000  1.000000e+00 
  938.000  1.000000e+00 
  939.000  1.000000e+00 
  940.000  9.999999e-01 
  941.000  9.999999e-01 
  942.000  9.999999e-01 
  943.000  9.999999e-01 
  944.000  1.000000e+00 
  945.000  9.999999e-01 
  946.000  9.999999e-01 
  947.000  9.998584e-01 
  948.000  9.999738e-01 
  949.000  9.999641e-01 
  950.000  9.999641e-01 
  951.000  9.999254e-01 
  952.000  9.999992e-01 
  953.000  9.999999e-01 
  954.000  9.999999e-01 
  955.000  9.999995e-01 
  956.000  1.000000e+00 
  957.000  1.000000e+00 
  958.000  1.000000e+00 
  959.000  9.999996e-01 
  960.000  1.000000e+00 
  961.000  1.000000e+00 
  962.000  1.000000e+00 
  963.000  1.000000e+00 
  964.000  1.000000e+00 
  965.000  1.000000e+00 
  966.000  1.000000e+00 
  967.000  9.999999e-01 
  968.000  9.999999e-01 
  969.000  1.000000e+00 
  970.000  1.000000e+00 
  971.000  1.000000e+00 
  972.000  1.000000e+00 
  973.000  1.000000e+00 
  974.000  1.000000e+00 
  975.000  1.000000e+00 
  976.000  1.000000e+00 
  977.000  1.000000e+00 
  978.000  1.000000e+00 
  979.000  1.000000e+00 
  980.000  9.999996e-01 
  981.000  1.000000e+00 
  982.000  1.000000e+00 
  983.000  1.000000e+00 
  984.000  1.000000e+00 
  985.000  1.000000e+00 
  986.000  1.000000e+00 
  987.000  1.000000e+00 
  988.000  1.000000e+00 
  989.000  9.999999e-01 
  990.000  1.000000e+00 
  991.000  1.000000e+00 
  992.000  1.000000e+00 
  993.000  1.000000e+00 
  994.000  1.000000e+00 
  995.000  1.000000e+00 
  996.000  1.000000e+00 
  997.000  1.000000e+00 
  998.000  1.000000e+00 
  999.000  1.000000e+00 
 1000.000  1.000000e+00 
 1001.000  1.000000e+00 
 1002.000  1.000000e+00 
 1003.000  1.000000e+00 
 1004.000  1.000000e+00 
 1005.000  9.999999e-01 
 1006.000  9.999999e-01 
 1007.000  9.999999e-01 
 1008.000  9.999999e-01 
 1009.000  9.999999e-01 
 1010.000  9.999998e-01 
 1011.000  9.999996e-01 
 1012.000  9.999996e-01 
 1013.000  9.999992e-01 
 1014.000  9.999985e-01 
 1015.000  9.999985e-01 
 1016.000  9.999977e-01 
 1017.000  9.999949e-01 
 1018.000  9.999949e-01 
 1019.000  9.999914e-01 
 1020.000  9.999861e-01 
 1021.000  9.999861e-01 
 1022.000  9.999738e-01 
 1023.000  9.999738e-01 
 1024.000  9.999656e-01 
 1025.000  9.999355e-01 
 1026.000  9.999355e-01 
 1027.000  9.999031e-01 
 1028.000  9.998611e-01 
 1029.000  9.998611e-01 
 1030.000  9.997584e-01 
 1031.000  9.996952e-01 
 1032.000  9.996952e-01 
 1033.000  9.995181e-01 
 1034.000  9.995181e-01 
 1035.000  9.993357e-01 
 1036.000  9.986778e-01 
 1037.000  9.986778e-01 
 1038.000  9.985877e-01 
 1039.000  9.978882e-01 
 1040.000  9.978882e-01 
 1041.000  9.973671e-01 
 1042.000  9.973671e-01 
 1043.000  9.967400e-01 
 1044.000  9.958072e-01 
 1045.000  9.958072e-01 
 1046.000  9.945289e-01 
 1047.000  9.945289e-01 
 1048.000  9.932566e-01 
 1049.000  9.907269e-01 
 1050.000  9.907269e-01 
 1051.000  9.895880e-01 
 1052.000  9.895880e-01 
 1053.000  9.878605e-01 
 1054.000  9.863964e-01 
 1055.000  9.863964e-01 
 1056.000  9.846802e-01 
 1057.000  9.846802e-01 
 1058.000  9.831482e-01 
 1059.000  9.816134e-01 
 1060.000  9.816134e-01 
 1061.000  9.806383e-01 
 1062.000  9.806383e-01 
 1063.000  9.790308e-01 
 1064.000  9.784003e-01 
 1065.000  9.784003e-01 
 1066.000  9.794387e-01 
 1067.000  9.794387e-01 
 1068.000  9.785588e-01 
 1069.000  9.808905e-01 
 1070.000  9.808905e-01 
 1071.000  9.823720e-01 
 1072.000  9.823720e-01 
 1073.000  9.838722e-01 
 1074.000  9.838722e-01 
 1075.000  9.856880e-01 
 1076.000  9.874498e-01 
 1077.000  9.874498e-01 
 1078.000  9.894990e-01 
 1079.000  9.894990e-01 
 1080.000  9.909210e-01 
 1081.000  9.909210e-01 
 1082.000  9.929322e-01 
 1083.000  9.943396e-01 
 1084.000  9.943396e-01 
 1085.000  9.950116e-01 
 1086.000  9.950116e-01 
 1087.000  9.964700e-01 
 1088.000  9.964700e-01 
 1089.000  9.976848e-01 
 1090.000  9.982233e-01 
 1091.000  9.982233e-01 
 1092.000  9.988413e-01 
 1093.000  9.988413e-01 
 1094.000  9.989473e-01 
 1095.000  9.989473e-01 
 1096.000  9.993134e-01 
 1097.000  9.993134e-01 
 1098.000  9.996281e-01 
 1099.000  9.997384e-01 
 1100.000  9.997384e-01 
 1101.000  9.998441e-01 
 1102.000  9.998441e-01 
 1103.000  9.998924e-01 
 1104.000  9.998924e-01 
 1105.000  9.999245e-01 
 1106.000  9.999245e-01 
 1107.000  9.998913e-01 
 1108.000  9.998913e-01 
 1109.000  9.996830e-01 
 1110.000  9.997936e-01 
 1111.000  9.997936e-01 
 1112.000  9.995157e-01 
 1113.000  9.995157e-01 
 1114.000  9.993408e-01 
 1115.000  9.993408e-01 
 1116.000  9.984967e-01 
 1117.000  9.984967e-01 
 1118.000  9.985498e-01 
 1119.000  9.985498e-01 
 1120.000  9.990794e-01 
 1121.000  9.990794e-01 
 1122.000  9.943120e-01 
 1123.000  9.954548e-01 
 1124.000  9.954548e-01 
 1125.000  9.968473e-01 
 1126.000  9.968473e-01 
 1127.000  9.951805e-01 
 1128.000  9.951805e-01 
 1129.000  9.963023e-01 
 1130.000  9.963023e-01 
 1131.000  9.974689e-01 
 1132.000  9.974689e-01 
 1133.000  9.954429e-01 
 1134.000  9.954429e-01 
 1135.000  9.951561e-01 
 1136.000  9.951561e-01 
 1137.000  9.969493e-01 
 1138.000  9.969493e-01 
 1139.000  9.983568e-01 
 1140.000  9.983568e-01 
 1141.000  9.983249e-01 
 1142.000  9.983249e-01 
 1143.000  9.971691e-01 
 1144.000  9.971691e-01 
 1145.000  9.979786e-01 
 1146.000  9.979786e-01 
 1147.000  9.972157e-01 
 1148.000  9.972157e-01 
 1149.000  9.959716e-01 
 1150.000  9.959716e-01 
 1151.000  9.949787e-01 
 1152.000  9.949787e-01 
 1153.000  9.897771e-01 
 1154.000  9.897771e-01 
 1155.000  9.904858e-01 
 1156.000  9.904858e-01 
 1157.000  9.922136e-01 
 1158.000  9.922136e-01 
 1159.000  9.959742e-01 
 1160.000  9.959742e-01 
 1161.000  9.920310e-01 
 1162.000  9.920310e-01 
 1163.000  9.904891e-01 
 1164.000  9.904891e-01 
 1165.000  9.927800e-01 
 1166.000  9.927800e-01 
 1167.000  9.945349e-01 
 1168.000  9.945349e-01 
 1169.000  9.937059e-01 
 1170.000  9.937059e-01 
 1171.000  9.952981e-01 
 1172.000  9.952981e-01 
 1173.000  9.954968e-01 
 1174.000  9.954968e-01 
 1175.000  9.970286e-01 
 1176.000  9.970286e-01 
 1177.000  9.975666e-01 
 1178.000  9.975666e-01 
 1179.000  9.979311e-01 
 1180.000  9.979311e-01 
 1181.000  9.980479e-01 
 1182.000  9.980479e-01 
 1183.000  9.987765e-01 
 1184.000  9.987765e-01 
 1185.000  9.986828e-01 
 1186.000  9.986828e-01 
 1187.000  9.967530e-01 
 1188.000  9.967530e-01 
 1189.000  9.967530e-01 
 1190.000  9.988993e-01 
 1191.000  9.988993e-01 
 1192.000  9.985555e-01 
 1193.000  9.985555e-01 
 1194.000  9.992142e-01 
 1195.000  9.992142e-01 
 1196.000  9.995751e-01 
 1197.000  9.995751e-01 
 1198.000  9.995177e-01 
 1199.000  9.995177e-01 
 1200.000  9.993160e-01 
