  250.000  9.997178e-01 
  251.000  9.997913e-01 
  252.000  9.998019e-01 
  253.000  9.997925e-01 
  254.000  9.997815e-01 
  255.000  9.997804e-01 
  256.000  9.997691e-01 
  257.000  9.997711e-01 
  258.000  9.997517e-01 
  259.000  9.997381e-01 
  260.000  9.997369e-01 
  261.000  9.997309e-01 
  262.000  9.997266e-01 
  263.000  9.996921e-01 
  264.000  9.996881e-01 
  265.000  9.996724e-01 
  266.000  9.996747e-01 
  267.000  9.996584e-01 
  268.000  9.996474e-01 
  269.000  9.995918e-01 
  270.000  9.995998e-01 
  271.000  9.996003e-01 
  272.000  9.995961e-01 
  273.000  9.995314e-01 
  274.000  9.995132e-01 
  275.000  9.994976e-01 
  276.000  9.995096e-01 
  277.000  9.994722e-01 
  278.000  9.994516e-01 
  279.000  9.993977e-01 
  280.000  9.993646e-01 
  281.000  9.993488e-01 
  282.000  9.993566e-01 
  283.000  9.993566e-01 
  284.000  9.992477e-01 
  285.000  9.992086e-01 
  286.000  9.991558e-01 
  287.000  9.991850e-01 
  288.000  9.991808e-01 
  289.000  9.991281e-01 
  290.000  9.990473e-01 
  291.000  9.990156e-01 
  292.000  9.989249e-01 
  293.000  9.989351e-01 
  294.000  9.989735e-01 
  295.000  9.988384e-01 
  296.000  9.989007e-01 
  297.000  9.986637e-01 
  298.000  9.986436e-01 
  299.000  9.986647e-01 
  300.000  9.986343e-01 
  301.000  9.986627e-01 
  302.000  9.984620e-01 
  303.000  9.983286e-01 
  304.000  9.983335e-01 
  305.000  9.982541e-01 
  306.000  9.983319e-01 
  307.000  9.981523e-01 
  308.000  9.982311e-01 
  309.000  9.979630e-01 
  310.000  9.980277e-01 
  311.000  9.979076e-01 
  312.000  9.978652e-01 
  313.000  9.977301e-01 
  314.000  9.978133e-01 
  315.000  9.975252e-01 
  316.000  9.976467e-01 
  317.000  9.975041e-01 
  318.000  9.972572e-01 
  319.000  9.974068e-01 
  320.000  9.971367e-01 
  321.000  9.972408e-01 
  322.000  9.971384e-01 
  323.000  9.969720e-01 
  324.000  9.970642e-01 
  325.000  9.968105e-01 
  326.000  9.967592e-01 
  327.000  9.967572e-01 
  328.000  9.966037e-01 
  329.000  9.966236e-01 
  330.000  9.963937e-01 
  331.000  9.965217e-01 
  332.000  9.964936e-01 
  333.000  9.956989e-01 
  334.000  9.963668e-01 
  335.000  9.959270e-01 
  336.000  9.961342e-01 
  337.000  9.960084e-01 
  338.000  9.961554e-01 
  339.000  9.952903e-01 
  340.000  9.954405e-01 
  341.000  9.946161e-01 
  342.000  9.942253e-01 
  343.000  9.942557e-01 
  344.000  9.938688e-01 
  345.000  9.942536e-01 
  346.000  9.945914e-01 
  347.000  9.948236e-01 
  348.000  9.949148e-01 
  349.000  9.947534e-01 
  350.000  9.954877e-01 
  351.000  9.948594e-01 
  352.000  9.951953e-01 
  353.000  9.955407e-01 
  354.000  9.943740e-01 
  355.000  9.940540e-01 
  356.000  9.943219e-01 
  357.000  9.923683e-01 
  358.000  9.913887e-01 
  359.000  9.903110e-01 
  360.000  9.890442e-01 
  361.000  9.881462e-01 
  362.000  9.899044e-01 
  363.000  9.915488e-01 
  364.000  9.931310e-01 
  365.000  9.929578e-01 
  366.000  9.938063e-01 
  367.000  9.940704e-01 
  368.000  9.939176e-01 
  369.000  9.941679e-01 
  370.000  9.940455e-01 
  371.000  9.944239e-01 
  372.000  9.932366e-01 
  373.000  9.937761e-01 
  374.000  9.938954e-01 
  375.000  9.940913e-01 
  376.000  9.928868e-01 
  377.000  9.927425e-01 
  378.000  9.924556e-01 
  379.000  9.910867e-01 
  380.000  9.894655e-01 
  381.000  9.900429e-01 
  382.000  9.913332e-01 
  383.000  9.928023e-01 
  384.000  9.928824e-01 
  385.000  9.932232e-01 
  386.000  9.935116e-01 
  387.000  9.934244e-01 
  388.000  9.932692e-01 
  389.000  9.932330e-01 
  390.000  9.932145e-01 
  391.000  9.933730e-01 
  392.000  9.925619e-01 
  393.000  9.937359e-01 
  394.000  9.937456e-01 
  395.000  9.935923e-01 
  396.000  9.932041e-01 
  397.000  9.938048e-01 
  398.000  9.926533e-01 
  399.000  9.935113e-01 
  400.000  9.924663e-01 
  401.000  9.927011e-01 
  402.000  9.935575e-01 
  403.000  9.940584e-01 
  404.000  9.930945e-01 
  405.000  9.927974e-01 
  406.000  9.937624e-01 
  407.000  9.945890e-01 
  408.000  9.934618e-01 
  409.000  9.929070e-01 
  410.000  9.933571e-01 
  411.000  9.932123e-01 
  412.000  9.941202e-01 
  413.000  9.929169e-01 
  414.000  9.934197e-01 
  415.000  9.935319e-01 
  416.000  9.946072e-01 
  417.000  9.944893e-01 
  418.000  9.939151e-01 
  419.000  9.940849e-01 
  420.000  9.935035e-01 
  421.000  9.934252e-01 
  422.000  9.932543e-01 
  423.000  9.937379e-01 
  424.000  9.931263e-01 
  425.000  9.940245e-01 
  426.000  9.949713e-01 
  427.000  9.941182e-01 
  428.000  9.933134e-01 
  429.000  9.946538e-01 
  430.000  9.946569e-01 
  431.000  9.932532e-01 
  432.000  9.946683e-01 
  433.000  9.944531e-01 
  434.000  9.937105e-01 
  435.000  9.921713e-01 
  436.000  9.936993e-01 
  437.000  9.953991e-01 
  438.000  9.958037e-01 
  439.000  9.925224e-01 
  440.000  9.937947e-01 
  441.000  9.952996e-01 
  442.000  9.959267e-01 
  443.000  9.951638e-01 
  444.000  9.939584e-01 
  445.000  9.927317e-01 
  446.000  9.940271e-01 
  447.000  9.945610e-01 
  448.000  9.913205e-01 
  449.000  9.941199e-01 
  450.000  9.951373e-01 
  451.000  9.951225e-01 
  452.000  9.950592e-01 
  453.000  9.952311e-01 
  454.000  9.959786e-01 
  455.000  9.952156e-01 
  456.000  9.954635e-01 
  457.000  9.962198e-01 
  458.000  9.948342e-01 
  459.000  9.958472e-01 
  460.000  9.951577e-01 
  461.000  9.952587e-01 
  462.000  9.960585e-01 
  463.000  9.941227e-01 
  464.000  9.951441e-01 
  465.000  9.956739e-01 
  466.000  9.966452e-01 
  467.000  9.954774e-01 
  468.000  9.959073e-01 
  469.000  9.963884e-01 
  470.000  9.962671e-01 
  471.000  9.961377e-01 
  472.000  9.950312e-01 
  473.000  9.936245e-01 
  474.000  9.903370e-01 
  475.000  9.886377e-01 
  476.000  9.876915e-01 
  477.000  9.873185e-01 
  478.000  9.874829e-01 
  479.000  9.885257e-01 
  480.000  9.898248e-01 
  481.000  9.928282e-01 
  482.000  9.950430e-01 
  483.000  9.967789e-01 
  484.000  9.970511e-01 
  485.000  9.970114e-01 
  486.000  9.970165e-01 
  487.000  9.973607e-01 
  488.000  9.965913e-01 
  489.000  9.955875e-01 
  490.000  9.966567e-01 
  491.000  9.974167e-01 
  492.000  9.973029e-01 
  493.000  9.971775e-01 
  494.000  9.966059e-01 
  495.000  9.965862e-01 
  496.000  9.966120e-01 
  497.000  9.972134e-01 
  498.000  9.977863e-01 
  499.000  9.982431e-01 
  500.000  9.984226e-01 
  501.000  9.981562e-01 
  502.000  9.976670e-01 
  503.000  9.972675e-01 
  504.000  9.977530e-01 
  505.000  9.966162e-01 
  506.000  9.976082e-01 
  507.000  9.978780e-01 
  508.000  9.979171e-01 
  509.000  9.973634e-01 
  510.000  9.972259e-01 
  511.000  9.974262e-01 
  512.000  9.976166e-01 
  513.000  9.979677e-01 
  514.000  9.982218e-01 
  515.000  9.984527e-01 
  516.000  9.985033e-01 
  517.000  9.986320e-01 
  518.000  9.984624e-01 
  519.000  9.980550e-01 
  520.000  9.979991e-01 
  521.000  9.984568e-01 
  522.000  9.984387e-01 
  523.000  9.982452e-01 
  524.000  9.981768e-01 
  525.000  9.974187e-01 
  526.000  9.972273e-01 
  527.000  9.975195e-01 
  528.000  9.971933e-01 
  529.000  9.972814e-01 
  530.000  9.971691e-01 
  531.000  9.969958e-01 
  532.000  9.968941e-01 
  533.000  9.969674e-01 
  534.000  9.973577e-01 
  535.000  9.976540e-01 
  536.000  9.980916e-01 
  537.000  9.983666e-01 
  538.000  9.982407e-01 
  539.000  9.982435e-01 
  540.000  9.987321e-01 
  541.000  9.989433e-01 
  542.000  9.984909e-01 
  543.000  9.983587e-01 
  544.000  9.986431e-01 
  545.000  9.984303e-01 
  546.000  9.987225e-01 
  547.000  9.989083e-01 
  548.000  9.986987e-01 
  549.000  9.986274e-01 
  550.000  9.989117e-01 
  551.000  9.990133e-01 
  552.000  9.990645e-01 
  553.000  9.987482e-01 
  554.000  9.990072e-01 
  555.000  9.992732e-01 
  556.000  9.993971e-01 
  557.000  9.993473e-01 
  558.000  9.993095e-01 
  559.000  9.994681e-01 
  560.000  9.993733e-01 
  561.000  9.992382e-01 
  562.000  9.991339e-01 
  563.000  9.988210e-01 
  564.000  9.983823e-01 
  565.000  9.981384e-01 
  566.000  9.981064e-01 
  567.000  9.976307e-01 
  568.000  9.967404e-01 
  569.000  9.951159e-01 
  570.000  9.928562e-01 
  571.000  9.910264e-01 
  572.000  9.897253e-01 
  573.000  9.877756e-01 
  574.000  9.862412e-01 
  575.000  9.846150e-01 
  576.000  9.836512e-01 
  577.000  9.833474e-01 
  578.000  9.836223e-01 
  579.000  9.844999e-01 
  580.000  9.855101e-01 
  581.000  9.875833e-01 
  582.000  9.896905e-01 
  583.000  9.913874e-01 
  584.000  9.938831e-01 
  585.000  9.947941e-01 
  586.000  9.962353e-01 
  587.000  9.967775e-01 
  588.000  9.979678e-01 
  589.000  9.985418e-01 
  590.000  9.988547e-01 
  591.000  9.990906e-01 
  592.000  9.990317e-01 
  593.000  9.990869e-01 
  594.000  9.995125e-01 
  595.000  9.996939e-01 
  596.000  9.996794e-01 
  597.000  9.996996e-01 
  598.000  9.996619e-01 
  599.000  9.996027e-01 
  600.000  9.995204e-01 
  601.000  9.995315e-01 
  602.000  9.996455e-01 
  603.000  9.997790e-01 
  604.000  9.998337e-01 
  605.000  9.998389e-01 
  606.000  9.998415e-01 
  607.000  9.998198e-01 
  608.000  9.997942e-01 
  609.000  9.997957e-01 
  610.000  9.997820e-01 
  611.000  9.997325e-01 
  612.000  9.993986e-01 
  613.000  9.994581e-01 
  614.000  9.993992e-01 
  615.000  9.993513e-01 
  616.000  9.989816e-01 
  617.000  9.986604e-01 
  618.000  9.984062e-01 
  619.000  9.979878e-01 
  620.000  9.971154e-01 
  621.000  9.962355e-01 
  622.000  9.958387e-01 
  623.000  9.942735e-01 
  624.000  9.935071e-01 
  625.000  9.926246e-01 
  626.000  9.912010e-01 
  627.000  9.901588e-01 
  628.000  9.648789e-01 
  629.000  9.745014e-01 
  630.000  9.790297e-01 
  631.000  9.863625e-01 
  632.000  9.895068e-01 
  633.000  9.904011e-01 
  634.000  9.918028e-01 
  635.000  9.921539e-01 
  636.000  9.935215e-01 
  637.000  9.949998e-01 
  638.000  9.956747e-01 
  639.000  9.965968e-01 
  640.000  9.970091e-01 
  641.000  9.980027e-01 
  642.000  9.984643e-01 
  643.000  9.987939e-01 
  644.000  9.991556e-01 
  645.000  9.994414e-01 
  646.000  9.995414e-01 
  647.000  9.995632e-01 
  648.000  9.996279e-01 
  649.000  9.998333e-01 
  650.000  9.998472e-01 
  651.000  9.998451e-01 
  652.000  9.998810e-01 
  653.000  9.998922e-01 
  654.000  9.999095e-01 
  655.000  9.999055e-01 
  656.000  9.998999e-01 
  657.000  9.999268e-01 
  658.000  9.999367e-01 
  659.000  9.999297e-01 
  660.000  9.999372e-01 
  661.000  9.999612e-01 
  662.000  9.999616e-01 
  663.000  9.999663e-01 
  664.000  9.999657e-01 
  665.000  9.999468e-01 
  666.000  9.999307e-01 
  667.000  9.999182e-01 
  668.000  9.998889e-01 
  669.000  9.999046e-01 
  670.000  9.998821e-01 
  671.000  9.999124e-01 
  672.000  9.999073e-01 
  673.000  9.998603e-01 
  674.000  9.998907e-01 
  675.000  9.998940e-01 
  676.000  9.999006e-01 
  677.000  9.998950e-01 
  678.000  9.999334e-01 
  679.000  9.999373e-01 
  680.000  9.999348e-01 
  681.000  9.999378e-01 
  682.000  9.999545e-01 
  683.000  9.999456e-01 
  684.000  9.999547e-01 
  685.000  9.999530e-01 
  686.000  9.999068e-01 
  687.000  6.643316e-01 
  688.000  8.467721e-01 
  689.000  8.881416e-01 
  690.000  9.221118e-01 
  691.000  9.432337e-01 
  692.000  9.825259e-01 
  693.000  9.876192e-01 
  694.000  9.999295e-01 
  695.000  9.999579e-01 
  696.000  9.999547e-01 
  697.000  9.999797e-01 
  698.000  9.999815e-01 
  699.000  9.999205e-01 
  700.000  9.999746e-01 
  701.000  9.999754e-01 
  702.000  9.999740e-01 
  703.000  9.999672e-01 
  704.000  9.999543e-01 
  705.000  9.999406e-01 
  706.000  9.999525e-01 
  707.000  9.999278e-01 
  708.000  9.999583e-01 
  709.000  9.999630e-01 
  710.000  9.999602e-01 
  711.000  9.999567e-01 
  712.000  9.999493e-01 
  713.000  9.999570e-01 
  714.000  9.999505e-01 
  715.000  9.999667e-01 
  716.000  9.999768e-01 
  717.000  9.999785e-01 
  718.000  9.999828e-01 
  719.000  9.999838e-01 
  720.000  9.999868e-01 
  721.000  9.999806e-01 
  722.000  9.999791e-01 
  723.000  9.999767e-01 
  724.000  9.999778e-01 
  725.000  9.999872e-01 
  726.000  9.999900e-01 
  727.000  9.999899e-01 
  728.000  9.999901e-01 
  729.000  9.999917e-01 
  730.000  9.999916e-01 
  731.000  9.999914e-01 
  732.000  9.999911e-01 
  733.000  9.999911e-01 
  734.000  9.999862e-01 
  735.000  9.999837e-01 
  736.000  9.999856e-01 
  737.000  9.999866e-01 
  738.000  9.999876e-01 
  739.000  9.999837e-01 
  740.000  9.999870e-01 
  741.000  9.999847e-01 
  742.000  9.999855e-01 
  743.000  9.999812e-01 
  744.000  9.999766e-01 
  745.000  9.999672e-01 
  746.000  9.999624e-01 
  747.000  9.999850e-01 
  748.000  9.999885e-01 
  749.000  9.999893e-01 
  750.000  9.999874e-01 
  751.000  9.999874e-01 
  752.000  9.999844e-01 
  753.000  9.999863e-01 
  754.000  9.999830e-01 
  755.000  9.999862e-01 
  756.000  9.999828e-01 
  757.000  9.999876e-01 
  758.000  9.999886e-01 
  759.000  9.873758e-01 
  760.000  3.144621e-01 
  761.000  2.040499e-01 
  762.000  6.206515e-01 
  763.000  5.058037e-01 
  764.000  5.810679e-01 
  765.000  7.257739e-01 
  766.000  8.632646e-01 
  767.000  9.152299e-01 
  768.000  9.753606e-01 
  769.000  9.912111e-01 
  770.000  9.907731e-01 
  771.000  9.978712e-01 
  772.000  9.998755e-01 
  773.000  9.998703e-01 
  774.000  9.998865e-01 
  775.000  9.998978e-01 
  776.000  9.999180e-01 
  777.000  9.999717e-01 
  778.000  9.999947e-01 
  779.000  9.999945e-01 
  780.000  9.999951e-01 
  781.000  9.999953e-01 
  782.000  9.999937e-01 
  783.000  9.999929e-01 
  784.000  9.999904e-01 
  785.000  9.999918e-01 
  786.000  9.999937e-01 
  787.000  9.999936e-01 
  788.000  9.999930e-01 
  789.000  9.999828e-01 
  790.000  9.999762e-01 
  791.000  9.999887e-01 
  792.000  9.999916e-01 
  793.000  9.999933e-01 
  794.000  1.000000e+00 
  795.000  1.000000e+00 
  796.000  1.000000e+00 
  797.000  9.999998e-01 
  798.000  1.000000e+00 
  799.000  9.999999e-01 
  800.000  1.000000e+00 
  801.000  9.999997e-01 
  802.000  1.000000e+00 
  803.000  1.000000e+00 
  804.000  1.000000e+00 
  805.000  1.000000e+00 
  806.000  9.999998e-01 
  807.000  9.999999e-01 
  808.000  9.999999e-01 
  809.000  9.999999e-01 
  810.000  9.999997e-01 
  811.000  1.000000e+00 
  812.000  1.000000e+00 
  813.000  1.000000e+00 
  814.000  9.999999e-01 
  815.000  9.999999e-01 
  816.000  1.000000e+00 
  817.000  1.000000e+00 
  818.000  1.000000e+00 
  819.000  1.000000e+00 
  820.000  1.000000e+00 
  821.000  9.999999e-01 
  822.000  9.999998e-01 
  823.000  1.000000e+00 
  824.000  1.000000e+00 
  825.000  1.000000e+00 
  826.000  1.000000e+00 
  827.000  1.000000e+00 
  828.000  1.000000e+00 
  829.000  1.000000e+00 
  830.000  1.000000e+00 
  831.000  1.000000e+00 
  832.000  1.000000e+00 
  833.000  1.000000e+00 
  834.000  1.000000e+00 
  835.000  9.999999e-01 
  836.000  1.000000e+00 
  837.000  9.999999e-01 
  838.000  1.000000e+00 
  839.000  1.000000e+00 
  840.000  1.000000e+00 
  841.000  1.000000e+00 
  842.000  1.000000e+00 
  843.000  1.000000e+00 
  844.000  1.000000e+00 
  845.000  1.000000e+00 
  846.000  1.000000e+00 
  847.000  1.000000e+00 
  848.000  1.000000e+00 
  849.000  1.000000e+00 
  850.000  1.000000e+00 
  851.000  9.999998e-01 
  852.000  1.000000e+00 
  853.000  1.000000e+00 
  854.000  9.999999e-01 
  855.000  9.999999e-01 
  856.000  1.000000e+00 
  857.000  1.000000e+00 
  858.000  1.000000e+00 
  859.000  1.000000e+00 
  860.000  1.000000e+00 
  861.000  9.999998e-01 
  862.000  9.999948e-01 
  863.000  9.996065e-01 
  864.000  9.999994e-01 
  865.000  9.999994e-01 
  866.000  9.998984e-01 
  867.000  9.999865e-01 
  868.000  9.998977e-01 
  869.000  9.997864e-01 
  870.000  9.999917e-01 
  871.000  9.999009e-01 
  872.000  9.999971e-01 
  873.000  9.999968e-01 
  874.000  9.999968e-01 
  875.000  9.999998e-01 
  876.000  9.999999e-01 
  877.000  1.000000e+00 
  878.000  1.000000e+00 
  879.000  1.000000e+00 
  880.000  1.000000e+00 
  881.000  1.000000e+00 
  882.000  9.999999e-01 
  883.000  1.000000e+00 
  884.000  9.999999e-01 
  885.000  1.000000e+00 
  886.000  9.999998e-01 
  887.000  1.000000e+00 
  888.000  1.000000e+00 
  889.000  9.999999e-01 
  890.000  1.000000e+00 
  891.000  9.999999e-01 
  892.000  1.000000e+00 
  893.000  9.999999e-01 
  894.000  9.999999e-01 
  895.000  1.000000e+00 
  896.000  1.000000e+00 
  897.000  1.000000e+00 
  898.000  1.000000e+00 
  899.000  1.000000e+00 
  900.000  1.000000e+00 
  901.000  9.999999e-01 
  902.000  1.000000e+00 
  903.000  1.000000e+00 
  904.000  1.000000e+00 
  905.000  1.000000e+00 
  906.000  1.000000e+00 
  907.000  1.000000e+00 
  908.000  1.000000e+00 
  909.000  9.999999e-01 
  910.000  1.000000e+00 
  911.000  1.000000e+00 
  912.000  9.999999e-01 
  913.000  9.999998e-01 
  914.000  1.000000e+00 
  915.000  9.999999e-01 
  916.000  9.999999e-01 
  917.000  9.999998e-01 
  918.000  1.000000e+00 
  919.000  1.000000e+00 
  920.000  1.000000e+00 
  921.000  1.000000e+00 
  922.000  9.999998e-01 
  923.000  1.000000e+00 
  924.000  1.000000e+00 
  925.000  1.000000e+00 
  926.000  1.000000e+00 
  927.000  1.000000e+00 
  928.000  1.000000e+00 
  929.000  1.000000e+00 
  930.000  1.000000e+00 
  931.000  1.000000e+00 
  932.000  1.000000e+00 
  933.000  1.000000e+00 
  934.000  1.000000e+00 
  935.000  9.999999e-01 
  936.000  9.999999e-01 
  937.000  9.999999e-01 
  938.000  9.999999e-01 
  939.000  1.000000e+00 
  940.000  9.999999e-01 
  941.000  9.999998e-01 
  942.000  9.999998e-01 
  943.000  9.999999e-01 
  944.000  9.999999e-01 
  945.000  1.000000e+00 
  946.000  1.000000e+00 
  947.000  9.998763e-01 
  948.000  9.999773e-01 
  949.000  9.999685e-01 
  950.000  9.999685e-01 
  951.000  9.999346e-01 
  952.000  9.999993e-01 
  953.000  9.999999e-01 
  954.000  9.999999e-01 
  955.000  9.999998e-01 
  956.000  1.000000e+00 
  957.000  1.000000e+00 
  958.000  1.000000e+00 
  959.000  9.999998e-01 
  960.000  9.999997e-01 
  961.000  9.999997e-01 
  962.000  1.000000e+00 
  963.000  1.000000e+00 
  964.000  1.000000e+00 
  965.000  1.000000e+00 
  966.000  1.000000e+00 
  967.000  1.000000e+00 
  968.000  1.000000e+00 
  969.000  9.999999e-01 
  970.000  9.999999e-01 
  971.000  9.999999e-01 
  972.000  9.999999e-01 
  973.000  9.999998e-01 
  974.000  1.000000e+00 
  975.000  1.000000e+00 
  976.000  1.000000e+00 
  977.000  1.000000e+00 
  978.000  9.999999e-01 
  979.000  9.999999e-01 
  980.000  1.000000e+00 
  981.000  9.999999e-01 
  982.000  9.999999e-01 
  983.000  1.000000e+00 
  984.000  1.000000e+00 
  985.000  1.000000e+00 
  986.000  9.999999e-01 
  987.000  1.000000e+00 
  988.000  1.000000e+00 
  989.000  9.999999e-01 
  990.000  1.000000e+00 
  991.000  1.000000e+00 
  992.000  1.000000e+00 
  993.000  1.000000e+00 
  994.000  1.000000e+00 
  995.000  1.000000e+00 
  996.000  1.000000e+00 
  997.000  1.000000e+00 
  998.000  1.000000e+00 
  999.000  9.999999e-01 
 1000.000  9.999999e-01 
 1001.000  1.000000e+00 
 1002.000  9.999999e-01 
 1003.000  9.999999e-01 
 1004.000  1.000000e+00 
 1005.000  9.999999e-01 
 1006.000  9.999999e-01 
 1007.000  9.999999e-01 
 1008.000  9.999999e-01 
 1009.000  9.999999e-01 
 1010.000  9.999998e-01 
 1011.000  9.999998e-01 
 1012.000  9.999998e-01 
 1013.000  9.999992e-01 
 1014.000  9.999987e-01 
 1015.000  9.999987e-01 
 1016.000  9.999982e-01 
 1017.000  9.999955e-01 
 1018.000  9.999955e-01 
 1019.000  9.999925e-01 
 1020.000  9.999878e-01 
 1021.000  9.999878e-01 
 1022.000  9.999771e-01 
 1023.000  9.999771e-01 
 1024.000  9.999699e-01 
 1025.000  9.999434e-01 
 1026.000  9.999434e-01 
 1027.000  9.999154e-01 
 1028.000  9.998785e-01 
 1029.000  9.998785e-01 
 1030.000  9.997883e-01 
 1031.000  9.997333e-01 
 1032.000  9.997333e-01 
 1033.000  9.995782e-01 
 1034.000  9.995782e-01 
 1035.000  9.994187e-01 
 1036.000  9.988430e-01 
 1037.000  9.988430e-01 
 1038.000  9.987641e-01 
 1039.000  9.981520e-01 
 1040.000  9.981520e-01 
 1041.000  9.976957e-01 
 1042.000  9.976957e-01 
 1043.000  9.971469e-01 
 1044.000  9.963305e-01 
 1045.000  9.963305e-01 
 1046.000  9.952111e-01 
 1047.000  9.952111e-01 
 1048.000  9.940970e-01 
 1049.000  9.918813e-01 
 1050.000  9.918813e-01 
 1051.000  9.908834e-01 
 1052.000  9.908834e-01 
 1053.000  9.893697e-01 
 1054.000  9.880866e-01 
 1055.000  9.880866e-01 
 1056.000  9.865823e-01 
 1057.000  9.865823e-01 
 1058.000  9.852389e-01 
 1059.000  9.838930e-01 
 1060.000  9.838930e-01 
 1061.000  9.830380e-01 
 1062.000  9.830380e-01 
 1063.000  9.816277e-01 
 1064.000  9.810746e-01 
 1065.000  9.810746e-01 
 1066.000  9.819855e-01 
 1067.000  9.819855e-01 
 1068.000  9.812136e-01 
 1069.000  9.832590e-01 
 1070.000  9.832590e-01 
 1071.000  9.845583e-01 
 1072.000  9.845583e-01 
 1073.000  9.858739e-01 
 1074.000  9.858739e-01 
 1075.000  9.874657e-01 
 1076.000  9.890099e-01 
 1077.000  9.890099e-01 
 1078.000  9.908055e-01 
 1079.000  9.908055e-01 
 1080.000  9.920514e-01 
 1081.000  9.920514e-01 
 1082.000  9.938132e-01 
 1083.000  9.950454e-01 
 1084.000  9.950454e-01 
 1085.000  9.956337e-01 
 1086.000  9.956337e-01 
 1087.000  9.969107e-01 
 1088.000  9.969107e-01 
 1089.000  9.979742e-01 
 1090.000  9.984452e-01 
 1091.000  9.984452e-01 
 1092.000  9.989859e-01 
 1093.000  9.989859e-01 
 1094.000  9.990791e-01 
 1095.000  9.990791e-01 
 1096.000  9.993992e-01 
 1097.000  9.993992e-01 
 1098.000  9.996743e-01 
 1099.000  9.997710e-01 
 1100.000  9.997710e-01 
 1101.000  9.998634e-01 
 1102.000  9.998634e-01 
 1103.000  9.999056e-01 
 1104.000  9.999056e-01 
 1105.000  9.999340e-01 
 1106.000  9.999340e-01 
 1107.000  9.999046e-01 
 1108.000  9.999046e-01 
 1109.000  9.997225e-01 
 1110.000  9.998193e-01 
 1111.000  9.998193e-01 
 1112.000  9.995763e-01 
 1113.000  9.995763e-01 
 1114.000  9.994229e-01 
 1115.000  9.994229e-01 
 1116.000  9.986843e-01 
 1117.000  9.986843e-01 
 1118.000  9.987307e-01 
 1119.000  9.987307e-01 
 1120.000  9.991946e-01 
 1121.000  9.991946e-01 
 1122.000  9.950173e-01 
 1123.000  9.960214e-01 
 1124.000  9.960214e-01 
 1125.000  9.972409e-01 
 1126.000  9.972409e-01 
 1127.000  9.957798e-01 
 1128.000  9.957798e-01 
 1129.000  9.967628e-01 
 1130.000  9.967628e-01 
 1131.000  9.977849e-01 
 1132.000  9.977849e-01 
 1133.000  9.960104e-01 
 1134.000  9.960104e-01 
 1135.000  9.957602e-01 
 1136.000  9.957602e-01 
 1137.000  9.973298e-01 
 1138.000  9.973298e-01 
 1139.000  9.985617e-01 
 1140.000  9.985617e-01 
 1141.000  9.985337e-01 
 1142.000  9.985337e-01 
 1143.000  9.975226e-01 
 1144.000  9.975226e-01 
 1145.000  9.982310e-01 
 1146.000  9.982310e-01 
 1147.000  9.975632e-01 
 1148.000  9.975632e-01 
 1149.000  9.964740e-01 
 1150.000  9.964740e-01 
 1151.000  9.956048e-01 
 1152.000  9.956048e-01 
 1153.000  9.910430e-01 
 1154.000  9.910430e-01 
 1155.000  9.916688e-01 
 1156.000  9.916688e-01 
 1157.000  9.931834e-01 
 1158.000  9.931834e-01 
 1159.000  9.964765e-01 
 1160.000  9.964765e-01 
 1161.000  9.930230e-01 
 1162.000  9.930230e-01 
 1163.000  9.916710e-01 
 1164.000  9.916710e-01 
 1165.000  9.936786e-01 
 1166.000  9.936786e-01 
 1167.000  9.952161e-01 
 1168.000  9.952161e-01 
 1169.000  9.944888e-01 
 1170.000  9.944888e-01 
 1171.000  9.958839e-01 
 1172.000  9.958839e-01 
 1173.000  9.960584e-01 
 1174.000  9.960584e-01 
 1175.000  9.973996e-01 
 1176.000  9.973996e-01 
 1177.000  9.978704e-01 
 1178.000  9.978704e-01 
 1179.000  9.981895e-01 
 1180.000  9.981895e-01 
 1181.000  9.982917e-01 
 1182.000  9.982917e-01 
 1183.000  9.989295e-01 
 1184.000  9.989295e-01 
 1185.000  9.988474e-01 
 1186.000  9.988474e-01 
 1187.000  9.971581e-01 
 1188.000  9.971581e-01 
 1189.000  9.971581e-01 
 1190.000  9.990370e-01 
 1191.000  9.990370e-01 
 1192.000  9.987358e-01 
 1193.000  9.987358e-01 
 1194.000  9.993125e-01 
 1195.000  9.993125e-01 
 1196.000  9.996281e-01 
 1197.000  9.996281e-01 
 1198.000  9.995780e-01 
 1199.000  9.995780e-01 
 1200.000  9.994015e-01 
